[ 2015-08-06T09:47:00+08:00 ] ::1 /~GreysTone/index.php/Home/Index/mainpage_admin.html
INFO: [ app_init ] --START--
INFO: Run Behavior\BuildLiteBehavior [ RunTime:0.000021s ]
INFO: [ app_init ] --END-- [ RunTime:0.001607s ]
INFO: [ app_begin ] --START--
INFO: Run Behavior\ReadHtmlCacheBehavior [ RunTime:0.001584s ]
INFO: [ app_begin ] --END-- [ RunTime:0.001701s ]
SQL: SHOW COLUMNS FROM `users` [ RunTime:0.0037s ]
SQL: SELECT * FROM `users`  [ RunTime:0.0004s ]
SQL: SHOW COLUMNS FROM `rooms` [ RunTime:0.0045s ]
SQL: SELECT * FROM `rooms`  [ RunTime:0.0002s ]
SQL: SHOW COLUMNS FROM `status_round` [ RunTime:0.0072s ]
SQL: SELECT * FROM `status_round`  [ RunTime:0.0003s ]
INFO: [ view_parse ] --START--
INFO: [ template_filter ] --START--
INFO: Run Behavior\ContentReplaceBehavior [ RunTime:0.000051s ]
INFO: [ template_filter ] --END-- [ RunTime:0.000155s ]
INFO: Run Behavior\ParseTemplateBehavior [ RunTime:0.034496s ]
INFO: [ view_parse ] --END-- [ RunTime:0.034569s ]
INFO: [ view_filter ] --START--
INFO: Run Behavior\WriteHtmlCacheBehavior [ RunTime:0.001550s ]
INFO: [ view_filter ] --END-- [ RunTime:0.001596s ]
NOTIC: [2] Cannot modify header information - headers already sent by (output started at /Users/GreysTone/Sites/Application/Home/Controller/IndexController.class.php:66) /Users/GreysTone/Sites/ThinkPHP/Library/Think/View.class.php 第 91 行.
NOTIC: [2] Cannot modify header information - headers already sent by (output started at /Users/GreysTone/Sites/Application/Home/Controller/IndexController.class.php:66) /Users/GreysTone/Sites/ThinkPHP/Library/Think/View.class.php 第 92 行.
NOTIC: [2] Cannot modify header information - headers already sent by (output started at /Users/GreysTone/Sites/Application/Home/Controller/IndexController.class.php:66) /Users/GreysTone/Sites/ThinkPHP/Library/Think/View.class.php 第 93 行.
INFO: [ app_end ] --START--
INFO: Run Behavior\ShowPageTraceBehavior [ RunTime:0.001847s ]
INFO: [ app_end ] --END-- [ RunTime:0.001908s ]

[ 2015-08-06T09:48:53+08:00 ] ::1 /~GreysTone/index.php/Home/Index/mainpage_admin.html
INFO: [ app_init ] --START--
INFO: Run Behavior\BuildLiteBehavior [ RunTime:0.000018s ]
INFO: [ app_init ] --END-- [ RunTime:0.001360s ]
INFO: [ app_begin ] --START--
INFO: Run Behavior\ReadHtmlCacheBehavior [ RunTime:0.001411s ]
INFO: [ app_begin ] --END-- [ RunTime:0.001501s ]
SQL: SHOW COLUMNS FROM `users` [ RunTime:0.0021s ]
SQL: SELECT * FROM `users`  [ RunTime:0.0004s ]
SQL: SHOW COLUMNS FROM `rooms` [ RunTime:0.0030s ]
SQL: SELECT * FROM `rooms`  [ RunTime:0.0003s ]
SQL: SHOW COLUMNS FROM `status_round` [ RunTime:0.0052s ]
SQL: SELECT * FROM `status_round`  [ RunTime:0.0003s ]
INFO: [ view_parse ] --START--
INFO: [ template_filter ] --START--
INFO: Run Behavior\ContentReplaceBehavior [ RunTime:0.000047s ]
INFO: [ template_filter ] --END-- [ RunTime:0.000124s ]
INFO: Run Behavior\ParseTemplateBehavior [ RunTime:0.029683s ]
INFO: [ view_parse ] --END-- [ RunTime:0.029760s ]
INFO: [ view_filter ] --START--
INFO: Run Behavior\WriteHtmlCacheBehavior [ RunTime:0.002454s ]
INFO: [ view_filter ] --END-- [ RunTime:0.002508s ]
NOTIC: [2] Cannot modify header information - headers already sent by (output started at /Users/GreysTone/Sites/Application/Home/Controller/IndexController.class.php:66) /Users/GreysTone/Sites/ThinkPHP/Library/Think/View.class.php 第 91 行.
NOTIC: [2] Cannot modify header information - headers already sent by (output started at /Users/GreysTone/Sites/Application/Home/Controller/IndexController.class.php:66) /Users/GreysTone/Sites/ThinkPHP/Library/Think/View.class.php 第 92 行.
NOTIC: [2] Cannot modify header information - headers already sent by (output started at /Users/GreysTone/Sites/Application/Home/Controller/IndexController.class.php:66) /Users/GreysTone/Sites/ThinkPHP/Library/Think/View.class.php 第 93 行.
INFO: [ app_end ] --START--
INFO: Run Behavior\ShowPageTraceBehavior [ RunTime:0.001086s ]
INFO: [ app_end ] --END-- [ RunTime:0.001147s ]

[ 2015-08-06T09:49:09+08:00 ] ::1 /~GreysTone/index.php/Home/Index/mainpage_admin.html
INFO: [ app_init ] --START--
INFO: Run Behavior\BuildLiteBehavior [ RunTime:0.000020s ]
INFO: [ app_init ] --END-- [ RunTime:0.001243s ]
INFO: [ app_begin ] --START--
INFO: Run Behavior\ReadHtmlCacheBehavior [ RunTime:0.001734s ]
INFO: [ app_begin ] --END-- [ RunTime:0.001850s ]
SQL: SHOW COLUMNS FROM `users` [ RunTime:0.0024s ]
SQL: SELECT * FROM `users`  [ RunTime:0.0003s ]
SQL: SHOW COLUMNS FROM `rooms` [ RunTime:0.1392s ]
SQL: SELECT * FROM `rooms`  [ RunTime:0.0003s ]
SQL: SHOW COLUMNS FROM `status_round` [ RunTime:0.4116s ]
SQL: SELECT * FROM `status_round`  [ RunTime:0.0005s ]
INFO: [ view_parse ] --START--
INFO: [ template_filter ] --START--
INFO: Run Behavior\ContentReplaceBehavior [ RunTime:0.000052s ]
INFO: [ template_filter ] --END-- [ RunTime:0.000155s ]
INFO: Run Behavior\ParseTemplateBehavior [ RunTime:0.133966s ]
INFO: [ view_parse ] --END-- [ RunTime:0.134073s ]
INFO: [ view_filter ] --START--
INFO: Run Behavior\WriteHtmlCacheBehavior [ RunTime:0.006415s ]
INFO: [ view_filter ] --END-- [ RunTime:0.006604s ]
NOTIC: [2] Cannot modify header information - headers already sent by (output started at /Users/GreysTone/Sites/Application/Home/Controller/IndexController.class.php:66) /Users/GreysTone/Sites/ThinkPHP/Library/Think/View.class.php 第 91 行.
NOTIC: [2] Cannot modify header information - headers already sent by (output started at /Users/GreysTone/Sites/Application/Home/Controller/IndexController.class.php:66) /Users/GreysTone/Sites/ThinkPHP/Library/Think/View.class.php 第 92 行.
NOTIC: [2] Cannot modify header information - headers already sent by (output started at /Users/GreysTone/Sites/Application/Home/Controller/IndexController.class.php:66) /Users/GreysTone/Sites/ThinkPHP/Library/Think/View.class.php 第 93 行.
INFO: [ app_end ] --START--
INFO: Run Behavior\ShowPageTraceBehavior [ RunTime:0.006950s ]
INFO: [ app_end ] --END-- [ RunTime:0.007081s ]

[ 2015-08-06T09:49:27+08:00 ] ::1 /~GreysTone/index.php/Home/Index/mainpage_admin.html
INFO: [ app_init ] --START--
INFO: Run Behavior\BuildLiteBehavior [ RunTime:0.000013s ]
INFO: [ app_init ] --END-- [ RunTime:0.000316s ]
INFO: [ app_begin ] --START--
INFO: Run Behavior\ReadHtmlCacheBehavior [ RunTime:0.000417s ]
INFO: [ app_begin ] --END-- [ RunTime:0.000462s ]
SQL: SHOW COLUMNS FROM `users` [ RunTime:0.0033s ]
SQL: SELECT * FROM `users`  [ RunTime:0.0003s ]
SQL: SHOW COLUMNS FROM `rooms` [ RunTime:0.0051s ]
SQL: SELECT * FROM `rooms`  [ RunTime:0.0003s ]
SQL: SHOW COLUMNS FROM `status_round` [ RunTime:0.0051s ]
SQL: SELECT * FROM `status_round`  [ RunTime:0.0004s ]
INFO: [ view_parse ] --START--
INFO: [ template_filter ] --START--
INFO: Run Behavior\ContentReplaceBehavior [ RunTime:0.000046s ]
INFO: [ template_filter ] --END-- [ RunTime:0.000110s ]
INFO: Run Behavior\ParseTemplateBehavior [ RunTime:0.015236s ]
INFO: [ view_parse ] --END-- [ RunTime:0.015326s ]
INFO: [ view_filter ] --START--
INFO: Run Behavior\WriteHtmlCacheBehavior [ RunTime:0.000228s ]
INFO: [ view_filter ] --END-- [ RunTime:0.000285s ]
NOTIC: [2] Cannot modify header information - headers already sent by (output started at /Users/GreysTone/Sites/Application/Home/Controller/IndexController.class.php:66) /Users/GreysTone/Sites/ThinkPHP/Library/Think/View.class.php 第 91 行.
NOTIC: [2] Cannot modify header information - headers already sent by (output started at /Users/GreysTone/Sites/Application/Home/Controller/IndexController.class.php:66) /Users/GreysTone/Sites/ThinkPHP/Library/Think/View.class.php 第 92 行.
NOTIC: [2] Cannot modify header information - headers already sent by (output started at /Users/GreysTone/Sites/Application/Home/Controller/IndexController.class.php:66) /Users/GreysTone/Sites/ThinkPHP/Library/Think/View.class.php 第 93 行.
INFO: [ app_end ] --START--
INFO: Run Behavior\ShowPageTraceBehavior [ RunTime:0.000644s ]
INFO: [ app_end ] --END-- [ RunTime:0.000722s ]

[ 2015-08-06T09:56:39+08:00 ] ::1 /~GreysTone/index.php/Home/Index/mainpage_admin.html
INFO: [ app_init ] --START--
INFO: Run Behavior\BuildLiteBehavior [ RunTime:0.000022s ]
INFO: [ app_init ] --END-- [ RunTime:0.002585s ]
INFO: [ app_begin ] --START--
INFO: Run Behavior\ReadHtmlCacheBehavior [ RunTime:0.001509s ]
INFO: [ app_begin ] --END-- [ RunTime:0.001624s ]
SQL: SHOW COLUMNS FROM `users` [ RunTime:0.0038s ]
SQL: SELECT * FROM `users`  [ RunTime:0.0003s ]
SQL: SHOW COLUMNS FROM `rooms` [ RunTime:0.0040s ]
SQL: SELECT * FROM `rooms`  [ RunTime:0.0003s ]
SQL: SHOW COLUMNS FROM `status_round` [ RunTime:0.0067s ]
SQL: SELECT * FROM `status_round`  [ RunTime:0.0003s ]
INFO: [ view_parse ] --START--
INFO: [ template_filter ] --START--
INFO: Run Behavior\ContentReplaceBehavior [ RunTime:0.000057s ]
INFO: [ template_filter ] --END-- [ RunTime:0.000177s ]
NOTIC: [8] Use of undefined constant sector - assumed 'sector' /Users/GreysTone/Sites/Application/Runtime/Cache/Home/cf797dfacfffa09f96a59e9f2f56515d.php 第 18 行.
NOTIC: [8] Array to string conversion /Users/GreysTone/Sites/Application/Runtime/Cache/Home/cf797dfacfffa09f96a59e9f2f56515d.php 第 18 行.
NOTIC: [8] Use of undefined constant sector - assumed 'sector' /Users/GreysTone/Sites/Application/Runtime/Cache/Home/cf797dfacfffa09f96a59e9f2f56515d.php 第 18 行.
NOTIC: [8] Array to string conversion /Users/GreysTone/Sites/Application/Runtime/Cache/Home/cf797dfacfffa09f96a59e9f2f56515d.php 第 18 行.
NOTIC: [8] Use of undefined constant sector - assumed 'sector' /Users/GreysTone/Sites/Application/Runtime/Cache/Home/cf797dfacfffa09f96a59e9f2f56515d.php 第 18 行.
NOTIC: [8] Array to string conversion /Users/GreysTone/Sites/Application/Runtime/Cache/Home/cf797dfacfffa09f96a59e9f2f56515d.php 第 18 行.
NOTIC: [8] Use of undefined constant sector - assumed 'sector' /Users/GreysTone/Sites/Application/Runtime/Cache/Home/cf797dfacfffa09f96a59e9f2f56515d.php 第 18 行.
NOTIC: [8] Array to string conversion /Users/GreysTone/Sites/Application/Runtime/Cache/Home/cf797dfacfffa09f96a59e9f2f56515d.php 第 18 行.
NOTIC: [8] Use of undefined constant sector - assumed 'sector' /Users/GreysTone/Sites/Application/Runtime/Cache/Home/cf797dfacfffa09f96a59e9f2f56515d.php 第 18 行.
NOTIC: [8] Array to string conversion /Users/GreysTone/Sites/Application/Runtime/Cache/Home/cf797dfacfffa09f96a59e9f2f56515d.php 第 18 行.
NOTIC: [8] Use of undefined constant sector - assumed 'sector' /Users/GreysTone/Sites/Application/Runtime/Cache/Home/cf797dfacfffa09f96a59e9f2f56515d.php 第 18 行.
NOTIC: [8] Array to string conversion /Users/GreysTone/Sites/Application/Runtime/Cache/Home/cf797dfacfffa09f96a59e9f2f56515d.php 第 18 行.
INFO: Run Behavior\ParseTemplateBehavior [ RunTime:0.037599s ]
INFO: [ view_parse ] --END-- [ RunTime:0.037679s ]
INFO: [ view_filter ] --START--
INFO: Run Behavior\WriteHtmlCacheBehavior [ RunTime:0.001298s ]
INFO: [ view_filter ] --END-- [ RunTime:0.001368s ]
NOTIC: [2] Cannot modify header information - headers already sent by (output started at /Users/GreysTone/Sites/Application/Home/Controller/IndexController.class.php:66) /Users/GreysTone/Sites/ThinkPHP/Library/Think/View.class.php 第 91 行.
NOTIC: [2] Cannot modify header information - headers already sent by (output started at /Users/GreysTone/Sites/Application/Home/Controller/IndexController.class.php:66) /Users/GreysTone/Sites/ThinkPHP/Library/Think/View.class.php 第 92 行.
NOTIC: [2] Cannot modify header information - headers already sent by (output started at /Users/GreysTone/Sites/Application/Home/Controller/IndexController.class.php:66) /Users/GreysTone/Sites/ThinkPHP/Library/Think/View.class.php 第 93 行.
INFO: [ app_end ] --START--
INFO: Run Behavior\ShowPageTraceBehavior [ RunTime:0.001091s ]
INFO: [ app_end ] --END-- [ RunTime:0.001155s ]

[ 2015-08-06T09:57:07+08:00 ] ::1 /~GreysTone/index.php/Home/Index/mainpage_admin.html
INFO: [ app_init ] --START--
INFO: Run Behavior\BuildLiteBehavior [ RunTime:0.000019s ]
INFO: [ app_init ] --END-- [ RunTime:0.001072s ]
INFO: [ app_begin ] --START--
INFO: Run Behavior\ReadHtmlCacheBehavior [ RunTime:0.001521s ]
INFO: [ app_begin ] --END-- [ RunTime:0.001608s ]
SQL: SHOW COLUMNS FROM `users` [ RunTime:0.0037s ]
SQL: SELECT * FROM `users`  [ RunTime:0.0004s ]
SQL: SHOW COLUMNS FROM `rooms` [ RunTime:0.0030s ]
SQL: SELECT * FROM `rooms`  [ RunTime:0.0003s ]
SQL: SHOW COLUMNS FROM `status_round` [ RunTime:0.0016s ]
SQL: SELECT * FROM `status_round`  [ RunTime:0.0003s ]
INFO: [ view_parse ] --START--
INFO: [ template_filter ] --START--
INFO: Run Behavior\ContentReplaceBehavior [ RunTime:0.000053s ]
INFO: [ template_filter ] --END-- [ RunTime:0.000124s ]
NOTIC: [8] Use of undefined constant sector - assumed 'sector' /Users/GreysTone/Sites/Application/Runtime/Cache/Home/cf797dfacfffa09f96a59e9f2f56515d.php 第 18 行.
NOTIC: [8] Array to string conversion /Users/GreysTone/Sites/Application/Runtime/Cache/Home/cf797dfacfffa09f96a59e9f2f56515d.php 第 18 行.
NOTIC: [8] Use of undefined constant sector - assumed 'sector' /Users/GreysTone/Sites/Application/Runtime/Cache/Home/cf797dfacfffa09f96a59e9f2f56515d.php 第 18 行.
NOTIC: [8] Array to string conversion /Users/GreysTone/Sites/Application/Runtime/Cache/Home/cf797dfacfffa09f96a59e9f2f56515d.php 第 18 行.
NOTIC: [8] Use of undefined constant sector - assumed 'sector' /Users/GreysTone/Sites/Application/Runtime/Cache/Home/cf797dfacfffa09f96a59e9f2f56515d.php 第 18 行.
NOTIC: [8] Array to string conversion /Users/GreysTone/Sites/Application/Runtime/Cache/Home/cf797dfacfffa09f96a59e9f2f56515d.php 第 18 行.
NOTIC: [8] Use of undefined constant sector - assumed 'sector' /Users/GreysTone/Sites/Application/Runtime/Cache/Home/cf797dfacfffa09f96a59e9f2f56515d.php 第 18 行.
NOTIC: [8] Array to string conversion /Users/GreysTone/Sites/Application/Runtime/Cache/Home/cf797dfacfffa09f96a59e9f2f56515d.php 第 18 行.
NOTIC: [8] Use of undefined constant sector - assumed 'sector' /Users/GreysTone/Sites/Application/Runtime/Cache/Home/cf797dfacfffa09f96a59e9f2f56515d.php 第 18 行.
NOTIC: [8] Array to string conversion /Users/GreysTone/Sites/Application/Runtime/Cache/Home/cf797dfacfffa09f96a59e9f2f56515d.php 第 18 行.
NOTIC: [8] Use of undefined constant sector - assumed 'sector' /Users/GreysTone/Sites/Application/Runtime/Cache/Home/cf797dfacfffa09f96a59e9f2f56515d.php 第 18 行.
NOTIC: [8] Array to string conversion /Users/GreysTone/Sites/Application/Runtime/Cache/Home/cf797dfacfffa09f96a59e9f2f56515d.php 第 18 行.
INFO: Run Behavior\ParseTemplateBehavior [ RunTime:0.034374s ]
INFO: [ view_parse ] --END-- [ RunTime:0.034428s ]
INFO: [ view_filter ] --START--
INFO: Run Behavior\WriteHtmlCacheBehavior [ RunTime:0.001271s ]
INFO: [ view_filter ] --END-- [ RunTime:0.001324s ]
NOTIC: [2] Cannot modify header information - headers already sent by (output started at /Users/GreysTone/Sites/Application/Home/Controller/IndexController.class.php:66) /Users/GreysTone/Sites/ThinkPHP/Library/Think/View.class.php 第 91 行.
NOTIC: [2] Cannot modify header information - headers already sent by (output started at /Users/GreysTone/Sites/Application/Home/Controller/IndexController.class.php:66) /Users/GreysTone/Sites/ThinkPHP/Library/Think/View.class.php 第 92 行.
NOTIC: [2] Cannot modify header information - headers already sent by (output started at /Users/GreysTone/Sites/Application/Home/Controller/IndexController.class.php:66) /Users/GreysTone/Sites/ThinkPHP/Library/Think/View.class.php 第 93 行.
INFO: [ app_end ] --START--
INFO: Run Behavior\ShowPageTraceBehavior [ RunTime:0.001534s ]
INFO: [ app_end ] --END-- [ RunTime:0.001599s ]

[ 2015-08-06T09:57:16+08:00 ] ::1 /~GreysTone/index.php/Home/Index/mainpage_admin.html
INFO: [ app_init ] --START--
INFO: Run Behavior\BuildLiteBehavior [ RunTime:0.000017s ]
INFO: [ app_init ] --END-- [ RunTime:0.000587s ]
INFO: [ app_begin ] --START--
INFO: Run Behavior\ReadHtmlCacheBehavior [ RunTime:0.000718s ]
INFO: [ app_begin ] --END-- [ RunTime:0.000811s ]
SQL: SHOW COLUMNS FROM `users` [ RunTime:0.0039s ]
SQL: SELECT * FROM `users`  [ RunTime:0.0012s ]
SQL: SHOW COLUMNS FROM `rooms` [ RunTime:0.0088s ]
SQL: SELECT * FROM `rooms`  [ RunTime:0.0003s ]
SQL: SHOW COLUMNS FROM `status_round` [ RunTime:0.0024s ]
SQL: SELECT * FROM `status_round`  [ RunTime:0.0002s ]
INFO: [ view_parse ] --START--
INFO: [ template_filter ] --START--
INFO: Run Behavior\ContentReplaceBehavior [ RunTime:0.000050s ]
INFO: [ template_filter ] --END-- [ RunTime:0.000145s ]
NOTIC: [8] Use of undefined constant sector - assumed 'sector' /Users/GreysTone/Sites/Application/Runtime/Cache/Home/cf797dfacfffa09f96a59e9f2f56515d.php 第 18 行.
NOTIC: [8] Array to string conversion /Users/GreysTone/Sites/Application/Runtime/Cache/Home/cf797dfacfffa09f96a59e9f2f56515d.php 第 18 行.
NOTIC: [8] Use of undefined constant sector - assumed 'sector' /Users/GreysTone/Sites/Application/Runtime/Cache/Home/cf797dfacfffa09f96a59e9f2f56515d.php 第 18 行.
NOTIC: [8] Array to string conversion /Users/GreysTone/Sites/Application/Runtime/Cache/Home/cf797dfacfffa09f96a59e9f2f56515d.php 第 18 行.
NOTIC: [8] Use of undefined constant sector - assumed 'sector' /Users/GreysTone/Sites/Application/Runtime/Cache/Home/cf797dfacfffa09f96a59e9f2f56515d.php 第 18 行.
NOTIC: [8] Array to string conversion /Users/GreysTone/Sites/Application/Runtime/Cache/Home/cf797dfacfffa09f96a59e9f2f56515d.php 第 18 行.
NOTIC: [8] Use of undefined constant sector - assumed 'sector' /Users/GreysTone/Sites/Application/Runtime/Cache/Home/cf797dfacfffa09f96a59e9f2f56515d.php 第 18 行.
NOTIC: [8] Array to string conversion /Users/GreysTone/Sites/Application/Runtime/Cache/Home/cf797dfacfffa09f96a59e9f2f56515d.php 第 18 行.
NOTIC: [8] Use of undefined constant sector - assumed 'sector' /Users/GreysTone/Sites/Application/Runtime/Cache/Home/cf797dfacfffa09f96a59e9f2f56515d.php 第 18 行.
NOTIC: [8] Array to string conversion /Users/GreysTone/Sites/Application/Runtime/Cache/Home/cf797dfacfffa09f96a59e9f2f56515d.php 第 18 行.
NOTIC: [8] Use of undefined constant sector - assumed 'sector' /Users/GreysTone/Sites/Application/Runtime/Cache/Home/cf797dfacfffa09f96a59e9f2f56515d.php 第 18 行.
NOTIC: [8] Array to string conversion /Users/GreysTone/Sites/Application/Runtime/Cache/Home/cf797dfacfffa09f96a59e9f2f56515d.php 第 18 行.
INFO: Run Behavior\ParseTemplateBehavior [ RunTime:0.020940s ]
INFO: [ view_parse ] --END-- [ RunTime:0.020999s ]
INFO: [ view_filter ] --START--
INFO: Run Behavior\WriteHtmlCacheBehavior [ RunTime:0.000201s ]
INFO: [ view_filter ] --END-- [ RunTime:0.000245s ]
NOTIC: [2] Cannot modify header information - headers already sent by (output started at /Users/GreysTone/Sites/Application/Home/Controller/IndexController.class.php:66) /Users/GreysTone/Sites/ThinkPHP/Library/Think/View.class.php 第 91 行.
NOTIC: [2] Cannot modify header information - headers already sent by (output started at /Users/GreysTone/Sites/Application/Home/Controller/IndexController.class.php:66) /Users/GreysTone/Sites/ThinkPHP/Library/Think/View.class.php 第 92 行.
NOTIC: [2] Cannot modify header information - headers already sent by (output started at /Users/GreysTone/Sites/Application/Home/Controller/IndexController.class.php:66) /Users/GreysTone/Sites/ThinkPHP/Library/Think/View.class.php 第 93 行.
INFO: [ app_end ] --START--
INFO: Run Behavior\ShowPageTraceBehavior [ RunTime:0.000561s ]
INFO: [ app_end ] --END-- [ RunTime:0.000623s ]

[ 2015-08-06T09:58:01+08:00 ] ::1 /~GreysTone/index.php/Home/Index/mainpage_admin.html
INFO: [ app_init ] --START--
INFO: Run Behavior\BuildLiteBehavior [ RunTime:0.000020s ]
INFO: [ app_init ] --END-- [ RunTime:0.001231s ]
INFO: [ app_begin ] --START--
INFO: Run Behavior\ReadHtmlCacheBehavior [ RunTime:0.001258s ]
INFO: [ app_begin ] --END-- [ RunTime:0.001321s ]
SQL: SHOW COLUMNS FROM `users` [ RunTime:0.0023s ]
SQL: SELECT * FROM `users`  [ RunTime:0.0003s ]
SQL: SHOW COLUMNS FROM `rooms` [ RunTime:0.0037s ]
SQL: SELECT * FROM `rooms`  [ RunTime:0.0004s ]
SQL: SHOW COLUMNS FROM `status_round` [ RunTime:0.0075s ]
SQL: SELECT * FROM `status_round`  [ RunTime:0.0003s ]
INFO: [ view_parse ] --START--
INFO: [ template_filter ] --START--
INFO: Run Behavior\ContentReplaceBehavior [ RunTime:0.000052s ]
INFO: [ template_filter ] --END-- [ RunTime:0.000128s ]
INFO: Run Behavior\ParseTemplateBehavior [ RunTime:0.025986s ]
INFO: [ view_parse ] --END-- [ RunTime:0.026071s ]
INFO: [ view_filter ] --START--
INFO: Run Behavior\WriteHtmlCacheBehavior [ RunTime:0.001349s ]
INFO: [ view_filter ] --END-- [ RunTime:0.001416s ]
NOTIC: [2] Cannot modify header information - headers already sent by (output started at /Users/GreysTone/Sites/Application/Home/Controller/IndexController.class.php:66) /Users/GreysTone/Sites/ThinkPHP/Library/Think/View.class.php 第 91 行.
NOTIC: [2] Cannot modify header information - headers already sent by (output started at /Users/GreysTone/Sites/Application/Home/Controller/IndexController.class.php:66) /Users/GreysTone/Sites/ThinkPHP/Library/Think/View.class.php 第 92 行.
NOTIC: [2] Cannot modify header information - headers already sent by (output started at /Users/GreysTone/Sites/Application/Home/Controller/IndexController.class.php:66) /Users/GreysTone/Sites/ThinkPHP/Library/Think/View.class.php 第 93 行.
INFO: [ app_end ] --START--
INFO: Run Behavior\ShowPageTraceBehavior [ RunTime:0.001370s ]
INFO: [ app_end ] --END-- [ RunTime:0.001444s ]

[ 2015-08-06T09:59:27+08:00 ] ::1 /~GreysTone/index.php/Home/Index/mainpage_admin.html
INFO: [ app_init ] --START--
INFO: Run Behavior\BuildLiteBehavior [ RunTime:0.000012s ]
INFO: [ app_init ] --END-- [ RunTime:0.000308s ]
INFO: [ app_begin ] --START--
INFO: Run Behavior\ReadHtmlCacheBehavior [ RunTime:0.000434s ]
INFO: [ app_begin ] --END-- [ RunTime:0.000485s ]
SQL: SHOW COLUMNS FROM `users` [ RunTime:0.0025s ]
SQL: SELECT * FROM `users`  [ RunTime:0.0003s ]
SQL: SHOW COLUMNS FROM `rooms` [ RunTime:0.0026s ]
SQL: SELECT * FROM `rooms`  [ RunTime:0.0002s ]
SQL: SHOW COLUMNS FROM `status_round` [ RunTime:0.0028s ]
SQL: SELECT * FROM `status_round`  [ RunTime:0.0003s ]
INFO: [ view_parse ] --START--
INFO: [ template_filter ] --START--
INFO: Run Behavior\ContentReplaceBehavior [ RunTime:0.000045s ]
INFO: [ template_filter ] --END-- [ RunTime:0.000102s ]
INFO: Run Behavior\ParseTemplateBehavior [ RunTime:0.016145s ]
INFO: [ view_parse ] --END-- [ RunTime:0.016233s ]
INFO: [ view_filter ] --START--
INFO: Run Behavior\WriteHtmlCacheBehavior [ RunTime:0.000312s ]
INFO: [ view_filter ] --END-- [ RunTime:0.000388s ]
NOTIC: [2] Cannot modify header information - headers already sent by (output started at /Users/GreysTone/Sites/Application/Home/Controller/IndexController.class.php:66) /Users/GreysTone/Sites/ThinkPHP/Library/Think/View.class.php 第 91 行.
NOTIC: [2] Cannot modify header information - headers already sent by (output started at /Users/GreysTone/Sites/Application/Home/Controller/IndexController.class.php:66) /Users/GreysTone/Sites/ThinkPHP/Library/Think/View.class.php 第 92 行.
NOTIC: [2] Cannot modify header information - headers already sent by (output started at /Users/GreysTone/Sites/Application/Home/Controller/IndexController.class.php:66) /Users/GreysTone/Sites/ThinkPHP/Library/Think/View.class.php 第 93 行.
INFO: [ app_end ] --START--
INFO: Run Behavior\ShowPageTraceBehavior [ RunTime:0.000687s ]
INFO: [ app_end ] --END-- [ RunTime:0.000772s ]

[ 2015-08-06T10:01:33+08:00 ] ::1 /~GreysTone/index.php/Home/Index/mainpage_admin.html
INFO: [ app_init ] --START--
INFO: Run Behavior\BuildLiteBehavior [ RunTime:0.000074s ]
INFO: [ app_init ] --END-- [ RunTime:0.001376s ]
INFO: [ app_begin ] --START--
INFO: Run Behavior\ReadHtmlCacheBehavior [ RunTime:0.001440s ]
INFO: [ app_begin ] --END-- [ RunTime:0.001534s ]
SQL: SHOW COLUMNS FROM `users` [ RunTime:0.0050s ]
SQL: SELECT * FROM `users`  [ RunTime:0.0003s ]
SQL: SHOW COLUMNS FROM `rooms` [ RunTime:0.0030s ]
SQL: SELECT * FROM `rooms`  [ RunTime:0.0003s ]
SQL: SHOW COLUMNS FROM `status_round` [ RunTime:0.0026s ]
SQL: SELECT * FROM `status_round`  [ RunTime:0.0003s ]
INFO: [ view_parse ] --START--
INFO: [ template_filter ] --START--
INFO: Run Behavior\ContentReplaceBehavior [ RunTime:0.000056s ]
INFO: [ template_filter ] --END-- [ RunTime:0.000162s ]
INFO: Run Behavior\ParseTemplateBehavior [ RunTime:0.048557s ]
INFO: [ view_parse ] --END-- [ RunTime:0.048631s ]
INFO: [ view_filter ] --START--
INFO: Run Behavior\WriteHtmlCacheBehavior [ RunTime:0.001376s ]
INFO: [ view_filter ] --END-- [ RunTime:0.001424s ]
NOTIC: [2] Cannot modify header information - headers already sent by (output started at /Users/GreysTone/Sites/Application/Home/Controller/IndexController.class.php:67) /Users/GreysTone/Sites/ThinkPHP/Library/Think/View.class.php 第 91 行.
NOTIC: [2] Cannot modify header information - headers already sent by (output started at /Users/GreysTone/Sites/Application/Home/Controller/IndexController.class.php:67) /Users/GreysTone/Sites/ThinkPHP/Library/Think/View.class.php 第 92 行.
NOTIC: [2] Cannot modify header information - headers already sent by (output started at /Users/GreysTone/Sites/Application/Home/Controller/IndexController.class.php:67) /Users/GreysTone/Sites/ThinkPHP/Library/Think/View.class.php 第 93 行.
INFO: [ app_end ] --START--
INFO: Run Behavior\ShowPageTraceBehavior [ RunTime:0.003369s ]
INFO: [ app_end ] --END-- [ RunTime:0.003436s ]

[ 2015-08-06T10:03:50+08:00 ] ::1 /~GreysTone/index.php/Home/Index/mainpage_admin.html
INFO: [ app_init ] --START--
INFO: Run Behavior\BuildLiteBehavior [ RunTime:0.000020s ]
INFO: [ app_init ] --END-- [ RunTime:0.001312s ]
INFO: [ app_begin ] --START--
INFO: Run Behavior\ReadHtmlCacheBehavior [ RunTime:0.001243s ]
INFO: [ app_begin ] --END-- [ RunTime:0.001359s ]
SQL: SHOW COLUMNS FROM `users` [ RunTime:0.0037s ]
SQL: SELECT * FROM `users`  [ RunTime:0.0004s ]
SQL: SHOW COLUMNS FROM `rooms` [ RunTime:0.0033s ]
SQL: SELECT * FROM `rooms`  [ RunTime:0.0003s ]
SQL: SHOW COLUMNS FROM `status_round` [ RunTime:0.0030s ]
SQL: SELECT * FROM `status_round`  [ RunTime:0.0032s ]
INFO: [ view_parse ] --START--
INFO: [ template_filter ] --START--
INFO: Run Behavior\ContentReplaceBehavior [ RunTime:0.000054s ]
INFO: [ template_filter ] --END-- [ RunTime:0.000127s ]
INFO: Run Behavior\ParseTemplateBehavior [ RunTime:0.035380s ]
INFO: [ view_parse ] --END-- [ RunTime:0.035451s ]
INFO: [ view_filter ] --START--
INFO: Run Behavior\WriteHtmlCacheBehavior [ RunTime:0.004697s ]
INFO: [ view_filter ] --END-- [ RunTime:0.004759s ]
NOTIC: [2] Cannot modify header information - headers already sent by (output started at /Users/GreysTone/Sites/Application/Home/Controller/IndexController.class.php:67) /Users/GreysTone/Sites/ThinkPHP/Library/Think/View.class.php 第 91 行.
NOTIC: [2] Cannot modify header information - headers already sent by (output started at /Users/GreysTone/Sites/Application/Home/Controller/IndexController.class.php:67) /Users/GreysTone/Sites/ThinkPHP/Library/Think/View.class.php 第 92 行.
NOTIC: [2] Cannot modify header information - headers already sent by (output started at /Users/GreysTone/Sites/Application/Home/Controller/IndexController.class.php:67) /Users/GreysTone/Sites/ThinkPHP/Library/Think/View.class.php 第 93 行.
INFO: [ app_end ] --START--
INFO: Run Behavior\ShowPageTraceBehavior [ RunTime:0.002122s ]
INFO: [ app_end ] --END-- [ RunTime:0.002208s ]

[ 2015-08-06T10:04:06+08:00 ] ::1 /~GreysTone/index.php/Home/Index/mainpage_admin.html
INFO: [ app_init ] --START--
INFO: Run Behavior\BuildLiteBehavior [ RunTime:0.000013s ]
INFO: [ app_init ] --END-- [ RunTime:0.000308s ]
INFO: [ app_begin ] --START--
INFO: Run Behavior\ReadHtmlCacheBehavior [ RunTime:0.000411s ]
INFO: [ app_begin ] --END-- [ RunTime:0.000456s ]
SQL: SHOW COLUMNS FROM `users` [ RunTime:0.0022s ]
SQL: SELECT * FROM `users`  [ RunTime:0.0003s ]
SQL: SHOW COLUMNS FROM `rooms` [ RunTime:0.0035s ]
SQL: SELECT * FROM `rooms`  [ RunTime:0.0003s ]
SQL: SHOW COLUMNS FROM `status_round` [ RunTime:0.0029s ]
SQL: SELECT * FROM `status_round`  [ RunTime:0.0003s ]
INFO: [ view_parse ] --START--
INFO: [ template_filter ] --START--
INFO: Run Behavior\ContentReplaceBehavior [ RunTime:0.000048s ]
INFO: [ template_filter ] --END-- [ RunTime:0.000112s ]
INFO: Run Behavior\ParseTemplateBehavior [ RunTime:0.017103s ]
INFO: [ view_parse ] --END-- [ RunTime:0.017181s ]
INFO: [ view_filter ] --START--
INFO: Run Behavior\WriteHtmlCacheBehavior [ RunTime:0.000217s ]
INFO: [ view_filter ] --END-- [ RunTime:0.000261s ]
NOTIC: [2] Cannot modify header information - headers already sent by (output started at /Users/GreysTone/Sites/Application/Home/Controller/IndexController.class.php:67) /Users/GreysTone/Sites/ThinkPHP/Library/Think/View.class.php 第 91 行.
NOTIC: [2] Cannot modify header information - headers already sent by (output started at /Users/GreysTone/Sites/Application/Home/Controller/IndexController.class.php:67) /Users/GreysTone/Sites/ThinkPHP/Library/Think/View.class.php 第 92 行.
NOTIC: [2] Cannot modify header information - headers already sent by (output started at /Users/GreysTone/Sites/Application/Home/Controller/IndexController.class.php:67) /Users/GreysTone/Sites/ThinkPHP/Library/Think/View.class.php 第 93 行.
INFO: [ app_end ] --START--
INFO: Run Behavior\ShowPageTraceBehavior [ RunTime:0.000452s ]
INFO: [ app_end ] --END-- [ RunTime:0.000498s ]

[ 2015-08-06T10:05:17+08:00 ] ::1 /~GreysTone/index.php/Home/Index/mainpage_admin.html
INFO: [ app_init ] --START--
INFO: Run Behavior\BuildLiteBehavior [ RunTime:0.000015s ]
INFO: [ app_init ] --END-- [ RunTime:0.000331s ]
INFO: [ app_begin ] --START--
INFO: Run Behavior\ReadHtmlCacheBehavior [ RunTime:0.000424s ]
INFO: [ app_begin ] --END-- [ RunTime:0.000473s ]
SQL: SHOW COLUMNS FROM `users` [ RunTime:0.0031s ]
SQL: SELECT * FROM `users`  [ RunTime:0.0018s ]
SQL: SHOW COLUMNS FROM `rooms` [ RunTime:0.0038s ]
SQL: SELECT * FROM `rooms`  [ RunTime:0.0003s ]
SQL: SHOW COLUMNS FROM `status_round` [ RunTime:0.0031s ]
SQL: SELECT * FROM `status_round`  [ RunTime:0.0002s ]
INFO: [ view_parse ] --START--
INFO: [ template_filter ] --START--
INFO: Run Behavior\ContentReplaceBehavior [ RunTime:0.000058s ]
INFO: [ template_filter ] --END-- [ RunTime:0.000138s ]
INFO: Run Behavior\ParseTemplateBehavior [ RunTime:0.016506s ]
INFO: [ view_parse ] --END-- [ RunTime:0.016580s ]
INFO: [ view_filter ] --START--
INFO: Run Behavior\WriteHtmlCacheBehavior [ RunTime:0.000170s ]
INFO: [ view_filter ] --END-- [ RunTime:0.000211s ]
NOTIC: [2] Cannot modify header information - headers already sent by (output started at /Users/GreysTone/Sites/Application/Home/Controller/IndexController.class.php:67) /Users/GreysTone/Sites/ThinkPHP/Library/Think/View.class.php 第 91 行.
NOTIC: [2] Cannot modify header information - headers already sent by (output started at /Users/GreysTone/Sites/Application/Home/Controller/IndexController.class.php:67) /Users/GreysTone/Sites/ThinkPHP/Library/Think/View.class.php 第 92 行.
NOTIC: [2] Cannot modify header information - headers already sent by (output started at /Users/GreysTone/Sites/Application/Home/Controller/IndexController.class.php:67) /Users/GreysTone/Sites/ThinkPHP/Library/Think/View.class.php 第 93 行.
INFO: [ app_end ] --START--
INFO: Run Behavior\ShowPageTraceBehavior [ RunTime:0.000442s ]
INFO: [ app_end ] --END-- [ RunTime:0.000486s ]

[ 2015-08-06T10:08:02+08:00 ] ::1 /~GreysTone/index.php/Home/Index/mainpage_admin.html
INFO: [ app_init ] --START--
INFO: Run Behavior\BuildLiteBehavior [ RunTime:0.000017s ]
INFO: [ app_init ] --END-- [ RunTime:0.000379s ]
INFO: [ app_begin ] --START--
INFO: Run Behavior\ReadHtmlCacheBehavior [ RunTime:0.000471s ]
INFO: [ app_begin ] --END-- [ RunTime:0.000525s ]
SQL: SHOW COLUMNS FROM `users` [ RunTime:0.0049s ]
SQL: SELECT * FROM `users`  [ RunTime:0.0004s ]
SQL: SHOW COLUMNS FROM `rooms` [ RunTime:0.1703s ]
SQL: SELECT * FROM `rooms`  [ RunTime:0.0003s ]
SQL: SHOW COLUMNS FROM `status_round` [ RunTime:0.0032s ]
SQL: SELECT * FROM `status_round`  [ RunTime:0.0003s ]
INFO: [ view_parse ] --START--
INFO: [ template_filter ] --START--
INFO: Run Behavior\ContentReplaceBehavior [ RunTime:0.000049s ]
INFO: [ template_filter ] --END-- [ RunTime:0.000117s ]
NOTIC: [8] Undefined variable: ro /Users/GreysTone/Sites/Application/Runtime/Cache/Home/cf797dfacfffa09f96a59e9f2f56515d.php 第 53 行.
INFO: Run Behavior\ParseTemplateBehavior [ RunTime:0.018041s ]
INFO: [ view_parse ] --END-- [ RunTime:0.018159s ]
INFO: [ view_filter ] --START--
INFO: Run Behavior\WriteHtmlCacheBehavior [ RunTime:0.000359s ]
INFO: [ view_filter ] --END-- [ RunTime:0.000431s ]
NOTIC: [2] Cannot modify header information - headers already sent by (output started at /Users/GreysTone/Sites/Application/Home/Controller/IndexController.class.php:67) /Users/GreysTone/Sites/ThinkPHP/Library/Think/View.class.php 第 91 行.
NOTIC: [2] Cannot modify header information - headers already sent by (output started at /Users/GreysTone/Sites/Application/Home/Controller/IndexController.class.php:67) /Users/GreysTone/Sites/ThinkPHP/Library/Think/View.class.php 第 92 行.
NOTIC: [2] Cannot modify header information - headers already sent by (output started at /Users/GreysTone/Sites/Application/Home/Controller/IndexController.class.php:67) /Users/GreysTone/Sites/ThinkPHP/Library/Think/View.class.php 第 93 行.
INFO: [ app_end ] --START--
INFO: Run Behavior\ShowPageTraceBehavior [ RunTime:0.000665s ]
INFO: [ app_end ] --END-- [ RunTime:0.000743s ]

[ 2015-08-06T10:08:32+08:00 ] ::1 /~GreysTone/index.php/Home/Index/mainpage_admin.html
INFO: [ app_init ] --START--
INFO: Run Behavior\BuildLiteBehavior [ RunTime:0.000014s ]
INFO: [ app_init ] --END-- [ RunTime:0.000320s ]
INFO: [ app_begin ] --START--
INFO: Run Behavior\ReadHtmlCacheBehavior [ RunTime:0.000423s ]
INFO: [ app_begin ] --END-- [ RunTime:0.000470s ]
SQL: SHOW COLUMNS FROM `users` [ RunTime:0.0047s ]
SQL: SELECT * FROM `users`  [ RunTime:0.0003s ]
SQL: SHOW COLUMNS FROM `rooms` [ RunTime:0.0020s ]
SQL: SELECT * FROM `rooms`  [ RunTime:0.0002s ]
SQL: SHOW COLUMNS FROM `status_round` [ RunTime:0.0134s ]
SQL: SELECT * FROM `status_round`  [ RunTime:0.0003s ]
INFO: [ view_parse ] --START--
INFO: [ template_filter ] --START--
INFO: Run Behavior\ContentReplaceBehavior [ RunTime:0.000049s ]
INFO: [ template_filter ] --END-- [ RunTime:0.000104s ]
INFO: Run Behavior\ParseTemplateBehavior [ RunTime:0.022212s ]
INFO: [ view_parse ] --END-- [ RunTime:0.022467s ]
INFO: [ view_filter ] --START--
INFO: Run Behavior\WriteHtmlCacheBehavior [ RunTime:0.000234s ]
INFO: [ view_filter ] --END-- [ RunTime:0.000279s ]
NOTIC: [2] Cannot modify header information - headers already sent by (output started at /Users/GreysTone/Sites/Application/Home/Controller/IndexController.class.php:67) /Users/GreysTone/Sites/ThinkPHP/Library/Think/View.class.php 第 91 行.
NOTIC: [2] Cannot modify header information - headers already sent by (output started at /Users/GreysTone/Sites/Application/Home/Controller/IndexController.class.php:67) /Users/GreysTone/Sites/ThinkPHP/Library/Think/View.class.php 第 92 行.
NOTIC: [2] Cannot modify header information - headers already sent by (output started at /Users/GreysTone/Sites/Application/Home/Controller/IndexController.class.php:67) /Users/GreysTone/Sites/ThinkPHP/Library/Think/View.class.php 第 93 行.
INFO: [ app_end ] --START--
INFO: Run Behavior\ShowPageTraceBehavior [ RunTime:0.000449s ]
INFO: [ app_end ] --END-- [ RunTime:0.000509s ]

[ 2015-08-06T10:08:51+08:00 ] ::1 /~GreysTone/index.php/Home/Index/mainpage_admin.html
INFO: [ app_init ] --START--
INFO: Run Behavior\BuildLiteBehavior [ RunTime:0.000014s ]
INFO: [ app_init ] --END-- [ RunTime:0.000461s ]
INFO: [ app_begin ] --START--
INFO: Run Behavior\ReadHtmlCacheBehavior [ RunTime:0.000595s ]
INFO: [ app_begin ] --END-- [ RunTime:0.000673s ]
SQL: SHOW COLUMNS FROM `users` [ RunTime:0.0032s ]
SQL: SELECT * FROM `users`  [ RunTime:0.0003s ]
SQL: SHOW COLUMNS FROM `rooms` [ RunTime:0.0024s ]
SQL: SELECT * FROM `rooms`  [ RunTime:0.0002s ]
SQL: SHOW COLUMNS FROM `status_round` [ RunTime:0.0032s ]
SQL: SELECT * FROM `status_round`  [ RunTime:0.0004s ]
INFO: [ view_parse ] --START--
INFO: [ template_filter ] --START--
INFO: Run Behavior\ContentReplaceBehavior [ RunTime:0.000061s ]
INFO: [ template_filter ] --END-- [ RunTime:0.000747s ]
INFO: Run Behavior\ParseTemplateBehavior [ RunTime:0.025369s ]
INFO: [ view_parse ] --END-- [ RunTime:0.025462s ]
INFO: [ view_filter ] --START--
INFO: Run Behavior\WriteHtmlCacheBehavior [ RunTime:0.000183s ]
INFO: [ view_filter ] --END-- [ RunTime:0.000226s ]
NOTIC: [2] Cannot modify header information - headers already sent by (output started at /Users/GreysTone/Sites/Application/Home/Controller/IndexController.class.php:67) /Users/GreysTone/Sites/ThinkPHP/Library/Think/View.class.php 第 91 行.
NOTIC: [2] Cannot modify header information - headers already sent by (output started at /Users/GreysTone/Sites/Application/Home/Controller/IndexController.class.php:67) /Users/GreysTone/Sites/ThinkPHP/Library/Think/View.class.php 第 92 行.
NOTIC: [2] Cannot modify header information - headers already sent by (output started at /Users/GreysTone/Sites/Application/Home/Controller/IndexController.class.php:67) /Users/GreysTone/Sites/ThinkPHP/Library/Think/View.class.php 第 93 行.
INFO: [ app_end ] --START--
INFO: Run Behavior\ShowPageTraceBehavior [ RunTime:0.000525s ]
INFO: [ app_end ] --END-- [ RunTime:0.000585s ]

[ 2015-08-06T10:09:15+08:00 ] ::1 /~GreysTone/index.php/Home/Index/mainpage_admin.html
INFO: [ app_init ] --START--
INFO: Run Behavior\BuildLiteBehavior [ RunTime:0.000022s ]
INFO: [ app_init ] --END-- [ RunTime:0.002101s ]
INFO: [ app_begin ] --START--
INFO: Run Behavior\ReadHtmlCacheBehavior [ RunTime:0.000741s ]
INFO: [ app_begin ] --END-- [ RunTime:0.000850s ]
SQL: SHOW COLUMNS FROM `users` [ RunTime:0.0031s ]
SQL: SELECT * FROM `users`  [ RunTime:0.0003s ]
SQL: SHOW COLUMNS FROM `rooms` [ RunTime:0.0020s ]
SQL: SELECT * FROM `rooms`  [ RunTime:0.0003s ]
SQL: SHOW COLUMNS FROM `status_round` [ RunTime:0.0053s ]
SQL: SELECT * FROM `status_round`  [ RunTime:0.0003s ]
INFO: [ view_parse ] --START--
INFO: [ template_filter ] --START--
INFO: Run Behavior\ContentReplaceBehavior [ RunTime:0.000058s ]
INFO: [ template_filter ] --END-- [ RunTime:0.000141s ]
INFO: Run Behavior\ParseTemplateBehavior [ RunTime:0.021333s ]
INFO: [ view_parse ] --END-- [ RunTime:0.021415s ]
INFO: [ view_filter ] --START--
INFO: Run Behavior\WriteHtmlCacheBehavior [ RunTime:0.000199s ]
INFO: [ view_filter ] --END-- [ RunTime:0.000246s ]
NOTIC: [2] Cannot modify header information - headers already sent by (output started at /Users/GreysTone/Sites/Application/Home/Controller/IndexController.class.php:67) /Users/GreysTone/Sites/ThinkPHP/Library/Think/View.class.php 第 91 行.
NOTIC: [2] Cannot modify header information - headers already sent by (output started at /Users/GreysTone/Sites/Application/Home/Controller/IndexController.class.php:67) /Users/GreysTone/Sites/ThinkPHP/Library/Think/View.class.php 第 92 行.
NOTIC: [2] Cannot modify header information - headers already sent by (output started at /Users/GreysTone/Sites/Application/Home/Controller/IndexController.class.php:67) /Users/GreysTone/Sites/ThinkPHP/Library/Think/View.class.php 第 93 行.
INFO: [ app_end ] --START--
INFO: Run Behavior\ShowPageTraceBehavior [ RunTime:0.000560s ]
INFO: [ app_end ] --END-- [ RunTime:0.000619s ]

[ 2015-08-06T12:23:24+08:00 ] ::1 /~GreysTone/index.php/Home/Index/mainpage_admin.html
INFO: [ app_init ] --START--
INFO: Run Behavior\BuildLiteBehavior [ RunTime:0.000017s ]
INFO: [ app_init ] --END-- [ RunTime:0.001134s ]
INFO: [ app_begin ] --START--
INFO: Run Behavior\ReadHtmlCacheBehavior [ RunTime:0.001426s ]
INFO: [ app_begin ] --END-- [ RunTime:0.001512s ]
SQL: SHOW COLUMNS FROM `users` [ RunTime:0.0026s ]
SQL: SELECT * FROM `users`  [ RunTime:0.0003s ]
SQL: SHOW COLUMNS FROM `rooms` [ RunTime:0.0033s ]
SQL: SELECT * FROM `rooms`  [ RunTime:0.0004s ]
SQL: SHOW COLUMNS FROM `status_round` [ RunTime:0.0044s ]
SQL: SELECT * FROM `status_round`  [ RunTime:0.0002s ]
INFO: [ view_parse ] --START--
INFO: [ template_filter ] --START--
INFO: Run Behavior\ContentReplaceBehavior [ RunTime:0.000049s ]
INFO: [ template_filter ] --END-- [ RunTime:0.000115s ]
INFO: Run Behavior\ParseTemplateBehavior [ RunTime:0.033163s ]
INFO: [ view_parse ] --END-- [ RunTime:0.033230s ]
INFO: [ view_filter ] --START--
INFO: Run Behavior\WriteHtmlCacheBehavior [ RunTime:0.001613s ]
INFO: [ view_filter ] --END-- [ RunTime:0.001657s ]
NOTIC: [2] Cannot modify header information - headers already sent by (output started at /Users/GreysTone/Sites/Application/Home/Controller/IndexController.class.php:67) /Users/GreysTone/Sites/ThinkPHP/Library/Think/View.class.php 第 91 行.
NOTIC: [2] Cannot modify header information - headers already sent by (output started at /Users/GreysTone/Sites/Application/Home/Controller/IndexController.class.php:67) /Users/GreysTone/Sites/ThinkPHP/Library/Think/View.class.php 第 92 行.
NOTIC: [2] Cannot modify header information - headers already sent by (output started at /Users/GreysTone/Sites/Application/Home/Controller/IndexController.class.php:67) /Users/GreysTone/Sites/ThinkPHP/Library/Think/View.class.php 第 93 行.
INFO: [ app_end ] --START--
INFO: Run Behavior\ShowPageTraceBehavior [ RunTime:0.001351s ]
INFO: [ app_end ] --END-- [ RunTime:0.001418s ]

[ 2015-08-06T12:24:22+08:00 ] ::1 /~GreysTone/index.php/Home/Index/mainpage_admin.html
INFO: [ app_init ] --START--
INFO: Run Behavior\BuildLiteBehavior [ RunTime:0.000017s ]
INFO: [ app_init ] --END-- [ RunTime:0.001270s ]
INFO: [ app_begin ] --START--
INFO: Run Behavior\ReadHtmlCacheBehavior [ RunTime:0.001377s ]
INFO: [ app_begin ] --END-- [ RunTime:0.001455s ]
SQL: SHOW COLUMNS FROM `users` [ RunTime:0.0022s ]
SQL: SELECT * FROM `users`  [ RunTime:0.0004s ]
SQL: SHOW COLUMNS FROM `rooms` [ RunTime:0.0026s ]
SQL: SELECT * FROM `rooms`  [ RunTime:0.0005s ]
SQL: SHOW COLUMNS FROM `status_round` [ RunTime:0.0040s ]
SQL: SELECT * FROM `status_round`  [ RunTime:0.0003s ]
INFO: [ view_parse ] --START--
INFO: [ template_filter ] --START--
INFO: Run Behavior\ContentReplaceBehavior [ RunTime:0.000052s ]
INFO: [ template_filter ] --END-- [ RunTime:0.000139s ]
INFO: Run Behavior\ParseTemplateBehavior [ RunTime:0.034091s ]
INFO: [ view_parse ] --END-- [ RunTime:0.034167s ]
INFO: [ view_filter ] --START--
INFO: Run Behavior\WriteHtmlCacheBehavior [ RunTime:0.003138s ]
INFO: [ view_filter ] --END-- [ RunTime:0.003212s ]
NOTIC: [2] Cannot modify header information - headers already sent by (output started at /Users/GreysTone/Sites/Application/Home/Controller/IndexController.class.php:67) /Users/GreysTone/Sites/ThinkPHP/Library/Think/View.class.php 第 91 行.
NOTIC: [2] Cannot modify header information - headers already sent by (output started at /Users/GreysTone/Sites/Application/Home/Controller/IndexController.class.php:67) /Users/GreysTone/Sites/ThinkPHP/Library/Think/View.class.php 第 92 行.
NOTIC: [2] Cannot modify header information - headers already sent by (output started at /Users/GreysTone/Sites/Application/Home/Controller/IndexController.class.php:67) /Users/GreysTone/Sites/ThinkPHP/Library/Think/View.class.php 第 93 行.
INFO: [ app_end ] --START--
INFO: Run Behavior\ShowPageTraceBehavior [ RunTime:0.002019s ]
INFO: [ app_end ] --END-- [ RunTime:0.002069s ]

[ 2015-08-06T12:27:58+08:00 ] ::1 /~GreysTone/index.php/Home/Index/mainpage_admin.html
INFO: [ app_init ] --START--
INFO: Run Behavior\BuildLiteBehavior [ RunTime:0.000017s ]
INFO: [ app_init ] --END-- [ RunTime:0.001292s ]
INFO: [ app_begin ] --START--
INFO: Run Behavior\ReadHtmlCacheBehavior [ RunTime:0.001350s ]
INFO: [ app_begin ] --END-- [ RunTime:0.001429s ]
SQL: SHOW COLUMNS FROM `users` [ RunTime:0.0078s ]
SQL: SELECT * FROM `users`  [ RunTime:0.0003s ]
SQL: SHOW COLUMNS FROM `rooms` [ RunTime:0.0025s ]
SQL: SELECT * FROM `rooms`  [ RunTime:0.0002s ]
SQL: SHOW COLUMNS FROM `status_round` [ RunTime:0.0057s ]
SQL: SELECT * FROM `status_round`  [ RunTime:0.0003s ]
INFO: [ view_parse ] --START--
INFO: [ template_filter ] --START--
INFO: Run Behavior\ContentReplaceBehavior [ RunTime:0.000049s ]
INFO: [ template_filter ] --END-- [ RunTime:0.000128s ]
INFO: Run Behavior\ParseTemplateBehavior [ RunTime:0.036925s ]
INFO: [ view_parse ] --END-- [ RunTime:0.037019s ]
INFO: [ view_filter ] --START--
INFO: Run Behavior\WriteHtmlCacheBehavior [ RunTime:0.001462s ]
INFO: [ view_filter ] --END-- [ RunTime:0.001507s ]
NOTIC: [2] Cannot modify header information - headers already sent by (output started at /Users/GreysTone/Sites/Application/Home/Controller/IndexController.class.php:67) /Users/GreysTone/Sites/ThinkPHP/Library/Think/View.class.php 第 91 行.
NOTIC: [2] Cannot modify header information - headers already sent by (output started at /Users/GreysTone/Sites/Application/Home/Controller/IndexController.class.php:67) /Users/GreysTone/Sites/ThinkPHP/Library/Think/View.class.php 第 92 行.
NOTIC: [2] Cannot modify header information - headers already sent by (output started at /Users/GreysTone/Sites/Application/Home/Controller/IndexController.class.php:67) /Users/GreysTone/Sites/ThinkPHP/Library/Think/View.class.php 第 93 行.
INFO: [ app_end ] --START--
INFO: Run Behavior\ShowPageTraceBehavior [ RunTime:0.001238s ]
INFO: [ app_end ] --END-- [ RunTime:0.001294s ]

[ 2015-08-06T12:28:15+08:00 ] ::1 /~GreysTone/index.php/Home/Index/mainpage_admin.html
INFO: [ app_init ] --START--
INFO: Run Behavior\BuildLiteBehavior [ RunTime:0.000019s ]
INFO: [ app_init ] --END-- [ RunTime:0.001150s ]
INFO: [ app_begin ] --START--
INFO: Run Behavior\ReadHtmlCacheBehavior [ RunTime:0.001215s ]
INFO: [ app_begin ] --END-- [ RunTime:0.001285s ]
SQL: SHOW COLUMNS FROM `users` [ RunTime:0.0025s ]
SQL: SELECT * FROM `users`  [ RunTime:0.0003s ]
SQL: SHOW COLUMNS FROM `rooms` [ RunTime:0.0092s ]
SQL: SELECT * FROM `rooms`  [ RunTime:0.0004s ]
SQL: SHOW COLUMNS FROM `status_round` [ RunTime:0.0050s ]
SQL: SELECT * FROM `status_round`  [ RunTime:0.0003s ]
INFO: [ view_parse ] --START--
INFO: [ template_filter ] --START--
INFO: Run Behavior\ContentReplaceBehavior [ RunTime:0.000053s ]
INFO: [ template_filter ] --END-- [ RunTime:0.000128s ]
INFO: Run Behavior\ParseTemplateBehavior [ RunTime:0.028490s ]
INFO: [ view_parse ] --END-- [ RunTime:0.028579s ]
INFO: [ view_filter ] --START--
INFO: Run Behavior\WriteHtmlCacheBehavior [ RunTime:0.006047s ]
INFO: [ view_filter ] --END-- [ RunTime:0.006120s ]
NOTIC: [2] Cannot modify header information - headers already sent by (output started at /Users/GreysTone/Sites/Application/Home/Controller/IndexController.class.php:67) /Users/GreysTone/Sites/ThinkPHP/Library/Think/View.class.php 第 91 行.
NOTIC: [2] Cannot modify header information - headers already sent by (output started at /Users/GreysTone/Sites/Application/Home/Controller/IndexController.class.php:67) /Users/GreysTone/Sites/ThinkPHP/Library/Think/View.class.php 第 92 行.
NOTIC: [2] Cannot modify header information - headers already sent by (output started at /Users/GreysTone/Sites/Application/Home/Controller/IndexController.class.php:67) /Users/GreysTone/Sites/ThinkPHP/Library/Think/View.class.php 第 93 行.
INFO: [ app_end ] --START--
INFO: Run Behavior\ShowPageTraceBehavior [ RunTime:0.006677s ]
INFO: [ app_end ] --END-- [ RunTime:0.006754s ]

[ 2015-08-06T12:28:38+08:00 ] ::1 /~GreysTone/index.php/Home/Index/mainpage_admin.html
INFO: [ app_init ] --START--
INFO: Run Behavior\BuildLiteBehavior [ RunTime:0.000014s ]
INFO: [ app_init ] --END-- [ RunTime:0.000317s ]
INFO: [ app_begin ] --START--
INFO: Run Behavior\ReadHtmlCacheBehavior [ RunTime:0.000422s ]
INFO: [ app_begin ] --END-- [ RunTime:0.000468s ]
SQL: SHOW COLUMNS FROM `users` [ RunTime:0.1390s ]
SQL: SELECT * FROM `users`  [ RunTime:0.0004s ]
SQL: SHOW COLUMNS FROM `rooms` [ RunTime:0.1381s ]
SQL: SELECT * FROM `rooms`  [ RunTime:0.0004s ]
SQL: SHOW COLUMNS FROM `status_round` [ RunTime:0.1391s ]
SQL: SELECT * FROM `status_round`  [ RunTime:0.0005s ]
INFO: [ view_parse ] --START--
INFO: [ template_filter ] --START--
INFO: Run Behavior\ContentReplaceBehavior [ RunTime:0.000050s ]
INFO: [ template_filter ] --END-- [ RunTime:0.000113s ]
INFO: Run Behavior\ParseTemplateBehavior [ RunTime:0.018957s ]
INFO: [ view_parse ] --END-- [ RunTime:0.019078s ]
INFO: [ view_filter ] --START--
INFO: Run Behavior\WriteHtmlCacheBehavior [ RunTime:0.000326s ]
INFO: [ view_filter ] --END-- [ RunTime:0.000402s ]
NOTIC: [2] Cannot modify header information - headers already sent by (output started at /Users/GreysTone/Sites/Application/Home/Controller/IndexController.class.php:67) /Users/GreysTone/Sites/ThinkPHP/Library/Think/View.class.php 第 91 行.
NOTIC: [2] Cannot modify header information - headers already sent by (output started at /Users/GreysTone/Sites/Application/Home/Controller/IndexController.class.php:67) /Users/GreysTone/Sites/ThinkPHP/Library/Think/View.class.php 第 92 行.
NOTIC: [2] Cannot modify header information - headers already sent by (output started at /Users/GreysTone/Sites/Application/Home/Controller/IndexController.class.php:67) /Users/GreysTone/Sites/ThinkPHP/Library/Think/View.class.php 第 93 行.
INFO: [ app_end ] --START--
INFO: Run Behavior\ShowPageTraceBehavior [ RunTime:0.000691s ]
INFO: [ app_end ] --END-- [ RunTime:0.000775s ]

[ 2015-08-06T12:29:00+08:00 ] ::1 /~GreysTone/index.php/Home/Index/index.php?s=/Home/Index/logout_post/
INFO: [ app_init ] --START--
INFO: Run Behavior\BuildLiteBehavior [ RunTime:0.000016s ]
INFO: [ app_init ] --END-- [ RunTime:0.000346s ]
INFO: [ app_begin ] --START--
INFO: Run Behavior\ReadHtmlCacheBehavior [ RunTime:0.000513s ]
INFO: [ app_begin ] --END-- [ RunTime:0.000574s ]

[ 2015-08-06T12:29:08+08:00 ] ::1 /~GreysTone/index.php/Home/Index/mainpage_admin.html
INFO: [ app_init ] --START--
INFO: Run Behavior\BuildLiteBehavior [ RunTime:0.000015s ]
INFO: [ app_init ] --END-- [ RunTime:0.000497s ]
INFO: [ app_begin ] --START--
INFO: Run Behavior\ReadHtmlCacheBehavior [ RunTime:0.000607s ]
INFO: [ app_begin ] --END-- [ RunTime:0.000684s ]

[ 2015-08-06T12:29:16+08:00 ] ::1 /~GreysTone/index.php/Home/Index/index.html
INFO: [ app_init ] --START--
INFO: Run Behavior\BuildLiteBehavior [ RunTime:0.000013s ]
INFO: [ app_init ] --END-- [ RunTime:0.000311s ]
INFO: [ app_begin ] --START--
INFO: Run Behavior\ReadHtmlCacheBehavior [ RunTime:0.000412s ]
INFO: [ app_begin ] --END-- [ RunTime:0.000458s ]
SQL: SHOW COLUMNS FROM `users` [ RunTime:0.0014s ]
SQL: SELECT * FROM `users`  [ RunTime:0.0003s ]
INFO: [ view_parse ] --START--
INFO: [ template_filter ] --START--
INFO: Run Behavior\ContentReplaceBehavior [ RunTime:0.000038s ]
INFO: [ template_filter ] --END-- [ RunTime:0.000095s ]
INFO: Run Behavior\ParseTemplateBehavior [ RunTime:0.014552s ]
INFO: [ view_parse ] --END-- [ RunTime:0.014651s ]
INFO: [ view_filter ] --START--
INFO: Run Behavior\WriteHtmlCacheBehavior [ RunTime:0.000198s ]
INFO: [ view_filter ] --END-- [ RunTime:0.000257s ]
INFO: [ app_end ] --START--
INFO: Run Behavior\ShowPageTraceBehavior [ RunTime:0.000525s ]
INFO: [ app_end ] --END-- [ RunTime:0.000578s ]

[ 2015-08-06T12:29:32+08:00 ] ::1 /~GreysTone/index.php/Home/Index/index.php?s=/Home/Index/login_post/
INFO: [ app_init ] --START--
INFO: Run Behavior\BuildLiteBehavior [ RunTime:0.000013s ]
INFO: [ app_init ] --END-- [ RunTime:0.000455s ]
INFO: [ app_begin ] --START--
INFO: Run Behavior\ReadHtmlCacheBehavior [ RunTime:0.000622s ]
INFO: [ app_begin ] --END-- [ RunTime:0.000707s ]
SQL: SHOW COLUMNS FROM `users` [ RunTime:0.0020s ]
SQL: SELECT * FROM `users` WHERE `username` = 'CheckIn_Test' LIMIT 1   [ RunTime:0.0169s ]
INFO: [ view_parse ] --START--
INFO: [ template_filter ] --START--
INFO: Run Behavior\ContentReplaceBehavior [ RunTime:0.000043s ]
INFO: [ template_filter ] --END-- [ RunTime:0.000148s ]
INFO: Run Behavior\ParseTemplateBehavior [ RunTime:0.018699s ]
INFO: [ view_parse ] --END-- [ RunTime:0.018843s ]
INFO: [ view_filter ] --START--
INFO: Run Behavior\WriteHtmlCacheBehavior [ RunTime:0.000239s ]
INFO: [ view_filter ] --END-- [ RunTime:0.000292s ]
INFO: [ app_end ] --START--
INFO: Run Behavior\ShowPageTraceBehavior [ RunTime:0.000794s ]
INFO: [ app_end ] --END-- [ RunTime:0.000892s ]

[ 2015-08-06T12:29:33+08:00 ] ::1 /~GreysTone/index.php/Home/Index/mainpage_checkin.html
INFO: [ app_init ] --START--
INFO: Run Behavior\BuildLiteBehavior [ RunTime:0.000016s ]
INFO: [ app_init ] --END-- [ RunTime:0.000349s ]
INFO: [ app_begin ] --START--
INFO: Run Behavior\ReadHtmlCacheBehavior [ RunTime:0.000421s ]
INFO: [ app_begin ] --END-- [ RunTime:0.000467s ]
INFO: [ app_end ] --START--
INFO: Run Behavior\ShowPageTraceBehavior [ RunTime:0.000476s ]
INFO: [ app_end ] --END-- [ RunTime:0.000533s ]

[ 2015-08-06T13:26:24+08:00 ] ::1 /~GreysTone/index.php/Home/Index/mainpage_checkin.html
INFO: [ app_init ] --START--
INFO: Run Behavior\BuildLiteBehavior [ RunTime:0.000021s ]
INFO: [ app_init ] --END-- [ RunTime:0.001311s ]
INFO: [ app_begin ] --START--
INFO: Run Behavior\ReadHtmlCacheBehavior [ RunTime:0.001328s ]
INFO: [ app_begin ] --END-- [ RunTime:0.001411s ]
SQL: SHOW COLUMNS FROM `interviewees` [ RunTime:0.0107s ]
SQL: SELECT * FROM `interviewees`  [ RunTime:0.0003s ]
INFO: [ view_parse ] --START--
INFO: [ template_filter ] --START--
INFO: Run Behavior\ContentReplaceBehavior [ RunTime:0.000047s ]
INFO: [ template_filter ] --END-- [ RunTime:0.000118s ]
INFO: Run Behavior\ParseTemplateBehavior [ RunTime:0.033730s ]
INFO: [ view_parse ] --END-- [ RunTime:0.033792s ]
INFO: [ view_filter ] --START--
INFO: Run Behavior\WriteHtmlCacheBehavior [ RunTime:0.001823s ]
INFO: [ view_filter ] --END-- [ RunTime:0.001891s ]
NOTIC: [2] Cannot modify header information - headers already sent by (output started at /Users/GreysTone/Sites/Application/Home/Controller/IndexController.class.php:101) /Users/GreysTone/Sites/ThinkPHP/Library/Think/View.class.php 第 91 行.
NOTIC: [2] Cannot modify header information - headers already sent by (output started at /Users/GreysTone/Sites/Application/Home/Controller/IndexController.class.php:101) /Users/GreysTone/Sites/ThinkPHP/Library/Think/View.class.php 第 92 行.
NOTIC: [2] Cannot modify header information - headers already sent by (output started at /Users/GreysTone/Sites/Application/Home/Controller/IndexController.class.php:101) /Users/GreysTone/Sites/ThinkPHP/Library/Think/View.class.php 第 93 行.
INFO: [ app_end ] --START--
INFO: Run Behavior\ShowPageTraceBehavior [ RunTime:0.001280s ]
INFO: [ app_end ] --END-- [ RunTime:0.001341s ]

[ 2015-08-06T18:02:39+08:00 ] ::1 /~GreysTone/index.php/Home/Index/mainpage_checkin.html
INFO: [ app_init ] --START--
INFO: Run Behavior\BuildLiteBehavior [ RunTime:0.000029s ]
INFO: [ app_init ] --END-- [ RunTime:0.009268s ]
INFO: [ app_begin ] --START--
INFO: Run Behavior\ReadHtmlCacheBehavior [ RunTime:0.012886s ]
INFO: [ app_begin ] --END-- [ RunTime:0.012988s ]
ERR: SQLSTATE[HY000] [2002] No such file or directory
NOTIC: [2] Cannot modify header information - headers already sent by (output started at /Users/GreysTone/Sites/Application/Home/Controller/IndexController.class.php:101) /Users/GreysTone/Sites/ThinkPHP/Library/Think/Think.class.php 第 229 行.
NOTIC: [2] Cannot modify header information - headers already sent by (output started at /Users/GreysTone/Sites/Application/Home/Controller/IndexController.class.php:101) /Users/GreysTone/Sites/ThinkPHP/Library/Think/Think.class.php 第 230 行.

[ 2015-08-06T18:05:13+08:00 ] ::1 /~GreysTone/index.php/Home/Index/mainpage_checkin.html
INFO: [ app_init ] --START--
INFO: Run Behavior\BuildLiteBehavior [ RunTime:0.000024s ]
INFO: [ app_init ] --END-- [ RunTime:0.001582s ]
INFO: [ app_begin ] --START--
INFO: Run Behavior\ReadHtmlCacheBehavior [ RunTime:0.001713s ]
INFO: [ app_begin ] --END-- [ RunTime:0.001802s ]
ERR: SQLSTATE[42S02]: Base table or view not found: 1146 Table 'enroll_admission.interviewees' doesn't exist
NOTIC: [2] Cannot modify header information - headers already sent by (output started at /Users/GreysTone/Sites/Application/Home/Controller/IndexController.class.php:101) /Users/GreysTone/Sites/ThinkPHP/Library/Think/Think.class.php 第 229 行.
NOTIC: [2] Cannot modify header information - headers already sent by (output started at /Users/GreysTone/Sites/Application/Home/Controller/IndexController.class.php:101) /Users/GreysTone/Sites/ThinkPHP/Library/Think/Think.class.php 第 230 行.

[ 2015-08-06T21:22:55+08:00 ] ::1 /~GreysTone/index.php/Home/Index/mainpage_checkin.html
INFO: [ app_init ] --START--
INFO: Run Behavior\BuildLiteBehavior [ RunTime:0.000019s ]
INFO: [ app_init ] --END-- [ RunTime:0.000777s ]
INFO: [ app_begin ] --START--
INFO: Run Behavior\ReadHtmlCacheBehavior [ RunTime:0.001771s ]
INFO: [ app_begin ] --END-- [ RunTime:0.001967s ]
ERR: SQLSTATE[HY000] [2002] No such file or directory
NOTIC: [2] Cannot modify header information - headers already sent by (output started at /Users/GreysTone/Sites/Application/Home/Controller/IndexController.class.php:101) /Users/GreysTone/Sites/ThinkPHP/Library/Think/Think.class.php 第 229 行.
NOTIC: [2] Cannot modify header information - headers already sent by (output started at /Users/GreysTone/Sites/Application/Home/Controller/IndexController.class.php:101) /Users/GreysTone/Sites/ThinkPHP/Library/Think/Think.class.php 第 230 行.

[ 2015-08-06T21:27:17+08:00 ] ::1 /~GreysTone/index.php/Home/Index/mainpage_checkin.html
INFO: [ app_init ] --START--
INFO: Run Behavior\BuildLiteBehavior [ RunTime:0.000021s ]
INFO: [ app_init ] --END-- [ RunTime:0.002725s ]
INFO: [ app_begin ] --START--
INFO: Run Behavior\ReadHtmlCacheBehavior [ RunTime:0.142921s ]
INFO: [ app_begin ] --END-- [ RunTime:0.143177s ]
ERR: SQLSTATE[42S02]: Base table or view not found: 1146 Table 'enroll_admission.interviewees' doesn't exist
NOTIC: [2] Cannot modify header information - headers already sent by (output started at /Users/GreysTone/Sites/Application/Home/Controller/IndexController.class.php:101) /Users/GreysTone/Sites/ThinkPHP/Library/Think/Think.class.php 第 229 行.
NOTIC: [2] Cannot modify header information - headers already sent by (output started at /Users/GreysTone/Sites/Application/Home/Controller/IndexController.class.php:101) /Users/GreysTone/Sites/ThinkPHP/Library/Think/Think.class.php 第 230 行.

[ 2015-08-06T21:27:20+08:00 ] ::1 /~GreysTone/index.php/Home/Index/mainpage_checkin.html
INFO: [ app_init ] --START--
INFO: Run Behavior\BuildLiteBehavior [ RunTime:0.000016s ]
INFO: [ app_init ] --END-- [ RunTime:0.000284s ]
INFO: [ app_begin ] --START--
INFO: Run Behavior\ReadHtmlCacheBehavior [ RunTime:0.000462s ]
INFO: [ app_begin ] --END-- [ RunTime:0.000517s ]
ERR: SQLSTATE[42S02]: Base table or view not found: 1146 Table 'enroll_admission.interviewees' doesn't exist
NOTIC: [2] Cannot modify header information - headers already sent by (output started at /Users/GreysTone/Sites/Application/Home/Controller/IndexController.class.php:101) /Users/GreysTone/Sites/ThinkPHP/Library/Think/Think.class.php 第 229 行.
NOTIC: [2] Cannot modify header information - headers already sent by (output started at /Users/GreysTone/Sites/Application/Home/Controller/IndexController.class.php:101) /Users/GreysTone/Sites/ThinkPHP/Library/Think/Think.class.php 第 230 行.

[ 2015-08-06T22:56:03+08:00 ] ::1 /~GreysTone/index.php/Home/Index/mainpage_checkin.html
INFO: [ app_init ] --START--
INFO: Run Behavior\BuildLiteBehavior [ RunTime:0.000022s ]
INFO: [ app_init ] --END-- [ RunTime:0.001784s ]
INFO: [ app_begin ] --START--
INFO: Run Behavior\ReadHtmlCacheBehavior [ RunTime:0.001766s ]
INFO: [ app_begin ] --END-- [ RunTime:0.001919s ]
SQL: SHOW COLUMNS FROM `interviewees` [ RunTime:0.0078s ]
SQL: SELECT * FROM `interviewees`  [ RunTime:0.0056s ]
INFO: [ view_parse ] --START--
INFO: [ template_filter ] --START--
INFO: Run Behavior\ContentReplaceBehavior [ RunTime:0.000056s ]
INFO: [ template_filter ] --END-- [ RunTime:0.000135s ]
INFO: Run Behavior\ParseTemplateBehavior [ RunTime:0.035118s ]
INFO: [ view_parse ] --END-- [ RunTime:0.035191s ]
INFO: [ view_filter ] --START--
INFO: Run Behavior\WriteHtmlCacheBehavior [ RunTime:0.001487s ]
INFO: [ view_filter ] --END-- [ RunTime:0.001531s ]
NOTIC: [2] Cannot modify header information - headers already sent by (output started at /Users/GreysTone/Sites/Application/Home/Controller/IndexController.class.php:101) /Users/GreysTone/Sites/ThinkPHP/Library/Think/View.class.php 第 91 行.
NOTIC: [2] Cannot modify header information - headers already sent by (output started at /Users/GreysTone/Sites/Application/Home/Controller/IndexController.class.php:101) /Users/GreysTone/Sites/ThinkPHP/Library/Think/View.class.php 第 92 行.
NOTIC: [2] Cannot modify header information - headers already sent by (output started at /Users/GreysTone/Sites/Application/Home/Controller/IndexController.class.php:101) /Users/GreysTone/Sites/ThinkPHP/Library/Think/View.class.php 第 93 行.
INFO: [ app_end ] --START--
INFO: Run Behavior\ShowPageTraceBehavior [ RunTime:0.002237s ]
INFO: [ app_end ] --END-- [ RunTime:0.002319s ]

[ 2015-08-06T22:56:12+08:00 ] ::1 /~GreysTone/index.php/Home/Index/mainpage_checkin.html
INFO: [ app_init ] --START--
INFO: Run Behavior\BuildLiteBehavior [ RunTime:0.000019s ]
INFO: [ app_init ] --END-- [ RunTime:0.000532s ]
INFO: [ app_begin ] --START--
INFO: Run Behavior\ReadHtmlCacheBehavior [ RunTime:0.000576s ]
INFO: [ app_begin ] --END-- [ RunTime:0.000655s ]
SQL: SHOW COLUMNS FROM `interviewees` [ RunTime:0.0047s ]
SQL: SELECT * FROM `interviewees`  [ RunTime:0.0004s ]
INFO: [ view_parse ] --START--
INFO: [ template_filter ] --START--
INFO: Run Behavior\ContentReplaceBehavior [ RunTime:0.000074s ]
INFO: [ template_filter ] --END-- [ RunTime:0.000144s ]
INFO: Run Behavior\ParseTemplateBehavior [ RunTime:0.018134s ]
INFO: [ view_parse ] --END-- [ RunTime:0.018212s ]
INFO: [ view_filter ] --START--
INFO: Run Behavior\WriteHtmlCacheBehavior [ RunTime:0.000181s ]
INFO: [ view_filter ] --END-- [ RunTime:0.000223s ]
NOTIC: [2] Cannot modify header information - headers already sent by (output started at /Users/GreysTone/Sites/Application/Home/Controller/IndexController.class.php:101) /Users/GreysTone/Sites/ThinkPHP/Library/Think/View.class.php 第 91 行.
NOTIC: [2] Cannot modify header information - headers already sent by (output started at /Users/GreysTone/Sites/Application/Home/Controller/IndexController.class.php:101) /Users/GreysTone/Sites/ThinkPHP/Library/Think/View.class.php 第 92 行.
NOTIC: [2] Cannot modify header information - headers already sent by (output started at /Users/GreysTone/Sites/Application/Home/Controller/IndexController.class.php:101) /Users/GreysTone/Sites/ThinkPHP/Library/Think/View.class.php 第 93 行.
INFO: [ app_end ] --START--
INFO: Run Behavior\ShowPageTraceBehavior [ RunTime:0.000490s ]
INFO: [ app_end ] --END-- [ RunTime:0.000533s ]

[ 2015-08-06T23:37:20+08:00 ] ::1 /~GreysTone/index.php/Home/Index/mainpage_checkin.html
INFO: [ app_init ] --START--
INFO: Run Behavior\BuildLiteBehavior [ RunTime:0.000016s ]
INFO: [ app_init ] --END-- [ RunTime:0.001249s ]
INFO: [ app_begin ] --START--
INFO: Run Behavior\ReadHtmlCacheBehavior [ RunTime:0.001451s ]
INFO: [ app_begin ] --END-- [ RunTime:0.001537s ]
SQL: SHOW COLUMNS FROM `interviewees` [ RunTime:0.0031s ]
SQL: SELECT * FROM `interviewees`  [ RunTime:0.0003s ]
INFO: [ view_parse ] --START--
INFO: [ template_filter ] --START--
INFO: Run Behavior\ContentReplaceBehavior [ RunTime:0.000051s ]
INFO: [ template_filter ] --END-- [ RunTime:0.000139s ]
INFO: Run Behavior\ParseTemplateBehavior [ RunTime:0.026962s ]
INFO: [ view_parse ] --END-- [ RunTime:0.027048s ]
INFO: [ view_filter ] --START--
INFO: Run Behavior\WriteHtmlCacheBehavior [ RunTime:0.002497s ]
INFO: [ view_filter ] --END-- [ RunTime:0.002540s ]
NOTIC: [2] Cannot modify header information - headers already sent by (output started at /Users/GreysTone/Sites/Application/Home/Controller/IndexController.class.php:101) /Users/GreysTone/Sites/ThinkPHP/Library/Think/View.class.php 第 91 行.
NOTIC: [2] Cannot modify header information - headers already sent by (output started at /Users/GreysTone/Sites/Application/Home/Controller/IndexController.class.php:101) /Users/GreysTone/Sites/ThinkPHP/Library/Think/View.class.php 第 92 行.
NOTIC: [2] Cannot modify header information - headers already sent by (output started at /Users/GreysTone/Sites/Application/Home/Controller/IndexController.class.php:101) /Users/GreysTone/Sites/ThinkPHP/Library/Think/View.class.php 第 93 行.
INFO: [ app_end ] --START--
INFO: Run Behavior\ShowPageTraceBehavior [ RunTime:0.001107s ]
INFO: [ app_end ] --END-- [ RunTime:0.001173s ]

[ 2015-08-06T23:37:22+08:00 ] ::1 /~GreysTone/index.php/Home/Index/index.php?s=/Home/Index/logout_post/
INFO: [ app_init ] --START--
INFO: Run Behavior\BuildLiteBehavior [ RunTime:0.000013s ]
INFO: [ app_init ] --END-- [ RunTime:0.000312s ]
INFO: [ app_begin ] --START--
INFO: Run Behavior\ReadHtmlCacheBehavior [ RunTime:0.000445s ]
INFO: [ app_begin ] --END-- [ RunTime:0.000491s ]

[ 2015-08-06T23:37:22+08:00 ] ::1 /~GreysTone/index.php/Home/Index/index.html
INFO: [ app_init ] --START--
INFO: Run Behavior\BuildLiteBehavior [ RunTime:0.000013s ]
INFO: [ app_init ] --END-- [ RunTime:0.000301s ]
INFO: [ app_begin ] --START--
INFO: Run Behavior\ReadHtmlCacheBehavior [ RunTime:0.000399s ]
INFO: [ app_begin ] --END-- [ RunTime:0.000443s ]
SQL: SHOW COLUMNS FROM `users` [ RunTime:0.0022s ]
SQL: SELECT * FROM `users`  [ RunTime:0.0003s ]
INFO: [ view_parse ] --START--
INFO: [ template_filter ] --START--
INFO: Run Behavior\ContentReplaceBehavior [ RunTime:0.000038s ]
INFO: [ template_filter ] --END-- [ RunTime:0.000098s ]
INFO: Run Behavior\ParseTemplateBehavior [ RunTime:0.018177s ]
INFO: [ view_parse ] --END-- [ RunTime:0.018250s ]
INFO: [ view_filter ] --START--
INFO: Run Behavior\WriteHtmlCacheBehavior [ RunTime:0.000171s ]
INFO: [ view_filter ] --END-- [ RunTime:0.000211s ]
INFO: [ app_end ] --START--
INFO: Run Behavior\ShowPageTraceBehavior [ RunTime:0.000448s ]
INFO: [ app_end ] --END-- [ RunTime:0.000492s ]

[ 2015-08-06T23:37:47+08:00 ] ::1 /~GreysTone/index.php/Home/Index/index.php?s=/Home/Index/login_post/
INFO: [ app_init ] --START--
INFO: Run Behavior\BuildLiteBehavior [ RunTime:0.000014s ]
INFO: [ app_init ] --END-- [ RunTime:0.000349s ]
INFO: [ app_begin ] --START--
INFO: Run Behavior\ReadHtmlCacheBehavior [ RunTime:0.000466s ]
INFO: [ app_begin ] --END-- [ RunTime:0.000518s ]
SQL: SHOW COLUMNS FROM `users` [ RunTime:0.0028s ]
SQL: SELECT * FROM `users` WHERE `username` = 'GreysTone' LIMIT 1   [ RunTime:0.0111s ]
INFO: [ view_parse ] --START--
INFO: [ template_filter ] --START--
INFO: Run Behavior\ContentReplaceBehavior [ RunTime:0.000047s ]
INFO: [ template_filter ] --END-- [ RunTime:0.000109s ]
INFO: Run Behavior\ParseTemplateBehavior [ RunTime:0.014243s ]
INFO: [ view_parse ] --END-- [ RunTime:0.014513s ]
INFO: [ view_filter ] --START--
INFO: Run Behavior\WriteHtmlCacheBehavior [ RunTime:0.000298s ]
INFO: [ view_filter ] --END-- [ RunTime:0.000344s ]
INFO: [ app_end ] --START--
INFO: Run Behavior\ShowPageTraceBehavior [ RunTime:0.000500s ]
INFO: [ app_end ] --END-- [ RunTime:0.000550s ]

[ 2015-08-06T23:37:49+08:00 ] ::1 /~GreysTone/index.php/Home/Index/mainpage_admin.html
INFO: [ app_init ] --START--
INFO: Run Behavior\BuildLiteBehavior [ RunTime:0.000017s ]
INFO: [ app_init ] --END-- [ RunTime:0.000388s ]
INFO: [ app_begin ] --START--
INFO: Run Behavior\ReadHtmlCacheBehavior [ RunTime:0.000431s ]
INFO: [ app_begin ] --END-- [ RunTime:0.000480s ]
SQL: SHOW COLUMNS FROM `users` [ RunTime:0.0020s ]
SQL: SELECT * FROM `users`  [ RunTime:0.0003s ]
SQL: SHOW COLUMNS FROM `rooms` [ RunTime:0.0034s ]
SQL: SELECT * FROM `rooms`  [ RunTime:0.0003s ]
SQL: SHOW COLUMNS FROM `status_round` [ RunTime:0.0032s ]
SQL: SELECT * FROM `status_round`  [ RunTime:0.0052s ]
INFO: [ view_parse ] --START--
INFO: [ template_filter ] --START--
INFO: Run Behavior\ContentReplaceBehavior [ RunTime:0.000047s ]
INFO: [ template_filter ] --END-- [ RunTime:0.000108s ]
INFO: Run Behavior\ParseTemplateBehavior [ RunTime:0.019388s ]
INFO: [ view_parse ] --END-- [ RunTime:0.019465s ]
INFO: [ view_filter ] --START--
INFO: Run Behavior\WriteHtmlCacheBehavior [ RunTime:0.000202s ]
INFO: [ view_filter ] --END-- [ RunTime:0.000249s ]
NOTIC: [2] Cannot modify header information - headers already sent by (output started at /Users/GreysTone/Sites/Application/Home/Controller/IndexController.class.php:68) /Users/GreysTone/Sites/ThinkPHP/Library/Think/View.class.php 第 91 行.
NOTIC: [2] Cannot modify header information - headers already sent by (output started at /Users/GreysTone/Sites/Application/Home/Controller/IndexController.class.php:68) /Users/GreysTone/Sites/ThinkPHP/Library/Think/View.class.php 第 92 行.
NOTIC: [2] Cannot modify header information - headers already sent by (output started at /Users/GreysTone/Sites/Application/Home/Controller/IndexController.class.php:68) /Users/GreysTone/Sites/ThinkPHP/Library/Think/View.class.php 第 93 行.
INFO: [ app_end ] --START--
INFO: Run Behavior\ShowPageTraceBehavior [ RunTime:0.000473s ]
INFO: [ app_end ] --END-- [ RunTime:0.000519s ]

[ 2015-08-06T23:42:10+08:00 ] ::1 /~GreysTone/index.php/Home/Index/mainpage_admin.html
INFO: [ app_init ] --START--
INFO: Run Behavior\BuildLiteBehavior [ RunTime:0.000017s ]
INFO: [ app_init ] --END-- [ RunTime:0.001212s ]
INFO: [ app_begin ] --START--
INFO: Run Behavior\ReadHtmlCacheBehavior [ RunTime:0.001292s ]
INFO: [ app_begin ] --END-- [ RunTime:0.001339s ]
SQL: SHOW COLUMNS FROM `users` [ RunTime:0.0018s ]
SQL: SELECT * FROM `users`  [ RunTime:0.0003s ]
SQL: SHOW COLUMNS FROM `rooms` [ RunTime:0.0027s ]
SQL: SELECT * FROM `rooms`  [ RunTime:0.0002s ]
SQL: SHOW COLUMNS FROM `status_round` [ RunTime:0.0017s ]
SQL: SELECT * FROM `status_round`  [ RunTime:0.0002s ]
INFO: [ view_parse ] --START--
INFO: [ template_filter ] --START--
INFO: Run Behavior\ContentReplaceBehavior [ RunTime:0.000122s ]
INFO: [ template_filter ] --END-- [ RunTime:0.000212s ]
NOTIC: [8] Undefined variable: time /Users/GreysTone/Sites/Application/Runtime/Cache/Home/cf797dfacfffa09f96a59e9f2f56515d.php 第 60 行.
INFO: Run Behavior\ParseTemplateBehavior [ RunTime:0.041560s ]
INFO: [ view_parse ] --END-- [ RunTime:0.041628s ]
INFO: [ view_filter ] --START--
INFO: Run Behavior\WriteHtmlCacheBehavior [ RunTime:0.001146s ]
INFO: [ view_filter ] --END-- [ RunTime:0.001212s ]
NOTIC: [2] Cannot modify header information - headers already sent by (output started at /Users/GreysTone/Sites/Application/Home/Controller/IndexController.class.php:68) /Users/GreysTone/Sites/ThinkPHP/Library/Think/View.class.php 第 91 行.
NOTIC: [2] Cannot modify header information - headers already sent by (output started at /Users/GreysTone/Sites/Application/Home/Controller/IndexController.class.php:68) /Users/GreysTone/Sites/ThinkPHP/Library/Think/View.class.php 第 92 行.
NOTIC: [2] Cannot modify header information - headers already sent by (output started at /Users/GreysTone/Sites/Application/Home/Controller/IndexController.class.php:68) /Users/GreysTone/Sites/ThinkPHP/Library/Think/View.class.php 第 93 行.
INFO: [ app_end ] --START--
INFO: Run Behavior\ShowPageTraceBehavior [ RunTime:0.001089s ]
INFO: [ app_end ] --END-- [ RunTime:0.001155s ]

[ 2015-08-06T23:42:19+08:00 ] ::1 /~GreysTone/index.php/Home/Index/mainpage_admin.html
INFO: [ app_init ] --START--
INFO: Run Behavior\BuildLiteBehavior [ RunTime:0.000014s ]
INFO: [ app_init ] --END-- [ RunTime:0.000438s ]
INFO: [ app_begin ] --START--
INFO: Run Behavior\ReadHtmlCacheBehavior [ RunTime:0.000507s ]
INFO: [ app_begin ] --END-- [ RunTime:0.000570s ]
SQL: SHOW COLUMNS FROM `users` [ RunTime:0.1900s ]
SQL: SELECT * FROM `users`  [ RunTime:0.0007s ]
SQL: SHOW COLUMNS FROM `rooms` [ RunTime:0.0077s ]
SQL: SELECT * FROM `rooms`  [ RunTime:0.0004s ]
SQL: SHOW COLUMNS FROM `times` [ RunTime:0.0030s ]
SQL: SELECT * FROM `times`  [ RunTime:0.0005s ]
SQL: SHOW COLUMNS FROM `status_round` [ RunTime:0.0029s ]
SQL: SELECT * FROM `status_round`  [ RunTime:0.0003s ]
INFO: [ view_parse ] --START--
INFO: [ template_filter ] --START--
INFO: Run Behavior\ContentReplaceBehavior [ RunTime:0.000066s ]
INFO: [ template_filter ] --END-- [ RunTime:0.000140s ]
NOTIC: [8] Undefined index: dateSpec /Users/GreysTone/Sites/Application/Runtime/Cache/Home/cf797dfacfffa09f96a59e9f2f56515d.php 第 61 行.
NOTIC: [8] Undefined index: timeSpec /Users/GreysTone/Sites/Application/Runtime/Cache/Home/cf797dfacfffa09f96a59e9f2f56515d.php 第 62 行.
NOTIC: [8] Undefined index: dateSpec /Users/GreysTone/Sites/Application/Runtime/Cache/Home/cf797dfacfffa09f96a59e9f2f56515d.php 第 61 行.
NOTIC: [8] Undefined index: timeSpec /Users/GreysTone/Sites/Application/Runtime/Cache/Home/cf797dfacfffa09f96a59e9f2f56515d.php 第 62 行.
NOTIC: [8] Undefined index: dateSpec /Users/GreysTone/Sites/Application/Runtime/Cache/Home/cf797dfacfffa09f96a59e9f2f56515d.php 第 61 行.
NOTIC: [8] Undefined index: timeSpec /Users/GreysTone/Sites/Application/Runtime/Cache/Home/cf797dfacfffa09f96a59e9f2f56515d.php 第 62 行.
NOTIC: [8] Undefined index: dateSpec /Users/GreysTone/Sites/Application/Runtime/Cache/Home/cf797dfacfffa09f96a59e9f2f56515d.php 第 61 行.
NOTIC: [8] Undefined index: timeSpec /Users/GreysTone/Sites/Application/Runtime/Cache/Home/cf797dfacfffa09f96a59e9f2f56515d.php 第 62 行.
NOTIC: [8] Undefined index: dateSpec /Users/GreysTone/Sites/Application/Runtime/Cache/Home/cf797dfacfffa09f96a59e9f2f56515d.php 第 61 行.
NOTIC: [8] Undefined index: timeSpec /Users/GreysTone/Sites/Application/Runtime/Cache/Home/cf797dfacfffa09f96a59e9f2f56515d.php 第 62 行.
NOTIC: [8] Undefined index: dateSpec /Users/GreysTone/Sites/Application/Runtime/Cache/Home/cf797dfacfffa09f96a59e9f2f56515d.php 第 61 行.
NOTIC: [8] Undefined index: timeSpec /Users/GreysTone/Sites/Application/Runtime/Cache/Home/cf797dfacfffa09f96a59e9f2f56515d.php 第 62 行.
INFO: Run Behavior\ParseTemplateBehavior [ RunTime:0.030862s ]
INFO: [ view_parse ] --END-- [ RunTime:0.030932s ]
INFO: [ view_filter ] --START--
INFO: Run Behavior\WriteHtmlCacheBehavior [ RunTime:0.000222s ]
INFO: [ view_filter ] --END-- [ RunTime:0.000269s ]
NOTIC: [2] Cannot modify header information - headers already sent by (output started at /Users/GreysTone/Sites/Application/Home/Controller/IndexController.class.php:68) /Users/GreysTone/Sites/ThinkPHP/Library/Think/View.class.php 第 91 行.
NOTIC: [2] Cannot modify header information - headers already sent by (output started at /Users/GreysTone/Sites/Application/Home/Controller/IndexController.class.php:68) /Users/GreysTone/Sites/ThinkPHP/Library/Think/View.class.php 第 92 行.
NOTIC: [2] Cannot modify header information - headers already sent by (output started at /Users/GreysTone/Sites/Application/Home/Controller/IndexController.class.php:68) /Users/GreysTone/Sites/ThinkPHP/Library/Think/View.class.php 第 93 行.
INFO: [ app_end ] --START--
INFO: Run Behavior\ShowPageTraceBehavior [ RunTime:0.000624s ]
INFO: [ app_end ] --END-- [ RunTime:0.000687s ]

[ 2015-08-06T23:42:32+08:00 ] ::1 /~GreysTone/index.php/Home/Index/mainpage_admin.html
INFO: [ app_init ] --START--
INFO: Run Behavior\BuildLiteBehavior [ RunTime:0.000014s ]
INFO: [ app_init ] --END-- [ RunTime:0.000330s ]
INFO: [ app_begin ] --START--
INFO: Run Behavior\ReadHtmlCacheBehavior [ RunTime:0.000423s ]
INFO: [ app_begin ] --END-- [ RunTime:0.000469s ]
SQL: SHOW COLUMNS FROM `users` [ RunTime:0.0253s ]
SQL: SELECT * FROM `users`  [ RunTime:0.0004s ]
SQL: SHOW COLUMNS FROM `rooms` [ RunTime:0.1318s ]
SQL: SELECT * FROM `rooms`  [ RunTime:0.0007s ]
SQL: SHOW COLUMNS FROM `times` [ RunTime:0.0048s ]
SQL: SELECT * FROM `times`  [ RunTime:0.0003s ]
SQL: SHOW COLUMNS FROM `status_round` [ RunTime:0.0039s ]
SQL: SELECT * FROM `status_round`  [ RunTime:0.0003s ]
INFO: [ view_parse ] --START--
INFO: [ template_filter ] --START--
INFO: Run Behavior\ContentReplaceBehavior [ RunTime:0.000058s ]
INFO: [ template_filter ] --END-- [ RunTime:0.000137s ]
INFO: Run Behavior\ParseTemplateBehavior [ RunTime:0.021671s ]
INFO: [ view_parse ] --END-- [ RunTime:0.021761s ]
INFO: [ view_filter ] --START--
INFO: Run Behavior\WriteHtmlCacheBehavior [ RunTime:0.000352s ]
INFO: [ view_filter ] --END-- [ RunTime:0.000429s ]
NOTIC: [2] Cannot modify header information - headers already sent by (output started at /Users/GreysTone/Sites/Application/Home/Controller/IndexController.class.php:68) /Users/GreysTone/Sites/ThinkPHP/Library/Think/View.class.php 第 91 行.
NOTIC: [2] Cannot modify header information - headers already sent by (output started at /Users/GreysTone/Sites/Application/Home/Controller/IndexController.class.php:68) /Users/GreysTone/Sites/ThinkPHP/Library/Think/View.class.php 第 92 行.
NOTIC: [2] Cannot modify header information - headers already sent by (output started at /Users/GreysTone/Sites/Application/Home/Controller/IndexController.class.php:68) /Users/GreysTone/Sites/ThinkPHP/Library/Think/View.class.php 第 93 行.
INFO: [ app_end ] --START--
INFO: Run Behavior\ShowPageTraceBehavior [ RunTime:0.000697s ]
INFO: [ app_end ] --END-- [ RunTime:0.000781s ]

[ 2015-08-06T23:42:44+08:00 ] ::1 /~GreysTone/index.php/Home/Index/mainpage_admin.html
INFO: [ app_init ] --START--
INFO: Run Behavior\BuildLiteBehavior [ RunTime:0.000014s ]
INFO: [ app_init ] --END-- [ RunTime:0.000310s ]
INFO: [ app_begin ] --START--
INFO: Run Behavior\ReadHtmlCacheBehavior [ RunTime:0.000411s ]
INFO: [ app_begin ] --END-- [ RunTime:0.000455s ]
SQL: SHOW COLUMNS FROM `users` [ RunTime:0.0023s ]
SQL: SELECT * FROM `users`  [ RunTime:0.0003s ]
SQL: SHOW COLUMNS FROM `rooms` [ RunTime:0.0035s ]
SQL: SELECT * FROM `rooms`  [ RunTime:0.0002s ]
SQL: SHOW COLUMNS FROM `times` [ RunTime:0.0028s ]
SQL: SELECT * FROM `times`  [ RunTime:0.0003s ]
SQL: SHOW COLUMNS FROM `status_round` [ RunTime:0.0018s ]
SQL: SELECT * FROM `status_round`  [ RunTime:0.0003s ]
INFO: [ view_parse ] --START--
INFO: [ template_filter ] --START--
INFO: Run Behavior\ContentReplaceBehavior [ RunTime:0.000054s ]
INFO: [ template_filter ] --END-- [ RunTime:0.000121s ]
INFO: Run Behavior\ParseTemplateBehavior [ RunTime:0.018952s ]
INFO: [ view_parse ] --END-- [ RunTime:0.019026s ]
INFO: [ view_filter ] --START--
INFO: Run Behavior\WriteHtmlCacheBehavior [ RunTime:0.000193s ]
INFO: [ view_filter ] --END-- [ RunTime:0.000237s ]
NOTIC: [2] Cannot modify header information - headers already sent by (output started at /Users/GreysTone/Sites/Application/Home/Controller/IndexController.class.php:68) /Users/GreysTone/Sites/ThinkPHP/Library/Think/View.class.php 第 91 行.
NOTIC: [2] Cannot modify header information - headers already sent by (output started at /Users/GreysTone/Sites/Application/Home/Controller/IndexController.class.php:68) /Users/GreysTone/Sites/ThinkPHP/Library/Think/View.class.php 第 92 行.
NOTIC: [2] Cannot modify header information - headers already sent by (output started at /Users/GreysTone/Sites/Application/Home/Controller/IndexController.class.php:68) /Users/GreysTone/Sites/ThinkPHP/Library/Think/View.class.php 第 93 行.
INFO: [ app_end ] --START--
INFO: Run Behavior\ShowPageTraceBehavior [ RunTime:0.000477s ]
INFO: [ app_end ] --END-- [ RunTime:0.000525s ]

[ 2015-08-06T23:47:15+08:00 ] ::1 /~GreysTone/index.php/Home/Index/mainpage_admin.html
INFO: [ app_init ] --START--
INFO: Run Behavior\BuildLiteBehavior [ RunTime:0.000018s ]
INFO: [ app_init ] --END-- [ RunTime:0.001149s ]
INFO: [ app_begin ] --START--
INFO: Run Behavior\ReadHtmlCacheBehavior [ RunTime:0.001343s ]
INFO: [ app_begin ] --END-- [ RunTime:0.001400s ]
SQL: SHOW COLUMNS FROM `users` [ RunTime:0.0056s ]
SQL: SELECT * FROM `users`  [ RunTime:0.0008s ]
SQL: SHOW COLUMNS FROM `rooms` [ RunTime:0.0027s ]
SQL: SELECT * FROM `rooms`  [ RunTime:0.0003s ]
SQL: SHOW COLUMNS FROM `times` [ RunTime:0.0027s ]
SQL: SELECT * FROM `times`  [ RunTime:0.0003s ]
SQL: SHOW COLUMNS FROM `status_round` [ RunTime:0.0018s ]
SQL: SELECT * FROM `status_round`  [ RunTime:0.0002s ]
INFO: [ view_parse ] --START--
INFO: [ template_filter ] --START--
INFO: Run Behavior\ContentReplaceBehavior [ RunTime:0.000059s ]
INFO: [ template_filter ] --END-- [ RunTime:0.000137s ]
INFO: Run Behavior\ParseTemplateBehavior [ RunTime:0.031002s ]
INFO: [ view_parse ] --END-- [ RunTime:0.031058s ]
INFO: [ view_filter ] --START--
INFO: Run Behavior\WriteHtmlCacheBehavior [ RunTime:0.002828s ]
INFO: [ view_filter ] --END-- [ RunTime:0.002869s ]
NOTIC: [2] Cannot modify header information - headers already sent by (output started at /Users/GreysTone/Sites/Application/Home/Controller/IndexController.class.php:68) /Users/GreysTone/Sites/ThinkPHP/Library/Think/View.class.php 第 91 行.
NOTIC: [2] Cannot modify header information - headers already sent by (output started at /Users/GreysTone/Sites/Application/Home/Controller/IndexController.class.php:68) /Users/GreysTone/Sites/ThinkPHP/Library/Think/View.class.php 第 92 行.
NOTIC: [2] Cannot modify header information - headers already sent by (output started at /Users/GreysTone/Sites/Application/Home/Controller/IndexController.class.php:68) /Users/GreysTone/Sites/ThinkPHP/Library/Think/View.class.php 第 93 行.
INFO: [ app_end ] --START--
INFO: Run Behavior\ShowPageTraceBehavior [ RunTime:0.001025s ]
INFO: [ app_end ] --END-- [ RunTime:0.001069s ]

