[ 2015-08-11T10:28:38+08:00 ] ::1 /~GreysTone/index.php/Home/Index/mainpage_screen.html
INFO: [ app_init ] --START--
INFO: Run Behavior\BuildLiteBehavior [ RunTime:0.000017s ]
INFO: [ app_init ] --END-- [ RunTime:0.003802s ]
INFO: [ app_begin ] --START--
INFO: Run Behavior\ReadHtmlCacheBehavior [ RunTime:0.001625s ]
INFO: [ app_begin ] --END-- [ RunTime:0.001713s ]
SQL: SHOW COLUMNS FROM `rooms` [ RunTime:0.0110s ]
SQL: SELECT * FROM `rooms`  [ RunTime:0.0015s ]
SQL: SHOW COLUMNS FROM `television_waiting_list` [ RunTime:0.0034s ]
SQL: SELECT * FROM `television_waiting_list`  [ RunTime:0.0004s ]
SQL: SHOW COLUMNS FROM `radio_waiting_list` [ RunTime:0.0031s ]
SQL: SELECT * FROM `radio_waiting_list`  [ RunTime:0.0005s ]
SQL: SHOW COLUMNS FROM `microinfo_waiting_list` [ RunTime:0.0038s ]
SQL: SELECT * FROM `microinfo_waiting_list`  [ RunTime:0.0003s ]
INFO: [ view_parse ] --START--
INFO: [ template_filter ] --START--
INFO: Run Behavior\ContentReplaceBehavior [ RunTime:0.000059s ]
INFO: [ template_filter ] --END-- [ RunTime:0.000143s ]

[ 2015-08-11T10:30:04+08:00 ] ::1 /~GreysTone/index.php/Home/Index/mainpage_screen.html
INFO: [ app_init ] --START--
INFO: Run Behavior\BuildLiteBehavior [ RunTime:0.000014s ]
INFO: [ app_init ] --END-- [ RunTime:0.000487s ]
INFO: [ app_begin ] --START--
INFO: Run Behavior\ReadHtmlCacheBehavior [ RunTime:0.001198s ]
INFO: [ app_begin ] --END-- [ RunTime:0.001300s ]
SQL: SHOW COLUMNS FROM `rooms` [ RunTime:0.0057s ]
SQL: SELECT * FROM `rooms`  [ RunTime:0.0003s ]
SQL: SHOW COLUMNS FROM `television_waiting_list` [ RunTime:0.0028s ]
SQL: SELECT * FROM `television_waiting_list`  [ RunTime:0.0003s ]
SQL: SHOW COLUMNS FROM `radio_waiting_list` [ RunTime:0.0017s ]
SQL: SELECT * FROM `radio_waiting_list`  [ RunTime:0.0003s ]
SQL: SHOW COLUMNS FROM `microinfo_waiting_list` [ RunTime:0.0022s ]
SQL: SELECT * FROM `microinfo_waiting_list`  [ RunTime:0.0002s ]
INFO: [ view_parse ] --START--
INFO: [ template_filter ] --START--
INFO: Run Behavior\ContentReplaceBehavior [ RunTime:0.000046s ]
INFO: [ template_filter ] --END-- [ RunTime:0.000127s ]

[ 2015-08-11T10:30:15+08:00 ] ::1 /~GreysTone/index.php/Home/Index/mainpage_screen.html
INFO: [ app_init ] --START--
INFO: Run Behavior\BuildLiteBehavior [ RunTime:0.000036s ]
INFO: [ app_init ] --END-- [ RunTime:0.002747s ]
INFO: [ app_begin ] --START--
INFO: Run Behavior\ReadHtmlCacheBehavior [ RunTime:0.000671s ]
INFO: [ app_begin ] --END-- [ RunTime:0.000842s ]
SQL: SHOW COLUMNS FROM `rooms` [ RunTime:1.1209s ]
SQL: SELECT * FROM `rooms`  [ RunTime:0.0004s ]
SQL: SHOW COLUMNS FROM `television_waiting_list` [ RunTime:0.1350s ]
SQL: SELECT * FROM `television_waiting_list`  [ RunTime:0.0013s ]
SQL: SHOW COLUMNS FROM `radio_waiting_list` [ RunTime:0.0027s ]
SQL: SELECT * FROM `radio_waiting_list`  [ RunTime:0.0004s ]
SQL: SHOW COLUMNS FROM `microinfo_waiting_list` [ RunTime:0.0040s ]
SQL: SELECT * FROM `microinfo_waiting_list`  [ RunTime:0.0003s ]
INFO: [ view_parse ] --START--
INFO: [ template_filter ] --START--
INFO: Run Behavior\ContentReplaceBehavior [ RunTime:0.000046s ]
INFO: [ template_filter ] --END-- [ RunTime:0.000122s ]
NOTIC: [8] Array to string conversion /Users/GreysTone/Sites/Application/Runtime/Cache/Home/9dce3b5bf1928efa8dfdeb1c852dce38.php 第 21 行.
NOTIC: [8] Array to string conversion /Users/GreysTone/Sites/Application/Runtime/Cache/Home/9dce3b5bf1928efa8dfdeb1c852dce38.php 第 21 行.
INFO: Run Behavior\ParseTemplateBehavior [ RunTime:0.017290s ]
INFO: [ view_parse ] --END-- [ RunTime:0.017418s ]
INFO: [ view_filter ] --START--
INFO: Run Behavior\WriteHtmlCacheBehavior [ RunTime:0.005016s ]
INFO: [ view_filter ] --END-- [ RunTime:0.005109s ]
NOTIC: [2] Cannot modify header information - headers already sent by (output started at /Users/GreysTone/Sites/Application/Home/Controller/IndexController.class.php:101) /Users/GreysTone/Sites/ThinkPHP/Library/Think/View.class.php 第 91 行.
NOTIC: [2] Cannot modify header information - headers already sent by (output started at /Users/GreysTone/Sites/Application/Home/Controller/IndexController.class.php:101) /Users/GreysTone/Sites/ThinkPHP/Library/Think/View.class.php 第 92 行.
NOTIC: [2] Cannot modify header information - headers already sent by (output started at /Users/GreysTone/Sites/Application/Home/Controller/IndexController.class.php:101) /Users/GreysTone/Sites/ThinkPHP/Library/Think/View.class.php 第 93 行.
INFO: [ app_end ] --START--
INFO: Run Behavior\ShowPageTraceBehavior [ RunTime:0.001348s ]
INFO: [ app_end ] --END-- [ RunTime:0.001431s ]

[ 2015-08-11T10:30:16+08:00 ] ::1 /~GreysTone/index.php/Home/Index/mainpage_screen.html
INFO: [ app_init ] --START--
INFO: Run Behavior\BuildLiteBehavior [ RunTime:0.000015s ]
INFO: [ app_init ] --END-- [ RunTime:0.000317s ]
INFO: [ app_begin ] --START--
INFO: Run Behavior\ReadHtmlCacheBehavior [ RunTime:0.000642s ]
INFO: [ app_begin ] --END-- [ RunTime:0.000701s ]
SQL: SHOW COLUMNS FROM `rooms` [ RunTime:0.0033s ]
SQL: SELECT * FROM `rooms`  [ RunTime:0.0003s ]
SQL: SHOW COLUMNS FROM `television_waiting_list` [ RunTime:0.0025s ]
SQL: SELECT * FROM `television_waiting_list`  [ RunTime:0.0003s ]
SQL: SHOW COLUMNS FROM `radio_waiting_list` [ RunTime:0.0038s ]
SQL: SELECT * FROM `radio_waiting_list`  [ RunTime:0.0003s ]
SQL: SHOW COLUMNS FROM `microinfo_waiting_list` [ RunTime:0.0027s ]
SQL: SELECT * FROM `microinfo_waiting_list`  [ RunTime:0.0038s ]
INFO: [ view_parse ] --START--
INFO: [ template_filter ] --START--
INFO: Run Behavior\ContentReplaceBehavior [ RunTime:0.000047s ]
INFO: [ template_filter ] --END-- [ RunTime:0.000126s ]
NOTIC: [8] Array to string conversion /Users/GreysTone/Sites/Application/Runtime/Cache/Home/9dce3b5bf1928efa8dfdeb1c852dce38.php 第 21 行.
NOTIC: [8] Array to string conversion /Users/GreysTone/Sites/Application/Runtime/Cache/Home/9dce3b5bf1928efa8dfdeb1c852dce38.php 第 21 行.
INFO: Run Behavior\ParseTemplateBehavior [ RunTime:0.014602s ]
INFO: [ view_parse ] --END-- [ RunTime:0.014678s ]
INFO: [ view_filter ] --START--
INFO: Run Behavior\WriteHtmlCacheBehavior [ RunTime:0.000167s ]
INFO: [ view_filter ] --END-- [ RunTime:0.000209s ]
NOTIC: [2] Cannot modify header information - headers already sent by (output started at /Users/GreysTone/Sites/Application/Home/Controller/IndexController.class.php:101) /Users/GreysTone/Sites/ThinkPHP/Library/Think/View.class.php 第 91 行.
NOTIC: [2] Cannot modify header information - headers already sent by (output started at /Users/GreysTone/Sites/Application/Home/Controller/IndexController.class.php:101) /Users/GreysTone/Sites/ThinkPHP/Library/Think/View.class.php 第 92 行.
NOTIC: [2] Cannot modify header information - headers already sent by (output started at /Users/GreysTone/Sites/Application/Home/Controller/IndexController.class.php:101) /Users/GreysTone/Sites/ThinkPHP/Library/Think/View.class.php 第 93 行.
INFO: [ app_end ] --START--
INFO: Run Behavior\ShowPageTraceBehavior [ RunTime:0.000450s ]
INFO: [ app_end ] --END-- [ RunTime:0.000495s ]

[ 2015-08-11T10:31:36+08:00 ] ::1 /~GreysTone/index.php/Home/Index/mainpage_screen.html
INFO: [ app_init ] --START--
INFO: Run Behavior\BuildLiteBehavior [ RunTime:0.000014s ]
INFO: [ app_init ] --END-- [ RunTime:0.000498s ]
INFO: [ app_begin ] --START--
INFO: Run Behavior\ReadHtmlCacheBehavior [ RunTime:0.000626s ]
INFO: [ app_begin ] --END-- [ RunTime:0.000703s ]
SQL: SHOW COLUMNS FROM `rooms` [ RunTime:0.0033s ]
SQL: SELECT * FROM `rooms`  [ RunTime:0.0003s ]
SQL: SHOW COLUMNS FROM `television_waiting_list` [ RunTime:0.0020s ]
SQL: SELECT * FROM `television_waiting_list`  [ RunTime:0.0003s ]
SQL: SHOW COLUMNS FROM `radio_waiting_list` [ RunTime:0.0062s ]
SQL: SELECT * FROM `radio_waiting_list`  [ RunTime:0.0003s ]
SQL: SHOW COLUMNS FROM `microinfo_waiting_list` [ RunTime:0.0020s ]
SQL: SELECT * FROM `microinfo_waiting_list`  [ RunTime:0.0002s ]
INFO: [ view_parse ] --START--
INFO: [ template_filter ] --START--
INFO: Run Behavior\ContentReplaceBehavior [ RunTime:0.000053s ]
INFO: [ template_filter ] --END-- [ RunTime:0.000146s ]
INFO: Run Behavior\ParseTemplateBehavior [ RunTime:0.016454s ]
INFO: [ view_parse ] --END-- [ RunTime:0.016588s ]
INFO: [ view_filter ] --START--
INFO: Run Behavior\WriteHtmlCacheBehavior [ RunTime:0.000193s ]
INFO: [ view_filter ] --END-- [ RunTime:0.000235s ]
NOTIC: [2] Cannot modify header information - headers already sent by (output started at /Users/GreysTone/Sites/Application/Home/Controller/IndexController.class.php:101) /Users/GreysTone/Sites/ThinkPHP/Library/Think/View.class.php 第 91 行.
NOTIC: [2] Cannot modify header information - headers already sent by (output started at /Users/GreysTone/Sites/Application/Home/Controller/IndexController.class.php:101) /Users/GreysTone/Sites/ThinkPHP/Library/Think/View.class.php 第 92 行.
NOTIC: [2] Cannot modify header information - headers already sent by (output started at /Users/GreysTone/Sites/Application/Home/Controller/IndexController.class.php:101) /Users/GreysTone/Sites/ThinkPHP/Library/Think/View.class.php 第 93 行.
INFO: [ app_end ] --START--
INFO: Run Behavior\ShowPageTraceBehavior [ RunTime:0.000585s ]
INFO: [ app_end ] --END-- [ RunTime:0.000644s ]

[ 2015-08-11T10:43:12+08:00 ] ::1 /~GreysTone/index.php/Home/Index/mainpage_screen.html
INFO: [ app_init ] --START--
INFO: Run Behavior\BuildLiteBehavior [ RunTime:0.000016s ]
INFO: [ app_init ] --END-- [ RunTime:0.001204s ]
INFO: [ app_begin ] --START--
INFO: Run Behavior\ReadHtmlCacheBehavior [ RunTime:0.001392s ]
INFO: [ app_begin ] --END-- [ RunTime:0.001451s ]
SQL: SHOW COLUMNS FROM `rooms` [ RunTime:0.0051s ]
SQL: SELECT * FROM `rooms`  [ RunTime:0.0003s ]
SQL: SHOW COLUMNS FROM `television_waiting_list` [ RunTime:0.0032s ]
SQL: SELECT * FROM `television_waiting_list`  [ RunTime:0.0003s ]
SQL: SHOW COLUMNS FROM `radio_waiting_list` [ RunTime:0.0041s ]
SQL: SELECT * FROM `radio_waiting_list`  [ RunTime:0.0002s ]
SQL: SHOW COLUMNS FROM `microinfo_waiting_list` [ RunTime:0.0022s ]
SQL: SELECT * FROM `microinfo_waiting_list`  [ RunTime:0.0002s ]
INFO: [ view_parse ] --START--
INFO: [ template_filter ] --START--
INFO: Run Behavior\ContentReplaceBehavior [ RunTime:0.000040s ]
INFO: [ template_filter ] --END-- [ RunTime:0.000104s ]
NOTIC: [8] Undefined offset: 3 /Users/GreysTone/Sites/Application/Runtime/Cache/Home/9dce3b5bf1928efa8dfdeb1c852dce38.php 第 21 行.
INFO: Run Behavior\ParseTemplateBehavior [ RunTime:0.029925s ]
INFO: [ view_parse ] --END-- [ RunTime:0.029985s ]
INFO: [ view_filter ] --START--
INFO: Run Behavior\WriteHtmlCacheBehavior [ RunTime:0.001740s ]
INFO: [ view_filter ] --END-- [ RunTime:0.001800s ]
NOTIC: [2] Cannot modify header information - headers already sent by (output started at /Users/GreysTone/Sites/Application/Home/Controller/IndexController.class.php:101) /Users/GreysTone/Sites/ThinkPHP/Library/Think/View.class.php 第 91 行.
NOTIC: [2] Cannot modify header information - headers already sent by (output started at /Users/GreysTone/Sites/Application/Home/Controller/IndexController.class.php:101) /Users/GreysTone/Sites/ThinkPHP/Library/Think/View.class.php 第 92 行.
NOTIC: [2] Cannot modify header information - headers already sent by (output started at /Users/GreysTone/Sites/Application/Home/Controller/IndexController.class.php:101) /Users/GreysTone/Sites/ThinkPHP/Library/Think/View.class.php 第 93 行.
INFO: [ app_end ] --START--
INFO: Run Behavior\ShowPageTraceBehavior [ RunTime:0.001211s ]
INFO: [ app_end ] --END-- [ RunTime:0.001284s ]

[ 2015-08-11T10:43:29+08:00 ] ::1 /~GreysTone/index.php/Home/Index/mainpage_screen.html
INFO: [ app_init ] --START--
INFO: Run Behavior\BuildLiteBehavior [ RunTime:0.000014s ]
INFO: [ app_init ] --END-- [ RunTime:0.000495s ]
INFO: [ app_begin ] --START--
INFO: Run Behavior\ReadHtmlCacheBehavior [ RunTime:0.000652s ]
INFO: [ app_begin ] --END-- [ RunTime:0.000741s ]
SQL: SHOW COLUMNS FROM `rooms` [ RunTime:0.0025s ]
SQL: SELECT * FROM `rooms`  [ RunTime:0.0003s ]
SQL: SHOW COLUMNS FROM `television_waiting_list` [ RunTime:0.0022s ]
SQL: SELECT * FROM `television_waiting_list`  [ RunTime:0.0002s ]
SQL: SHOW COLUMNS FROM `radio_waiting_list` [ RunTime:0.0022s ]
SQL: SELECT * FROM `radio_waiting_list`  [ RunTime:0.0002s ]
SQL: SHOW COLUMNS FROM `microinfo_waiting_list` [ RunTime:0.0055s ]
SQL: SELECT * FROM `microinfo_waiting_list`  [ RunTime:0.0002s ]
INFO: [ view_parse ] --START--
INFO: [ template_filter ] --START--
INFO: Run Behavior\ContentReplaceBehavior [ RunTime:0.000062s ]
INFO: [ template_filter ] --END-- [ RunTime:0.000372s ]
INFO: Run Behavior\ParseTemplateBehavior [ RunTime:0.017684s ]
INFO: [ view_parse ] --END-- [ RunTime:0.017822s ]
INFO: [ view_filter ] --START--
INFO: Run Behavior\WriteHtmlCacheBehavior [ RunTime:0.000218s ]
INFO: [ view_filter ] --END-- [ RunTime:0.000263s ]
NOTIC: [2] Cannot modify header information - headers already sent by (output started at /Users/GreysTone/Sites/Application/Home/Controller/IndexController.class.php:101) /Users/GreysTone/Sites/ThinkPHP/Library/Think/View.class.php 第 91 行.
NOTIC: [2] Cannot modify header information - headers already sent by (output started at /Users/GreysTone/Sites/Application/Home/Controller/IndexController.class.php:101) /Users/GreysTone/Sites/ThinkPHP/Library/Think/View.class.php 第 92 行.
NOTIC: [2] Cannot modify header information - headers already sent by (output started at /Users/GreysTone/Sites/Application/Home/Controller/IndexController.class.php:101) /Users/GreysTone/Sites/ThinkPHP/Library/Think/View.class.php 第 93 行.
INFO: [ app_end ] --START--
INFO: Run Behavior\ShowPageTraceBehavior [ RunTime:0.000611s ]
INFO: [ app_end ] --END-- [ RunTime:0.000677s ]

[ 2015-08-11T10:43:49+08:00 ] ::1 /~GreysTone/index.php/Home/Index/mainpage_screen.html
INFO: [ app_init ] --START--
INFO: Run Behavior\BuildLiteBehavior [ RunTime:0.000015s ]
INFO: [ app_init ] --END-- [ RunTime:0.000357s ]
INFO: [ app_begin ] --START--
INFO: Run Behavior\ReadHtmlCacheBehavior [ RunTime:0.000450s ]
INFO: [ app_begin ] --END-- [ RunTime:0.000504s ]
SQL: SHOW COLUMNS FROM `rooms` [ RunTime:0.0019s ]
SQL: SELECT * FROM `rooms`  [ RunTime:0.0002s ]
SQL: SHOW COLUMNS FROM `television_waiting_list` [ RunTime:0.0047s ]
SQL: SELECT * FROM `television_waiting_list`  [ RunTime:0.0003s ]
SQL: SHOW COLUMNS FROM `radio_waiting_list` [ RunTime:0.0024s ]
SQL: SELECT * FROM `radio_waiting_list`  [ RunTime:0.0003s ]
SQL: SHOW COLUMNS FROM `microinfo_waiting_list` [ RunTime:0.0020s ]
SQL: SELECT * FROM `microinfo_waiting_list`  [ RunTime:0.0002s ]
INFO: [ view_parse ] --START--
INFO: [ template_filter ] --START--
INFO: Run Behavior\ContentReplaceBehavior [ RunTime:0.000039s ]
INFO: [ template_filter ] --END-- [ RunTime:0.000101s ]
NOTIC: [8] Undefined index: studentId /Users/GreysTone/Sites/Application/Runtime/Cache/Home/9dce3b5bf1928efa8dfdeb1c852dce38.php 第 21 行.
NOTIC: [8] Undefined index: studentId /Users/GreysTone/Sites/Application/Runtime/Cache/Home/9dce3b5bf1928efa8dfdeb1c852dce38.php 第 21 行.
NOTIC: [8] Undefined index: studentId /Users/GreysTone/Sites/Application/Runtime/Cache/Home/9dce3b5bf1928efa8dfdeb1c852dce38.php 第 21 行.
INFO: Run Behavior\ParseTemplateBehavior [ RunTime:0.013288s ]
INFO: [ view_parse ] --END-- [ RunTime:0.013355s ]
INFO: [ view_filter ] --START--
INFO: Run Behavior\WriteHtmlCacheBehavior [ RunTime:0.000185s ]
INFO: [ view_filter ] --END-- [ RunTime:0.000226s ]
NOTIC: [2] Cannot modify header information - headers already sent by (output started at /Users/GreysTone/Sites/Application/Home/Controller/IndexController.class.php:101) /Users/GreysTone/Sites/ThinkPHP/Library/Think/View.class.php 第 91 行.
NOTIC: [2] Cannot modify header information - headers already sent by (output started at /Users/GreysTone/Sites/Application/Home/Controller/IndexController.class.php:101) /Users/GreysTone/Sites/ThinkPHP/Library/Think/View.class.php 第 92 行.
NOTIC: [2] Cannot modify header information - headers already sent by (output started at /Users/GreysTone/Sites/Application/Home/Controller/IndexController.class.php:101) /Users/GreysTone/Sites/ThinkPHP/Library/Think/View.class.php 第 93 行.
INFO: [ app_end ] --START--
INFO: Run Behavior\ShowPageTraceBehavior [ RunTime:0.000445s ]
INFO: [ app_end ] --END-- [ RunTime:0.000487s ]

[ 2015-08-11T10:43:54+08:00 ] ::1 /~GreysTone/index.php/Home/Index/mainpage_screen.html
INFO: [ app_init ] --START--
INFO: Run Behavior\BuildLiteBehavior [ RunTime:0.000014s ]
INFO: [ app_init ] --END-- [ RunTime:0.000508s ]
INFO: [ app_begin ] --START--
INFO: Run Behavior\ReadHtmlCacheBehavior [ RunTime:0.000589s ]
INFO: [ app_begin ] --END-- [ RunTime:0.000665s ]
SQL: SHOW COLUMNS FROM `rooms` [ RunTime:0.0022s ]
SQL: SELECT * FROM `rooms`  [ RunTime:0.0003s ]
SQL: SHOW COLUMNS FROM `television_waiting_list` [ RunTime:0.0017s ]
SQL: SELECT * FROM `television_waiting_list`  [ RunTime:0.0002s ]
SQL: SHOW COLUMNS FROM `radio_waiting_list` [ RunTime:0.0040s ]
SQL: SELECT * FROM `radio_waiting_list`  [ RunTime:0.0003s ]
SQL: SHOW COLUMNS FROM `microinfo_waiting_list` [ RunTime:0.0028s ]
SQL: SELECT * FROM `microinfo_waiting_list`  [ RunTime:0.0002s ]
INFO: [ view_parse ] --START--
INFO: [ template_filter ] --START--
INFO: Run Behavior\ContentReplaceBehavior [ RunTime:0.000043s ]
INFO: [ template_filter ] --END-- [ RunTime:0.000112s ]
INFO: Run Behavior\ParseTemplateBehavior [ RunTime:0.015036s ]
INFO: [ view_parse ] --END-- [ RunTime:0.015166s ]
INFO: [ view_filter ] --START--
INFO: Run Behavior\WriteHtmlCacheBehavior [ RunTime:0.000685s ]
INFO: [ view_filter ] --END-- [ RunTime:0.000741s ]
NOTIC: [2] Cannot modify header information - headers already sent by (output started at /Users/GreysTone/Sites/Application/Home/Controller/IndexController.class.php:101) /Users/GreysTone/Sites/ThinkPHP/Library/Think/View.class.php 第 91 行.
NOTIC: [2] Cannot modify header information - headers already sent by (output started at /Users/GreysTone/Sites/Application/Home/Controller/IndexController.class.php:101) /Users/GreysTone/Sites/ThinkPHP/Library/Think/View.class.php 第 92 行.
NOTIC: [2] Cannot modify header information - headers already sent by (output started at /Users/GreysTone/Sites/Application/Home/Controller/IndexController.class.php:101) /Users/GreysTone/Sites/ThinkPHP/Library/Think/View.class.php 第 93 行.
INFO: [ app_end ] --START--
INFO: Run Behavior\ShowPageTraceBehavior [ RunTime:0.001120s ]
INFO: [ app_end ] --END-- [ RunTime:0.001199s ]

[ 2015-08-11T10:44:04+08:00 ] ::1 /~GreysTone/index.php/Home/Index/mainpage_screen.html
INFO: [ app_init ] --START--
INFO: Run Behavior\BuildLiteBehavior [ RunTime:0.000016s ]
INFO: [ app_init ] --END-- [ RunTime:0.000348s ]
INFO: [ app_begin ] --START--
INFO: Run Behavior\ReadHtmlCacheBehavior [ RunTime:0.000460s ]
INFO: [ app_begin ] --END-- [ RunTime:0.000512s ]
SQL: SHOW COLUMNS FROM `rooms` [ RunTime:0.0026s ]
SQL: SELECT * FROM `rooms`  [ RunTime:0.0003s ]
SQL: SHOW COLUMNS FROM `television_waiting_list` [ RunTime:0.0017s ]
SQL: SELECT * FROM `television_waiting_list`  [ RunTime:0.0002s ]
SQL: SHOW COLUMNS FROM `radio_waiting_list` [ RunTime:0.0049s ]
SQL: SELECT * FROM `radio_waiting_list`  [ RunTime:0.0004s ]
SQL: SHOW COLUMNS FROM `microinfo_waiting_list` [ RunTime:0.0033s ]
SQL: SELECT * FROM `microinfo_waiting_list`  [ RunTime:0.0003s ]
INFO: [ view_parse ] --START--
INFO: [ template_filter ] --START--
INFO: Run Behavior\ContentReplaceBehavior [ RunTime:0.000040s ]
INFO: [ template_filter ] --END-- [ RunTime:0.000109s ]
INFO: Run Behavior\ParseTemplateBehavior [ RunTime:0.013243s ]
INFO: [ view_parse ] --END-- [ RunTime:0.013328s ]
INFO: [ view_filter ] --START--
INFO: Run Behavior\WriteHtmlCacheBehavior [ RunTime:0.000185s ]
INFO: [ view_filter ] --END-- [ RunTime:0.000228s ]
NOTIC: [2] Cannot modify header information - headers already sent by (output started at /Users/GreysTone/Sites/Application/Home/Controller/IndexController.class.php:101) /Users/GreysTone/Sites/ThinkPHP/Library/Think/View.class.php 第 91 行.
NOTIC: [2] Cannot modify header information - headers already sent by (output started at /Users/GreysTone/Sites/Application/Home/Controller/IndexController.class.php:101) /Users/GreysTone/Sites/ThinkPHP/Library/Think/View.class.php 第 92 行.
NOTIC: [2] Cannot modify header information - headers already sent by (output started at /Users/GreysTone/Sites/Application/Home/Controller/IndexController.class.php:101) /Users/GreysTone/Sites/ThinkPHP/Library/Think/View.class.php 第 93 行.
INFO: [ app_end ] --START--
INFO: Run Behavior\ShowPageTraceBehavior [ RunTime:0.000513s ]
INFO: [ app_end ] --END-- [ RunTime:0.000578s ]

[ 2015-08-11T10:45:40+08:00 ] ::1 /~GreysTone/index.php/Home/Index/mainpage_screen.html
INFO: [ app_init ] --START--
INFO: Run Behavior\BuildLiteBehavior [ RunTime:0.000014s ]
INFO: [ app_init ] --END-- [ RunTime:0.000500s ]
INFO: [ app_begin ] --START--
INFO: Run Behavior\ReadHtmlCacheBehavior [ RunTime:0.000604s ]
INFO: [ app_begin ] --END-- [ RunTime:0.000681s ]
SQL: SHOW COLUMNS FROM `rooms` [ RunTime:0.0066s ]
SQL: SELECT * FROM `rooms`  [ RunTime:0.0003s ]
SQL: SHOW COLUMNS FROM `television_waiting_list` [ RunTime:0.0057s ]
SQL: SELECT * FROM `television_waiting_list`  [ RunTime:0.0006s ]
SQL: SHOW COLUMNS FROM `radio_waiting_list` [ RunTime:0.0028s ]
SQL: SELECT * FROM `radio_waiting_list`  [ RunTime:0.0003s ]
SQL: SHOW COLUMNS FROM `microinfo_waiting_list` [ RunTime:0.0040s ]
SQL: SELECT * FROM `microinfo_waiting_list`  [ RunTime:0.0004s ]
INFO: [ view_parse ] --START--
INFO: [ template_filter ] --START--
INFO: Run Behavior\ContentReplaceBehavior [ RunTime:0.000082s ]
INFO: [ template_filter ] --END-- [ RunTime:0.000176s ]
INFO: Run Behavior\ParseTemplateBehavior [ RunTime:0.025121s ]
INFO: [ view_parse ] --END-- [ RunTime:0.025467s ]
INFO: [ view_filter ] --START--
INFO: Run Behavior\WriteHtmlCacheBehavior [ RunTime:0.000225s ]
INFO: [ view_filter ] --END-- [ RunTime:0.000522s ]
NOTIC: [2] Cannot modify header information - headers already sent by (output started at /Users/GreysTone/Sites/Application/Home/Controller/IndexController.class.php:101) /Users/GreysTone/Sites/ThinkPHP/Library/Think/View.class.php 第 91 行.
NOTIC: [2] Cannot modify header information - headers already sent by (output started at /Users/GreysTone/Sites/Application/Home/Controller/IndexController.class.php:101) /Users/GreysTone/Sites/ThinkPHP/Library/Think/View.class.php 第 92 行.
NOTIC: [2] Cannot modify header information - headers already sent by (output started at /Users/GreysTone/Sites/Application/Home/Controller/IndexController.class.php:101) /Users/GreysTone/Sites/ThinkPHP/Library/Think/View.class.php 第 93 行.
INFO: [ app_end ] --START--
INFO: Run Behavior\ShowPageTraceBehavior [ RunTime:0.000844s ]
INFO: [ app_end ] --END-- [ RunTime:0.000913s ]

[ 2015-08-11T10:50:15+08:00 ] ::1 /~GreysTone/index.php/Home/Index/mainpage_screen.html
INFO: [ app_init ] --START--
INFO: Run Behavior\BuildLiteBehavior [ RunTime:0.000016s ]
INFO: [ app_init ] --END-- [ RunTime:0.001196s ]
INFO: [ app_begin ] --START--
INFO: Run Behavior\ReadHtmlCacheBehavior [ RunTime:0.001382s ]
INFO: [ app_begin ] --END-- [ RunTime:0.001447s ]
SQL: SHOW COLUMNS FROM `rooms` [ RunTime:0.0066s ]
SQL: SELECT * FROM `rooms`  [ RunTime:0.0004s ]
SQL: SHOW COLUMNS FROM `television_waiting_list` [ RunTime:0.0023s ]
SQL: SELECT * FROM `television_waiting_list`  [ RunTime:0.0014s ]
SQL: SHOW COLUMNS FROM `radio_waiting_list` [ RunTime:0.0054s ]
SQL: SELECT * FROM `radio_waiting_list`  [ RunTime:0.0003s ]
SQL: SHOW COLUMNS FROM `microinfo_waiting_list` [ RunTime:0.0032s ]
SQL: SELECT * FROM `microinfo_waiting_list`  [ RunTime:0.0004s ]
INFO: [ view_parse ] --START--
INFO: [ template_filter ] --START--
INFO: Run Behavior\ContentReplaceBehavior [ RunTime:0.000039s ]
INFO: [ template_filter ] --END-- [ RunTime:0.000102s ]
NOTIC: [8] Undefined offset: 1 /Users/GreysTone/Sites/Application/Runtime/Cache/Home/9dce3b5bf1928efa8dfdeb1c852dce38.php 第 21 行.
NOTIC: [8] Undefined offset: 1 /Users/GreysTone/Sites/Application/Runtime/Cache/Home/9dce3b5bf1928efa8dfdeb1c852dce38.php 第 21 行.
NOTIC: [8] Undefined offset: 1 /Users/GreysTone/Sites/Application/Runtime/Cache/Home/9dce3b5bf1928efa8dfdeb1c852dce38.php 第 21 行.
NOTIC: [8] Undefined offset: 2 /Users/GreysTone/Sites/Application/Runtime/Cache/Home/9dce3b5bf1928efa8dfdeb1c852dce38.php 第 21 行.
NOTIC: [8] Undefined offset: 2 /Users/GreysTone/Sites/Application/Runtime/Cache/Home/9dce3b5bf1928efa8dfdeb1c852dce38.php 第 21 行.
NOTIC: [8] Undefined offset: 2 /Users/GreysTone/Sites/Application/Runtime/Cache/Home/9dce3b5bf1928efa8dfdeb1c852dce38.php 第 21 行.
INFO: Run Behavior\ParseTemplateBehavior [ RunTime:0.028543s ]
INFO: [ view_parse ] --END-- [ RunTime:0.028618s ]
INFO: [ view_filter ] --START--
INFO: Run Behavior\WriteHtmlCacheBehavior [ RunTime:0.001879s ]
INFO: [ view_filter ] --END-- [ RunTime:0.001921s ]
NOTIC: [2] Cannot modify header information - headers already sent by (output started at /Users/GreysTone/Sites/Application/Home/Controller/IndexController.class.php:101) /Users/GreysTone/Sites/ThinkPHP/Library/Think/View.class.php 第 91 行.
NOTIC: [2] Cannot modify header information - headers already sent by (output started at /Users/GreysTone/Sites/Application/Home/Controller/IndexController.class.php:101) /Users/GreysTone/Sites/ThinkPHP/Library/Think/View.class.php 第 92 行.
NOTIC: [2] Cannot modify header information - headers already sent by (output started at /Users/GreysTone/Sites/Application/Home/Controller/IndexController.class.php:101) /Users/GreysTone/Sites/ThinkPHP/Library/Think/View.class.php 第 93 行.
INFO: [ app_end ] --START--
INFO: Run Behavior\ShowPageTraceBehavior [ RunTime:0.001544s ]
INFO: [ app_end ] --END-- [ RunTime:0.001594s ]

[ 2015-08-11T10:57:33+08:00 ] ::1 /~GreysTone/index.php/Home/Index/mainpage_screen.html
INFO: [ app_init ] --START--
INFO: Run Behavior\BuildLiteBehavior [ RunTime:0.000019s ]
INFO: [ app_init ] --END-- [ RunTime:0.001411s ]
INFO: [ app_begin ] --START--
INFO: Run Behavior\ReadHtmlCacheBehavior [ RunTime:0.001536s ]
INFO: [ app_begin ] --END-- [ RunTime:0.001609s ]
SQL: SHOW COLUMNS FROM `rooms` [ RunTime:0.0101s ]
SQL: SELECT * FROM `rooms`  [ RunTime:0.0023s ]
SQL: SHOW COLUMNS FROM `television_waiting_list` [ RunTime:0.1248s ]
SQL: SELECT * FROM `television_waiting_list`  [ RunTime:0.0004s ]
SQL: SHOW COLUMNS FROM `radio_waiting_list` [ RunTime:0.0026s ]
SQL: SELECT * FROM `radio_waiting_list`  [ RunTime:0.0002s ]
SQL: SHOW COLUMNS FROM `microinfo_waiting_list` [ RunTime:0.2590s ]
SQL: SELECT * FROM `microinfo_waiting_list`  [ RunTime:0.0003s ]
INFO: [ view_parse ] --START--
INFO: [ template_filter ] --START--
INFO: Run Behavior\ContentReplaceBehavior [ RunTime:0.000040s ]
INFO: [ template_filter ] --END-- [ RunTime:0.000102s ]
NOTIC: [8] Undefined offset: 1 /Users/GreysTone/Sites/Application/Runtime/Cache/Home/9dce3b5bf1928efa8dfdeb1c852dce38.php 第 21 行.
NOTIC: [8] Undefined offset: 2 /Users/GreysTone/Sites/Application/Runtime/Cache/Home/9dce3b5bf1928efa8dfdeb1c852dce38.php 第 21 行.
INFO: Run Behavior\ParseTemplateBehavior [ RunTime:0.017119s ]
INFO: [ view_parse ] --END-- [ RunTime:0.017182s ]
INFO: [ view_filter ] --START--
INFO: Run Behavior\WriteHtmlCacheBehavior [ RunTime:0.001852s ]
INFO: [ view_filter ] --END-- [ RunTime:0.001892s ]
NOTIC: [2] Cannot modify header information - headers already sent by (output started at /Users/GreysTone/Sites/Application/Home/Controller/IndexController.class.php:101) /Users/GreysTone/Sites/ThinkPHP/Library/Think/View.class.php 第 91 行.
NOTIC: [2] Cannot modify header information - headers already sent by (output started at /Users/GreysTone/Sites/Application/Home/Controller/IndexController.class.php:101) /Users/GreysTone/Sites/ThinkPHP/Library/Think/View.class.php 第 92 行.
NOTIC: [2] Cannot modify header information - headers already sent by (output started at /Users/GreysTone/Sites/Application/Home/Controller/IndexController.class.php:101) /Users/GreysTone/Sites/ThinkPHP/Library/Think/View.class.php 第 93 行.
INFO: [ app_end ] --START--
INFO: Run Behavior\ShowPageTraceBehavior [ RunTime:0.001476s ]
INFO: [ app_end ] --END-- [ RunTime:0.001535s ]

[ 2015-08-11T11:10:38+08:00 ] ::1 /~GreysTone/index.php/Home/Index/mainpage_screen.html
INFO: [ app_init ] --START--
INFO: Run Behavior\BuildLiteBehavior [ RunTime:0.000016s ]
INFO: [ app_init ] --END-- [ RunTime:0.001178s ]
INFO: [ app_begin ] --START--
INFO: Run Behavior\ReadHtmlCacheBehavior [ RunTime:0.030131s ]
INFO: [ app_begin ] --END-- [ RunTime:0.030293s ]
SQL: SHOW COLUMNS FROM `rooms` [ RunTime:0.0087s ]
SQL: SELECT * FROM `rooms`  [ RunTime:0.0003s ]
SQL: SHOW COLUMNS FROM `television_waiting_list` [ RunTime:0.0024s ]
SQL: SELECT * FROM `television_waiting_list`  [ RunTime:0.0002s ]
SQL: SHOW COLUMNS FROM `radio_waiting_list` [ RunTime:0.0042s ]
SQL: SELECT * FROM `radio_waiting_list`  [ RunTime:0.0003s ]
SQL: SHOW COLUMNS FROM `microinfo_waiting_list` [ RunTime:0.0072s ]
SQL: SELECT * FROM `microinfo_waiting_list`  [ RunTime:0.0003s ]
INFO: [ view_parse ] --START--
INFO: [ template_filter ] --START--
INFO: Run Behavior\ContentReplaceBehavior [ RunTime:0.000046s ]
INFO: [ template_filter ] --END-- [ RunTime:0.000117s ]
NOTIC: [8] Undefined offset: 1 /Users/GreysTone/Sites/Application/Runtime/Cache/Home/9dce3b5bf1928efa8dfdeb1c852dce38.php 第 21 行.
NOTIC: [8] Undefined offset: 2 /Users/GreysTone/Sites/Application/Runtime/Cache/Home/9dce3b5bf1928efa8dfdeb1c852dce38.php 第 21 行.
INFO: Run Behavior\ParseTemplateBehavior [ RunTime:0.032314s ]
INFO: [ view_parse ] --END-- [ RunTime:0.032376s ]
INFO: [ view_filter ] --START--
INFO: Run Behavior\WriteHtmlCacheBehavior [ RunTime:0.001689s ]
INFO: [ view_filter ] --END-- [ RunTime:0.001737s ]
NOTIC: [2] Cannot modify header information - headers already sent by (output started at /Users/GreysTone/Sites/Application/Home/Controller/IndexController.class.php:101) /Users/GreysTone/Sites/ThinkPHP/Library/Think/View.class.php 第 91 行.
NOTIC: [2] Cannot modify header information - headers already sent by (output started at /Users/GreysTone/Sites/Application/Home/Controller/IndexController.class.php:101) /Users/GreysTone/Sites/ThinkPHP/Library/Think/View.class.php 第 92 行.
NOTIC: [2] Cannot modify header information - headers already sent by (output started at /Users/GreysTone/Sites/Application/Home/Controller/IndexController.class.php:101) /Users/GreysTone/Sites/ThinkPHP/Library/Think/View.class.php 第 93 行.
INFO: [ app_end ] --START--
INFO: Run Behavior\ShowPageTraceBehavior [ RunTime:0.003424s ]
INFO: [ app_end ] --END-- [ RunTime:0.003501s ]

[ 2015-08-11T11:25:22+08:00 ] ::1 /~GreysTone/index.php/Home/Index/mainpage_screen.html
INFO: [ app_init ] --START--
INFO: Run Behavior\BuildLiteBehavior [ RunTime:0.000021s ]
INFO: [ app_init ] --END-- [ RunTime:0.001591s ]
INFO: [ app_begin ] --START--
INFO: Run Behavior\ReadHtmlCacheBehavior [ RunTime:0.001341s ]
INFO: [ app_begin ] --END-- [ RunTime:0.001421s ]
SQL: SHOW COLUMNS FROM `rooms` [ RunTime:0.0068s ]
SQL: SELECT * FROM `rooms`  [ RunTime:0.0004s ]
SQL: SHOW COLUMNS FROM `television_waiting_list` [ RunTime:0.0021s ]
SQL: SELECT * FROM `television_waiting_list`  [ RunTime:0.0004s ]
SQL: SHOW COLUMNS FROM `radio_waiting_list` [ RunTime:0.0034s ]
SQL: SELECT * FROM `radio_waiting_list`  [ RunTime:0.0003s ]
SQL: SHOW COLUMNS FROM `microinfo_waiting_list` [ RunTime:0.0059s ]
SQL: SELECT * FROM `microinfo_waiting_list`  [ RunTime:0.0003s ]
INFO: [ view_parse ] --START--
INFO: [ template_filter ] --START--
INFO: Run Behavior\ContentReplaceBehavior [ RunTime:0.000048s ]
INFO: [ template_filter ] --END-- [ RunTime:0.000125s ]
NOTIC: [8] Undefined offset: 1 /Users/GreysTone/Sites/Application/Runtime/Cache/Home/9dce3b5bf1928efa8dfdeb1c852dce38.php 第 21 行.
NOTIC: [8] Undefined offset: 2 /Users/GreysTone/Sites/Application/Runtime/Cache/Home/9dce3b5bf1928efa8dfdeb1c852dce38.php 第 21 行.
INFO: Run Behavior\ParseTemplateBehavior [ RunTime:0.054279s ]
INFO: [ view_parse ] --END-- [ RunTime:0.054335s ]
INFO: [ view_filter ] --START--
INFO: Run Behavior\WriteHtmlCacheBehavior [ RunTime:0.001759s ]
INFO: [ view_filter ] --END-- [ RunTime:0.001823s ]
NOTIC: [2] Cannot modify header information - headers already sent by (output started at /Users/GreysTone/Sites/Application/Home/Controller/IndexController.class.php:101) /Users/GreysTone/Sites/ThinkPHP/Library/Think/View.class.php 第 91 行.
NOTIC: [2] Cannot modify header information - headers already sent by (output started at /Users/GreysTone/Sites/Application/Home/Controller/IndexController.class.php:101) /Users/GreysTone/Sites/ThinkPHP/Library/Think/View.class.php 第 92 行.
NOTIC: [2] Cannot modify header information - headers already sent by (output started at /Users/GreysTone/Sites/Application/Home/Controller/IndexController.class.php:101) /Users/GreysTone/Sites/ThinkPHP/Library/Think/View.class.php 第 93 行.
INFO: [ app_end ] --START--
INFO: Run Behavior\ShowPageTraceBehavior [ RunTime:0.001460s ]
INFO: [ app_end ] --END-- [ RunTime:0.001529s ]

[ 2015-08-11T11:25:38+08:00 ] ::1 /~GreysTone/index.php/Home/Index/mainpage_screen.html
INFO: [ app_init ] --START--
INFO: Run Behavior\BuildLiteBehavior [ RunTime:0.000013s ]
INFO: [ app_init ] --END-- [ RunTime:0.000308s ]
INFO: [ app_begin ] --START--
INFO: Run Behavior\ReadHtmlCacheBehavior [ RunTime:0.000408s ]
INFO: [ app_begin ] --END-- [ RunTime:0.000452s ]
SQL: SHOW COLUMNS FROM `rooms` [ RunTime:0.3599s ]
SQL: SELECT * FROM `rooms`  [ RunTime:0.0004s ]
SQL: SHOW COLUMNS FROM `television_waiting_list` [ RunTime:0.0056s ]
SQL: SELECT * FROM `television_waiting_list`  [ RunTime:0.0005s ]
SQL: SHOW COLUMNS FROM `radio_waiting_list` [ RunTime:0.0064s ]
SQL: SELECT * FROM `radio_waiting_list`  [ RunTime:0.0003s ]
SQL: SHOW COLUMNS FROM `microinfo_waiting_list` [ RunTime:0.0066s ]
SQL: SELECT * FROM `microinfo_waiting_list`  [ RunTime:0.0003s ]
INFO: [ view_parse ] --START--
INFO: [ template_filter ] --START--
INFO: Run Behavior\ContentReplaceBehavior [ RunTime:0.000051s ]
INFO: [ template_filter ] --END-- [ RunTime:0.000130s ]
NOTIC: [8] Undefined offset: 1 /Users/GreysTone/Sites/Application/Runtime/Cache/Home/9dce3b5bf1928efa8dfdeb1c852dce38.php 第 21 行.
NOTIC: [8] Undefined offset: 2 /Users/GreysTone/Sites/Application/Runtime/Cache/Home/9dce3b5bf1928efa8dfdeb1c852dce38.php 第 21 行.
INFO: Run Behavior\ParseTemplateBehavior [ RunTime:0.016074s ]
INFO: [ view_parse ] --END-- [ RunTime:0.016131s ]
INFO: [ view_filter ] --START--
INFO: Run Behavior\WriteHtmlCacheBehavior [ RunTime:0.000169s ]
INFO: [ view_filter ] --END-- [ RunTime:0.000210s ]
NOTIC: [2] Cannot modify header information - headers already sent by (output started at /Users/GreysTone/Sites/Application/Home/Controller/IndexController.class.php:101) /Users/GreysTone/Sites/ThinkPHP/Library/Think/View.class.php 第 91 行.
NOTIC: [2] Cannot modify header information - headers already sent by (output started at /Users/GreysTone/Sites/Application/Home/Controller/IndexController.class.php:101) /Users/GreysTone/Sites/ThinkPHP/Library/Think/View.class.php 第 92 行.
NOTIC: [2] Cannot modify header information - headers already sent by (output started at /Users/GreysTone/Sites/Application/Home/Controller/IndexController.class.php:101) /Users/GreysTone/Sites/ThinkPHP/Library/Think/View.class.php 第 93 行.
INFO: [ app_end ] --START--
INFO: Run Behavior\ShowPageTraceBehavior [ RunTime:0.000495s ]
INFO: [ app_end ] --END-- [ RunTime:0.000539s ]

[ 2015-08-11T11:26:04+08:00 ] ::1 /~GreysTone/index.php/Home/Index/index.php?s=/Home/Index/logout_post/
INFO: [ app_init ] --START--
INFO: Run Behavior\BuildLiteBehavior [ RunTime:0.000015s ]
INFO: [ app_init ] --END-- [ RunTime:0.000335s ]
INFO: [ app_begin ] --START--
INFO: Run Behavior\ReadHtmlCacheBehavior [ RunTime:0.000488s ]
INFO: [ app_begin ] --END-- [ RunTime:0.000557s ]

[ 2015-08-11T11:26:16+08:00 ] ::1 /~GreysTone/index.php/Home/Index/index.php?s=/Home/Index/login_post/
INFO: [ app_init ] --START--
INFO: Run Behavior\BuildLiteBehavior [ RunTime:0.000016s ]
INFO: [ app_init ] --END-- [ RunTime:0.000358s ]
INFO: [ app_begin ] --START--
INFO: Run Behavior\ReadHtmlCacheBehavior [ RunTime:0.000420s ]
INFO: [ app_begin ] --END-- [ RunTime:0.000465s ]
SQL: SHOW COLUMNS FROM `users` [ RunTime:0.0036s ]
SQL: SELECT * FROM `users` WHERE `username` = 'CheckIn_Test' LIMIT 1   [ RunTime:0.0869s ]
INFO: [ view_parse ] --START--
INFO: [ template_filter ] --START--
INFO: Run Behavior\ContentReplaceBehavior [ RunTime:0.000045s ]
INFO: [ template_filter ] --END-- [ RunTime:0.000144s ]
INFO: Run Behavior\ParseTemplateBehavior [ RunTime:0.021290s ]
INFO: [ view_parse ] --END-- [ RunTime:0.021419s ]
INFO: [ view_filter ] --START--
INFO: Run Behavior\WriteHtmlCacheBehavior [ RunTime:0.000222s ]
INFO: [ view_filter ] --END-- [ RunTime:0.000271s ]
INFO: [ app_end ] --START--
INFO: Run Behavior\ShowPageTraceBehavior [ RunTime:0.000547s ]
INFO: [ app_end ] --END-- [ RunTime:0.000601s ]

[ 2015-08-11T11:26:18+08:00 ] ::1 /~GreysTone/index.php/Home/Index/mainpage_checkin.html
INFO: [ app_init ] --START--
INFO: Run Behavior\BuildLiteBehavior [ RunTime:0.000014s ]
INFO: [ app_init ] --END-- [ RunTime:0.000311s ]
INFO: [ app_begin ] --START--
INFO: Run Behavior\ReadHtmlCacheBehavior [ RunTime:0.000566s ]
INFO: [ app_begin ] --END-- [ RunTime:0.000622s ]
SQL: SHOW COLUMNS FROM `interviewees` [ RunTime:0.0024s ]
SQL: SELECT * FROM `interviewees` ORDER BY studentId  [ RunTime:0.0080s ]
INFO: [ view_parse ] --START--
INFO: [ template_filter ] --START--
INFO: Run Behavior\ContentReplaceBehavior [ RunTime:0.000040s ]
INFO: [ template_filter ] --END-- [ RunTime:0.000100s ]
INFO: Run Behavior\ParseTemplateBehavior [ RunTime:0.022442s ]
INFO: [ view_parse ] --END-- [ RunTime:0.022535s ]
INFO: [ view_filter ] --START--
INFO: Run Behavior\WriteHtmlCacheBehavior [ RunTime:0.000412s ]
INFO: [ view_filter ] --END-- [ RunTime:0.000498s ]
NOTIC: [2] Cannot modify header information - headers already sent by (output started at /Users/GreysTone/Sites/Application/Home/Controller/IndexController.class.php:308) /Users/GreysTone/Sites/ThinkPHP/Library/Think/View.class.php 第 91 行.
NOTIC: [2] Cannot modify header information - headers already sent by (output started at /Users/GreysTone/Sites/Application/Home/Controller/IndexController.class.php:308) /Users/GreysTone/Sites/ThinkPHP/Library/Think/View.class.php 第 92 行.
NOTIC: [2] Cannot modify header information - headers already sent by (output started at /Users/GreysTone/Sites/Application/Home/Controller/IndexController.class.php:308) /Users/GreysTone/Sites/ThinkPHP/Library/Think/View.class.php 第 93 行.
INFO: [ app_end ] --START--
INFO: Run Behavior\ShowPageTraceBehavior [ RunTime:0.000908s ]
INFO: [ app_end ] --END-- [ RunTime:0.000994s ]

[ 2015-08-11T11:26:22+08:00 ] ::1 /~GreysTone/index.php/Home/Index/index.php?s=/Home/Index/logout_post/
INFO: [ app_init ] --START--
INFO: Run Behavior\BuildLiteBehavior [ RunTime:0.000016s ]
INFO: [ app_init ] --END-- [ RunTime:0.000361s ]
INFO: [ app_begin ] --START--
INFO: Run Behavior\ReadHtmlCacheBehavior [ RunTime:0.000478s ]
INFO: [ app_begin ] --END-- [ RunTime:0.000543s ]

[ 2015-08-11T11:26:31+08:00 ] ::1 /~GreysTone/index.php/Home/Index/index.php?s=/Home/Index/login_post/
INFO: [ app_init ] --START--
INFO: Run Behavior\BuildLiteBehavior [ RunTime:0.000014s ]
INFO: [ app_init ] --END-- [ RunTime:0.000323s ]
INFO: [ app_begin ] --START--
INFO: Run Behavior\ReadHtmlCacheBehavior [ RunTime:0.000410s ]
INFO: [ app_begin ] --END-- [ RunTime:0.000456s ]
SQL: SHOW COLUMNS FROM `users` [ RunTime:0.0037s ]
SQL: SELECT * FROM `users` WHERE `username` = 'Screen_Test' LIMIT 1   [ RunTime:0.0005s ]
INFO: [ view_parse ] --START--
INFO: [ template_filter ] --START--
INFO: Run Behavior\ContentReplaceBehavior [ RunTime:0.000035s ]
INFO: [ template_filter ] --END-- [ RunTime:0.000086s ]
INFO: Run Behavior\ParseTemplateBehavior [ RunTime:0.010892s ]
INFO: [ view_parse ] --END-- [ RunTime:0.010974s ]
INFO: [ view_filter ] --START--
INFO: Run Behavior\WriteHtmlCacheBehavior [ RunTime:0.000178s ]
INFO: [ view_filter ] --END-- [ RunTime:0.000220s ]
INFO: [ app_end ] --START--
INFO: Run Behavior\ShowPageTraceBehavior [ RunTime:0.000445s ]
INFO: [ app_end ] --END-- [ RunTime:0.000488s ]

[ 2015-08-11T11:26:33+08:00 ] ::1 /~GreysTone/index.php/Home/Index/mainpage_screen.html
INFO: [ app_init ] --START--
INFO: Run Behavior\BuildLiteBehavior [ RunTime:0.000015s ]
INFO: [ app_init ] --END-- [ RunTime:0.000349s ]
INFO: [ app_begin ] --START--
INFO: Run Behavior\ReadHtmlCacheBehavior [ RunTime:0.000703s ]
INFO: [ app_begin ] --END-- [ RunTime:0.000762s ]
SQL: SHOW COLUMNS FROM `rooms` [ RunTime:0.0021s ]
SQL: SELECT * FROM `rooms`  [ RunTime:0.0003s ]
SQL: SHOW COLUMNS FROM `television_waiting_list` [ RunTime:0.0036s ]
SQL: SELECT * FROM `television_waiting_list`  [ RunTime:0.0003s ]
SQL: SHOW COLUMNS FROM `radio_waiting_list` [ RunTime:0.0024s ]
SQL: SELECT * FROM `radio_waiting_list`  [ RunTime:0.0003s ]
SQL: SHOW COLUMNS FROM `microinfo_waiting_list` [ RunTime:0.0030s ]
SQL: SELECT * FROM `microinfo_waiting_list`  [ RunTime:0.0003s ]
INFO: [ view_parse ] --START--
INFO: [ template_filter ] --START--
INFO: Run Behavior\ContentReplaceBehavior [ RunTime:0.000041s ]
INFO: [ template_filter ] --END-- [ RunTime:0.000094s ]
NOTIC: [8] Undefined offset: 1 /Users/GreysTone/Sites/Application/Runtime/Cache/Home/9dce3b5bf1928efa8dfdeb1c852dce38.php 第 21 行.
NOTIC: [8] Undefined offset: 2 /Users/GreysTone/Sites/Application/Runtime/Cache/Home/9dce3b5bf1928efa8dfdeb1c852dce38.php 第 21 行.
INFO: Run Behavior\ParseTemplateBehavior [ RunTime:0.014237s ]
INFO: [ view_parse ] --END-- [ RunTime:0.014295s ]
INFO: [ view_filter ] --START--
INFO: Run Behavior\WriteHtmlCacheBehavior [ RunTime:0.000196s ]
INFO: [ view_filter ] --END-- [ RunTime:0.000240s ]
NOTIC: [2] Cannot modify header information - headers already sent by (output started at /Users/GreysTone/Sites/Application/Home/Controller/IndexController.class.php:101) /Users/GreysTone/Sites/ThinkPHP/Library/Think/View.class.php 第 91 行.
NOTIC: [2] Cannot modify header information - headers already sent by (output started at /Users/GreysTone/Sites/Application/Home/Controller/IndexController.class.php:101) /Users/GreysTone/Sites/ThinkPHP/Library/Think/View.class.php 第 92 行.
NOTIC: [2] Cannot modify header information - headers already sent by (output started at /Users/GreysTone/Sites/Application/Home/Controller/IndexController.class.php:101) /Users/GreysTone/Sites/ThinkPHP/Library/Think/View.class.php 第 93 行.
INFO: [ app_end ] --START--
INFO: Run Behavior\ShowPageTraceBehavior [ RunTime:0.000538s ]
INFO: [ app_end ] --END-- [ RunTime:0.000590s ]

[ 2015-08-11T11:27:16+08:00 ] ::1 /~GreysTone/index.php/Home/Index/mainpage_screen.html
INFO: [ app_init ] --START--
INFO: Run Behavior\BuildLiteBehavior [ RunTime:0.000014s ]
INFO: [ app_init ] --END-- [ RunTime:0.000313s ]
INFO: [ app_begin ] --START--
INFO: Run Behavior\ReadHtmlCacheBehavior [ RunTime:0.000412s ]
INFO: [ app_begin ] --END-- [ RunTime:0.000455s ]
SQL: SHOW COLUMNS FROM `rooms` [ RunTime:0.0025s ]
SQL: SELECT * FROM `rooms`  [ RunTime:0.0003s ]
SQL: SHOW COLUMNS FROM `television_waiting_list` [ RunTime:0.0023s ]
SQL: SELECT * FROM `television_waiting_list`  [ RunTime:0.0002s ]
SQL: SHOW COLUMNS FROM `radio_waiting_list` [ RunTime:0.0040s ]
SQL: SELECT * FROM `radio_waiting_list`  [ RunTime:0.0002s ]
SQL: SHOW COLUMNS FROM `microinfo_waiting_list` [ RunTime:0.0031s ]
SQL: SELECT * FROM `microinfo_waiting_list`  [ RunTime:0.0002s ]
INFO: [ view_parse ] --START--
INFO: [ template_filter ] --START--
INFO: Run Behavior\ContentReplaceBehavior [ RunTime:0.000052s ]
INFO: [ template_filter ] --END-- [ RunTime:0.000268s ]
NOTIC: [8] Undefined offset: 1 /Users/GreysTone/Sites/Application/Runtime/Cache/Home/9dce3b5bf1928efa8dfdeb1c852dce38.php 第 21 行.
NOTIC: [8] Undefined offset: 2 /Users/GreysTone/Sites/Application/Runtime/Cache/Home/9dce3b5bf1928efa8dfdeb1c852dce38.php 第 21 行.
INFO: Run Behavior\ParseTemplateBehavior [ RunTime:0.017766s ]
INFO: [ view_parse ] --END-- [ RunTime:0.017823s ]
INFO: [ view_filter ] --START--
INFO: Run Behavior\WriteHtmlCacheBehavior [ RunTime:0.000213s ]
INFO: [ view_filter ] --END-- [ RunTime:0.000258s ]
NOTIC: [2] Cannot modify header information - headers already sent by (output started at /Users/GreysTone/Sites/Application/Home/Controller/IndexController.class.php:101) /Users/GreysTone/Sites/ThinkPHP/Library/Think/View.class.php 第 91 行.
NOTIC: [2] Cannot modify header information - headers already sent by (output started at /Users/GreysTone/Sites/Application/Home/Controller/IndexController.class.php:101) /Users/GreysTone/Sites/ThinkPHP/Library/Think/View.class.php 第 92 行.
NOTIC: [2] Cannot modify header information - headers already sent by (output started at /Users/GreysTone/Sites/Application/Home/Controller/IndexController.class.php:101) /Users/GreysTone/Sites/ThinkPHP/Library/Think/View.class.php 第 93 行.
INFO: [ app_end ] --START--
INFO: Run Behavior\ShowPageTraceBehavior [ RunTime:0.000544s ]
INFO: [ app_end ] --END-- [ RunTime:0.000593s ]

[ 2015-08-11T11:48:37+08:00 ] ::1 /~GreysTone/index.php/Home/Index/mainpage_screen.html
INFO: [ app_init ] --START--
INFO: Run Behavior\BuildLiteBehavior [ RunTime:0.000015s ]
INFO: [ app_init ] --END-- [ RunTime:0.001239s ]
INFO: [ app_begin ] --START--
INFO: Run Behavior\ReadHtmlCacheBehavior [ RunTime:0.001463s ]
INFO: [ app_begin ] --END-- [ RunTime:0.001538s ]
SQL: SHOW COLUMNS FROM `rooms` [ RunTime:0.0040s ]
SQL: SELECT * FROM `rooms`  [ RunTime:0.0003s ]
SQL: SHOW COLUMNS FROM `television_waiting_list` [ RunTime:0.0030s ]
SQL: SELECT * FROM `television_waiting_list`  [ RunTime:0.0003s ]
SQL: SHOW COLUMNS FROM `radio_waiting_list` [ RunTime:0.0040s ]
SQL: SELECT * FROM `radio_waiting_list`  [ RunTime:0.0008s ]
SQL: SHOW COLUMNS FROM `microinfo_waiting_list` [ RunTime:0.0029s ]
SQL: SELECT * FROM `microinfo_waiting_list`  [ RunTime:0.0003s ]
INFO: [ view_parse ] --START--
INFO: [ template_filter ] --START--
INFO: Run Behavior\ContentReplaceBehavior [ RunTime:0.000052s ]
INFO: [ template_filter ] --END-- [ RunTime:0.000132s ]
NOTIC: [8] Undefined offset: 1 /Users/GreysTone/Sites/Application/Runtime/Cache/Home/9dce3b5bf1928efa8dfdeb1c852dce38.php 第 21 行.
NOTIC: [8] Undefined offset: 2 /Users/GreysTone/Sites/Application/Runtime/Cache/Home/9dce3b5bf1928efa8dfdeb1c852dce38.php 第 21 行.
INFO: Run Behavior\ParseTemplateBehavior [ RunTime:0.036732s ]
INFO: [ view_parse ] --END-- [ RunTime:0.036782s ]
INFO: [ view_filter ] --START--
INFO: Run Behavior\WriteHtmlCacheBehavior [ RunTime:0.001750s ]
INFO: [ view_filter ] --END-- [ RunTime:0.001793s ]
NOTIC: [2] Cannot modify header information - headers already sent by (output started at /Users/GreysTone/Sites/Application/Home/Controller/IndexController.class.php:101) /Users/GreysTone/Sites/ThinkPHP/Library/Think/View.class.php 第 91 行.
NOTIC: [2] Cannot modify header information - headers already sent by (output started at /Users/GreysTone/Sites/Application/Home/Controller/IndexController.class.php:101) /Users/GreysTone/Sites/ThinkPHP/Library/Think/View.class.php 第 92 行.
NOTIC: [2] Cannot modify header information - headers already sent by (output started at /Users/GreysTone/Sites/Application/Home/Controller/IndexController.class.php:101) /Users/GreysTone/Sites/ThinkPHP/Library/Think/View.class.php 第 93 行.
INFO: [ app_end ] --START--
INFO: Run Behavior\ShowPageTraceBehavior [ RunTime:0.001375s ]
INFO: [ app_end ] --END-- [ RunTime:0.001422s ]

[ 2015-08-11T11:48:42+08:00 ] ::1 /~GreysTone/index.php/Home/Index/index.php?s=/Home/Index/logout_post/
INFO: [ app_init ] --START--
INFO: Run Behavior\BuildLiteBehavior [ RunTime:0.000017s ]
INFO: [ app_init ] --END-- [ RunTime:0.000386s ]
INFO: [ app_begin ] --START--
INFO: Run Behavior\ReadHtmlCacheBehavior [ RunTime:0.000476s ]
INFO: [ app_begin ] --END-- [ RunTime:0.000541s ]

[ 2015-08-11T11:49:20+08:00 ] ::1 /~GreysTone/index.php/Home/Index/index.php?s=/Home/Index/login_post/
INFO: [ app_init ] --START--
INFO: Run Behavior\BuildLiteBehavior [ RunTime:0.000017s ]
INFO: [ app_init ] --END-- [ RunTime:0.000500s ]
INFO: [ app_begin ] --START--
INFO: Run Behavior\ReadHtmlCacheBehavior [ RunTime:0.000603s ]
INFO: [ app_begin ] --END-- [ RunTime:0.000668s ]
SQL: SHOW COLUMNS FROM `users` [ RunTime:0.0026s ]
SQL: SELECT * FROM `users` WHERE `username` = 'Guide_Test' LIMIT 1   [ RunTime:0.0005s ]
INFO: [ view_parse ] --START--
INFO: [ template_filter ] --START--
INFO: Run Behavior\ContentReplaceBehavior [ RunTime:0.000039s ]
INFO: [ template_filter ] --END-- [ RunTime:0.000100s ]
INFO: Run Behavior\ParseTemplateBehavior [ RunTime:0.013889s ]
INFO: [ view_parse ] --END-- [ RunTime:0.013973s ]
INFO: [ view_filter ] --START--
INFO: Run Behavior\WriteHtmlCacheBehavior [ RunTime:0.000197s ]
INFO: [ view_filter ] --END-- [ RunTime:0.000240s ]
INFO: [ app_end ] --START--
INFO: Run Behavior\ShowPageTraceBehavior [ RunTime:0.000456s ]
INFO: [ app_end ] --END-- [ RunTime:0.000499s ]

[ 2015-08-11T11:49:21+08:00 ] ::1 /~GreysTone/index.php/Home/Index/mainpage_guide.html
INFO: [ app_init ] --START--
INFO: Run Behavior\BuildLiteBehavior [ RunTime:0.000018s ]
INFO: [ app_init ] --END-- [ RunTime:0.000362s ]
INFO: [ app_begin ] --START--
INFO: Run Behavior\ReadHtmlCacheBehavior [ RunTime:0.000469s ]
INFO: [ app_begin ] --END-- [ RunTime:0.000524s ]
SQL: SHOW COLUMNS FROM `rooms` [ RunTime:0.0020s ]
SQL: SELECT * FROM `rooms`  [ RunTime:0.0003s ]
SQL: SHOW COLUMNS FROM `television_waiting_list` [ RunTime:0.0025s ]
SQL: SELECT * FROM `television_waiting_list`  [ RunTime:0.0002s ]
SQL: SHOW COLUMNS FROM `radio_waiting_list` [ RunTime:0.0027s ]
SQL: SELECT * FROM `radio_waiting_list`  [ RunTime:0.0003s ]
SQL: SHOW COLUMNS FROM `microinfo_waiting_list` [ RunTime:0.0019s ]
SQL: SELECT * FROM `microinfo_waiting_list`  [ RunTime:0.0003s ]
INFO: [ view_parse ] --START--
INFO: [ template_filter ] --START--
INFO: Run Behavior\ContentReplaceBehavior [ RunTime:0.000146s ]
INFO: [ template_filter ] --END-- [ RunTime:0.000251s ]

[ 2015-08-11T11:49:40+08:00 ] ::1 /~GreysTone/index.php/Home/Index/mainpage_guide.html
INFO: [ app_init ] --START--
INFO: Run Behavior\BuildLiteBehavior [ RunTime:0.000013s ]
INFO: [ app_init ] --END-- [ RunTime:0.000309s ]
INFO: [ app_begin ] --START--
INFO: Run Behavior\ReadHtmlCacheBehavior [ RunTime:0.000406s ]
INFO: [ app_begin ] --END-- [ RunTime:0.000451s ]
SQL: SHOW COLUMNS FROM `rooms` [ RunTime:0.0037s ]
SQL: SELECT * FROM `rooms`  [ RunTime:0.0003s ]
SQL: SHOW COLUMNS FROM `television_waiting_list` [ RunTime:0.0029s ]
SQL: SELECT * FROM `television_waiting_list`  [ RunTime:0.0002s ]
SQL: SHOW COLUMNS FROM `radio_waiting_list` [ RunTime:0.0032s ]
SQL: SELECT * FROM `radio_waiting_list`  [ RunTime:0.0003s ]
SQL: SHOW COLUMNS FROM `microinfo_waiting_list` [ RunTime:0.0036s ]
SQL: SELECT * FROM `microinfo_waiting_list`  [ RunTime:0.0002s ]
INFO: [ view_parse ] --START--
INFO: [ template_filter ] --START--
INFO: Run Behavior\ContentReplaceBehavior [ RunTime:0.000043s ]
INFO: [ template_filter ] --END-- [ RunTime:0.000098s ]
NOTIC: [8] Undefined offset: 1 /Users/GreysTone/Sites/Application/Runtime/Cache/Home/4894a0b7568900eda3431c43ee344488.php 第 21 行.
NOTIC: [8] Undefined offset: 2 /Users/GreysTone/Sites/Application/Runtime/Cache/Home/4894a0b7568900eda3431c43ee344488.php 第 21 行.
INFO: Run Behavior\ParseTemplateBehavior [ RunTime:0.015424s ]
INFO: [ view_parse ] --END-- [ RunTime:0.015496s ]
INFO: [ view_filter ] --START--
INFO: Run Behavior\WriteHtmlCacheBehavior [ RunTime:0.000342s ]
INFO: [ view_filter ] --END-- [ RunTime:0.000417s ]
NOTIC: [2] Cannot modify header information - headers already sent by (output started at /Users/GreysTone/Sites/Application/Home/Controller/IndexController.class.php:133) /Users/GreysTone/Sites/ThinkPHP/Library/Think/View.class.php 第 91 行.
NOTIC: [2] Cannot modify header information - headers already sent by (output started at /Users/GreysTone/Sites/Application/Home/Controller/IndexController.class.php:133) /Users/GreysTone/Sites/ThinkPHP/Library/Think/View.class.php 第 92 行.
NOTIC: [2] Cannot modify header information - headers already sent by (output started at /Users/GreysTone/Sites/Application/Home/Controller/IndexController.class.php:133) /Users/GreysTone/Sites/ThinkPHP/Library/Think/View.class.php 第 93 行.
INFO: [ app_end ] --START--
INFO: Run Behavior\ShowPageTraceBehavior [ RunTime:0.000691s ]
INFO: [ app_end ] --END-- [ RunTime:0.000773s ]

[ 2015-08-11T11:51:15+08:00 ] ::1 /~GreysTone/index.php/Home/Index/mainpage_guide.html
INFO: [ app_init ] --START--
INFO: Run Behavior\BuildLiteBehavior [ RunTime:0.000017s ]
INFO: [ app_init ] --END-- [ RunTime:0.001172s ]
INFO: [ app_begin ] --START--
INFO: Run Behavior\ReadHtmlCacheBehavior [ RunTime:0.001302s ]
INFO: [ app_begin ] --END-- [ RunTime:0.001350s ]
SQL: SHOW COLUMNS FROM `rooms` [ RunTime:0.0039s ]
SQL: SELECT * FROM `rooms`  [ RunTime:0.0007s ]
SQL: SHOW COLUMNS FROM `television_waiting_list` [ RunTime:0.0031s ]
SQL: SELECT * FROM `television_waiting_list`  [ RunTime:0.0002s ]
SQL: SHOW COLUMNS FROM `radio_waiting_list` [ RunTime:0.0504s ]
SQL: SELECT * FROM `radio_waiting_list`  [ RunTime:0.0003s ]
SQL: SHOW COLUMNS FROM `microinfo_waiting_list` [ RunTime:0.0031s ]
SQL: SELECT * FROM `microinfo_waiting_list`  [ RunTime:0.0002s ]
INFO: [ view_parse ] --START--
INFO: [ template_filter ] --START--
INFO: Run Behavior\ContentReplaceBehavior [ RunTime:0.000051s ]
INFO: [ template_filter ] --END-- [ RunTime:0.000126s ]
NOTIC: [8] Undefined offset: 1 /Users/GreysTone/Sites/Application/Runtime/Cache/Home/4894a0b7568900eda3431c43ee344488.php 第 21 行.
NOTIC: [8] Undefined offset: 2 /Users/GreysTone/Sites/Application/Runtime/Cache/Home/4894a0b7568900eda3431c43ee344488.php 第 21 行.
INFO: Run Behavior\ParseTemplateBehavior [ RunTime:0.027870s ]
INFO: [ view_parse ] --END-- [ RunTime:0.027924s ]
INFO: [ view_filter ] --START--
INFO: Run Behavior\WriteHtmlCacheBehavior [ RunTime:0.001727s ]
INFO: [ view_filter ] --END-- [ RunTime:0.001778s ]
NOTIC: [2] Cannot modify header information - headers already sent by (output started at /Users/GreysTone/Sites/Application/Home/Controller/IndexController.class.php:133) /Users/GreysTone/Sites/ThinkPHP/Library/Think/View.class.php 第 91 行.
NOTIC: [2] Cannot modify header information - headers already sent by (output started at /Users/GreysTone/Sites/Application/Home/Controller/IndexController.class.php:133) /Users/GreysTone/Sites/ThinkPHP/Library/Think/View.class.php 第 92 行.
NOTIC: [2] Cannot modify header information - headers already sent by (output started at /Users/GreysTone/Sites/Application/Home/Controller/IndexController.class.php:133) /Users/GreysTone/Sites/ThinkPHP/Library/Think/View.class.php 第 93 行.
INFO: [ app_end ] --START--
INFO: Run Behavior\ShowPageTraceBehavior [ RunTime:0.003062s ]
INFO: [ app_end ] --END-- [ RunTime:0.003114s ]

[ 2015-08-11T11:53:41+08:00 ] ::1 /~GreysTone/index.php/Home/Index/mainpage_guide.html
INFO: [ app_init ] --START--
INFO: Run Behavior\BuildLiteBehavior [ RunTime:0.000015s ]
INFO: [ app_init ] --END-- [ RunTime:0.000333s ]
INFO: [ app_begin ] --START--
INFO: Run Behavior\ReadHtmlCacheBehavior [ RunTime:0.000438s ]
INFO: [ app_begin ] --END-- [ RunTime:0.000487s ]
SQL: SHOW COLUMNS FROM `rooms` [ RunTime:0.0033s ]
SQL: SELECT * FROM `rooms`  [ RunTime:0.0003s ]
SQL: SHOW COLUMNS FROM `television_waiting_list` [ RunTime:0.0058s ]
SQL: SELECT * FROM `television_waiting_list`  [ RunTime:0.0003s ]
SQL: SHOW COLUMNS FROM `radio_waiting_list` [ RunTime:0.0030s ]
SQL: SELECT * FROM `radio_waiting_list`  [ RunTime:0.0003s ]
SQL: SHOW COLUMNS FROM `microinfo_waiting_list` [ RunTime:0.0080s ]
SQL: SELECT * FROM `microinfo_waiting_list`  [ RunTime:0.0004s ]
INFO: [ view_parse ] --START--
INFO: [ template_filter ] --START--
INFO: Run Behavior\ContentReplaceBehavior [ RunTime:0.000048s ]
INFO: [ template_filter ] --END-- [ RunTime:0.000117s ]
NOTIC: [8] Undefined offset: 1 /Users/GreysTone/Sites/Application/Runtime/Cache/Home/4894a0b7568900eda3431c43ee344488.php 第 21 行.
NOTIC: [8] Undefined offset: 2 /Users/GreysTone/Sites/Application/Runtime/Cache/Home/4894a0b7568900eda3431c43ee344488.php 第 21 行.
INFO: Run Behavior\ParseTemplateBehavior [ RunTime:0.022378s ]
INFO: [ view_parse ] --END-- [ RunTime:0.022456s ]
INFO: [ view_filter ] --START--
INFO: Run Behavior\WriteHtmlCacheBehavior [ RunTime:0.000329s ]
INFO: [ view_filter ] --END-- [ RunTime:0.000388s ]
NOTIC: [2] Cannot modify header information - headers already sent by (output started at /Users/GreysTone/Sites/Application/Home/Controller/IndexController.class.php:133) /Users/GreysTone/Sites/ThinkPHP/Library/Think/View.class.php 第 91 行.
NOTIC: [2] Cannot modify header information - headers already sent by (output started at /Users/GreysTone/Sites/Application/Home/Controller/IndexController.class.php:133) /Users/GreysTone/Sites/ThinkPHP/Library/Think/View.class.php 第 92 行.
NOTIC: [2] Cannot modify header information - headers already sent by (output started at /Users/GreysTone/Sites/Application/Home/Controller/IndexController.class.php:133) /Users/GreysTone/Sites/ThinkPHP/Library/Think/View.class.php 第 93 行.
INFO: [ app_end ] --START--
INFO: Run Behavior\ShowPageTraceBehavior [ RunTime:0.000486s ]
INFO: [ app_end ] --END-- [ RunTime:0.000531s ]

[ 2015-08-11T11:55:52+08:00 ] ::1 /~GreysTone/index.php/Home/Index/mainpage_guide.html
INFO: [ app_init ] --START--
INFO: Run Behavior\BuildLiteBehavior [ RunTime:0.000014s ]
INFO: [ app_init ] --END-- [ RunTime:0.000327s ]
INFO: [ app_begin ] --START--
INFO: Run Behavior\ReadHtmlCacheBehavior [ RunTime:0.000464s ]
INFO: [ app_begin ] --END-- [ RunTime:0.000517s ]
SQL: SHOW COLUMNS FROM `rooms` [ RunTime:0.0031s ]
SQL: SELECT * FROM `rooms`  [ RunTime:0.0003s ]
SQL: SHOW COLUMNS FROM `television_waiting_list` [ RunTime:0.0032s ]
SQL: SELECT * FROM `television_waiting_list`  [ RunTime:0.0003s ]
SQL: SHOW COLUMNS FROM `radio_waiting_list` [ RunTime:0.0023s ]
SQL: SELECT * FROM `radio_waiting_list`  [ RunTime:0.0004s ]
SQL: SHOW COLUMNS FROM `microinfo_waiting_list` [ RunTime:0.0035s ]
SQL: SELECT * FROM `microinfo_waiting_list`  [ RunTime:0.0003s ]
INFO: [ view_parse ] --START--
INFO: [ template_filter ] --START--
INFO: Run Behavior\ContentReplaceBehavior [ RunTime:0.000052s ]
INFO: [ template_filter ] --END-- [ RunTime:0.000122s ]
NOTIC: [8] Undefined offset: 1 /Users/GreysTone/Sites/Application/Runtime/Cache/Home/4894a0b7568900eda3431c43ee344488.php 第 21 行.
NOTIC: [8] Undefined offset: 2 /Users/GreysTone/Sites/Application/Runtime/Cache/Home/4894a0b7568900eda3431c43ee344488.php 第 21 行.
INFO: Run Behavior\ParseTemplateBehavior [ RunTime:0.015820s ]
INFO: [ view_parse ] --END-- [ RunTime:0.015891s ]
INFO: [ view_filter ] --START--
INFO: Run Behavior\WriteHtmlCacheBehavior [ RunTime:0.000283s ]
INFO: [ view_filter ] --END-- [ RunTime:0.000337s ]
NOTIC: [2] Cannot modify header information - headers already sent by (output started at /Users/GreysTone/Sites/Application/Home/Controller/IndexController.class.php:133) /Users/GreysTone/Sites/ThinkPHP/Library/Think/View.class.php 第 91 行.
NOTIC: [2] Cannot modify header information - headers already sent by (output started at /Users/GreysTone/Sites/Application/Home/Controller/IndexController.class.php:133) /Users/GreysTone/Sites/ThinkPHP/Library/Think/View.class.php 第 92 行.
NOTIC: [2] Cannot modify header information - headers already sent by (output started at /Users/GreysTone/Sites/Application/Home/Controller/IndexController.class.php:133) /Users/GreysTone/Sites/ThinkPHP/Library/Think/View.class.php 第 93 行.
INFO: [ app_end ] --START--
INFO: Run Behavior\ShowPageTraceBehavior [ RunTime:0.000473s ]
INFO: [ app_end ] --END-- [ RunTime:0.000519s ]

[ 2015-08-11T11:56:28+08:00 ] ::1 /~GreysTone/index.php/Home/Index/mainpage_guide.html
INFO: [ app_init ] --START--
INFO: Run Behavior\BuildLiteBehavior [ RunTime:0.000014s ]
INFO: [ app_init ] --END-- [ RunTime:0.000333s ]
INFO: [ app_begin ] --START--
INFO: Run Behavior\ReadHtmlCacheBehavior [ RunTime:0.000435s ]
INFO: [ app_begin ] --END-- [ RunTime:0.000482s ]
SQL: SHOW COLUMNS FROM `rooms` [ RunTime:0.0021s ]
SQL: SELECT * FROM `rooms`  [ RunTime:0.0003s ]
SQL: SHOW COLUMNS FROM `television_waiting_list` [ RunTime:0.0021s ]
SQL: SELECT * FROM `television_waiting_list`  [ RunTime:0.0002s ]
SQL: SHOW COLUMNS FROM `radio_waiting_list` [ RunTime:0.0384s ]
SQL: SELECT * FROM `radio_waiting_list`  [ RunTime:0.0003s ]
SQL: SHOW COLUMNS FROM `microinfo_waiting_list` [ RunTime:0.0036s ]
SQL: SELECT * FROM `microinfo_waiting_list`  [ RunTime:0.0003s ]
INFO: [ view_parse ] --START--
INFO: [ template_filter ] --START--
INFO: Run Behavior\ContentReplaceBehavior [ RunTime:0.000053s ]
INFO: [ template_filter ] --END-- [ RunTime:0.000128s ]
NOTIC: [8] Undefined offset: 1 /Users/GreysTone/Sites/Application/Runtime/Cache/Home/4894a0b7568900eda3431c43ee344488.php 第 21 行.
NOTIC: [8] Undefined offset: 2 /Users/GreysTone/Sites/Application/Runtime/Cache/Home/4894a0b7568900eda3431c43ee344488.php 第 21 行.
INFO: Run Behavior\ParseTemplateBehavior [ RunTime:0.019277s ]
INFO: [ view_parse ] --END-- [ RunTime:0.019341s ]
INFO: [ view_filter ] --START--
INFO: Run Behavior\WriteHtmlCacheBehavior [ RunTime:0.000261s ]
INFO: [ view_filter ] --END-- [ RunTime:0.000306s ]
NOTIC: [2] Cannot modify header information - headers already sent by (output started at /Users/GreysTone/Sites/Application/Home/Controller/IndexController.class.php:133) /Users/GreysTone/Sites/ThinkPHP/Library/Think/View.class.php 第 91 行.
NOTIC: [2] Cannot modify header information - headers already sent by (output started at /Users/GreysTone/Sites/Application/Home/Controller/IndexController.class.php:133) /Users/GreysTone/Sites/ThinkPHP/Library/Think/View.class.php 第 92 行.
NOTIC: [2] Cannot modify header information - headers already sent by (output started at /Users/GreysTone/Sites/Application/Home/Controller/IndexController.class.php:133) /Users/GreysTone/Sites/ThinkPHP/Library/Think/View.class.php 第 93 行.
INFO: [ app_end ] --START--
INFO: Run Behavior\ShowPageTraceBehavior [ RunTime:0.000494s ]
INFO: [ app_end ] --END-- [ RunTime:0.000541s ]

[ 2015-08-11T11:57:22+08:00 ] ::1 /~GreysTone/index.php/Home/Index/mainpage_guide.html
INFO: [ app_init ] --START--
INFO: Run Behavior\BuildLiteBehavior [ RunTime:0.000013s ]
INFO: [ app_init ] --END-- [ RunTime:0.000325s ]
INFO: [ app_begin ] --START--
INFO: Run Behavior\ReadHtmlCacheBehavior [ RunTime:0.000451s ]
INFO: [ app_begin ] --END-- [ RunTime:0.000558s ]
SQL: SHOW COLUMNS FROM `rooms` [ RunTime:0.0033s ]
SQL: SELECT * FROM `rooms`  [ RunTime:0.0003s ]
SQL: SHOW COLUMNS FROM `television_waiting_list` [ RunTime:0.0026s ]
SQL: SELECT * FROM `television_waiting_list`  [ RunTime:0.0003s ]
SQL: SHOW COLUMNS FROM `radio_waiting_list` [ RunTime:0.0034s ]
SQL: SELECT * FROM `radio_waiting_list`  [ RunTime:0.0003s ]
SQL: SHOW COLUMNS FROM `microinfo_waiting_list` [ RunTime:0.0040s ]
SQL: SELECT * FROM `microinfo_waiting_list`  [ RunTime:0.0002s ]
INFO: [ view_parse ] --START--
INFO: [ template_filter ] --START--
INFO: Run Behavior\ContentReplaceBehavior [ RunTime:0.000049s ]
INFO: [ template_filter ] --END-- [ RunTime:0.000121s ]
NOTIC: [8] Undefined offset: 1 /Users/GreysTone/Sites/Application/Runtime/Cache/Home/4894a0b7568900eda3431c43ee344488.php 第 21 行.
NOTIC: [8] Undefined offset: 2 /Users/GreysTone/Sites/Application/Runtime/Cache/Home/4894a0b7568900eda3431c43ee344488.php 第 21 行.
INFO: Run Behavior\ParseTemplateBehavior [ RunTime:0.016347s ]
INFO: [ view_parse ] --END-- [ RunTime:0.016404s ]
INFO: [ view_filter ] --START--
INFO: Run Behavior\WriteHtmlCacheBehavior [ RunTime:0.000175s ]
INFO: [ view_filter ] --END-- [ RunTime:0.000218s ]
NOTIC: [2] Cannot modify header information - headers already sent by (output started at /Users/GreysTone/Sites/Application/Home/Controller/IndexController.class.php:133) /Users/GreysTone/Sites/ThinkPHP/Library/Think/View.class.php 第 91 行.
NOTIC: [2] Cannot modify header information - headers already sent by (output started at /Users/GreysTone/Sites/Application/Home/Controller/IndexController.class.php:133) /Users/GreysTone/Sites/ThinkPHP/Library/Think/View.class.php 第 92 行.
NOTIC: [2] Cannot modify header information - headers already sent by (output started at /Users/GreysTone/Sites/Application/Home/Controller/IndexController.class.php:133) /Users/GreysTone/Sites/ThinkPHP/Library/Think/View.class.php 第 93 行.
INFO: [ app_end ] --START--
INFO: Run Behavior\ShowPageTraceBehavior [ RunTime:0.000457s ]
INFO: [ app_end ] --END-- [ RunTime:0.000501s ]

[ 2015-08-11T12:02:13+08:00 ] ::1 /~GreysTone/index.php/Home/Index/mainpage_guide.html
INFO: [ app_init ] --START--
INFO: Run Behavior\BuildLiteBehavior [ RunTime:0.000017s ]
INFO: [ app_init ] --END-- [ RunTime:0.001158s ]
INFO: [ app_begin ] --START--
INFO: Run Behavior\ReadHtmlCacheBehavior [ RunTime:0.001236s ]
INFO: [ app_begin ] --END-- [ RunTime:0.001311s ]
SQL: SHOW COLUMNS FROM `rooms` [ RunTime:0.2571s ]
SQL: SELECT * FROM `rooms`  [ RunTime:0.0005s ]
SQL: SHOW COLUMNS FROM `television_waiting_list` [ RunTime:0.2648s ]
SQL: SELECT * FROM `television_waiting_list`  [ RunTime:0.0003s ]
SQL: SHOW COLUMNS FROM `radio_waiting_list` [ RunTime:0.0023s ]
SQL: SELECT * FROM `radio_waiting_list`  [ RunTime:0.0003s ]
SQL: SHOW COLUMNS FROM `microinfo_waiting_list` [ RunTime:0.0722s ]
SQL: SELECT * FROM `microinfo_waiting_list`  [ RunTime:0.0003s ]
INFO: [ view_parse ] --START--
INFO: [ template_filter ] --START--
INFO: Run Behavior\ContentReplaceBehavior [ RunTime:0.000055s ]
INFO: [ template_filter ] --END-- [ RunTime:0.000137s ]
NOTIC: [8] Undefined offset: 1 /Users/GreysTone/Sites/Application/Runtime/Cache/Home/4894a0b7568900eda3431c43ee344488.php 第 27 行.
NOTIC: [8] Undefined offset: 2 /Users/GreysTone/Sites/Application/Runtime/Cache/Home/4894a0b7568900eda3431c43ee344488.php 第 27 行.
INFO: Run Behavior\ParseTemplateBehavior [ RunTime:0.031261s ]
INFO: [ view_parse ] --END-- [ RunTime:0.031317s ]
INFO: [ view_filter ] --START--
INFO: Run Behavior\WriteHtmlCacheBehavior [ RunTime:0.001712s ]
INFO: [ view_filter ] --END-- [ RunTime:0.001755s ]
NOTIC: [2] Cannot modify header information - headers already sent by (output started at /Users/GreysTone/Sites/Application/Home/Controller/IndexController.class.php:133) /Users/GreysTone/Sites/ThinkPHP/Library/Think/View.class.php 第 91 行.
NOTIC: [2] Cannot modify header information - headers already sent by (output started at /Users/GreysTone/Sites/Application/Home/Controller/IndexController.class.php:133) /Users/GreysTone/Sites/ThinkPHP/Library/Think/View.class.php 第 92 行.
NOTIC: [2] Cannot modify header information - headers already sent by (output started at /Users/GreysTone/Sites/Application/Home/Controller/IndexController.class.php:133) /Users/GreysTone/Sites/ThinkPHP/Library/Think/View.class.php 第 93 行.
INFO: [ app_end ] --START--
INFO: Run Behavior\ShowPageTraceBehavior [ RunTime:0.003350s ]
INFO: [ app_end ] --END-- [ RunTime:0.003415s ]

[ 2015-08-11T13:51:26+08:00 ] ::1 /~GreysTone/index.php/Home/Index/mainpage_guide.html
INFO: [ app_init ] --START--
INFO: Run Behavior\BuildLiteBehavior [ RunTime:0.000018s ]
INFO: [ app_init ] --END-- [ RunTime:0.001213s ]
INFO: [ app_begin ] --START--
INFO: Run Behavior\ReadHtmlCacheBehavior [ RunTime:0.001321s ]
INFO: [ app_begin ] --END-- [ RunTime:0.001390s ]
SQL: SHOW COLUMNS FROM `rooms` [ RunTime:0.0024s ]
SQL: SELECT * FROM `rooms`  [ RunTime:0.0002s ]
SQL: SHOW COLUMNS FROM `television_waiting_list` [ RunTime:0.0044s ]
SQL: SELECT * FROM `television_waiting_list`  [ RunTime:0.0003s ]
SQL: SHOW COLUMNS FROM `radio_waiting_list` [ RunTime:0.0041s ]
SQL: SELECT * FROM `radio_waiting_list`  [ RunTime:0.0003s ]
SQL: SHOW COLUMNS FROM `microinfo_waiting_list` [ RunTime:0.0017s ]
SQL: SELECT * FROM `microinfo_waiting_list`  [ RunTime:0.0003s ]
INFO: [ view_parse ] --START--
INFO: [ template_filter ] --START--
INFO: Run Behavior\ContentReplaceBehavior [ RunTime:0.000048s ]
INFO: [ template_filter ] --END-- [ RunTime:0.000109s ]
NOTIC: [8] Undefined variable: sn /Users/GreysTone/Sites/Application/Runtime/Cache/Home/4894a0b7568900eda3431c43ee344488.php 第 29 行.
NOTIC: [8] Undefined variable: sn /Users/GreysTone/Sites/Application/Runtime/Cache/Home/4894a0b7568900eda3431c43ee344488.php 第 36 行.
NOTIC: [8] Undefined variable: sn /Users/GreysTone/Sites/Application/Runtime/Cache/Home/4894a0b7568900eda3431c43ee344488.php 第 43 行.
NOTIC: [8] Undefined variable: sn /Users/GreysTone/Sites/Application/Runtime/Cache/Home/4894a0b7568900eda3431c43ee344488.php 第 50 行.
NOTIC: [8] Undefined offset: 1 /Users/GreysTone/Sites/Application/Runtime/Cache/Home/4894a0b7568900eda3431c43ee344488.php 第 55 行.
NOTIC: [8] Undefined offset: 2 /Users/GreysTone/Sites/Application/Runtime/Cache/Home/4894a0b7568900eda3431c43ee344488.php 第 55 行.
INFO: Run Behavior\ParseTemplateBehavior [ RunTime:0.036492s ]
INFO: [ view_parse ] --END-- [ RunTime:0.036543s ]
INFO: [ view_filter ] --START--
INFO: Run Behavior\WriteHtmlCacheBehavior [ RunTime:0.002397s ]
INFO: [ view_filter ] --END-- [ RunTime:0.002465s ]
NOTIC: [2] Cannot modify header information - headers already sent by (output started at /Users/GreysTone/Sites/Application/Home/Controller/IndexController.class.php:133) /Users/GreysTone/Sites/ThinkPHP/Library/Think/View.class.php 第 91 行.
NOTIC: [2] Cannot modify header information - headers already sent by (output started at /Users/GreysTone/Sites/Application/Home/Controller/IndexController.class.php:133) /Users/GreysTone/Sites/ThinkPHP/Library/Think/View.class.php 第 92 行.
NOTIC: [2] Cannot modify header information - headers already sent by (output started at /Users/GreysTone/Sites/Application/Home/Controller/IndexController.class.php:133) /Users/GreysTone/Sites/ThinkPHP/Library/Think/View.class.php 第 93 行.
INFO: [ app_end ] --START--
INFO: Run Behavior\ShowPageTraceBehavior [ RunTime:0.001088s ]
INFO: [ app_end ] --END-- [ RunTime:0.001148s ]

[ 2015-08-11T13:51:50+08:00 ] ::1 /~GreysTone/index.php/Home/Index/mainpage_guide.html
INFO: [ app_init ] --START--
INFO: Run Behavior\BuildLiteBehavior [ RunTime:0.000013s ]
INFO: [ app_init ] --END-- [ RunTime:0.000321s ]
INFO: [ app_begin ] --START--
INFO: Run Behavior\ReadHtmlCacheBehavior [ RunTime:0.000413s ]
INFO: [ app_begin ] --END-- [ RunTime:0.000457s ]
SQL: SHOW COLUMNS FROM `rooms` [ RunTime:0.0037s ]
SQL: SELECT * FROM `rooms`  [ RunTime:0.0003s ]
SQL: SHOW COLUMNS FROM `television_waiting_list` [ RunTime:0.0019s ]
SQL: SELECT * FROM `television_waiting_list`  [ RunTime:0.0002s ]
SQL: SHOW COLUMNS FROM `radio_waiting_list` [ RunTime:0.0029s ]
SQL: SELECT * FROM `radio_waiting_list`  [ RunTime:0.0003s ]
SQL: SHOW COLUMNS FROM `microinfo_waiting_list` [ RunTime:0.0044s ]
SQL: SELECT * FROM `microinfo_waiting_list`  [ RunTime:0.0003s ]
INFO: [ view_parse ] --START--
INFO: [ template_filter ] --START--
INFO: Run Behavior\ContentReplaceBehavior [ RunTime:0.000061s ]
INFO: [ template_filter ] --END-- [ RunTime:0.000142s ]
NOTIC: [8] Undefined variable: sn /Users/GreysTone/Sites/Application/Runtime/Cache/Home/4894a0b7568900eda3431c43ee344488.php 第 29 行.
NOTIC: [8] Undefined variable: sn /Users/GreysTone/Sites/Application/Runtime/Cache/Home/4894a0b7568900eda3431c43ee344488.php 第 36 行.
NOTIC: [8] Undefined variable: sn /Users/GreysTone/Sites/Application/Runtime/Cache/Home/4894a0b7568900eda3431c43ee344488.php 第 43 行.
NOTIC: [8] Undefined variable: sn /Users/GreysTone/Sites/Application/Runtime/Cache/Home/4894a0b7568900eda3431c43ee344488.php 第 50 行.
NOTIC: [8] Undefined offset: 1 /Users/GreysTone/Sites/Application/Runtime/Cache/Home/4894a0b7568900eda3431c43ee344488.php 第 55 行.
NOTIC: [8] Undefined offset: 2 /Users/GreysTone/Sites/Application/Runtime/Cache/Home/4894a0b7568900eda3431c43ee344488.php 第 55 行.
INFO: Run Behavior\ParseTemplateBehavior [ RunTime:0.019016s ]
INFO: [ view_parse ] --END-- [ RunTime:0.019087s ]
INFO: [ view_filter ] --START--
INFO: Run Behavior\WriteHtmlCacheBehavior [ RunTime:0.000332s ]
INFO: [ view_filter ] --END-- [ RunTime:0.000410s ]
NOTIC: [2] Cannot modify header information - headers already sent by (output started at /Users/GreysTone/Sites/Application/Home/Controller/IndexController.class.php:133) /Users/GreysTone/Sites/ThinkPHP/Library/Think/View.class.php 第 91 行.
NOTIC: [2] Cannot modify header information - headers already sent by (output started at /Users/GreysTone/Sites/Application/Home/Controller/IndexController.class.php:133) /Users/GreysTone/Sites/ThinkPHP/Library/Think/View.class.php 第 92 行.
NOTIC: [2] Cannot modify header information - headers already sent by (output started at /Users/GreysTone/Sites/Application/Home/Controller/IndexController.class.php:133) /Users/GreysTone/Sites/ThinkPHP/Library/Think/View.class.php 第 93 行.
INFO: [ app_end ] --START--
INFO: Run Behavior\ShowPageTraceBehavior [ RunTime:0.000690s ]
INFO: [ app_end ] --END-- [ RunTime:0.000781s ]

[ 2015-08-11T14:02:18+08:00 ] ::1 /~GreysTone/index.php/Home/Index/index.php?s=/Home/Index/logout_post/
INFO: [ app_init ] --START--
INFO: Run Behavior\BuildLiteBehavior [ RunTime:0.000022s ]
INFO: [ app_init ] --END-- [ RunTime:0.001376s ]
INFO: [ app_begin ] --START--
INFO: Run Behavior\ReadHtmlCacheBehavior [ RunTime:0.001481s ]
INFO: [ app_begin ] --END-- [ RunTime:0.001581s ]

[ 2015-08-11T14:02:33+08:00 ] ::1 /~GreysTone/index.php/Home/Index/index.php?s=/Home/Index/login_post/
INFO: [ app_init ] --START--
INFO: Run Behavior\BuildLiteBehavior [ RunTime:0.000015s ]
INFO: [ app_init ] --END-- [ RunTime:0.000330s ]
INFO: [ app_begin ] --START--
INFO: Run Behavior\ReadHtmlCacheBehavior [ RunTime:0.000441s ]
INFO: [ app_begin ] --END-- [ RunTime:0.000494s ]
SQL: SHOW COLUMNS FROM `users` [ RunTime:0.0033s ]
SQL: SELECT * FROM `users` WHERE `username` = 'GreysTone' LIMIT 1   [ RunTime:0.0003s ]
INFO: [ view_parse ] --START--
INFO: [ template_filter ] --START--
INFO: Run Behavior\ContentReplaceBehavior [ RunTime:0.000045s ]
INFO: [ template_filter ] --END-- [ RunTime:0.000120s ]
INFO: Run Behavior\ParseTemplateBehavior [ RunTime:0.031441s ]
INFO: [ view_parse ] --END-- [ RunTime:0.031531s ]
INFO: [ view_filter ] --START--
INFO: Run Behavior\WriteHtmlCacheBehavior [ RunTime:0.001419s ]
INFO: [ view_filter ] --END-- [ RunTime:0.001475s ]
INFO: [ app_end ] --START--
INFO: Run Behavior\ShowPageTraceBehavior [ RunTime:0.001574s ]
INFO: [ app_end ] --END-- [ RunTime:0.001628s ]

[ 2015-08-11T14:02:34+08:00 ] ::1 /~GreysTone/index.php/Home/Index/mainpage_admin.html
INFO: [ app_init ] --START--
INFO: Run Behavior\BuildLiteBehavior [ RunTime:0.000014s ]
INFO: [ app_init ] --END-- [ RunTime:0.000306s ]
INFO: [ app_begin ] --START--
INFO: Run Behavior\ReadHtmlCacheBehavior [ RunTime:0.000487s ]
INFO: [ app_begin ] --END-- [ RunTime:0.000544s ]
SQL: SHOW COLUMNS FROM `users` [ RunTime:0.0022s ]
SQL: SELECT * FROM `users`  [ RunTime:0.0003s ]
SQL: SHOW COLUMNS FROM `rooms` [ RunTime:0.0020s ]
SQL: SELECT * FROM `rooms`  [ RunTime:0.0002s ]
SQL: SHOW COLUMNS FROM `times` [ RunTime:0.0039s ]
SQL: SELECT * FROM `times`  [ RunTime:0.0004s ]
SQL: SHOW COLUMNS FROM `sectors` [ RunTime:0.0018s ]
SQL: SELECT * FROM `sectors`  [ RunTime:0.0003s ]
SQL: SHOW COLUMNS FROM `status_round` [ RunTime:0.0026s ]
SQL: SELECT * FROM `status_round`  [ RunTime:0.0003s ]
INFO: [ view_parse ] --START--
INFO: [ template_filter ] --START--
INFO: Run Behavior\ContentReplaceBehavior [ RunTime:0.000051s ]
INFO: [ template_filter ] --END-- [ RunTime:0.000113s ]
INFO: Run Behavior\ParseTemplateBehavior [ RunTime:0.021830s ]
INFO: [ view_parse ] --END-- [ RunTime:0.021926s ]
INFO: [ view_filter ] --START--
INFO: Run Behavior\WriteHtmlCacheBehavior [ RunTime:0.000170s ]
INFO: [ view_filter ] --END-- [ RunTime:0.000212s ]
NOTIC: [2] Cannot modify header information - headers already sent by (output started at /Users/GreysTone/Sites/Application/Home/Controller/IndexController.class.php:68) /Users/GreysTone/Sites/ThinkPHP/Library/Think/View.class.php 第 91 行.
NOTIC: [2] Cannot modify header information - headers already sent by (output started at /Users/GreysTone/Sites/Application/Home/Controller/IndexController.class.php:68) /Users/GreysTone/Sites/ThinkPHP/Library/Think/View.class.php 第 92 行.
NOTIC: [2] Cannot modify header information - headers already sent by (output started at /Users/GreysTone/Sites/Application/Home/Controller/IndexController.class.php:68) /Users/GreysTone/Sites/ThinkPHP/Library/Think/View.class.php 第 93 行.
INFO: [ app_end ] --START--
INFO: Run Behavior\ShowPageTraceBehavior [ RunTime:0.000437s ]
INFO: [ app_end ] --END-- [ RunTime:0.000480s ]

[ 2015-08-11T14:03:00+08:00 ] ::1 /~GreysTone/index.php/Home/Index/index.php?s=/Home/Index/logout_post/
INFO: [ app_init ] --START--
INFO: Run Behavior\BuildLiteBehavior [ RunTime:0.000014s ]
INFO: [ app_init ] --END-- [ RunTime:0.000312s ]
INFO: [ app_begin ] --START--
INFO: Run Behavior\ReadHtmlCacheBehavior [ RunTime:0.000423s ]
INFO: [ app_begin ] --END-- [ RunTime:0.000469s ]

[ 2015-08-11T14:11:06+08:00 ] ::1 /~GreysTone/index.php/Home/Index/index.php?s=/Home/Index/login_post/
INFO: [ app_init ] --START--
INFO: Run Behavior\BuildLiteBehavior [ RunTime:0.000020s ]
INFO: [ app_init ] --END-- [ RunTime:0.001320s ]
INFO: [ app_begin ] --START--
INFO: Run Behavior\ReadHtmlCacheBehavior [ RunTime:0.001322s ]
INFO: [ app_begin ] --END-- [ RunTime:0.001407s ]
SQL: SHOW COLUMNS FROM `users` [ RunTime:0.0043s ]
SQL: SELECT * FROM `users` WHERE `username` = 'Guide_Test' LIMIT 1   [ RunTime:0.0003s ]
INFO: [ view_parse ] --START--
INFO: [ template_filter ] --START--
INFO: Run Behavior\ContentReplaceBehavior [ RunTime:0.000044s ]
INFO: [ template_filter ] --END-- [ RunTime:0.000117s ]
INFO: Run Behavior\ParseTemplateBehavior [ RunTime:0.030726s ]
INFO: [ view_parse ] --END-- [ RunTime:0.030794s ]
INFO: [ view_filter ] --START--
INFO: Run Behavior\WriteHtmlCacheBehavior [ RunTime:0.002884s ]
INFO: [ view_filter ] --END-- [ RunTime:0.002934s ]
INFO: [ app_end ] --START--
INFO: Run Behavior\ShowPageTraceBehavior [ RunTime:0.001088s ]
INFO: [ app_end ] --END-- [ RunTime:0.001157s ]

[ 2015-08-11T14:11:07+08:00 ] ::1 /~GreysTone/index.php/Home/Index/mainpage_guide.html
INFO: [ app_init ] --START--
INFO: Run Behavior\BuildLiteBehavior [ RunTime:0.000014s ]
INFO: [ app_init ] --END-- [ RunTime:0.000330s ]
INFO: [ app_begin ] --START--
INFO: Run Behavior\ReadHtmlCacheBehavior [ RunTime:0.000415s ]
INFO: [ app_begin ] --END-- [ RunTime:0.000459s ]
SQL: SHOW COLUMNS FROM `rooms` [ RunTime:0.0025s ]
SQL: SELECT * FROM `rooms`  [ RunTime:0.0003s ]
SQL: SHOW COLUMNS FROM `television_waiting_list` [ RunTime:0.0028s ]
SQL: SELECT * FROM `television_waiting_list`  [ RunTime:0.0002s ]
SQL: SHOW COLUMNS FROM `radio_waiting_list` [ RunTime:0.0028s ]
SQL: SELECT * FROM `radio_waiting_list`  [ RunTime:0.0003s ]
SQL: SHOW COLUMNS FROM `microinfo_waiting_list` [ RunTime:0.0027s ]
SQL: SELECT * FROM `microinfo_waiting_list`  [ RunTime:0.0003s ]
INFO: [ view_parse ] --START--
INFO: [ template_filter ] --START--
INFO: Run Behavior\ContentReplaceBehavior [ RunTime:0.000050s ]
INFO: [ template_filter ] --END-- [ RunTime:0.000114s ]
NOTIC: [8] Undefined variable: sn /Users/GreysTone/Sites/Application/Runtime/Cache/Home/4894a0b7568900eda3431c43ee344488.php 第 29 行.
NOTIC: [8] Undefined variable: sn /Users/GreysTone/Sites/Application/Runtime/Cache/Home/4894a0b7568900eda3431c43ee344488.php 第 36 行.
NOTIC: [8] Undefined variable: sn /Users/GreysTone/Sites/Application/Runtime/Cache/Home/4894a0b7568900eda3431c43ee344488.php 第 43 行.
NOTIC: [8] Undefined variable: sn /Users/GreysTone/Sites/Application/Runtime/Cache/Home/4894a0b7568900eda3431c43ee344488.php 第 50 行.
NOTIC: [8] Undefined offset: 1 /Users/GreysTone/Sites/Application/Runtime/Cache/Home/4894a0b7568900eda3431c43ee344488.php 第 55 行.
NOTIC: [8] Undefined offset: 2 /Users/GreysTone/Sites/Application/Runtime/Cache/Home/4894a0b7568900eda3431c43ee344488.php 第 55 行.
INFO: Run Behavior\ParseTemplateBehavior [ RunTime:0.025192s ]
INFO: [ view_parse ] --END-- [ RunTime:0.025244s ]
INFO: [ view_filter ] --START--
INFO: Run Behavior\WriteHtmlCacheBehavior [ RunTime:0.000164s ]
INFO: [ view_filter ] --END-- [ RunTime:0.000205s ]
NOTIC: [2] Cannot modify header information - headers already sent by (output started at /Users/GreysTone/Sites/Application/Home/Controller/IndexController.class.php:133) /Users/GreysTone/Sites/ThinkPHP/Library/Think/View.class.php 第 91 行.
NOTIC: [2] Cannot modify header information - headers already sent by (output started at /Users/GreysTone/Sites/Application/Home/Controller/IndexController.class.php:133) /Users/GreysTone/Sites/ThinkPHP/Library/Think/View.class.php 第 92 行.
NOTIC: [2] Cannot modify header information - headers already sent by (output started at /Users/GreysTone/Sites/Application/Home/Controller/IndexController.class.php:133) /Users/GreysTone/Sites/ThinkPHP/Library/Think/View.class.php 第 93 行.
INFO: [ app_end ] --START--
INFO: Run Behavior\ShowPageTraceBehavior [ RunTime:0.000441s ]
INFO: [ app_end ] --END-- [ RunTime:0.000485s ]

[ 2015-08-11T18:14:56+08:00 ] ::1 /~GreysTone/index.php/Home/Index/index.php?s=/Home/Index/logout_post/
INFO: [ app_init ] --START--
INFO: Run Behavior\BuildLiteBehavior [ RunTime:0.000016s ]
INFO: [ app_init ] --END-- [ RunTime:0.001136s ]
INFO: [ app_begin ] --START--
INFO: Run Behavior\ReadHtmlCacheBehavior [ RunTime:0.001448s ]
INFO: [ app_begin ] --END-- [ RunTime:0.001533s ]

[ 2015-08-11T18:19:41+08:00 ] ::1 /~GreysTone/index.php/Home/Index/index.php?s=/Home/Index/login_post/
INFO: [ app_init ] --START--
INFO: Run Behavior\BuildLiteBehavior [ RunTime:0.000017s ]
INFO: [ app_init ] --END-- [ RunTime:0.001230s ]
INFO: [ app_begin ] --START--
INFO: Run Behavior\ReadHtmlCacheBehavior [ RunTime:0.001286s ]
INFO: [ app_begin ] --END-- [ RunTime:0.001365s ]
SQL: SHOW COLUMNS FROM `users` [ RunTime:0.0025s ]
SQL: SELECT * FROM `users` WHERE `username` = 'Interviewer_Test' LIMIT 1   [ RunTime:0.0003s ]
INFO: [ view_parse ] --START--
INFO: [ template_filter ] --START--
INFO: Run Behavior\ContentReplaceBehavior [ RunTime:0.000039s ]
INFO: [ template_filter ] --END-- [ RunTime:0.000131s ]
INFO: Run Behavior\ParseTemplateBehavior [ RunTime:0.026535s ]
INFO: [ view_parse ] --END-- [ RunTime:0.026637s ]
INFO: [ view_filter ] --START--
INFO: Run Behavior\WriteHtmlCacheBehavior [ RunTime:0.003902s ]
INFO: [ view_filter ] --END-- [ RunTime:0.003995s ]
INFO: [ app_end ] --START--
INFO: Run Behavior\ShowPageTraceBehavior [ RunTime:0.001614s ]
INFO: [ app_end ] --END-- [ RunTime:0.001713s ]

[ 2015-08-11T18:19:42+08:00 ] ::1 /~GreysTone/index.php/Home/Index/mainpage_interview.html
INFO: [ app_init ] --START--
INFO: Run Behavior\BuildLiteBehavior [ RunTime:0.000014s ]
INFO: [ app_init ] --END-- [ RunTime:0.000312s ]
INFO: [ app_begin ] --START--
INFO: Run Behavior\ReadHtmlCacheBehavior [ RunTime:0.000442s ]
INFO: [ app_begin ] --END-- [ RunTime:0.000494s ]
INFO: [ app_end ] --START--
INFO: Run Behavior\ShowPageTraceBehavior [ RunTime:0.000458s ]
INFO: [ app_end ] --END-- [ RunTime:0.000515s ]

[ 2015-08-11T18:19:49+08:00 ] ::1 /~GreysTone/index.php/Home/Index/mainpage_guide.html
INFO: [ app_init ] --START--
INFO: Run Behavior\BuildLiteBehavior [ RunTime:0.000016s ]
INFO: [ app_init ] --END-- [ RunTime:0.000342s ]
INFO: [ app_begin ] --START--
INFO: Run Behavior\ReadHtmlCacheBehavior [ RunTime:0.000464s ]
INFO: [ app_begin ] --END-- [ RunTime:0.000518s ]
INFO: [ view_parse ] --START--
INFO: [ template_filter ] --START--
INFO: Run Behavior\ContentReplaceBehavior [ RunTime:0.000037s ]
INFO: [ template_filter ] --END-- [ RunTime:0.000105s ]
INFO: Run Behavior\ParseTemplateBehavior [ RunTime:0.006175s ]
INFO: [ view_parse ] --END-- [ RunTime:0.006249s ]
INFO: [ view_filter ] --START--
INFO: Run Behavior\WriteHtmlCacheBehavior [ RunTime:0.000172s ]
INFO: [ view_filter ] --END-- [ RunTime:0.000212s ]

[ 2015-08-11T18:22:53+08:00 ] ::1 /~GreysTone/index.php/Home/Index/index.php?s=/Home/Index/login_post/
INFO: [ app_init ] --START--
INFO: Run Behavior\BuildLiteBehavior [ RunTime:0.000015s ]
INFO: [ app_init ] --END-- [ RunTime:0.000332s ]
INFO: [ app_begin ] --START--
INFO: Run Behavior\ReadHtmlCacheBehavior [ RunTime:0.000419s ]
INFO: [ app_begin ] --END-- [ RunTime:0.000465s ]
SQL: SHOW COLUMNS FROM `users` [ RunTime:0.0024s ]
SQL: SELECT * FROM `users` WHERE `username` = 'Interviewer_Test' LIMIT 1   [ RunTime:0.0003s ]
INFO: [ view_parse ] --START--
INFO: [ template_filter ] --START--
INFO: Run Behavior\ContentReplaceBehavior [ RunTime:0.000035s ]
INFO: [ template_filter ] --END-- [ RunTime:0.000090s ]
INFO: Run Behavior\ParseTemplateBehavior [ RunTime:0.011241s ]
INFO: [ view_parse ] --END-- [ RunTime:0.011315s ]
INFO: [ view_filter ] --START--
INFO: Run Behavior\WriteHtmlCacheBehavior [ RunTime:0.000193s ]
INFO: [ view_filter ] --END-- [ RunTime:0.000237s ]
INFO: [ app_end ] --START--
INFO: Run Behavior\ShowPageTraceBehavior [ RunTime:0.000489s ]
INFO: [ app_end ] --END-- [ RunTime:0.000538s ]

[ 2015-08-11T18:22:54+08:00 ] ::1 /~GreysTone/index.php/Home/Index/mainpage_interview.html
INFO: [ app_init ] --START--
INFO: Run Behavior\BuildLiteBehavior [ RunTime:0.000019s ]
INFO: [ app_init ] --END-- [ RunTime:0.000682s ]
INFO: [ app_begin ] --START--
INFO: Run Behavior\ReadHtmlCacheBehavior [ RunTime:0.000476s ]
INFO: [ app_begin ] --END-- [ RunTime:0.000537s ]
INFO: [ app_end ] --START--
INFO: Run Behavior\ShowPageTraceBehavior [ RunTime:0.000453s ]
INFO: [ app_end ] --END-- [ RunTime:0.000514s ]

[ 2015-08-11T18:23:16+08:00 ] ::1 /~GreysTone/index.php/Home/Index/mainpage_interview.html
INFO: [ app_init ] --START--
INFO: Run Behavior\BuildLiteBehavior [ RunTime:0.000014s ]
INFO: [ app_init ] --END-- [ RunTime:0.000312s ]
INFO: [ app_begin ] --START--
INFO: Run Behavior\ReadHtmlCacheBehavior [ RunTime:0.000406s ]
INFO: [ app_begin ] --END-- [ RunTime:0.000451s ]
ERR: Think\Controller:dispaly方法不存在！
NOTIC: [2] Cannot modify header information - headers already sent by (output started at /Users/GreysTone/Sites/Application/Home/Controller/IndexController.class.php:101) /Users/GreysTone/Sites/ThinkPHP/Library/Think/Think.class.php 第 229 行.
NOTIC: [2] Cannot modify header information - headers already sent by (output started at /Users/GreysTone/Sites/Application/Home/Controller/IndexController.class.php:101) /Users/GreysTone/Sites/ThinkPHP/Library/Think/Think.class.php 第 230 行.

[ 2015-08-11T18:23:23+08:00 ] ::1 /~GreysTone/index.php/Home/Index/mainpage_interview.html
INFO: [ app_init ] --START--
INFO: Run Behavior\BuildLiteBehavior [ RunTime:0.000014s ]
INFO: [ app_init ] --END-- [ RunTime:0.000409s ]
INFO: [ app_begin ] --START--
INFO: Run Behavior\ReadHtmlCacheBehavior [ RunTime:0.000499s ]
INFO: [ app_begin ] --END-- [ RunTime:0.000554s ]
INFO: [ view_parse ] --START--
INFO: [ template_filter ] --START--
INFO: Run Behavior\ContentReplaceBehavior [ RunTime:0.000035s ]
INFO: [ template_filter ] --END-- [ RunTime:0.000101s ]
INFO: Run Behavior\ParseTemplateBehavior [ RunTime:0.007529s ]
INFO: [ view_parse ] --END-- [ RunTime:0.007583s ]
INFO: [ view_filter ] --START--
INFO: Run Behavior\WriteHtmlCacheBehavior [ RunTime:0.000149s ]
INFO: [ view_filter ] --END-- [ RunTime:0.000188s ]
NOTIC: [2] Cannot modify header information - headers already sent by (output started at /Users/GreysTone/Sites/Application/Home/Controller/IndexController.class.php:101) /Users/GreysTone/Sites/ThinkPHP/Library/Think/View.class.php 第 91 行.
NOTIC: [2] Cannot modify header information - headers already sent by (output started at /Users/GreysTone/Sites/Application/Home/Controller/IndexController.class.php:101) /Users/GreysTone/Sites/ThinkPHP/Library/Think/View.class.php 第 92 行.
NOTIC: [2] Cannot modify header information - headers already sent by (output started at /Users/GreysTone/Sites/Application/Home/Controller/IndexController.class.php:101) /Users/GreysTone/Sites/ThinkPHP/Library/Think/View.class.php 第 93 行.
INFO: [ app_end ] --START--
INFO: Run Behavior\ShowPageTraceBehavior [ RunTime:0.000435s ]
INFO: [ app_end ] --END-- [ RunTime:0.000479s ]

[ 2015-08-11T18:23:37+08:00 ] ::1 /~GreysTone/index.php/Home/Index/mainpage_interview.html
INFO: [ app_init ] --START--
INFO: Run Behavior\BuildLiteBehavior [ RunTime:0.000014s ]
INFO: [ app_init ] --END-- [ RunTime:0.000318s ]
INFO: [ app_begin ] --START--
INFO: Run Behavior\ReadHtmlCacheBehavior [ RunTime:0.000411s ]
INFO: [ app_begin ] --END-- [ RunTime:0.000456s ]
INFO: [ view_parse ] --START--
INFO: [ template_filter ] --START--
INFO: Run Behavior\ContentReplaceBehavior [ RunTime:0.000031s ]
INFO: [ template_filter ] --END-- [ RunTime:0.000086s ]
INFO: Run Behavior\ParseTemplateBehavior [ RunTime:0.004858s ]
INFO: [ view_parse ] --END-- [ RunTime:0.004903s ]
INFO: [ view_filter ] --START--
INFO: Run Behavior\WriteHtmlCacheBehavior [ RunTime:0.000140s ]
INFO: [ view_filter ] --END-- [ RunTime:0.000180s ]
NOTIC: [2] Cannot modify header information - headers already sent by (output started at /Users/GreysTone/Sites/Application/Home/Controller/IndexController.class.php:101) /Users/GreysTone/Sites/ThinkPHP/Library/Think/View.class.php 第 91 行.
NOTIC: [2] Cannot modify header information - headers already sent by (output started at /Users/GreysTone/Sites/Application/Home/Controller/IndexController.class.php:101) /Users/GreysTone/Sites/ThinkPHP/Library/Think/View.class.php 第 92 行.
NOTIC: [2] Cannot modify header information - headers already sent by (output started at /Users/GreysTone/Sites/Application/Home/Controller/IndexController.class.php:101) /Users/GreysTone/Sites/ThinkPHP/Library/Think/View.class.php 第 93 行.
INFO: [ app_end ] --START--
INFO: Run Behavior\ShowPageTraceBehavior [ RunTime:0.000426s ]
INFO: [ app_end ] --END-- [ RunTime:0.000469s ]

[ 2015-08-11T18:23:46+08:00 ] ::1 /~GreysTone/index.php/Home/Index/index.php?s=/Home/Index/logout_post/
INFO: [ app_init ] --START--
INFO: Run Behavior\BuildLiteBehavior [ RunTime:0.000015s ]
INFO: [ app_init ] --END-- [ RunTime:0.000357s ]
INFO: [ app_begin ] --START--
INFO: Run Behavior\ReadHtmlCacheBehavior [ RunTime:0.000493s ]
INFO: [ app_begin ] --END-- [ RunTime:0.000543s ]

[ 2015-08-11T18:24:18+08:00 ] ::1 /~GreysTone/index.php/Home/Index/index.php?s=/Home/Index/login_post/
INFO: [ app_init ] --START--
INFO: Run Behavior\BuildLiteBehavior [ RunTime:0.000016s ]
INFO: [ app_init ] --END-- [ RunTime:0.000378s ]
INFO: [ app_begin ] --START--
INFO: Run Behavior\ReadHtmlCacheBehavior [ RunTime:0.000482s ]
INFO: [ app_begin ] --END-- [ RunTime:0.000587s ]
SQL: SHOW COLUMNS FROM `users` [ RunTime:0.0018s ]
SQL: SELECT * FROM `users` WHERE `username` = 'Supervisor_Test' LIMIT 1   [ RunTime:0.0004s ]
INFO: [ view_parse ] --START--
INFO: [ template_filter ] --START--
INFO: Run Behavior\ContentReplaceBehavior [ RunTime:0.000035s ]
INFO: [ template_filter ] --END-- [ RunTime:0.000088s ]
INFO: Run Behavior\ParseTemplateBehavior [ RunTime:0.011171s ]
INFO: [ view_parse ] --END-- [ RunTime:0.011244s ]
INFO: [ view_filter ] --START--
INFO: Run Behavior\WriteHtmlCacheBehavior [ RunTime:0.000173s ]
INFO: [ view_filter ] --END-- [ RunTime:0.000214s ]
INFO: [ app_end ] --START--
INFO: Run Behavior\ShowPageTraceBehavior [ RunTime:0.000509s ]
INFO: [ app_end ] --END-- [ RunTime:0.000552s ]

[ 2015-08-11T18:24:19+08:00 ] ::1 /~GreysTone/index.php/Home/Index/mainpage_interview.html
INFO: [ app_init ] --START--
INFO: Run Behavior\BuildLiteBehavior [ RunTime:0.000018s ]
INFO: [ app_init ] --END-- [ RunTime:0.000372s ]
INFO: [ app_begin ] --START--
INFO: Run Behavior\ReadHtmlCacheBehavior [ RunTime:0.000572s ]
INFO: [ app_begin ] --END-- [ RunTime:0.000636s ]
INFO: [ view_parse ] --START--
INFO: [ template_filter ] --START--
INFO: Run Behavior\ContentReplaceBehavior [ RunTime:0.000034s ]
INFO: [ template_filter ] --END-- [ RunTime:0.000111s ]
INFO: Run Behavior\ParseTemplateBehavior [ RunTime:0.005144s ]
INFO: [ view_parse ] --END-- [ RunTime:0.005206s ]
INFO: [ view_filter ] --START--
INFO: Run Behavior\WriteHtmlCacheBehavior [ RunTime:0.000154s ]
INFO: [ view_filter ] --END-- [ RunTime:0.000193s ]
NOTIC: [2] Cannot modify header information - headers already sent by (output started at /Users/GreysTone/Sites/Application/Home/Controller/IndexController.class.php:101) /Users/GreysTone/Sites/ThinkPHP/Library/Think/View.class.php 第 91 行.
NOTIC: [2] Cannot modify header information - headers already sent by (output started at /Users/GreysTone/Sites/Application/Home/Controller/IndexController.class.php:101) /Users/GreysTone/Sites/ThinkPHP/Library/Think/View.class.php 第 92 行.
NOTIC: [2] Cannot modify header information - headers already sent by (output started at /Users/GreysTone/Sites/Application/Home/Controller/IndexController.class.php:101) /Users/GreysTone/Sites/ThinkPHP/Library/Think/View.class.php 第 93 行.
INFO: [ app_end ] --START--
INFO: Run Behavior\ShowPageTraceBehavior [ RunTime:0.000479s ]
INFO: [ app_end ] --END-- [ RunTime:0.000524s ]

[ 2015-08-11T18:24:22+08:00 ] ::1 /~GreysTone/index.php/Home/Index/index.php?s=/Home/Index/logout_post/
INFO: [ app_init ] --START--
INFO: Run Behavior\BuildLiteBehavior [ RunTime:0.000013s ]
INFO: [ app_init ] --END-- [ RunTime:0.000331s ]
INFO: [ app_begin ] --START--
INFO: Run Behavior\ReadHtmlCacheBehavior [ RunTime:0.000411s ]
INFO: [ app_begin ] --END-- [ RunTime:0.000456s ]

