[ 2015-08-04T15:08:45+08:00 ] ::1 /~GreysTone/
INFO: [ app_init ] --START--
INFO: Run Behavior\BuildLiteBehavior [ RunTime:0.000017s ]
INFO: [ app_init ] --END-- [ RunTime:0.000135s ]
INFO: [ app_begin ] --START--
INFO: Run Behavior\ReadHtmlCacheBehavior [ RunTime:0.394912s ]
INFO: [ app_begin ] --END-- [ RunTime:0.395001s ]
INFO: [ view_parse ] --START--
INFO: [ template_filter ] --START--
INFO: Run Behavior\ContentReplaceBehavior [ RunTime:0.000038s ]
INFO: [ template_filter ] --END-- [ RunTime:0.000127s ]
INFO: Run Behavior\ParseTemplateBehavior [ RunTime:0.008751s ]
INFO: [ view_parse ] --END-- [ RunTime:0.008818s ]
INFO: [ view_filter ] --START--
INFO: Run Behavior\WriteHtmlCacheBehavior [ RunTime:0.002750s ]
INFO: [ view_filter ] --END-- [ RunTime:0.002794s ]
INFO: [ app_end ] --START--
INFO: Run Behavior\ShowPageTraceBehavior [ RunTime:0.001027s ]
INFO: [ app_end ] --END-- [ RunTime:0.001090s ]

[ 2015-08-04T15:30:08+08:00 ] ::1 /~GreysTone/
INFO: [ app_init ] --START--
INFO: Run Behavior\BuildLiteBehavior [ RunTime:0.000121s ]
INFO: [ app_init ] --END-- [ RunTime:0.001575s ]
INFO: [ app_begin ] --START--
INFO: Run Behavior\ReadHtmlCacheBehavior [ RunTime:0.001794s ]
INFO: [ app_begin ] --END-- [ RunTime:0.001887s ]
INFO: [ app_end ] --START--
INFO: Run Behavior\ShowPageTraceBehavior [ RunTime:0.001401s ]
INFO: [ app_end ] --END-- [ RunTime:0.002153s ]

[ 2015-08-04T16:21:49+08:00 ] ::1 /~GreysTone/
INFO: [ app_init ] --START--
INFO: Run Behavior\BuildLiteBehavior [ RunTime:0.000017s ]
INFO: [ app_init ] --END-- [ RunTime:0.001385s ]
INFO: [ app_begin ] --START--
INFO: Run Behavior\ReadHtmlCacheBehavior [ RunTime:0.001375s ]
INFO: [ app_begin ] --END-- [ RunTime:0.001459s ]
ERR: SQLSTATE[42S02]: Base table or view not found: 1146 Table 'enroll_admission.eroadmission_users' doesn't exist
NOTIC: [2] Cannot modify header information - headers already sent by (output started at /Users/GreysTone/Sites/Application/Home/Controller/IndexController.class.php:7) /Users/GreysTone/Sites/ThinkPHP/Library/Think/Think.class.php 第 229 行.
NOTIC: [2] Cannot modify header information - headers already sent by (output started at /Users/GreysTone/Sites/Application/Home/Controller/IndexController.class.php:7) /Users/GreysTone/Sites/ThinkPHP/Library/Think/Think.class.php 第 230 行.

[ 2015-08-04T16:22:28+08:00 ] ::1 /~GreysTone/
INFO: [ app_init ] --START--
INFO: Run Behavior\BuildLiteBehavior [ RunTime:0.000022s ]
INFO: [ app_init ] --END-- [ RunTime:0.001431s ]
INFO: [ app_begin ] --START--
INFO: Run Behavior\ReadHtmlCacheBehavior [ RunTime:0.001307s ]
INFO: [ app_begin ] --END-- [ RunTime:0.001386s ]
SQL: SHOW COLUMNS FROM `users` [ RunTime:0.0069s ]
SQL: SELECT * FROM `users`  [ RunTime:0.0005s ]
ERR: 模板不存在:./Application/Home/View/Index/index.html
NOTIC: [2] Cannot modify header information - headers already sent by (output started at /Users/GreysTone/Sites/Application/Home/Controller/IndexController.class.php:7) /Users/GreysTone/Sites/ThinkPHP/Library/Think/Think.class.php 第 229 行.
NOTIC: [2] Cannot modify header information - headers already sent by (output started at /Users/GreysTone/Sites/Application/Home/Controller/IndexController.class.php:7) /Users/GreysTone/Sites/ThinkPHP/Library/Think/Think.class.php 第 230 行.

[ 2015-08-04T16:25:41+08:00 ] ::1 /~GreysTone/
INFO: [ app_init ] --START--
INFO: Run Behavior\BuildLiteBehavior [ RunTime:0.000261s ]
INFO: [ app_init ] --END-- [ RunTime:0.001472s ]
INFO: [ app_begin ] --START--
INFO: Run Behavior\ReadHtmlCacheBehavior [ RunTime:0.023627s ]
INFO: [ app_begin ] --END-- [ RunTime:0.023735s ]
SQL: SHOW COLUMNS FROM `users` [ RunTime:0.1296s ]
SQL: SELECT * FROM `users`  [ RunTime:0.0003s ]
ERR: 模板不存在:./Application/Home/View/Index/index.html
NOTIC: [2] Cannot modify header information - headers already sent by (output started at /Users/GreysTone/Sites/Application/Home/Controller/IndexController.class.php:7) /Users/GreysTone/Sites/ThinkPHP/Library/Think/Think.class.php 第 229 行.
NOTIC: [2] Cannot modify header information - headers already sent by (output started at /Users/GreysTone/Sites/Application/Home/Controller/IndexController.class.php:7) /Users/GreysTone/Sites/ThinkPHP/Library/Think/Think.class.php 第 230 行.

[ 2015-08-04T16:28:24+08:00 ] ::1 /~GreysTone/
INFO: [ app_init ] --START--
INFO: Run Behavior\BuildLiteBehavior [ RunTime:0.000026s ]
INFO: [ app_init ] --END-- [ RunTime:0.139909s ]
INFO: [ app_begin ] --START--
INFO: Run Behavior\ReadHtmlCacheBehavior [ RunTime:0.137822s ]
INFO: [ app_begin ] --END-- [ RunTime:0.137946s ]
SQL: SHOW COLUMNS FROM `users` [ RunTime:0.0054s ]
SQL: SELECT * FROM `users`  [ RunTime:0.0003s ]
ERR: 模板不存在:./Application/Home/View/Index/index.html
NOTIC: [2] Cannot modify header information - headers already sent by (output started at /Users/GreysTone/Sites/Application/Home/Controller/IndexController.class.php:7) /Users/GreysTone/Sites/ThinkPHP/Library/Think/Think.class.php 第 229 行.
NOTIC: [2] Cannot modify header information - headers already sent by (output started at /Users/GreysTone/Sites/Application/Home/Controller/IndexController.class.php:7) /Users/GreysTone/Sites/ThinkPHP/Library/Think/Think.class.php 第 230 行.

[ 2015-08-04T16:30:16+08:00 ] ::1 /~GreysTone/
INFO: [ app_init ] --START--
INFO: Run Behavior\BuildLiteBehavior [ RunTime:0.000033s ]
INFO: [ app_init ] --END-- [ RunTime:0.005146s ]
INFO: [ app_begin ] --START--
INFO: Run Behavior\ReadHtmlCacheBehavior [ RunTime:0.007142s ]
INFO: [ app_begin ] --END-- [ RunTime:0.007268s ]
SQL: SHOW COLUMNS FROM `users` [ RunTime:0.2685s ]
SQL: SELECT * FROM `users`  [ RunTime:0.0005s ]
INFO: [ view_parse ] --START--
INFO: [ template_filter ] --START--
INFO: Run Behavior\ContentReplaceBehavior [ RunTime:0.000044s ]
INFO: [ template_filter ] --END-- [ RunTime:0.000140s ]
INFO: Run Behavior\ParseTemplateBehavior [ RunTime:0.928786s ]
INFO: [ view_parse ] --END-- [ RunTime:0.928963s ]
INFO: [ view_filter ] --START--
INFO: Run Behavior\WriteHtmlCacheBehavior [ RunTime:0.003711s ]
INFO: [ view_filter ] --END-- [ RunTime:0.003790s ]
NOTIC: [2] Cannot modify header information - headers already sent by (output started at /Users/GreysTone/Sites/Application/Home/Controller/IndexController.class.php:7) /Users/GreysTone/Sites/ThinkPHP/Library/Think/View.class.php 第 91 行.
NOTIC: [2] Cannot modify header information - headers already sent by (output started at /Users/GreysTone/Sites/Application/Home/Controller/IndexController.class.php:7) /Users/GreysTone/Sites/ThinkPHP/Library/Think/View.class.php 第 92 行.
NOTIC: [2] Cannot modify header information - headers already sent by (output started at /Users/GreysTone/Sites/Application/Home/Controller/IndexController.class.php:7) /Users/GreysTone/Sites/ThinkPHP/Library/Think/View.class.php 第 93 行.
INFO: [ app_end ] --START--
INFO: Run Behavior\ShowPageTraceBehavior [ RunTime:0.003624s ]
INFO: [ app_end ] --END-- [ RunTime:0.003724s ]

[ 2015-08-04T16:43:13+08:00 ] ::1 /~GreysTone/
INFO: [ app_init ] --START--
INFO: Run Behavior\BuildLiteBehavior [ RunTime:0.000017s ]
INFO: [ app_init ] --END-- [ RunTime:0.001296s ]
INFO: [ app_begin ] --START--
INFO: Run Behavior\ReadHtmlCacheBehavior [ RunTime:0.001527s ]
INFO: [ app_begin ] --END-- [ RunTime:0.001626s ]
SQL: SHOW COLUMNS FROM `users` [ RunTime:0.0035s ]
SQL: SELECT * FROM `users`  [ RunTime:0.0005s ]
INFO: [ view_parse ] --START--
INFO: [ template_filter ] --START--
INFO: Run Behavior\ContentReplaceBehavior [ RunTime:0.000039s ]
INFO: [ template_filter ] --END-- [ RunTime:0.000121s ]
INFO: Run Behavior\ParseTemplateBehavior [ RunTime:0.032409s ]
INFO: [ view_parse ] --END-- [ RunTime:0.032708s ]
INFO: [ view_filter ] --START--
INFO: Run Behavior\WriteHtmlCacheBehavior [ RunTime:0.002527s ]
INFO: [ view_filter ] --END-- [ RunTime:0.002581s ]
INFO: [ app_end ] --START--
INFO: Run Behavior\ShowPageTraceBehavior [ RunTime:0.001135s ]
INFO: [ app_end ] --END-- [ RunTime:0.001207s ]

[ 2015-08-04T16:45:49+08:00 ] ::1 /~GreysTone/
INFO: [ app_init ] --START--
INFO: Run Behavior\BuildLiteBehavior [ RunTime:0.000018s ]
INFO: [ app_init ] --END-- [ RunTime:0.001363s ]
INFO: [ app_begin ] --START--
INFO: Run Behavior\ReadHtmlCacheBehavior [ RunTime:0.001438s ]
INFO: [ app_begin ] --END-- [ RunTime:0.001533s ]
SQL: SHOW COLUMNS FROM `users` [ RunTime:0.0025s ]
SQL: SELECT * FROM `users`  [ RunTime:0.0003s ]
INFO: [ view_parse ] --START--
INFO: [ template_filter ] --START--
INFO: Run Behavior\ContentReplaceBehavior [ RunTime:0.000045s ]
INFO: [ template_filter ] --END-- [ RunTime:0.000127s ]
INFO: Run Behavior\ParseTemplateBehavior [ RunTime:0.027904s ]
INFO: [ view_parse ] --END-- [ RunTime:0.027980s ]
INFO: [ view_filter ] --START--
INFO: Run Behavior\WriteHtmlCacheBehavior [ RunTime:0.001829s ]
INFO: [ view_filter ] --END-- [ RunTime:0.001884s ]
INFO: [ app_end ] --START--
INFO: Run Behavior\ShowPageTraceBehavior [ RunTime:0.001376s ]
INFO: [ app_end ] --END-- [ RunTime:0.001454s ]

[ 2015-08-04T16:46:01+08:00 ] ::1 /~GreysTone/
INFO: [ app_init ] --START--
INFO: Run Behavior\BuildLiteBehavior [ RunTime:0.000015s ]
INFO: [ app_init ] --END-- [ RunTime:0.000477s ]
INFO: [ app_begin ] --START--
INFO: Run Behavior\ReadHtmlCacheBehavior [ RunTime:0.000598s ]
INFO: [ app_begin ] --END-- [ RunTime:0.000676s ]
SQL: SHOW COLUMNS FROM `users` [ RunTime:0.0513s ]
SQL: SELECT * FROM `users`  [ RunTime:0.0003s ]
INFO: [ view_parse ] --START--
INFO: [ template_filter ] --START--
INFO: Run Behavior\ContentReplaceBehavior [ RunTime:0.000041s ]
INFO: [ template_filter ] --END-- [ RunTime:0.000118s ]
INFO: Run Behavior\ParseTemplateBehavior [ RunTime:0.020989s ]
INFO: [ view_parse ] --END-- [ RunTime:0.021136s ]
INFO: [ view_filter ] --START--
INFO: Run Behavior\WriteHtmlCacheBehavior [ RunTime:0.002505s ]
INFO: [ view_filter ] --END-- [ RunTime:0.002601s ]
INFO: [ app_end ] --START--
INFO: Run Behavior\ShowPageTraceBehavior [ RunTime:0.000837s ]
INFO: [ app_end ] --END-- [ RunTime:0.000934s ]

[ 2015-08-04T16:46:32+08:00 ] ::1 /~GreysTone/
INFO: [ app_init ] --START--
INFO: Run Behavior\BuildLiteBehavior [ RunTime:0.000018s ]
INFO: [ app_init ] --END-- [ RunTime:0.001462s ]
INFO: [ app_begin ] --START--
INFO: Run Behavior\ReadHtmlCacheBehavior [ RunTime:0.001327s ]
INFO: [ app_begin ] --END-- [ RunTime:0.001413s ]
SQL: SHOW COLUMNS FROM `users` [ RunTime:0.0114s ]
SQL: SELECT * FROM `users`  [ RunTime:0.0003s ]
INFO: [ view_parse ] --START--
INFO: [ template_filter ] --START--
INFO: Run Behavior\ContentReplaceBehavior [ RunTime:0.000044s ]
INFO: [ template_filter ] --END-- [ RunTime:0.000129s ]
INFO: Run Behavior\ParseTemplateBehavior [ RunTime:0.042053s ]
INFO: [ view_parse ] --END-- [ RunTime:0.042138s ]
INFO: [ view_filter ] --START--
INFO: Run Behavior\WriteHtmlCacheBehavior [ RunTime:0.001882s ]
INFO: [ view_filter ] --END-- [ RunTime:0.001955s ]
INFO: [ app_end ] --START--
INFO: Run Behavior\ShowPageTraceBehavior [ RunTime:0.001525s ]
INFO: [ app_end ] --END-- [ RunTime:0.001607s ]

[ 2015-08-04T16:46:55+08:00 ] ::1 /~GreysTone/
INFO: [ app_init ] --START--
INFO: Run Behavior\BuildLiteBehavior [ RunTime:0.000014s ]
INFO: [ app_init ] --END-- [ RunTime:0.001346s ]
INFO: [ app_begin ] --START--
INFO: Run Behavior\ReadHtmlCacheBehavior [ RunTime:0.001366s ]
INFO: [ app_begin ] --END-- [ RunTime:0.001446s ]
SQL: SHOW COLUMNS FROM `users` [ RunTime:0.0039s ]
SQL: SELECT * FROM `users`  [ RunTime:0.0004s ]
INFO: [ view_parse ] --START--
INFO: [ template_filter ] --START--
INFO: Run Behavior\ContentReplaceBehavior [ RunTime:0.000039s ]
INFO: [ template_filter ] --END-- [ RunTime:0.000115s ]
INFO: Run Behavior\ParseTemplateBehavior [ RunTime:0.029355s ]
INFO: [ view_parse ] --END-- [ RunTime:0.029436s ]
INFO: [ view_filter ] --START--
INFO: Run Behavior\WriteHtmlCacheBehavior [ RunTime:0.136863s ]
INFO: [ view_filter ] --END-- [ RunTime:0.136947s ]
INFO: [ app_end ] --START--
INFO: Run Behavior\ShowPageTraceBehavior [ RunTime:0.005111s ]
INFO: [ app_end ] --END-- [ RunTime:0.005211s ]

[ 2015-08-04T16:47:09+08:00 ] ::1 /~GreysTone/index.php
INFO: [ app_init ] --START--
INFO: Run Behavior\BuildLiteBehavior [ RunTime:0.000015s ]
INFO: [ app_init ] --END-- [ RunTime:0.000504s ]
INFO: [ app_begin ] --START--
INFO: Run Behavior\ReadHtmlCacheBehavior [ RunTime:0.000586s ]
INFO: [ app_begin ] --END-- [ RunTime:0.000664s ]
SQL: SHOW COLUMNS FROM `users` [ RunTime:0.0035s ]
SQL: SELECT * FROM `users`  [ RunTime:0.0004s ]
INFO: [ view_parse ] --START--
INFO: [ template_filter ] --START--
INFO: Run Behavior\ContentReplaceBehavior [ RunTime:0.000039s ]
INFO: [ template_filter ] --END-- [ RunTime:0.000115s ]
INFO: Run Behavior\ParseTemplateBehavior [ RunTime:0.022331s ]
INFO: [ view_parse ] --END-- [ RunTime:0.022441s ]
INFO: [ view_filter ] --START--
INFO: Run Behavior\WriteHtmlCacheBehavior [ RunTime:0.000204s ]
INFO: [ view_filter ] --END-- [ RunTime:0.000247s ]
INFO: [ app_end ] --START--
INFO: Run Behavior\ShowPageTraceBehavior [ RunTime:0.000632s ]
INFO: [ app_end ] --END-- [ RunTime:0.000695s ]

[ 2015-08-04T20:20:57+08:00 ] ::1 /~GreysTone/index.php
INFO: [ app_init ] --START--
INFO: Run Behavior\BuildLiteBehavior [ RunTime:0.000019s ]
INFO: [ app_init ] --END-- [ RunTime:0.001472s ]
INFO: [ app_begin ] --START--
INFO: Run Behavior\ReadHtmlCacheBehavior [ RunTime:0.001408s ]
INFO: [ app_begin ] --END-- [ RunTime:0.001491s ]
SQL: SHOW COLUMNS FROM `users` [ RunTime:0.0032s ]
SQL: SELECT * FROM `users`  [ RunTime:0.0003s ]
INFO: [ view_parse ] --START--
INFO: [ template_filter ] --START--
INFO: Run Behavior\ContentReplaceBehavior [ RunTime:0.000046s ]
INFO: [ template_filter ] --END-- [ RunTime:0.000136s ]
INFO: Run Behavior\ParseTemplateBehavior [ RunTime:0.032865s ]
INFO: [ view_parse ] --END-- [ RunTime:0.032957s ]
INFO: [ view_filter ] --START--
INFO: Run Behavior\WriteHtmlCacheBehavior [ RunTime:0.002663s ]
INFO: [ view_filter ] --END-- [ RunTime:0.002718s ]
INFO: [ app_end ] --START--
INFO: Run Behavior\ShowPageTraceBehavior [ RunTime:0.001272s ]
INFO: [ app_end ] --END-- [ RunTime:0.001340s ]

[ 2015-08-04T20:21:39+08:00 ] ::1 /~GreysTone/index.php?s=/Home/login_post/
INFO: [ app_init ] --START--
INFO: Run Behavior\BuildLiteBehavior [ RunTime:0.000017s ]
INFO: [ app_init ] --END-- [ RunTime:0.000635s ]
INFO: [ app_begin ] --START--
INFO: Run Behavior\ReadHtmlCacheBehavior [ RunTime:0.000667s ]
INFO: [ app_begin ] --END-- [ RunTime:0.000763s ]
ERR: 无法加载控制器:Login_post

[ 2015-08-04T20:22:08+08:00 ] ::1 /~GreysTone/
INFO: [ app_init ] --START--
INFO: Run Behavior\BuildLiteBehavior [ RunTime:0.000013s ]
INFO: [ app_init ] --END-- [ RunTime:0.000308s ]
INFO: [ app_begin ] --START--
INFO: Run Behavior\ReadHtmlCacheBehavior [ RunTime:0.000410s ]
INFO: [ app_begin ] --END-- [ RunTime:0.000456s ]
SQL: SHOW COLUMNS FROM `users` [ RunTime:0.0020s ]
SQL: SELECT * FROM `users`  [ RunTime:0.0003s ]
INFO: [ view_parse ] --START--
INFO: [ template_filter ] --START--
INFO: Run Behavior\ContentReplaceBehavior [ RunTime:0.000037s ]
INFO: [ template_filter ] --END-- [ RunTime:0.000090s ]
INFO: Run Behavior\ParseTemplateBehavior [ RunTime:0.013223s ]
INFO: [ view_parse ] --END-- [ RunTime:0.013313s ]
INFO: [ view_filter ] --START--
INFO: Run Behavior\WriteHtmlCacheBehavior [ RunTime:0.000227s ]
INFO: [ view_filter ] --END-- [ RunTime:0.000272s ]
INFO: [ app_end ] --START--
INFO: Run Behavior\ShowPageTraceBehavior [ RunTime:0.000553s ]
INFO: [ app_end ] --END-- [ RunTime:0.000620s ]

[ 2015-08-04T20:22:19+08:00 ] ::1 /~GreysTone/index.php?s=Home/Index/index
INFO: [ app_init ] --START--
INFO: Run Behavior\BuildLiteBehavior [ RunTime:0.000017s ]
INFO: [ app_init ] --END-- [ RunTime:0.000376s ]
INFO: [ app_begin ] --START--
INFO: Run Behavior\ReadHtmlCacheBehavior [ RunTime:0.000435s ]
INFO: [ app_begin ] --END-- [ RunTime:0.000484s ]
SQL: SHOW COLUMNS FROM `users` [ RunTime:0.0015s ]
SQL: SELECT * FROM `users`  [ RunTime:0.0003s ]
INFO: [ view_parse ] --START--
INFO: [ template_filter ] --START--
INFO: Run Behavior\ContentReplaceBehavior [ RunTime:0.000040s ]
INFO: [ template_filter ] --END-- [ RunTime:0.000138s ]
INFO: Run Behavior\ParseTemplateBehavior [ RunTime:0.014920s ]
INFO: [ view_parse ] --END-- [ RunTime:0.015059s ]
INFO: [ view_filter ] --START--
INFO: Run Behavior\WriteHtmlCacheBehavior [ RunTime:0.000342s ]
INFO: [ view_filter ] --END-- [ RunTime:0.000419s ]
INFO: [ app_end ] --START--
INFO: Run Behavior\ShowPageTraceBehavior [ RunTime:0.000930s ]
INFO: [ app_end ] --END-- [ RunTime:0.001034s ]

[ 2015-08-04T20:22:35+08:00 ] ::1 /~GreysTone/index.php?s=Home/Index/index
INFO: [ app_init ] --START--
INFO: Run Behavior\BuildLiteBehavior [ RunTime:0.000012s ]
INFO: [ app_init ] --END-- [ RunTime:0.000307s ]
INFO: [ app_begin ] --START--
INFO: Run Behavior\ReadHtmlCacheBehavior [ RunTime:0.000439s ]
INFO: [ app_begin ] --END-- [ RunTime:0.000535s ]
SQL: SHOW COLUMNS FROM `users` [ RunTime:0.0018s ]
SQL: SELECT * FROM `users`  [ RunTime:0.0003s ]
INFO: [ view_parse ] --START--
INFO: [ template_filter ] --START--
INFO: Run Behavior\ContentReplaceBehavior [ RunTime:0.000045s ]
INFO: [ template_filter ] --END-- [ RunTime:0.000118s ]
INFO: Run Behavior\ParseTemplateBehavior [ RunTime:0.013208s ]
INFO: [ view_parse ] --END-- [ RunTime:0.013291s ]
INFO: [ view_filter ] --START--
INFO: Run Behavior\WriteHtmlCacheBehavior [ RunTime:0.000205s ]
INFO: [ view_filter ] --END-- [ RunTime:0.000249s ]
INFO: [ app_end ] --START--
INFO: Run Behavior\ShowPageTraceBehavior [ RunTime:0.000570s ]
INFO: [ app_end ] --END-- [ RunTime:0.000635s ]

[ 2015-08-04T20:22:43+08:00 ] ::1 /~GreysTone/index.php?s=/Home/Index/login_post/
INFO: [ app_init ] --START--
INFO: Run Behavior\BuildLiteBehavior [ RunTime:0.000016s ]
INFO: [ app_init ] --END-- [ RunTime:0.000370s ]
INFO: [ app_begin ] --START--
INFO: Run Behavior\ReadHtmlCacheBehavior [ RunTime:0.000488s ]
INFO: [ app_begin ] --END-- [ RunTime:0.000546s ]
SQL: SHOW COLUMNS FROM `users` [ RunTime:0.0033s ]
ERR: SQLSTATE[42S22]: Column not found: 1054 Unknown column 'GreysTone' in 'where clause'

[ 2015-08-04T20:23:59+08:00 ] ::1 /~GreysTone/index.php
INFO: [ app_init ] --START--
INFO: Run Behavior\BuildLiteBehavior [ RunTime:0.000014s ]
INFO: [ app_init ] --END-- [ RunTime:0.000329s ]
INFO: [ app_begin ] --START--
INFO: Run Behavior\ReadHtmlCacheBehavior [ RunTime:0.000416s ]
INFO: [ app_begin ] --END-- [ RunTime:0.000462s ]
SQL: SHOW COLUMNS FROM `users` [ RunTime:0.1502s ]
SQL: SELECT * FROM `users`  [ RunTime:0.0006s ]
INFO: [ view_parse ] --START--
INFO: [ template_filter ] --START--
INFO: Run Behavior\ContentReplaceBehavior [ RunTime:0.000039s ]
INFO: [ template_filter ] --END-- [ RunTime:0.000104s ]
INFO: Run Behavior\ParseTemplateBehavior [ RunTime:0.012726s ]
INFO: [ view_parse ] --END-- [ RunTime:0.012807s ]
INFO: [ view_filter ] --START--
INFO: Run Behavior\WriteHtmlCacheBehavior [ RunTime:0.000190s ]
INFO: [ view_filter ] --END-- [ RunTime:0.000234s ]
INFO: [ app_end ] --START--
INFO: Run Behavior\ShowPageTraceBehavior [ RunTime:0.000543s ]
INFO: [ app_end ] --END-- [ RunTime:0.000606s ]

[ 2015-08-04T20:24:07+08:00 ] ::1 /~GreysTone/index.php?s=/Home/Index/login_post/
INFO: [ app_init ] --START--
INFO: Run Behavior\BuildLiteBehavior [ RunTime:0.000016s ]
INFO: [ app_init ] --END-- [ RunTime:0.000512s ]
INFO: [ app_begin ] --START--
INFO: Run Behavior\ReadHtmlCacheBehavior [ RunTime:0.000497s ]
INFO: [ app_begin ] --END-- [ RunTime:0.000567s ]
SQL: SHOW COLUMNS FROM `users` [ RunTime:0.2664s ]
SQL: SELECT * FROM `users` WHERE ( username='GreysTone' )  [ RunTime:0.0199s ]
NOTIC: [8] Undefined index: password /Users/GreysTone/Sites/Application/Home/Controller/IndexController.class.php 第 17 行.
INFO: [ view_parse ] --START--
INFO: [ template_filter ] --START--
INFO: Run Behavior\ContentReplaceBehavior [ RunTime:0.000037s ]
INFO: [ template_filter ] --END-- [ RunTime:0.000099s ]
INFO: Run Behavior\ParseTemplateBehavior [ RunTime:0.019592s ]
INFO: [ view_parse ] --END-- [ RunTime:0.019667s ]
INFO: [ view_filter ] --START--
INFO: Run Behavior\WriteHtmlCacheBehavior [ RunTime:0.000172s ]
INFO: [ view_filter ] --END-- [ RunTime:0.000216s ]

[ 2015-08-04T20:24:21+08:00 ] ::1 /~GreysTone/index.php?s=/Home/Index/login_post/
INFO: [ app_init ] --START--
INFO: Run Behavior\BuildLiteBehavior [ RunTime:0.000205s ]
INFO: [ app_init ] --END-- [ RunTime:0.000663s ]
INFO: [ app_begin ] --START--
INFO: Run Behavior\ReadHtmlCacheBehavior [ RunTime:0.000462s ]
INFO: [ app_begin ] --END-- [ RunTime:0.000515s ]
SQL: SHOW COLUMNS FROM `users` [ RunTime:2.4125s ]
SQL: SELECT * FROM `users` WHERE ( username='GreysTone' )  [ RunTime:0.0004s ]
NOTIC: [8] Undefined index: password /Users/GreysTone/Sites/Application/Home/Controller/IndexController.class.php 第 17 行.
INFO: [ view_parse ] --START--
INFO: [ template_filter ] --START--
INFO: Run Behavior\ContentReplaceBehavior [ RunTime:0.000037s ]
INFO: [ template_filter ] --END-- [ RunTime:0.000098s ]
INFO: Run Behavior\ParseTemplateBehavior [ RunTime:0.012292s ]
INFO: [ view_parse ] --END-- [ RunTime:0.012368s ]
INFO: [ view_filter ] --START--
INFO: Run Behavior\WriteHtmlCacheBehavior [ RunTime:0.000179s ]
INFO: [ view_filter ] --END-- [ RunTime:0.000222s ]

[ 2015-08-04T20:25:10+08:00 ] ::1 /~GreysTone/index.php?s=/Home/Index/login_post/
INFO: [ app_init ] --START--
INFO: Run Behavior\BuildLiteBehavior [ RunTime:0.000016s ]
INFO: [ app_init ] --END-- [ RunTime:0.001115s ]
INFO: [ app_begin ] --START--
INFO: Run Behavior\ReadHtmlCacheBehavior [ RunTime:0.037063s ]
INFO: [ app_begin ] --END-- [ RunTime:0.037191s ]
SQL: SHOW COLUMNS FROM `users` [ RunTime:0.0023s ]
SQL: SELECT * FROM `users` WHERE ( username='GreysTone' )  [ RunTime:0.0003s ]
NOTIC: [8] Undefined index: password /Users/GreysTone/Sites/Application/Home/Controller/IndexController.class.php 第 17 行.
INFO: [ view_parse ] --START--
INFO: [ template_filter ] --START--
INFO: Run Behavior\ContentReplaceBehavior [ RunTime:0.000036s ]
INFO: [ template_filter ] --END-- [ RunTime:0.000111s ]
INFO: Run Behavior\ParseTemplateBehavior [ RunTime:0.012755s ]
INFO: [ view_parse ] --END-- [ RunTime:0.012854s ]
INFO: [ view_filter ] --START--
INFO: Run Behavior\WriteHtmlCacheBehavior [ RunTime:0.000217s ]
INFO: [ view_filter ] --END-- [ RunTime:0.000262s ]

[ 2015-08-04T20:26:30+08:00 ] ::1 /~GreysTone/index.php?s=/Home/Index/login_post/
INFO: [ app_init ] --START--
INFO: Run Behavior\BuildLiteBehavior [ RunTime:0.000013s ]
INFO: [ app_init ] --END-- [ RunTime:0.000319s ]
INFO: [ app_begin ] --START--
INFO: Run Behavior\ReadHtmlCacheBehavior [ RunTime:0.000437s ]
INFO: [ app_begin ] --END-- [ RunTime:0.000503s ]

[ 2015-08-04T20:26:47+08:00 ] ::1 /~GreysTone/index.php?s=/Home/Index/login_post/
INFO: [ app_init ] --START--
INFO: Run Behavior\BuildLiteBehavior [ RunTime:0.000212s ]
INFO: [ app_init ] --END-- [ RunTime:0.000588s ]
INFO: [ app_begin ] --START--
INFO: Run Behavior\ReadHtmlCacheBehavior [ RunTime:0.000594s ]
INFO: [ app_begin ] --END-- [ RunTime:0.000671s ]
SQL: SHOW COLUMNS FROM `users` [ RunTime:0.0021s ]
SQL: SELECT * FROM `users` WHERE ( username='GreysTone' )  [ RunTime:0.0003s ]
NOTIC: [8] Undefined index: password /Users/GreysTone/Sites/Application/Home/Controller/IndexController.class.php 第 17 行.
NOTIC: [8] Undefined index: password /Users/GreysTone/Sites/Application/Home/Controller/IndexController.class.php 第 20 行.
INFO: [ view_parse ] --START--
INFO: [ template_filter ] --START--
INFO: Run Behavior\ContentReplaceBehavior [ RunTime:0.000038s ]
INFO: [ template_filter ] --END-- [ RunTime:0.000100s ]
INFO: Run Behavior\ParseTemplateBehavior [ RunTime:0.011638s ]
INFO: [ view_parse ] --END-- [ RunTime:0.011719s ]
INFO: [ view_filter ] --START--
INFO: Run Behavior\WriteHtmlCacheBehavior [ RunTime:0.000233s ]
INFO: [ view_filter ] --END-- [ RunTime:0.000284s ]
NOTIC: [2] Cannot modify header information - headers already sent by (output started at /Users/GreysTone/Sites/Application/Home/Controller/IndexController.class.php:18) /Users/GreysTone/Sites/ThinkPHP/Library/Think/View.class.php 第 91 行.
NOTIC: [2] Cannot modify header information - headers already sent by (output started at /Users/GreysTone/Sites/Application/Home/Controller/IndexController.class.php:18) /Users/GreysTone/Sites/ThinkPHP/Library/Think/View.class.php 第 92 行.
NOTIC: [2] Cannot modify header information - headers already sent by (output started at /Users/GreysTone/Sites/Application/Home/Controller/IndexController.class.php:18) /Users/GreysTone/Sites/ThinkPHP/Library/Think/View.class.php 第 93 行.

[ 2015-08-04T20:27:12+08:00 ] ::1 /~GreysTone/index.php?s=/Home/Index/login_post/
INFO: [ app_init ] --START--
INFO: Run Behavior\BuildLiteBehavior [ RunTime:0.000021s ]
INFO: [ app_init ] --END-- [ RunTime:0.000969s ]
INFO: [ app_begin ] --START--
INFO: Run Behavior\ReadHtmlCacheBehavior [ RunTime:0.000471s ]
INFO: [ app_begin ] --END-- [ RunTime:0.000522s ]

[ 2015-08-04T20:27:26+08:00 ] ::1 /~GreysTone/index.php?s=/Home/Index/login_post/
INFO: [ app_init ] --START--
INFO: Run Behavior\BuildLiteBehavior [ RunTime:0.000014s ]
INFO: [ app_init ] --END-- [ RunTime:0.000314s ]
INFO: [ app_begin ] --START--
INFO: Run Behavior\ReadHtmlCacheBehavior [ RunTime:0.000447s ]
INFO: [ app_begin ] --END-- [ RunTime:0.000505s ]
SQL: SHOW COLUMNS FROM `users` [ RunTime:0.0024s ]
SQL: SELECT * FROM `users` WHERE ( username='GreysTone' )  [ RunTime:0.0003s ]
NOTIC: [2] Creating default object from empty value /Users/GreysTone/Sites/Application/Home/Controller/IndexController.class.php 第 16 行.
NOTIC: [8] Undefined index: password /Users/GreysTone/Sites/Application/Home/Controller/IndexController.class.php 第 17 行.

[ 2015-08-04T20:28:45+08:00 ] ::1 /~GreysTone/index.php?s=/Home/Index/login_post/
INFO: [ app_init ] --START--
INFO: Run Behavior\BuildLiteBehavior [ RunTime:0.000014s ]
INFO: [ app_init ] --END-- [ RunTime:0.000328s ]
INFO: [ app_begin ] --START--
INFO: Run Behavior\ReadHtmlCacheBehavior [ RunTime:0.000424s ]
INFO: [ app_begin ] --END-- [ RunTime:0.000471s ]
SQL: SHOW COLUMNS FROM `users` [ RunTime:0.0022s ]
SQL: SELECT * FROM `users` WHERE ( username='GreysTone' )  [ RunTime:0.0003s ]
NOTIC: [8] Trying to get property of non-object /Users/GreysTone/Sites/Application/Home/Controller/IndexController.class.php 第 17 行.
NOTIC: [8] Undefined index: password /Users/GreysTone/Sites/Application/Home/Controller/IndexController.class.php 第 20 行.
INFO: [ view_parse ] --START--
INFO: [ template_filter ] --START--
INFO: Run Behavior\ContentReplaceBehavior [ RunTime:0.000037s ]
INFO: [ template_filter ] --END-- [ RunTime:0.000094s ]
INFO: Run Behavior\ParseTemplateBehavior [ RunTime:0.011924s ]
INFO: [ view_parse ] --END-- [ RunTime:0.012008s ]
INFO: [ view_filter ] --START--
INFO: Run Behavior\WriteHtmlCacheBehavior [ RunTime:0.000315s ]
INFO: [ view_filter ] --END-- [ RunTime:0.000393s ]
NOTIC: [2] Cannot modify header information - headers already sent by (output started at /Users/GreysTone/Sites/Application/Home/Controller/IndexController.class.php:17) /Users/GreysTone/Sites/ThinkPHP/Library/Think/View.class.php 第 91 行.
NOTIC: [2] Cannot modify header information - headers already sent by (output started at /Users/GreysTone/Sites/Application/Home/Controller/IndexController.class.php:17) /Users/GreysTone/Sites/ThinkPHP/Library/Think/View.class.php 第 92 行.
NOTIC: [2] Cannot modify header information - headers already sent by (output started at /Users/GreysTone/Sites/Application/Home/Controller/IndexController.class.php:17) /Users/GreysTone/Sites/ThinkPHP/Library/Think/View.class.php 第 93 行.

[ 2015-08-04T20:29:09+08:00 ] ::1 /~GreysTone/index.php?s=/Home/Index/login_post/
INFO: [ app_init ] --START--
INFO: Run Behavior\BuildLiteBehavior [ RunTime:0.000097s ]
INFO: [ app_init ] --END-- [ RunTime:0.000396s ]
INFO: [ app_begin ] --START--
INFO: Run Behavior\ReadHtmlCacheBehavior [ RunTime:0.000409s ]
INFO: [ app_begin ] --END-- [ RunTime:0.000457s ]
SQL: SHOW COLUMNS FROM `users` [ RunTime:0.0022s ]
SQL: SELECT * FROM `users` WHERE ( username='GreysTone' )  [ RunTime:0.0003s ]
NOTIC: [8] Trying to get property of non-object /Users/GreysTone/Sites/Application/Home/Controller/IndexController.class.php 第 17 行.
NOTIC: [8] Undefined index: password /Users/GreysTone/Sites/Application/Home/Controller/IndexController.class.php 第 20 行.
INFO: [ view_parse ] --START--
INFO: [ template_filter ] --START--
INFO: Run Behavior\ContentReplaceBehavior [ RunTime:0.000035s ]
INFO: [ template_filter ] --END-- [ RunTime:0.000085s ]
INFO: Run Behavior\ParseTemplateBehavior [ RunTime:0.010916s ]
INFO: [ view_parse ] --END-- [ RunTime:0.010985s ]
INFO: [ view_filter ] --START--
INFO: Run Behavior\WriteHtmlCacheBehavior [ RunTime:0.000186s ]
INFO: [ view_filter ] --END-- [ RunTime:0.000232s ]
NOTIC: [2] Cannot modify header information - headers already sent by (output started at /Users/GreysTone/Sites/Application/Home/Controller/IndexController.class.php:17) /Users/GreysTone/Sites/ThinkPHP/Library/Think/View.class.php 第 91 行.
NOTIC: [2] Cannot modify header information - headers already sent by (output started at /Users/GreysTone/Sites/Application/Home/Controller/IndexController.class.php:17) /Users/GreysTone/Sites/ThinkPHP/Library/Think/View.class.php 第 92 行.
NOTIC: [2] Cannot modify header information - headers already sent by (output started at /Users/GreysTone/Sites/Application/Home/Controller/IndexController.class.php:17) /Users/GreysTone/Sites/ThinkPHP/Library/Think/View.class.php 第 93 行.

[ 2015-08-04T20:31:19+08:00 ] ::1 /~GreysTone/index.php?s=/Home/Index/login_post/
INFO: [ app_init ] --START--
INFO: Run Behavior\BuildLiteBehavior [ RunTime:0.000013s ]
INFO: [ app_init ] --END-- [ RunTime:0.000316s ]
INFO: [ app_begin ] --START--
INFO: Run Behavior\ReadHtmlCacheBehavior [ RunTime:0.000423s ]
INFO: [ app_begin ] --END-- [ RunTime:0.000472s ]
SQL: SHOW COLUMNS FROM `users` [ RunTime:0.0026s ]
SQL: SELECT * FROM `users` WHERE `username` = 'GreysTone'  [ RunTime:0.0004s ]
NOTIC: [8] Undefined index: password /Users/GreysTone/Sites/Application/Home/Controller/IndexController.class.php 第 18 行.
NOTIC: [8] Undefined index: password /Users/GreysTone/Sites/Application/Home/Controller/IndexController.class.php 第 21 行.
INFO: [ view_parse ] --START--
INFO: [ template_filter ] --START--
INFO: Run Behavior\ContentReplaceBehavior [ RunTime:0.000047s ]
INFO: [ template_filter ] --END-- [ RunTime:0.000121s ]
INFO: Run Behavior\ParseTemplateBehavior [ RunTime:0.011873s ]
INFO: [ view_parse ] --END-- [ RunTime:0.011942s ]
INFO: [ view_filter ] --START--
INFO: Run Behavior\WriteHtmlCacheBehavior [ RunTime:0.000195s ]
INFO: [ view_filter ] --END-- [ RunTime:0.000243s ]
NOTIC: [2] Cannot modify header information - headers already sent by (output started at /Users/GreysTone/Sites/Application/Home/Controller/IndexController.class.php:18) /Users/GreysTone/Sites/ThinkPHP/Library/Think/View.class.php 第 91 行.
NOTIC: [2] Cannot modify header information - headers already sent by (output started at /Users/GreysTone/Sites/Application/Home/Controller/IndexController.class.php:18) /Users/GreysTone/Sites/ThinkPHP/Library/Think/View.class.php 第 92 行.
NOTIC: [2] Cannot modify header information - headers already sent by (output started at /Users/GreysTone/Sites/Application/Home/Controller/IndexController.class.php:18) /Users/GreysTone/Sites/ThinkPHP/Library/Think/View.class.php 第 93 行.

[ 2015-08-04T20:32:16+08:00 ] ::1 /~GreysTone/index.php?s=/Home/Index/login_post/
INFO: [ app_init ] --START--
INFO: Run Behavior\BuildLiteBehavior [ RunTime:0.000015s ]
INFO: [ app_init ] --END-- [ RunTime:0.000327s ]
INFO: [ app_begin ] --START--
INFO: Run Behavior\ReadHtmlCacheBehavior [ RunTime:0.000496s ]
INFO: [ app_begin ] --END-- [ RunTime:0.000561s ]
SQL: SHOW COLUMNS FROM `users` [ RunTime:0.0021s ]
SQL: SELECT * FROM `users` WHERE `username` = 'GreysTone'  [ RunTime:0.0003s ]
NOTIC: [8] Array to string conversion /Users/GreysTone/Sites/Application/Home/Controller/IndexController.class.php 第 18 行.
NOTIC: [8] Undefined index: password /Users/GreysTone/Sites/Application/Home/Controller/IndexController.class.php 第 19 行.
NOTIC: [8] Undefined index: password /Users/GreysTone/Sites/Application/Home/Controller/IndexController.class.php 第 22 行.
INFO: [ view_parse ] --START--
INFO: [ template_filter ] --START--
INFO: Run Behavior\ContentReplaceBehavior [ RunTime:0.000044s ]
INFO: [ template_filter ] --END-- [ RunTime:0.000112s ]
INFO: Run Behavior\ParseTemplateBehavior [ RunTime:0.012504s ]
INFO: [ view_parse ] --END-- [ RunTime:0.012578s ]
INFO: [ view_filter ] --START--
INFO: Run Behavior\WriteHtmlCacheBehavior [ RunTime:0.000212s ]
INFO: [ view_filter ] --END-- [ RunTime:0.000260s ]
NOTIC: [2] Cannot modify header information - headers already sent by (output started at /Users/GreysTone/Sites/Application/Home/Controller/IndexController.class.php:18) /Users/GreysTone/Sites/ThinkPHP/Library/Think/View.class.php 第 91 行.
NOTIC: [2] Cannot modify header information - headers already sent by (output started at /Users/GreysTone/Sites/Application/Home/Controller/IndexController.class.php:18) /Users/GreysTone/Sites/ThinkPHP/Library/Think/View.class.php 第 92 行.
NOTIC: [2] Cannot modify header information - headers already sent by (output started at /Users/GreysTone/Sites/Application/Home/Controller/IndexController.class.php:18) /Users/GreysTone/Sites/ThinkPHP/Library/Think/View.class.php 第 93 行.

[ 2015-08-04T20:35:01+08:00 ] ::1 /~GreysTone/index.php?s=/Home/Index/login_post/
INFO: [ app_init ] --START--
INFO: Run Behavior\BuildLiteBehavior [ RunTime:0.000016s ]
INFO: [ app_init ] --END-- [ RunTime:0.000421s ]
INFO: [ app_begin ] --START--
INFO: Run Behavior\ReadHtmlCacheBehavior [ RunTime:0.000450s ]
INFO: [ app_begin ] --END-- [ RunTime:0.000503s ]
SQL: SHOW COLUMNS FROM `users` [ RunTime:0.0019s ]
SQL: SELECT * FROM `users` WHERE `username` = 'GreysTone'  [ RunTime:0.0003s ]
NOTIC: [8] Array to string conversion /Users/GreysTone/Sites/Application/Home/Controller/IndexController.class.php 第 19 行.
NOTIC: [8] Undefined index: password /Users/GreysTone/Sites/Application/Home/Controller/IndexController.class.php 第 22 行.
NOTIC: [8] Undefined index: password /Users/GreysTone/Sites/Application/Home/Controller/IndexController.class.php 第 25 行.
INFO: [ view_parse ] --START--
INFO: [ template_filter ] --START--
INFO: Run Behavior\ContentReplaceBehavior [ RunTime:0.000039s ]
INFO: [ template_filter ] --END-- [ RunTime:0.000102s ]
INFO: Run Behavior\ParseTemplateBehavior [ RunTime:0.011914s ]
INFO: [ view_parse ] --END-- [ RunTime:0.011985s ]
INFO: [ view_filter ] --START--
INFO: Run Behavior\WriteHtmlCacheBehavior [ RunTime:0.000192s ]
INFO: [ view_filter ] --END-- [ RunTime:0.000239s ]
NOTIC: [2] Cannot modify header information - headers already sent by (output started at /Users/GreysTone/Sites/Application/Home/Controller/IndexController.class.php:19) /Users/GreysTone/Sites/ThinkPHP/Library/Think/View.class.php 第 91 行.
NOTIC: [2] Cannot modify header information - headers already sent by (output started at /Users/GreysTone/Sites/Application/Home/Controller/IndexController.class.php:19) /Users/GreysTone/Sites/ThinkPHP/Library/Think/View.class.php 第 92 行.
NOTIC: [2] Cannot modify header information - headers already sent by (output started at /Users/GreysTone/Sites/Application/Home/Controller/IndexController.class.php:19) /Users/GreysTone/Sites/ThinkPHP/Library/Think/View.class.php 第 93 行.

[ 2015-08-04T20:35:52+08:00 ] ::1 /~GreysTone/index.php?s=/Home/Index/login_post/
INFO: [ app_init ] --START--
INFO: Run Behavior\BuildLiteBehavior [ RunTime:0.000016s ]
INFO: [ app_init ] --END-- [ RunTime:0.000375s ]
INFO: [ app_begin ] --START--
INFO: Run Behavior\ReadHtmlCacheBehavior [ RunTime:0.000419s ]
INFO: [ app_begin ] --END-- [ RunTime:0.000465s ]
SQL: SHOW COLUMNS FROM `users` [ RunTime:0.0026s ]
SQL: SELECT * FROM `users` WHERE `username` = 'GreysTone'  [ RunTime:0.0003s ]
NOTIC: [8] Array to string conversion /Users/GreysTone/Sites/Application/Home/Controller/IndexController.class.php 第 20 行.
NOTIC: [8] Undefined index: password /Users/GreysTone/Sites/Application/Home/Controller/IndexController.class.php 第 23 行.
NOTIC: [8] Undefined index: password /Users/GreysTone/Sites/Application/Home/Controller/IndexController.class.php 第 26 行.
INFO: [ view_parse ] --START--
INFO: [ template_filter ] --START--
INFO: Run Behavior\ContentReplaceBehavior [ RunTime:0.000035s ]
INFO: [ template_filter ] --END-- [ RunTime:0.000082s ]
INFO: Run Behavior\ParseTemplateBehavior [ RunTime:0.011122s ]
INFO: [ view_parse ] --END-- [ RunTime:0.011201s ]
INFO: [ view_filter ] --START--
INFO: Run Behavior\WriteHtmlCacheBehavior [ RunTime:0.000177s ]
INFO: [ view_filter ] --END-- [ RunTime:0.000219s ]
NOTIC: [2] Cannot modify header information - headers already sent by (output started at /Users/GreysTone/Sites/Application/Home/Controller/IndexController.class.php:15) /Users/GreysTone/Sites/ThinkPHP/Library/Think/View.class.php 第 91 行.
NOTIC: [2] Cannot modify header information - headers already sent by (output started at /Users/GreysTone/Sites/Application/Home/Controller/IndexController.class.php:15) /Users/GreysTone/Sites/ThinkPHP/Library/Think/View.class.php 第 92 行.
NOTIC: [2] Cannot modify header information - headers already sent by (output started at /Users/GreysTone/Sites/Application/Home/Controller/IndexController.class.php:15) /Users/GreysTone/Sites/ThinkPHP/Library/Think/View.class.php 第 93 行.

[ 2015-08-04T20:39:59+08:00 ] ::1 /~GreysTone/index.php?s=/Home/Index/login_post/
INFO: [ app_init ] --START--
INFO: Run Behavior\BuildLiteBehavior [ RunTime:0.000013s ]
INFO: [ app_init ] --END-- [ RunTime:0.000314s ]
INFO: [ app_begin ] --START--
INFO: Run Behavior\ReadHtmlCacheBehavior [ RunTime:0.000409s ]
INFO: [ app_begin ] --END-- [ RunTime:0.000456s ]
SQL: SHOW COLUMNS FROM `users` [ RunTime:0.0019s ]
SQL: SELECT * FROM `users` WHERE ( username = 'GreysTone' )  [ RunTime:0.0003s ]
NOTIC: [8] Array to string conversion /Users/GreysTone/Sites/Application/Home/Controller/IndexController.class.php 第 20 行.
NOTIC: [8] Undefined index: password /Users/GreysTone/Sites/Application/Home/Controller/IndexController.class.php 第 23 行.
NOTIC: [8] Undefined index: password /Users/GreysTone/Sites/Application/Home/Controller/IndexController.class.php 第 26 行.
INFO: [ view_parse ] --START--
INFO: [ template_filter ] --START--
INFO: Run Behavior\ContentReplaceBehavior [ RunTime:0.000040s ]
INFO: [ template_filter ] --END-- [ RunTime:0.000128s ]
INFO: Run Behavior\ParseTemplateBehavior [ RunTime:0.013966s ]
INFO: [ view_parse ] --END-- [ RunTime:0.014089s ]
INFO: [ view_filter ] --START--
INFO: Run Behavior\WriteHtmlCacheBehavior [ RunTime:0.000398s ]
INFO: [ view_filter ] --END-- [ RunTime:0.000476s ]
NOTIC: [2] Cannot modify header information - headers already sent by (output started at /Users/GreysTone/Sites/Application/Home/Controller/IndexController.class.php:20) /Users/GreysTone/Sites/ThinkPHP/Library/Think/View.class.php 第 91 行.
NOTIC: [2] Cannot modify header information - headers already sent by (output started at /Users/GreysTone/Sites/Application/Home/Controller/IndexController.class.php:20) /Users/GreysTone/Sites/ThinkPHP/Library/Think/View.class.php 第 92 行.
NOTIC: [2] Cannot modify header information - headers already sent by (output started at /Users/GreysTone/Sites/Application/Home/Controller/IndexController.class.php:20) /Users/GreysTone/Sites/ThinkPHP/Library/Think/View.class.php 第 93 行.

[ 2015-08-04T20:41:42+08:00 ] ::1 /~GreysTone/index.php?s=/Home/Index/login_post/
INFO: [ app_init ] --START--
INFO: Run Behavior\BuildLiteBehavior [ RunTime:0.000022s ]
INFO: [ app_init ] --END-- [ RunTime:0.001342s ]
INFO: [ app_begin ] --START--
INFO: Run Behavior\ReadHtmlCacheBehavior [ RunTime:0.001115s ]
INFO: [ app_begin ] --END-- [ RunTime:0.001167s ]
SQL: SHOW COLUMNS FROM `users` [ RunTime:0.0020s ]
SQL: SELECT * FROM `users` WHERE ( username='GreysTone' )  [ RunTime:0.0003s ]
NOTIC: [8] Array to string conversion /Users/GreysTone/Sites/Application/Home/Controller/IndexController.class.php 第 20 行.
NOTIC: [8] Undefined index: password /Users/GreysTone/Sites/Application/Home/Controller/IndexController.class.php 第 23 行.
NOTIC: [8] Undefined index: password /Users/GreysTone/Sites/Application/Home/Controller/IndexController.class.php 第 26 行.
INFO: [ view_parse ] --START--
INFO: [ template_filter ] --START--
INFO: Run Behavior\ContentReplaceBehavior [ RunTime:0.000046s ]
INFO: [ template_filter ] --END-- [ RunTime:0.000123s ]
INFO: Run Behavior\ParseTemplateBehavior [ RunTime:0.029454s ]
INFO: [ view_parse ] --END-- [ RunTime:0.029511s ]
INFO: [ view_filter ] --START--
INFO: Run Behavior\WriteHtmlCacheBehavior [ RunTime:0.001734s ]
INFO: [ view_filter ] --END-- [ RunTime:0.001787s ]
NOTIC: [2] Cannot modify header information - headers already sent by (output started at /Users/GreysTone/Sites/Application/Home/Controller/IndexController.class.php:20) /Users/GreysTone/Sites/ThinkPHP/Library/Think/View.class.php 第 91 行.
NOTIC: [2] Cannot modify header information - headers already sent by (output started at /Users/GreysTone/Sites/Application/Home/Controller/IndexController.class.php:20) /Users/GreysTone/Sites/ThinkPHP/Library/Think/View.class.php 第 92 行.
NOTIC: [2] Cannot modify header information - headers already sent by (output started at /Users/GreysTone/Sites/Application/Home/Controller/IndexController.class.php:20) /Users/GreysTone/Sites/ThinkPHP/Library/Think/View.class.php 第 93 行.

[ 2015-08-04T20:42:10+08:00 ] ::1 /~GreysTone/index.php
INFO: [ app_init ] --START--
INFO: Run Behavior\BuildLiteBehavior [ RunTime:0.000013s ]
INFO: [ app_init ] --END-- [ RunTime:0.000308s ]
INFO: [ app_begin ] --START--
INFO: Run Behavior\ReadHtmlCacheBehavior [ RunTime:0.000498s ]
INFO: [ app_begin ] --END-- [ RunTime:0.000548s ]
SQL: SHOW COLUMNS FROM `users` [ RunTime:0.0040s ]
SQL: SELECT * FROM `users` WHERE ( username='GreysTone' )  [ RunTime:0.0003s ]
INFO: [ view_parse ] --START--
INFO: [ template_filter ] --START--
INFO: Run Behavior\ContentReplaceBehavior [ RunTime:0.000044s ]
INFO: [ template_filter ] --END-- [ RunTime:0.000121s ]
INFO: Run Behavior\ParseTemplateBehavior [ RunTime:0.018254s ]
INFO: [ view_parse ] --END-- [ RunTime:0.018340s ]
INFO: [ view_filter ] --START--
INFO: Run Behavior\WriteHtmlCacheBehavior [ RunTime:0.000248s ]
INFO: [ view_filter ] --END-- [ RunTime:0.000311s ]
INFO: [ app_end ] --START--
INFO: Run Behavior\ShowPageTraceBehavior [ RunTime:0.005232s ]
INFO: [ app_end ] --END-- [ RunTime:0.005342s ]

[ 2015-08-04T20:42:13+08:00 ] ::1 /~GreysTone/index.php
INFO: [ app_init ] --START--
INFO: Run Behavior\BuildLiteBehavior [ RunTime:0.000013s ]
INFO: [ app_init ] --END-- [ RunTime:0.000310s ]
INFO: [ app_begin ] --START--
INFO: Run Behavior\ReadHtmlCacheBehavior [ RunTime:0.000401s ]
INFO: [ app_begin ] --END-- [ RunTime:0.000448s ]
SQL: SHOW COLUMNS FROM `users` [ RunTime:0.0042s ]
SQL: SELECT * FROM `users` WHERE ( username='GreysTone' )  [ RunTime:0.0004s ]
INFO: [ view_parse ] --START--
INFO: [ template_filter ] --START--
INFO: Run Behavior\ContentReplaceBehavior [ RunTime:0.000037s ]
INFO: [ template_filter ] --END-- [ RunTime:0.000095s ]
INFO: Run Behavior\ParseTemplateBehavior [ RunTime:0.012173s ]
INFO: [ view_parse ] --END-- [ RunTime:0.012270s ]
INFO: [ view_filter ] --START--
INFO: Run Behavior\WriteHtmlCacheBehavior [ RunTime:0.000203s ]
INFO: [ view_filter ] --END-- [ RunTime:0.000247s ]
INFO: [ app_end ] --START--
INFO: Run Behavior\ShowPageTraceBehavior [ RunTime:0.000461s ]
INFO: [ app_end ] --END-- [ RunTime:0.000508s ]

[ 2015-08-04T20:42:32+08:00 ] ::1 /~GreysTone/index.php
INFO: [ app_init ] --START--
INFO: Run Behavior\BuildLiteBehavior [ RunTime:0.000014s ]
INFO: [ app_init ] --END-- [ RunTime:0.000312s ]
INFO: [ app_begin ] --START--
INFO: Run Behavior\ReadHtmlCacheBehavior [ RunTime:0.000408s ]
INFO: [ app_begin ] --END-- [ RunTime:0.000453s ]
SQL: SHOW COLUMNS FROM `users` [ RunTime:0.0058s ]
SQL: SELECT * FROM `users` WHERE ( username='GreysTone' )  [ RunTime:0.0004s ]
INFO: [ view_parse ] --START--
INFO: [ template_filter ] --START--
INFO: Run Behavior\ContentReplaceBehavior [ RunTime:0.000040s ]
INFO: [ template_filter ] --END-- [ RunTime:0.000103s ]
INFO: Run Behavior\ParseTemplateBehavior [ RunTime:0.012208s ]
INFO: [ view_parse ] --END-- [ RunTime:0.012277s ]
INFO: [ view_filter ] --START--
INFO: Run Behavior\WriteHtmlCacheBehavior [ RunTime:0.000170s ]
INFO: [ view_filter ] --END-- [ RunTime:0.000211s ]
NOTIC: [2] Cannot modify header information - headers already sent by (output started at /Users/GreysTone/Sites/Application/Home/Controller/IndexController.class.php:8) /Users/GreysTone/Sites/ThinkPHP/Library/Think/View.class.php 第 91 行.
NOTIC: [2] Cannot modify header information - headers already sent by (output started at /Users/GreysTone/Sites/Application/Home/Controller/IndexController.class.php:8) /Users/GreysTone/Sites/ThinkPHP/Library/Think/View.class.php 第 92 行.
NOTIC: [2] Cannot modify header information - headers already sent by (output started at /Users/GreysTone/Sites/Application/Home/Controller/IndexController.class.php:8) /Users/GreysTone/Sites/ThinkPHP/Library/Think/View.class.php 第 93 行.
INFO: [ app_end ] --START--
INFO: Run Behavior\ShowPageTraceBehavior [ RunTime:0.000469s ]
INFO: [ app_end ] --END-- [ RunTime:0.000520s ]

[ 2015-08-04T20:42:45+08:00 ] ::1 /~GreysTone/index.php
INFO: [ app_init ] --START--
INFO: Run Behavior\BuildLiteBehavior [ RunTime:0.000013s ]
INFO: [ app_init ] --END-- [ RunTime:0.000306s ]
INFO: [ app_begin ] --START--
INFO: Run Behavior\ReadHtmlCacheBehavior [ RunTime:0.000425s ]
INFO: [ app_begin ] --END-- [ RunTime:0.000477s ]
SQL: SHOW COLUMNS FROM `users` [ RunTime:0.0037s ]
SQL: SELECT * FROM `users` WHERE ( username='GreyTone' )  [ RunTime:0.0003s ]
INFO: [ view_parse ] --START--
INFO: [ template_filter ] --START--
INFO: Run Behavior\ContentReplaceBehavior [ RunTime:0.000038s ]
INFO: [ template_filter ] --END-- [ RunTime:0.000094s ]
INFO: Run Behavior\ParseTemplateBehavior [ RunTime:0.012193s ]
INFO: [ view_parse ] --END-- [ RunTime:0.012284s ]
INFO: [ view_filter ] --START--
INFO: Run Behavior\WriteHtmlCacheBehavior [ RunTime:0.000215s ]
INFO: [ view_filter ] --END-- [ RunTime:0.000261s ]
INFO: [ app_end ] --START--
INFO: Run Behavior\ShowPageTraceBehavior [ RunTime:0.000661s ]
INFO: [ app_end ] --END-- [ RunTime:0.000716s ]

[ 2015-08-04T20:43:21+08:00 ] ::1 /~GreysTone/index.php
INFO: [ app_init ] --START--
INFO: Run Behavior\BuildLiteBehavior [ RunTime:0.000020s ]
INFO: [ app_init ] --END-- [ RunTime:0.001352s ]
INFO: [ app_begin ] --START--
INFO: Run Behavior\ReadHtmlCacheBehavior [ RunTime:0.001272s ]
INFO: [ app_begin ] --END-- [ RunTime:0.001338s ]
SQL: SHOW COLUMNS FROM `users` [ RunTime:0.0021s ]
SQL: SELECT * FROM `users` WHERE ( username='GreysTone' )  [ RunTime:0.0003s ]
NOTIC: [8] Array to string conversion /Users/GreysTone/Sites/Application/Home/Controller/IndexController.class.php 第 9 行.
INFO: [ view_parse ] --START--
INFO: [ template_filter ] --START--
INFO: Run Behavior\ContentReplaceBehavior [ RunTime:0.000045s ]
INFO: [ template_filter ] --END-- [ RunTime:0.000115s ]
INFO: Run Behavior\ParseTemplateBehavior [ RunTime:0.030319s ]
INFO: [ view_parse ] --END-- [ RunTime:0.030374s ]
INFO: [ view_filter ] --START--
INFO: Run Behavior\WriteHtmlCacheBehavior [ RunTime:0.001423s ]
INFO: [ view_filter ] --END-- [ RunTime:0.001476s ]
NOTIC: [2] Cannot modify header information - headers already sent by (output started at /Users/GreysTone/Sites/Application/Home/Controller/IndexController.class.php:9) /Users/GreysTone/Sites/ThinkPHP/Library/Think/View.class.php 第 91 行.
NOTIC: [2] Cannot modify header information - headers already sent by (output started at /Users/GreysTone/Sites/Application/Home/Controller/IndexController.class.php:9) /Users/GreysTone/Sites/ThinkPHP/Library/Think/View.class.php 第 92 行.
NOTIC: [2] Cannot modify header information - headers already sent by (output started at /Users/GreysTone/Sites/Application/Home/Controller/IndexController.class.php:9) /Users/GreysTone/Sites/ThinkPHP/Library/Think/View.class.php 第 93 行.
INFO: [ app_end ] --START--
INFO: Run Behavior\ShowPageTraceBehavior [ RunTime:0.001847s ]
INFO: [ app_end ] --END-- [ RunTime:0.001915s ]

[ 2015-08-04T20:44:16+08:00 ] ::1 /~GreysTone/index.php
INFO: [ app_init ] --START--
INFO: Run Behavior\BuildLiteBehavior [ RunTime:0.000016s ]
INFO: [ app_init ] --END-- [ RunTime:0.001185s ]
INFO: [ app_begin ] --START--
INFO: Run Behavior\ReadHtmlCacheBehavior [ RunTime:0.001233s ]
INFO: [ app_begin ] --END-- [ RunTime:0.001300s ]
SQL: SHOW COLUMNS FROM `users` [ RunTime:0.0021s ]
SQL: SELECT * FROM `users` WHERE ( username='GreysTone' )  [ RunTime:0.0003s ]
NOTIC: [8] Undefined offset: 2 /Users/GreysTone/Sites/Application/Home/Controller/IndexController.class.php 第 9 行.
INFO: [ app_end ] --START--
INFO: Run Behavior\ShowPageTraceBehavior [ RunTime:0.005883s ]
INFO: [ app_end ] --END-- [ RunTime:0.005962s ]

[ 2015-08-04T20:44:19+08:00 ] ::1 /~GreysTone/index.php
INFO: [ app_init ] --START--
INFO: Run Behavior\BuildLiteBehavior [ RunTime:0.000020s ]
INFO: [ app_init ] --END-- [ RunTime:0.000408s ]
INFO: [ app_begin ] --START--
INFO: Run Behavior\ReadHtmlCacheBehavior [ RunTime:0.000514s ]
INFO: [ app_begin ] --END-- [ RunTime:0.000576s ]
SQL: SHOW COLUMNS FROM `users` [ RunTime:0.0050s ]
SQL: SELECT * FROM `users` WHERE ( username='GreysTone' )  [ RunTime:0.0012s ]
NOTIC: [8] Undefined offset: 2 /Users/GreysTone/Sites/Application/Home/Controller/IndexController.class.php 第 9 行.
INFO: [ app_end ] --START--
INFO: Run Behavior\ShowPageTraceBehavior [ RunTime:0.000584s ]
INFO: [ app_end ] --END-- [ RunTime:0.000633s ]

[ 2015-08-04T20:44:48+08:00 ] ::1 /~GreysTone/index.php
INFO: [ app_init ] --START--
INFO: Run Behavior\BuildLiteBehavior [ RunTime:0.000020s ]
INFO: [ app_init ] --END-- [ RunTime:0.001263s ]
INFO: [ app_begin ] --START--
INFO: Run Behavior\ReadHtmlCacheBehavior [ RunTime:0.001229s ]
INFO: [ app_begin ] --END-- [ RunTime:0.001289s ]
SQL: SHOW COLUMNS FROM `users` [ RunTime:0.0035s ]
SQL: SELECT * FROM `users` WHERE ( username='GreysTone' )  [ RunTime:0.0005s ]
NOTIC: [8] Undefined offset: 2 /Users/GreysTone/Sites/Application/Home/Controller/IndexController.class.php 第 9 行.
INFO: [ view_parse ] --START--
INFO: [ template_filter ] --START--
INFO: Run Behavior\ContentReplaceBehavior [ RunTime:0.000040s ]
INFO: [ template_filter ] --END-- [ RunTime:0.000105s ]
INFO: Run Behavior\ParseTemplateBehavior [ RunTime:0.026369s ]
INFO: [ view_parse ] --END-- [ RunTime:0.026427s ]
INFO: [ view_filter ] --START--
INFO: Run Behavior\WriteHtmlCacheBehavior [ RunTime:0.002844s ]
INFO: [ view_filter ] --END-- [ RunTime:0.002890s ]
INFO: [ app_end ] --START--
INFO: Run Behavior\ShowPageTraceBehavior [ RunTime:0.001067s ]
INFO: [ app_end ] --END-- [ RunTime:0.001141s ]

[ 2015-08-04T20:46:26+08:00 ] ::1 /~GreysTone/index.php
INFO: [ app_init ] --START--
INFO: Run Behavior\BuildLiteBehavior [ RunTime:0.000013s ]
INFO: [ app_init ] --END-- [ RunTime:0.000316s ]
INFO: [ app_begin ] --START--
INFO: Run Behavior\ReadHtmlCacheBehavior [ RunTime:0.000410s ]
INFO: [ app_begin ] --END-- [ RunTime:0.000457s ]
SQL: SHOW COLUMNS FROM `users` [ RunTime:0.0019s ]
SQL: SELECT * FROM `users` WHERE ( username='GreysTone' )  [ RunTime:0.0003s ]
INFO: [ view_parse ] --START--
INFO: [ template_filter ] --START--
INFO: Run Behavior\ContentReplaceBehavior [ RunTime:0.000040s ]
INFO: [ template_filter ] --END-- [ RunTime:0.000099s ]
INFO: Run Behavior\ParseTemplateBehavior [ RunTime:0.012354s ]
INFO: [ view_parse ] --END-- [ RunTime:0.012429s ]
INFO: [ view_filter ] --START--
INFO: Run Behavior\WriteHtmlCacheBehavior [ RunTime:0.000207s ]
INFO: [ view_filter ] --END-- [ RunTime:0.000253s ]
INFO: [ app_end ] --START--
INFO: Run Behavior\ShowPageTraceBehavior [ RunTime:0.000635s ]
INFO: [ app_end ] --END-- [ RunTime:0.000692s ]

[ 2015-08-04T20:46:35+08:00 ] ::1 /~GreysTone/index.php?s=/Home/Index/login_post/
INFO: [ app_init ] --START--
INFO: Run Behavior\BuildLiteBehavior [ RunTime:0.000019s ]
INFO: [ app_init ] --END-- [ RunTime:0.001208s ]
INFO: [ app_begin ] --START--
INFO: Run Behavior\ReadHtmlCacheBehavior [ RunTime:0.000433s ]
INFO: [ app_begin ] --END-- [ RunTime:0.000480s ]
SQL: SHOW COLUMNS FROM `users` [ RunTime:0.3525s ]
SQL: SELECT * FROM `users` WHERE ( username='GreysTone' )  [ RunTime:0.0004s ]
NOTIC: [8] Undefined offset: 2 /Users/GreysTone/Sites/Application/Home/Controller/IndexController.class.php 第 23 行.
NOTIC: [8] Undefined index: password /Users/GreysTone/Sites/Application/Home/Controller/IndexController.class.php 第 26 行.
INFO: [ view_parse ] --START--
INFO: [ template_filter ] --START--
INFO: Run Behavior\ContentReplaceBehavior [ RunTime:0.000043s ]
INFO: [ template_filter ] --END-- [ RunTime:0.000116s ]
INFO: Run Behavior\ParseTemplateBehavior [ RunTime:0.137777s ]
INFO: [ view_parse ] --END-- [ RunTime:0.137856s ]
INFO: [ view_filter ] --START--
INFO: Run Behavior\WriteHtmlCacheBehavior [ RunTime:0.000225s ]
INFO: [ view_filter ] --END-- [ RunTime:0.000283s ]
NOTIC: [2] Cannot modify header information - headers already sent by (output started at /Users/GreysTone/Sites/Application/Home/Controller/IndexController.class.php:22) /Users/GreysTone/Sites/ThinkPHP/Library/Think/View.class.php 第 91 行.
NOTIC: [2] Cannot modify header information - headers already sent by (output started at /Users/GreysTone/Sites/Application/Home/Controller/IndexController.class.php:22) /Users/GreysTone/Sites/ThinkPHP/Library/Think/View.class.php 第 92 行.
NOTIC: [2] Cannot modify header information - headers already sent by (output started at /Users/GreysTone/Sites/Application/Home/Controller/IndexController.class.php:22) /Users/GreysTone/Sites/ThinkPHP/Library/Think/View.class.php 第 93 行.

[ 2015-08-04T20:47:00+08:00 ] ::1 /~GreysTone/index.php?s=/Home/Index/login_post/
INFO: [ app_init ] --START--
INFO: Run Behavior\BuildLiteBehavior [ RunTime:0.000016s ]
INFO: [ app_init ] --END-- [ RunTime:0.000445s ]
INFO: [ app_begin ] --START--
INFO: Run Behavior\ReadHtmlCacheBehavior [ RunTime:0.000486s ]
INFO: [ app_begin ] --END-- [ RunTime:0.000549s ]
SQL: SHOW COLUMNS FROM `users` [ RunTime:0.0019s ]
SQL: SELECT * FROM `users` WHERE ( username='GreysTone' )  [ RunTime:0.0003s ]
NOTIC: [8] Undefined offset: 2 /Users/GreysTone/Sites/Application/Home/Controller/IndexController.class.php 第 23 行.
NOTIC: [8] Undefined index: password /Users/GreysTone/Sites/Application/Home/Controller/IndexController.class.php 第 26 行.
INFO: [ view_parse ] --START--
INFO: [ template_filter ] --START--
INFO: Run Behavior\ContentReplaceBehavior [ RunTime:0.000039s ]
INFO: [ template_filter ] --END-- [ RunTime:0.000099s ]
INFO: Run Behavior\ParseTemplateBehavior [ RunTime:0.011129s ]
INFO: [ view_parse ] --END-- [ RunTime:0.011198s ]
INFO: [ view_filter ] --START--
INFO: Run Behavior\WriteHtmlCacheBehavior [ RunTime:0.000181s ]
INFO: [ view_filter ] --END-- [ RunTime:0.000226s ]
NOTIC: [2] Cannot modify header information - headers already sent by (output started at /Users/GreysTone/Sites/Application/Home/Controller/IndexController.class.php:22) /Users/GreysTone/Sites/ThinkPHP/Library/Think/View.class.php 第 91 行.
NOTIC: [2] Cannot modify header information - headers already sent by (output started at /Users/GreysTone/Sites/Application/Home/Controller/IndexController.class.php:22) /Users/GreysTone/Sites/ThinkPHP/Library/Think/View.class.php 第 92 行.
NOTIC: [2] Cannot modify header information - headers already sent by (output started at /Users/GreysTone/Sites/Application/Home/Controller/IndexController.class.php:22) /Users/GreysTone/Sites/ThinkPHP/Library/Think/View.class.php 第 93 行.

[ 2015-08-04T20:47:22+08:00 ] ::1 /~GreysTone/index.php?s=/Home/Index/login_post/
INFO: [ app_init ] --START--
INFO: Run Behavior\BuildLiteBehavior [ RunTime:0.000019s ]
INFO: [ app_init ] --END-- [ RunTime:0.000427s ]
INFO: [ app_begin ] --START--
INFO: Run Behavior\ReadHtmlCacheBehavior [ RunTime:0.000567s ]
INFO: [ app_begin ] --END-- [ RunTime:0.000660s ]
SQL: SHOW COLUMNS FROM `users` [ RunTime:0.0033s ]
SQL: SELECT * FROM `users` WHERE ( username='GreysTone' )  [ RunTime:0.0003s ]
NOTIC: [8] Undefined offset: 2 /Users/GreysTone/Sites/Application/Home/Controller/IndexController.class.php 第 23 行.
NOTIC: [8] Undefined offset: 2 /Users/GreysTone/Sites/Application/Home/Controller/IndexController.class.php 第 26 行.
INFO: [ view_parse ] --START--
INFO: [ template_filter ] --START--
INFO: Run Behavior\ContentReplaceBehavior [ RunTime:0.000039s ]
INFO: [ template_filter ] --END-- [ RunTime:0.000104s ]
INFO: Run Behavior\ParseTemplateBehavior [ RunTime:0.012143s ]
INFO: [ view_parse ] --END-- [ RunTime:0.012227s ]
INFO: [ view_filter ] --START--
INFO: Run Behavior\WriteHtmlCacheBehavior [ RunTime:0.000314s ]
INFO: [ view_filter ] --END-- [ RunTime:0.000391s ]
NOTIC: [2] Cannot modify header information - headers already sent by (output started at /Users/GreysTone/Sites/Application/Home/Controller/IndexController.class.php:22) /Users/GreysTone/Sites/ThinkPHP/Library/Think/View.class.php 第 91 行.
NOTIC: [2] Cannot modify header information - headers already sent by (output started at /Users/GreysTone/Sites/Application/Home/Controller/IndexController.class.php:22) /Users/GreysTone/Sites/ThinkPHP/Library/Think/View.class.php 第 92 行.
NOTIC: [2] Cannot modify header information - headers already sent by (output started at /Users/GreysTone/Sites/Application/Home/Controller/IndexController.class.php:22) /Users/GreysTone/Sites/ThinkPHP/Library/Think/View.class.php 第 93 行.

[ 2015-08-04T20:49:42+08:00 ] ::1 /~GreysTone/index.php?s=/Home/Index/login_post/
INFO: [ app_init ] --START--
INFO: Run Behavior\BuildLiteBehavior [ RunTime:0.000016s ]
INFO: [ app_init ] --END-- [ RunTime:0.000366s ]
INFO: [ app_begin ] --START--
INFO: Run Behavior\ReadHtmlCacheBehavior [ RunTime:0.000503s ]
INFO: [ app_begin ] --END-- [ RunTime:0.000567s ]

[ 2015-08-04T20:49:56+08:00 ] ::1 /~GreysTone/index.php?s=/Home/Index/login_post/
INFO: [ app_init ] --START--
INFO: Run Behavior\BuildLiteBehavior [ RunTime:0.000018s ]
INFO: [ app_init ] --END-- [ RunTime:0.000392s ]
INFO: [ app_begin ] --START--
INFO: Run Behavior\ReadHtmlCacheBehavior [ RunTime:0.000652s ]
INFO: [ app_begin ] --END-- [ RunTime:0.000723s ]
SQL: SHOW COLUMNS FROM `users` [ RunTime:0.1327s ]
SQL: SELECT * FROM `users` WHERE `username` = 'GreysTone'  [ RunTime:0.0004s ]
NOTIC: [8] Undefined offset: 2 /Users/GreysTone/Sites/Application/Home/Controller/IndexController.class.php 第 23 行.
INFO: [ view_parse ] --START--
INFO: [ template_filter ] --START--
INFO: Run Behavior\ContentReplaceBehavior [ RunTime:0.000042s ]
INFO: [ template_filter ] --END-- [ RunTime:0.000110s ]
INFO: Run Behavior\ParseTemplateBehavior [ RunTime:0.006746s ]
INFO: [ view_parse ] --END-- [ RunTime:0.006802s ]
INFO: [ view_filter ] --START--
INFO: Run Behavior\WriteHtmlCacheBehavior [ RunTime:0.000171s ]
INFO: [ view_filter ] --END-- [ RunTime:0.000222s ]
NOTIC: [2] Cannot modify header information - headers already sent by (output started at /Users/GreysTone/Sites/Application/Home/Controller/IndexController.class.php:19) /Users/GreysTone/Sites/ThinkPHP/Library/Think/View.class.php 第 91 行.
NOTIC: [2] Cannot modify header information - headers already sent by (output started at /Users/GreysTone/Sites/Application/Home/Controller/IndexController.class.php:19) /Users/GreysTone/Sites/ThinkPHP/Library/Think/View.class.php 第 92 行.
NOTIC: [2] Cannot modify header information - headers already sent by (output started at /Users/GreysTone/Sites/Application/Home/Controller/IndexController.class.php:19) /Users/GreysTone/Sites/ThinkPHP/Library/Think/View.class.php 第 93 行.

[ 2015-08-04T20:53:16+08:00 ] ::1 /~GreysTone/index.php?s=/Home/Index/login_post/
INFO: [ app_init ] --START--
INFO: Run Behavior\BuildLiteBehavior [ RunTime:0.000014s ]
INFO: [ app_init ] --END-- [ RunTime:0.000345s ]
INFO: [ app_begin ] --START--
INFO: Run Behavior\ReadHtmlCacheBehavior [ RunTime:0.000441s ]
INFO: [ app_begin ] --END-- [ RunTime:0.000489s ]
SQL: SHOW COLUMNS FROM `users` [ RunTime:0.0017s ]
SQL: SELECT * FROM `users` WHERE `username` = 'GreysTone'  [ RunTime:0.0003s ]
NOTIC: [8] Undefined offset: 2 /Users/GreysTone/Sites/Application/Home/Controller/IndexController.class.php 第 23 行.
INFO: [ view_parse ] --START--
INFO: [ template_filter ] --START--
INFO: Run Behavior\ContentReplaceBehavior [ RunTime:0.000034s ]
INFO: [ template_filter ] --END-- [ RunTime:0.000083s ]
INFO: Run Behavior\ParseTemplateBehavior [ RunTime:0.011172s ]
INFO: [ view_parse ] --END-- [ RunTime:0.011245s ]
INFO: [ view_filter ] --START--
INFO: Run Behavior\WriteHtmlCacheBehavior [ RunTime:0.000226s ]
INFO: [ view_filter ] --END-- [ RunTime:0.000275s ]
NOTIC: [2] Cannot modify header information - headers already sent by (output started at /Users/GreysTone/Sites/Application/Home/Controller/IndexController.class.php:19) /Users/GreysTone/Sites/ThinkPHP/Library/Think/View.class.php 第 91 行.
NOTIC: [2] Cannot modify header information - headers already sent by (output started at /Users/GreysTone/Sites/Application/Home/Controller/IndexController.class.php:19) /Users/GreysTone/Sites/ThinkPHP/Library/Think/View.class.php 第 92 行.
NOTIC: [2] Cannot modify header information - headers already sent by (output started at /Users/GreysTone/Sites/Application/Home/Controller/IndexController.class.php:19) /Users/GreysTone/Sites/ThinkPHP/Library/Think/View.class.php 第 93 行.

[ 2015-08-04T20:53:36+08:00 ] ::1 /~GreysTone/index.php?s=/Home/Index/login_post/
INFO: [ app_init ] --START--
INFO: Run Behavior\BuildLiteBehavior [ RunTime:0.000014s ]
INFO: [ app_init ] --END-- [ RunTime:0.000324s ]
INFO: [ app_begin ] --START--
INFO: Run Behavior\ReadHtmlCacheBehavior [ RunTime:0.000410s ]
INFO: [ app_begin ] --END-- [ RunTime:0.000458s ]
SQL: SHOW COLUMNS FROM `users` [ RunTime:0.0024s ]
SQL: SELECT * FROM `users` WHERE `username` = 'GreysTone'  [ RunTime:0.0004s ]
NOTIC: [8] Undefined index: username /Users/GreysTone/Sites/Application/Home/Controller/IndexController.class.php 第 20 行.
NOTIC: [8] Undefined offset: 2 /Users/GreysTone/Sites/Application/Home/Controller/IndexController.class.php 第 23 行.
INFO: [ view_parse ] --START--
INFO: [ template_filter ] --START--
INFO: Run Behavior\ContentReplaceBehavior [ RunTime:0.000038s ]
INFO: [ template_filter ] --END-- [ RunTime:0.000094s ]
INFO: Run Behavior\ParseTemplateBehavior [ RunTime:0.011219s ]
INFO: [ view_parse ] --END-- [ RunTime:0.011292s ]
INFO: [ view_filter ] --START--
INFO: Run Behavior\WriteHtmlCacheBehavior [ RunTime:0.000193s ]
INFO: [ view_filter ] --END-- [ RunTime:0.000243s ]
NOTIC: [2] Cannot modify header information - headers already sent by (output started at /Users/GreysTone/Sites/Application/Home/Controller/IndexController.class.php:19) /Users/GreysTone/Sites/ThinkPHP/Library/Think/View.class.php 第 91 行.
NOTIC: [2] Cannot modify header information - headers already sent by (output started at /Users/GreysTone/Sites/Application/Home/Controller/IndexController.class.php:19) /Users/GreysTone/Sites/ThinkPHP/Library/Think/View.class.php 第 92 行.
NOTIC: [2] Cannot modify header information - headers already sent by (output started at /Users/GreysTone/Sites/Application/Home/Controller/IndexController.class.php:19) /Users/GreysTone/Sites/ThinkPHP/Library/Think/View.class.php 第 93 行.

[ 2015-08-04T20:55:55+08:00 ] ::1 /~GreysTone/index.php?s=/Home/Index/login_post/
INFO: [ app_init ] --START--
INFO: Run Behavior\BuildLiteBehavior [ RunTime:0.000014s ]
INFO: [ app_init ] --END-- [ RunTime:0.000317s ]
INFO: [ app_begin ] --START--
INFO: Run Behavior\ReadHtmlCacheBehavior [ RunTime:0.000405s ]
INFO: [ app_begin ] --END-- [ RunTime:0.000452s ]
SQL: SHOW COLUMNS FROM `users` [ RunTime:0.0055s ]
SQL: SELECT * FROM `users` WHERE `username` = 'GreysTone' LIMIT 1   [ RunTime:0.0059s ]
NOTIC: [8] Undefined offset: 2 /Users/GreysTone/Sites/Application/Home/Controller/IndexController.class.php 第 23 行.
INFO: [ view_parse ] --START--
INFO: [ template_filter ] --START--
INFO: Run Behavior\ContentReplaceBehavior [ RunTime:0.000044s ]
INFO: [ template_filter ] --END-- [ RunTime:0.000113s ]
INFO: Run Behavior\ParseTemplateBehavior [ RunTime:0.011442s ]
INFO: [ view_parse ] --END-- [ RunTime:0.011524s ]
INFO: [ view_filter ] --START--
INFO: Run Behavior\WriteHtmlCacheBehavior [ RunTime:0.000314s ]
INFO: [ view_filter ] --END-- [ RunTime:0.000391s ]
NOTIC: [2] Cannot modify header information - headers already sent by (output started at /Users/GreysTone/Sites/Application/Home/Controller/IndexController.class.php:19) /Users/GreysTone/Sites/ThinkPHP/Library/Think/View.class.php 第 91 行.
NOTIC: [2] Cannot modify header information - headers already sent by (output started at /Users/GreysTone/Sites/Application/Home/Controller/IndexController.class.php:19) /Users/GreysTone/Sites/ThinkPHP/Library/Think/View.class.php 第 92 行.
NOTIC: [2] Cannot modify header information - headers already sent by (output started at /Users/GreysTone/Sites/Application/Home/Controller/IndexController.class.php:19) /Users/GreysTone/Sites/ThinkPHP/Library/Think/View.class.php 第 93 行.

[ 2015-08-04T20:56:12+08:00 ] ::1 /~GreysTone/index.php?s=/Home/Index/login_post/
INFO: [ app_init ] --START--
INFO: Run Behavior\BuildLiteBehavior [ RunTime:0.000015s ]
INFO: [ app_init ] --END-- [ RunTime:0.000322s ]
INFO: [ app_begin ] --START--
INFO: Run Behavior\ReadHtmlCacheBehavior [ RunTime:0.000405s ]
INFO: [ app_begin ] --END-- [ RunTime:0.000453s ]
SQL: SHOW COLUMNS FROM `users` [ RunTime:0.0017s ]
SQL: SELECT * FROM `users` WHERE `username` = 'GreysTone' LIMIT 1   [ RunTime:0.0003s ]
INFO: [ view_parse ] --START--
INFO: [ template_filter ] --START--
INFO: Run Behavior\ContentReplaceBehavior [ RunTime:0.000035s ]
INFO: [ template_filter ] --END-- [ RunTime:0.000084s ]
INFO: Run Behavior\ParseTemplateBehavior [ RunTime:0.010955s ]
INFO: [ view_parse ] --END-- [ RunTime:0.011025s ]
INFO: [ view_filter ] --START--
INFO: Run Behavior\WriteHtmlCacheBehavior [ RunTime:0.000171s ]
INFO: [ view_filter ] --END-- [ RunTime:0.000214s ]
NOTIC: [2] Cannot modify header information - headers already sent by (output started at /Users/GreysTone/Sites/Application/Home/Controller/IndexController.class.php:19) /Users/GreysTone/Sites/ThinkPHP/Library/Think/View.class.php 第 91 行.
NOTIC: [2] Cannot modify header information - headers already sent by (output started at /Users/GreysTone/Sites/Application/Home/Controller/IndexController.class.php:19) /Users/GreysTone/Sites/ThinkPHP/Library/Think/View.class.php 第 92 行.
NOTIC: [2] Cannot modify header information - headers already sent by (output started at /Users/GreysTone/Sites/Application/Home/Controller/IndexController.class.php:19) /Users/GreysTone/Sites/ThinkPHP/Library/Think/View.class.php 第 93 行.
INFO: [ app_end ] --START--
INFO: Run Behavior\ShowPageTraceBehavior [ RunTime:0.000467s ]
INFO: [ app_end ] --END-- [ RunTime:0.000513s ]

[ 2015-08-04T21:23:24+08:00 ] ::1 /~GreysTone/index.php?s=/Home/Index/login_post/
INFO: [ app_init ] --START--
INFO: Run Behavior\BuildLiteBehavior [ RunTime:0.000014s ]
INFO: [ app_init ] --END-- [ RunTime:0.000330s ]
INFO: [ app_begin ] --START--
INFO: Run Behavior\ReadHtmlCacheBehavior [ RunTime:0.000414s ]
INFO: [ app_begin ] --END-- [ RunTime:0.000461s ]
SQL: SHOW COLUMNS FROM `users` [ RunTime:0.0038s ]
SQL: SELECT * FROM `users` WHERE `username` = 'GreysTone' LIMIT 1   [ RunTime:0.0004s ]
INFO: [ view_parse ] --START--
INFO: [ template_filter ] --START--
INFO: Run Behavior\ContentReplaceBehavior [ RunTime:0.000039s ]
INFO: [ template_filter ] --END-- [ RunTime:0.000101s ]
INFO: Run Behavior\ParseTemplateBehavior [ RunTime:0.022296s ]
INFO: [ view_parse ] --END-- [ RunTime:0.022406s ]
INFO: [ view_filter ] --START--
INFO: Run Behavior\WriteHtmlCacheBehavior [ RunTime:0.000426s ]
INFO: [ view_filter ] --END-- [ RunTime:0.000540s ]
INFO: [ app_end ] --START--
INFO: Run Behavior\ShowPageTraceBehavior [ RunTime:0.000653s ]
INFO: [ app_end ] --END-- [ RunTime:0.000769s ]

[ 2015-08-04T21:23:25+08:00 ] ::1 /~GreysTone/index.php/Home/Index/login_success.html
INFO: [ app_init ] --START--
INFO: Run Behavior\BuildLiteBehavior [ RunTime:0.000013s ]
INFO: [ app_init ] --END-- [ RunTime:0.000311s ]
INFO: [ app_begin ] --START--
INFO: Run Behavior\ReadHtmlCacheBehavior [ RunTime:0.000451s ]
INFO: [ app_begin ] --END-- [ RunTime:0.000503s ]
INFO: [ app_end ] --START--
INFO: Run Behavior\ShowPageTraceBehavior [ RunTime:0.000445s ]
INFO: [ app_end ] --END-- [ RunTime:0.000500s ]

[ 2015-08-04T22:14:00+08:00 ] ::1 /~GreysTone/index.php?s=/Home/Index/login_post/
INFO: [ app_init ] --START--
INFO: Run Behavior\BuildLiteBehavior [ RunTime:0.000020s ]
INFO: [ app_init ] --END-- [ RunTime:0.001315s ]
INFO: [ app_begin ] --START--
INFO: Run Behavior\ReadHtmlCacheBehavior [ RunTime:0.001256s ]
INFO: [ app_begin ] --END-- [ RunTime:0.001321s ]
SQL: SHOW COLUMNS FROM `users` [ RunTime:0.1386s ]
SQL: SELECT * FROM `users` WHERE `username` = 'GreysTone' LIMIT 1   [ RunTime:0.0004s ]
INFO: [ app_end ] --START--
INFO: Run Behavior\ShowPageTraceBehavior [ RunTime:0.274943s ]
INFO: [ app_end ] --END-- [ RunTime:0.275031s ]

[ 2015-08-04T22:14:15+08:00 ] ::1 /~GreysTone/index.php?s=/Home/Index/login_post/
INFO: [ app_init ] --START--
INFO: Run Behavior\BuildLiteBehavior [ RunTime:0.000014s ]
INFO: [ app_init ] --END-- [ RunTime:0.000321s ]
INFO: [ app_begin ] --START--
INFO: Run Behavior\ReadHtmlCacheBehavior [ RunTime:0.000404s ]
INFO: [ app_begin ] --END-- [ RunTime:0.000450s ]
SQL: SHOW COLUMNS FROM `users` [ RunTime:0.0025s ]
SQL: SELECT * FROM `users` WHERE `username` = 'GreysTone' LIMIT 1   [ RunTime:0.0003s ]
INFO: [ view_parse ] --START--
INFO: [ template_filter ] --START--
INFO: Run Behavior\ContentReplaceBehavior [ RunTime:0.000044s ]
INFO: [ template_filter ] --END-- [ RunTime:0.000115s ]
INFO: Run Behavior\ParseTemplateBehavior [ RunTime:0.029842s ]
INFO: [ view_parse ] --END-- [ RunTime:0.029898s ]
INFO: [ view_filter ] --START--
INFO: Run Behavior\WriteHtmlCacheBehavior [ RunTime:0.001907s ]
INFO: [ view_filter ] --END-- [ RunTime:0.001957s ]
INFO: [ app_end ] --START--
INFO: Run Behavior\ShowPageTraceBehavior [ RunTime:0.000671s ]
INFO: [ app_end ] --END-- [ RunTime:0.000732s ]

[ 2015-08-04T22:14:16+08:00 ] ::1 /~GreysTone/index.php/Home/Index/mainpage_admin.html
INFO: [ app_init ] --START--
INFO: Run Behavior\BuildLiteBehavior [ RunTime:0.000012s ]
INFO: [ app_init ] --END-- [ RunTime:0.000305s ]
INFO: [ app_begin ] --START--
INFO: Run Behavior\ReadHtmlCacheBehavior [ RunTime:0.000615s ]
INFO: [ app_begin ] --END-- [ RunTime:0.000692s ]
INFO: [ app_end ] --START--
INFO: Run Behavior\ShowPageTraceBehavior [ RunTime:0.000501s ]
INFO: [ app_end ] --END-- [ RunTime:0.000558s ]

[ 2015-08-04T22:43:46+08:00 ] ::1 /~GreysTone/index.php/Home/Index/mainpage_admin.html
INFO: [ app_init ] --START--
INFO: Run Behavior\BuildLiteBehavior [ RunTime:0.000019s ]
INFO: [ app_init ] --END-- [ RunTime:0.001259s ]
INFO: [ app_begin ] --START--
INFO: Run Behavior\ReadHtmlCacheBehavior [ RunTime:0.001301s ]
INFO: [ app_begin ] --END-- [ RunTime:0.001369s ]
INFO: [ app_end ] --START--
INFO: Run Behavior\ShowPageTraceBehavior [ RunTime:0.001221s ]
INFO: [ app_end ] --END-- [ RunTime:0.001279s ]

[ 2015-08-04T22:44:33+08:00 ] ::1 /~GreysTone/index.php?s=/Home/Index/login_post/
INFO: [ app_init ] --START--
INFO: Run Behavior\BuildLiteBehavior [ RunTime:0.000014s ]
INFO: [ app_init ] --END-- [ RunTime:0.000310s ]
INFO: [ app_begin ] --START--
INFO: Run Behavior\ReadHtmlCacheBehavior [ RunTime:0.000403s ]
INFO: [ app_begin ] --END-- [ RunTime:0.000451s ]
SQL: SHOW COLUMNS FROM `users` [ RunTime:0.0017s ]
SQL: SELECT * FROM `users` WHERE `username` = 'GreysTone' LIMIT 1   [ RunTime:0.0003s ]
INFO: [ view_parse ] --START--
INFO: [ template_filter ] --START--
INFO: Run Behavior\ContentReplaceBehavior [ RunTime:0.000053s ]
INFO: [ template_filter ] --END-- [ RunTime:0.000148s ]
INFO: Run Behavior\ParseTemplateBehavior [ RunTime:0.029134s ]
INFO: [ view_parse ] --END-- [ RunTime:0.029208s ]
INFO: [ view_filter ] --START--
INFO: Run Behavior\WriteHtmlCacheBehavior [ RunTime:0.001700s ]
INFO: [ view_filter ] --END-- [ RunTime:0.001753s ]
INFO: [ app_end ] --START--
INFO: Run Behavior\ShowPageTraceBehavior [ RunTime:0.000533s ]
INFO: [ app_end ] --END-- [ RunTime:0.000587s ]

[ 2015-08-04T22:44:34+08:00 ] ::1 /~GreysTone/index.php/Home/Index/mainpage_admin.html
INFO: [ app_init ] --START--
INFO: Run Behavior\BuildLiteBehavior [ RunTime:0.000016s ]
INFO: [ app_init ] --END-- [ RunTime:0.000506s ]
INFO: [ app_begin ] --START--
INFO: Run Behavior\ReadHtmlCacheBehavior [ RunTime:0.000431s ]
INFO: [ app_begin ] --END-- [ RunTime:0.000480s ]
INFO: [ app_end ] --START--
INFO: Run Behavior\ShowPageTraceBehavior [ RunTime:0.000426s ]
INFO: [ app_end ] --END-- [ RunTime:0.000473s ]

[ 2015-08-04T22:59:51+08:00 ] ::1 /~GreysTone/index.php/Home/Index/mainpage_admin.html
INFO: [ app_init ] --START--
INFO: Run Behavior\BuildLiteBehavior [ RunTime:0.000017s ]
INFO: [ app_init ] --END-- [ RunTime:0.001143s ]
INFO: [ app_begin ] --START--
INFO: Run Behavior\ReadHtmlCacheBehavior [ RunTime:0.001200s ]
INFO: [ app_begin ] --END-- [ RunTime:0.001256s ]
INFO: [ app_end ] --START--
INFO: Run Behavior\ShowPageTraceBehavior [ RunTime:0.000948s ]
INFO: [ app_end ] --END-- [ RunTime:0.001003s ]

[ 2015-08-04T22:59:53+08:00 ] ::1 /~GreysTone/index.php/Home/Index/mainpage_admin.html
INFO: [ app_init ] --START--
INFO: Run Behavior\BuildLiteBehavior [ RunTime:0.000013s ]
INFO: [ app_init ] --END-- [ RunTime:0.000314s ]
INFO: [ app_begin ] --START--
INFO: Run Behavior\ReadHtmlCacheBehavior [ RunTime:0.000412s ]
INFO: [ app_begin ] --END-- [ RunTime:0.000459s ]
INFO: [ app_end ] --START--
INFO: Run Behavior\ShowPageTraceBehavior [ RunTime:0.000410s ]
INFO: [ app_end ] --END-- [ RunTime:0.000457s ]

[ 2015-08-04T22:59:59+08:00 ] ::1 /~GreysTone/index.php?s=/Home/Index/login_post/
INFO: [ app_init ] --START--
INFO: Run Behavior\BuildLiteBehavior [ RunTime:0.000015s ]
INFO: [ app_init ] --END-- [ RunTime:0.000340s ]
INFO: [ app_begin ] --START--
INFO: Run Behavior\ReadHtmlCacheBehavior [ RunTime:0.000432s ]
INFO: [ app_begin ] --END-- [ RunTime:0.000483s ]
SQL: SHOW COLUMNS FROM `users` [ RunTime:0.0021s ]
SQL: SELECT * FROM `users` WHERE `username` = 'GreysTone' LIMIT 1   [ RunTime:0.0003s ]
INFO: [ view_parse ] --START--
INFO: [ template_filter ] --START--
INFO: Run Behavior\ContentReplaceBehavior [ RunTime:0.000043s ]
INFO: [ template_filter ] --END-- [ RunTime:0.000121s ]
INFO: Run Behavior\ParseTemplateBehavior [ RunTime:0.028607s ]
INFO: [ view_parse ] --END-- [ RunTime:0.028663s ]
INFO: [ view_filter ] --START--
INFO: Run Behavior\WriteHtmlCacheBehavior [ RunTime:0.001866s ]
INFO: [ view_filter ] --END-- [ RunTime:0.001919s ]
INFO: [ app_end ] --START--
INFO: Run Behavior\ShowPageTraceBehavior [ RunTime:0.000549s ]
INFO: [ app_end ] --END-- [ RunTime:0.000603s ]

[ 2015-08-04T23:00:00+08:00 ] ::1 /~GreysTone/index.php/Home/Index/mainpage_admin.html
INFO: [ app_init ] --START--
INFO: Run Behavior\BuildLiteBehavior [ RunTime:0.000017s ]
INFO: [ app_init ] --END-- [ RunTime:0.000375s ]
INFO: [ app_begin ] --START--
INFO: Run Behavior\ReadHtmlCacheBehavior [ RunTime:0.000439s ]
INFO: [ app_begin ] --END-- [ RunTime:0.000488s ]
INFO: [ app_end ] --START--
INFO: Run Behavior\ShowPageTraceBehavior [ RunTime:0.000428s ]
INFO: [ app_end ] --END-- [ RunTime:0.000474s ]

[ 2015-08-04T23:01:31+08:00 ] ::1 /~GreysTone/index.php/Home/Index/mainpage_admin.html
INFO: [ app_init ] --START--
INFO: Run Behavior\BuildLiteBehavior [ RunTime:0.000013s ]
INFO: [ app_init ] --END-- [ RunTime:0.000311s ]
INFO: [ app_begin ] --START--
INFO: Run Behavior\ReadHtmlCacheBehavior [ RunTime:0.000406s ]
INFO: [ app_begin ] --END-- [ RunTime:0.000453s ]
INFO: [ app_end ] --START--
INFO: Run Behavior\ShowPageTraceBehavior [ RunTime:0.000409s ]
INFO: [ app_end ] --END-- [ RunTime:0.000455s ]

[ 2015-08-04T23:02:08+08:00 ] ::1 /~GreysTone/index.php?s=/Home/Index/login_post/
INFO: [ app_init ] --START--
INFO: Run Behavior\BuildLiteBehavior [ RunTime:0.000018s ]
INFO: [ app_init ] --END-- [ RunTime:0.000427s ]
INFO: [ app_begin ] --START--
INFO: Run Behavior\ReadHtmlCacheBehavior [ RunTime:0.000480s ]
INFO: [ app_begin ] --END-- [ RunTime:0.000537s ]
SQL: SHOW COLUMNS FROM `users` [ RunTime:0.0020s ]
SQL: SELECT * FROM `users` WHERE `username` = 'GreysTone' LIMIT 1   [ RunTime:0.0003s ]
INFO: [ view_parse ] --START--
INFO: [ template_filter ] --START--
INFO: Run Behavior\ContentReplaceBehavior [ RunTime:0.000034s ]
INFO: [ template_filter ] --END-- [ RunTime:0.000083s ]
INFO: Run Behavior\ParseTemplateBehavior [ RunTime:0.010963s ]
INFO: [ view_parse ] --END-- [ RunTime:0.011045s ]
INFO: [ view_filter ] --START--
INFO: Run Behavior\WriteHtmlCacheBehavior [ RunTime:0.000476s ]
INFO: [ view_filter ] --END-- [ RunTime:0.000529s ]
INFO: [ app_end ] --START--
INFO: Run Behavior\ShowPageTraceBehavior [ RunTime:0.000528s ]
INFO: [ app_end ] --END-- [ RunTime:0.000579s ]

[ 2015-08-04T23:02:09+08:00 ] ::1 /~GreysTone/index.php/Home/Index/mainpageAdmin.html
INFO: [ app_init ] --START--
INFO: Run Behavior\BuildLiteBehavior [ RunTime:0.000016s ]
INFO: [ app_init ] --END-- [ RunTime:0.000356s ]
INFO: [ app_begin ] --START--
INFO: Run Behavior\ReadHtmlCacheBehavior [ RunTime:0.000429s ]
INFO: [ app_begin ] --END-- [ RunTime:0.000477s ]
INFO: [ app_end ] --START--
INFO: Run Behavior\ShowPageTraceBehavior [ RunTime:0.000426s ]
INFO: [ app_end ] --END-- [ RunTime:0.000472s ]

[ 2015-08-04T23:04:24+08:00 ] ::1 /~GreysTone/index.php/Home/Index/mainpageAdmin.html
INFO: [ app_init ] --START--
INFO: Run Behavior\BuildLiteBehavior [ RunTime:0.000019s ]
INFO: [ app_init ] --END-- [ RunTime:0.001203s ]
INFO: [ app_begin ] --START--
INFO: Run Behavior\ReadHtmlCacheBehavior [ RunTime:0.001259s ]
INFO: [ app_begin ] --END-- [ RunTime:0.001323s ]
INFO: [ view_parse ] --START--
INFO: [ template_filter ] --START--
INFO: Run Behavior\ContentReplaceBehavior [ RunTime:0.000032s ]
INFO: [ template_filter ] --END-- [ RunTime:0.000094s ]
INFO: Run Behavior\ParseTemplateBehavior [ RunTime:0.008433s ]
INFO: [ view_parse ] --END-- [ RunTime:0.008483s ]
INFO: [ view_filter ] --START--
INFO: Run Behavior\WriteHtmlCacheBehavior [ RunTime:0.003087s ]
INFO: [ view_filter ] --END-- [ RunTime:0.003163s ]
INFO: [ app_end ] --START--
INFO: Run Behavior\ShowPageTraceBehavior [ RunTime:0.001162s ]
INFO: [ app_end ] --END-- [ RunTime:0.001237s ]

[ 2015-08-04T23:04:46+08:00 ] ::1 /~GreysTone/index.php/Home/Index/mainpageAdmin.html
INFO: [ app_init ] --START--
INFO: Run Behavior\BuildLiteBehavior [ RunTime:0.000012s ]
INFO: [ app_init ] --END-- [ RunTime:0.000309s ]
INFO: [ app_begin ] --START--
INFO: Run Behavior\ReadHtmlCacheBehavior [ RunTime:0.000408s ]
INFO: [ app_begin ] --END-- [ RunTime:0.000464s ]
ERR: 非法操作:mainpageAdmin

[ 2015-08-04T23:04:50+08:00 ] ::1 /~GreysTone/index.php?s=/Home/Index/login_post/
INFO: [ app_init ] --START--
INFO: Run Behavior\BuildLiteBehavior [ RunTime:0.000013s ]
INFO: [ app_init ] --END-- [ RunTime:0.000310s ]
INFO: [ app_begin ] --START--
INFO: Run Behavior\ReadHtmlCacheBehavior [ RunTime:0.000405s ]
INFO: [ app_begin ] --END-- [ RunTime:0.000450s ]
SQL: SHOW COLUMNS FROM `users` [ RunTime:0.0023s ]
SQL: SELECT * FROM `users` WHERE `username` = 'GreysTone' LIMIT 1   [ RunTime:0.0003s ]
INFO: [ view_parse ] --START--
INFO: [ template_filter ] --START--
INFO: Run Behavior\ContentReplaceBehavior [ RunTime:0.000051s ]
INFO: [ template_filter ] --END-- [ RunTime:0.000139s ]
INFO: Run Behavior\ParseTemplateBehavior [ RunTime:0.030412s ]
INFO: [ view_parse ] --END-- [ RunTime:0.030469s ]
INFO: [ view_filter ] --START--
INFO: Run Behavior\WriteHtmlCacheBehavior [ RunTime:0.001813s ]
INFO: [ view_filter ] --END-- [ RunTime:0.001867s ]
INFO: [ app_end ] --START--
INFO: Run Behavior\ShowPageTraceBehavior [ RunTime:0.001580s ]
INFO: [ app_end ] --END-- [ RunTime:0.001643s ]

[ 2015-08-04T23:04:52+08:00 ] ::1 /~GreysTone/index.php/Home/Index/mainpage_admin.html
INFO: [ app_init ] --START--
INFO: Run Behavior\BuildLiteBehavior [ RunTime:0.000017s ]
INFO: [ app_init ] --END-- [ RunTime:0.000360s ]
INFO: [ app_begin ] --START--
INFO: Run Behavior\ReadHtmlCacheBehavior [ RunTime:0.000486s ]
INFO: [ app_begin ] --END-- [ RunTime:0.000542s ]
INFO: [ view_parse ] --START--
INFO: [ template_filter ] --START--
INFO: Run Behavior\ContentReplaceBehavior [ RunTime:0.000032s ]
INFO: [ template_filter ] --END-- [ RunTime:0.000095s ]
INFO: Run Behavior\ParseTemplateBehavior [ RunTime:0.006327s ]
INFO: [ view_parse ] --END-- [ RunTime:0.006383s ]
INFO: [ view_filter ] --START--
INFO: Run Behavior\WriteHtmlCacheBehavior [ RunTime:0.000144s ]
INFO: [ view_filter ] --END-- [ RunTime:0.000185s ]
INFO: [ app_end ] --START--
INFO: Run Behavior\ShowPageTraceBehavior [ RunTime:0.000432s ]
INFO: [ app_end ] --END-- [ RunTime:0.000476s ]

[ 2015-08-04T23:05:14+08:00 ] ::1 /~GreysTone/index.php/Home/Index/mainpage_admin.html
INFO: [ app_init ] --START--
INFO: Run Behavior\BuildLiteBehavior [ RunTime:0.000013s ]
INFO: [ app_init ] --END-- [ RunTime:0.000309s ]
INFO: [ app_begin ] --START--
INFO: Run Behavior\ReadHtmlCacheBehavior [ RunTime:0.000407s ]
INFO: [ app_begin ] --END-- [ RunTime:0.000454s ]
INFO: [ view_parse ] --START--
INFO: [ template_filter ] --START--
INFO: Run Behavior\ContentReplaceBehavior [ RunTime:0.000035s ]
INFO: [ template_filter ] --END-- [ RunTime:0.000098s ]
INFO: Run Behavior\ParseTemplateBehavior [ RunTime:0.006023s ]
INFO: [ view_parse ] --END-- [ RunTime:0.006091s ]
INFO: [ view_filter ] --START--
INFO: Run Behavior\WriteHtmlCacheBehavior [ RunTime:0.000179s ]
INFO: [ view_filter ] --END-- [ RunTime:0.000228s ]
NOTIC: [2] Cannot modify header information - headers already sent by (output started at /Users/GreysTone/Sites/Application/Home/Controller/IndexController.class.php:35) /Users/GreysTone/Sites/ThinkPHP/Library/Think/View.class.php 第 91 行.
NOTIC: [2] Cannot modify header information - headers already sent by (output started at /Users/GreysTone/Sites/Application/Home/Controller/IndexController.class.php:35) /Users/GreysTone/Sites/ThinkPHP/Library/Think/View.class.php 第 92 行.
NOTIC: [2] Cannot modify header information - headers already sent by (output started at /Users/GreysTone/Sites/Application/Home/Controller/IndexController.class.php:35) /Users/GreysTone/Sites/ThinkPHP/Library/Think/View.class.php 第 93 行.
INFO: [ app_end ] --START--
INFO: Run Behavior\ShowPageTraceBehavior [ RunTime:0.000545s ]
INFO: [ app_end ] --END-- [ RunTime:0.000597s ]

