[ 2015-09-03T18:00:07+08:00 ] ::1 /~GreysTone/eas/index.php/Home/Index/checkin.html
INFO: [ app_init ] --START--
INFO: Run Behavior\BuildLiteBehavior [ RunTime:0.000017s ]
INFO: [ app_init ] --END-- [ RunTime:0.000502s ]
INFO: [ app_begin ] --START--
INFO: Run Behavior\ReadHtmlCacheBehavior [ RunTime:0.000530s ]
INFO: [ app_begin ] --END-- [ RunTime:0.000596s ]

[ 2015-09-03T18:00:07+08:00 ] ::1 /~GreysTone/eas/index.php/Home/Index/index.html
INFO: [ app_init ] --START--
INFO: Run Behavior\BuildLiteBehavior [ RunTime:0.000014s ]
INFO: [ app_init ] --END-- [ RunTime:0.000292s ]
INFO: [ app_begin ] --START--
INFO: Run Behavior\ReadHtmlCacheBehavior [ RunTime:0.000423s ]
INFO: [ app_begin ] --END-- [ RunTime:0.000503s ]
INFO: [ view_parse ] --START--
INFO: [ template_filter ] --START--
INFO: Run Behavior\ContentReplaceBehavior [ RunTime:0.000041s ]
INFO: [ template_filter ] --END-- [ RunTime:0.000110s ]
NOTIC: [8] Undefined variable: data /Users/GreysTone/Sites/eas/Application/Runtime/Cache/Home/2a94b8bda04ff446dcedd42276fc99ee.php 第 32 行.
INFO: Run Behavior\ParseTemplateBehavior [ RunTime:0.018534s ]
INFO: [ view_parse ] --END-- [ RunTime:0.018598s ]
INFO: [ view_filter ] --START--
INFO: Run Behavior\WriteHtmlCacheBehavior [ RunTime:0.000240s ]
INFO: [ view_filter ] --END-- [ RunTime:0.000274s ]
INFO: [ app_end ] --START--
INFO: Run Behavior\ShowPageTraceBehavior [ RunTime:0.000497s ]
INFO: [ app_end ] --END-- [ RunTime:0.000544s ]

[ 2015-09-03T19:01:33+08:00 ] ::1 /~GreysTone/eas/index.php/Home/Index/login_post.html
INFO: [ app_init ] --START--
INFO: Run Behavior\BuildLiteBehavior [ RunTime:0.000009s ]
INFO: [ app_init ] --END-- [ RunTime:0.000254s ]
INFO: [ app_begin ] --START--
INFO: Run Behavior\ReadHtmlCacheBehavior [ RunTime:0.000275s ]
INFO: [ app_begin ] --END-- [ RunTime:0.000308s ]
ERR: SQLSTATE[HY000] [2002] No such file or directory

[ 2015-09-03T19:41:59+08:00 ] ::1 /~GreysTone/eas/index.php/Home/Index/login_post.html
INFO: [ app_init ] --START--
INFO: Run Behavior\BuildLiteBehavior [ RunTime:0.000009s ]
INFO: [ app_init ] --END-- [ RunTime:0.000248s ]
INFO: [ app_begin ] --START--
INFO: Run Behavior\ReadHtmlCacheBehavior [ RunTime:0.000331s ]
INFO: [ app_begin ] --END-- [ RunTime:0.000370s ]
SQL: SHOW COLUMNS FROM `users` [ RunTime:0.0081s ]
SQL: SELECT * FROM `users` WHERE `username` = 'admin' LIMIT 1   [ RunTime:0.0015s ]

[ 2015-09-03T19:41:59+08:00 ] ::1 /~GreysTone/eas/index.php/Home/Index/profile.html
INFO: [ app_init ] --START--
INFO: Run Behavior\BuildLiteBehavior [ RunTime:0.000009s ]
INFO: [ app_init ] --END-- [ RunTime:0.000178s ]
INFO: [ app_begin ] --START--
INFO: Run Behavior\ReadHtmlCacheBehavior [ RunTime:0.000224s ]
INFO: [ app_begin ] --END-- [ RunTime:0.000251s ]
SQL: SHOW COLUMNS FROM `users` [ RunTime:0.0009s ]
SQL: SELECT * FROM `users` WHERE `uid` = 1 LIMIT 1   [ RunTime:0.0002s ]
SQL: SHOW COLUMNS FROM `status_round` [ RunTime:0.0036s ]
SQL: SELECT * FROM `status_round` LIMIT 1   [ RunTime:0.0001s ]
INFO: [ view_parse ] --START--
INFO: [ template_filter ] --START--
INFO: Run Behavior\ContentReplaceBehavior [ RunTime:0.000038s ]
INFO: [ template_filter ] --END-- [ RunTime:0.000079s ]
INFO: Run Behavior\ParseTemplateBehavior [ RunTime:0.012996s ]
INFO: [ view_parse ] --END-- [ RunTime:0.013050s ]
INFO: [ view_filter ] --START--
INFO: Run Behavior\WriteHtmlCacheBehavior [ RunTime:0.000131s ]
INFO: [ view_filter ] --END-- [ RunTime:0.000154s ]
INFO: [ app_end ] --START--
INFO: Run Behavior\ShowPageTraceBehavior [ RunTime:0.000310s ]
INFO: [ app_end ] --END-- [ RunTime:0.000334s ]

[ 2015-09-03T19:42:06+08:00 ] ::1 /~GreysTone/eas/index.php/Home/Index/administration.html
INFO: [ app_init ] --START--
INFO: Run Behavior\BuildLiteBehavior [ RunTime:0.000008s ]
INFO: [ app_init ] --END-- [ RunTime:0.000231s ]
INFO: [ app_begin ] --START--
INFO: Run Behavior\ReadHtmlCacheBehavior [ RunTime:0.000263s ]
INFO: [ app_begin ] --END-- [ RunTime:0.000295s ]
SQL: SHOW COLUMNS FROM `users` [ RunTime:0.0019s ]
SQL: SELECT * FROM `users`  [ RunTime:0.0002s ]
SQL: SHOW COLUMNS FROM `sectors` [ RunTime:0.0039s ]
SQL: SELECT * FROM `sectors`  [ RunTime:0.0002s ]
SQL: SHOW COLUMNS FROM `status_round` [ RunTime:0.0009s ]
SQL: SELECT * FROM `status_round` LIMIT 1   [ RunTime:0.0002s ]
SQL: SHOW COLUMNS FROM `times` [ RunTime:0.0032s ]
SQL: SELECT * FROM `times`  [ RunTime:0.0001s ]
SQL: SHOW COLUMNS FROM `rooms` [ RunTime:0.0031s ]
SQL: SELECT * FROM `rooms`  [ RunTime:0.0002s ]
SQL: SHOW COLUMNS FROM `tags_meta` [ RunTime:0.0039s ]
SQL: SELECT * FROM `tags_meta`  [ RunTime:0.0005s ]
SQL: SHOW COLUMNS FROM `interviewees` [ RunTime:0.0030s ]
SQL: SELECT * FROM `interviewees`  [ RunTime:0.0016s ]
NOTIC: [8] Undefined index: lite /Users/GreysTone/Sites/eas/ThinkPHP/Library/Think/Db.class.php 第 37 行.
SQL: SHOW COLUMNS FROM `groups` [ RunTime:0.0534s ]
SQL: SELECT * FROM `groups`  [ RunTime:0.0002s ]
INFO: [ view_parse ] --START--
INFO: [ template_filter ] --START--
INFO: Run Behavior\ContentReplaceBehavior [ RunTime:0.000059s ]
INFO: [ template_filter ] --END-- [ RunTime:0.000095s ]
INFO: Run Behavior\ParseTemplateBehavior [ RunTime:0.038942s ]
INFO: [ view_parse ] --END-- [ RunTime:0.038990s ]
INFO: [ view_filter ] --START--
INFO: Run Behavior\WriteHtmlCacheBehavior [ RunTime:0.000116s ]
INFO: [ view_filter ] --END-- [ RunTime:0.000137s ]
INFO: [ app_end ] --START--
INFO: Run Behavior\ShowPageTraceBehavior [ RunTime:0.000434s ]
INFO: [ app_end ] --END-- [ RunTime:0.000473s ]

[ 2015-09-03T20:17:41+08:00 ] ::1 /~GreysTone/eas/index.php/Home/Index/profile.html
INFO: [ app_init ] --START--
INFO: Run Behavior\BuildLiteBehavior [ RunTime:0.000011s ]
INFO: [ app_init ] --END-- [ RunTime:0.000390s ]
INFO: [ app_begin ] --START--
INFO: Run Behavior\ReadHtmlCacheBehavior [ RunTime:0.000512s ]
INFO: [ app_begin ] --END-- [ RunTime:0.000550s ]

[ 2015-09-03T20:17:41+08:00 ] ::1 /~GreysTone/eas/index.php/Home/Index/index.html
INFO: [ app_init ] --START--
INFO: Run Behavior\BuildLiteBehavior [ RunTime:0.000008s ]
INFO: [ app_init ] --END-- [ RunTime:0.000172s ]
INFO: [ app_begin ] --START--
INFO: Run Behavior\ReadHtmlCacheBehavior [ RunTime:0.000217s ]
INFO: [ app_begin ] --END-- [ RunTime:0.000243s ]
INFO: [ view_parse ] --START--
INFO: [ template_filter ] --START--
INFO: Run Behavior\ContentReplaceBehavior [ RunTime:0.000023s ]
INFO: [ template_filter ] --END-- [ RunTime:0.000058s ]
NOTIC: [8] Undefined variable: data /Users/GreysTone/Sites/eas/Application/Runtime/Cache/Home/2a94b8bda04ff446dcedd42276fc99ee.php 第 32 行.
INFO: Run Behavior\ParseTemplateBehavior [ RunTime:0.022034s ]
INFO: [ view_parse ] --END-- [ RunTime:0.022067s ]
INFO: [ view_filter ] --START--
INFO: Run Behavior\WriteHtmlCacheBehavior [ RunTime:0.000416s ]
INFO: [ view_filter ] --END-- [ RunTime:0.000456s ]
INFO: [ app_end ] --START--
INFO: Run Behavior\ShowPageTraceBehavior [ RunTime:0.000629s ]
INFO: [ app_end ] --END-- [ RunTime:0.000670s ]

[ 2015-09-03T20:17:47+08:00 ] ::1 /~GreysTone/eas/index.php/Home/Index/login_post.html
INFO: [ app_init ] --START--
INFO: Run Behavior\BuildLiteBehavior [ RunTime:0.000012s ]
INFO: [ app_init ] --END-- [ RunTime:0.000216s ]
INFO: [ app_begin ] --START--
INFO: Run Behavior\ReadHtmlCacheBehavior [ RunTime:0.000582s ]
INFO: [ app_begin ] --END-- [ RunTime:0.000647s ]
SQL: SHOW COLUMNS FROM `users` [ RunTime:0.0014s ]
SQL: SELECT * FROM `users` WHERE `username` = 'checkin' LIMIT 1   [ RunTime:0.0002s ]

[ 2015-09-03T20:17:47+08:00 ] ::1 /~GreysTone/eas/index.php/Home/Index/profile.html
INFO: [ app_init ] --START--
INFO: Run Behavior\BuildLiteBehavior [ RunTime:0.000009s ]
INFO: [ app_init ] --END-- [ RunTime:0.000196s ]
INFO: [ app_begin ] --START--
INFO: Run Behavior\ReadHtmlCacheBehavior [ RunTime:0.000242s ]
INFO: [ app_begin ] --END-- [ RunTime:0.000271s ]
SQL: SHOW COLUMNS FROM `users` [ RunTime:0.0009s ]
SQL: SELECT * FROM `users` WHERE `uid` = 2 LIMIT 1   [ RunTime:0.0002s ]
SQL: SHOW COLUMNS FROM `status_round` [ RunTime:0.0014s ]
SQL: SELECT * FROM `status_round` LIMIT 1   [ RunTime:0.0001s ]
INFO: [ view_parse ] --START--
INFO: [ template_filter ] --START--
INFO: Run Behavior\ContentReplaceBehavior [ RunTime:0.000039s ]
INFO: [ template_filter ] --END-- [ RunTime:0.000094s ]
INFO: Run Behavior\ParseTemplateBehavior [ RunTime:0.016222s ]
INFO: [ view_parse ] --END-- [ RunTime:0.016278s ]
INFO: [ view_filter ] --START--
INFO: Run Behavior\WriteHtmlCacheBehavior [ RunTime:0.000146s ]
INFO: [ view_filter ] --END-- [ RunTime:0.000180s ]
INFO: [ app_end ] --START--
INFO: Run Behavior\ShowPageTraceBehavior [ RunTime:0.000284s ]
INFO: [ app_end ] --END-- [ RunTime:0.000311s ]

[ 2015-09-03T20:17:56+08:00 ] ::1 /~GreysTone/eas/index.php/Home/Index/checkin.html
INFO: [ app_init ] --START--
INFO: Run Behavior\BuildLiteBehavior [ RunTime:0.000007s ]
INFO: [ app_init ] --END-- [ RunTime:0.000180s ]
INFO: [ app_begin ] --START--
INFO: Run Behavior\ReadHtmlCacheBehavior [ RunTime:0.000222s ]
INFO: [ app_begin ] --END-- [ RunTime:0.000250s ]
NOTIC: [8] Undefined index: lite /Users/GreysTone/Sites/eas/ThinkPHP/Library/Think/Db.class.php 第 37 行.
SQL: SHOW COLUMNS FROM `interviewees` [ RunTime:0.0009s ]
SQL: SHOW COLUMNS FROM `status_round` [ RunTime:0.0012s ]
SQL: SELECT * FROM `status_round` LIMIT 1   [ RunTime:0.0003s ]
SQL: SELECT * FROM `interviewees` WHERE ( status = 4 ) ORDER BY studentId  [ RunTime:0.0015s ]
INFO: [ view_parse ] --START--
INFO: [ template_filter ] --START--
INFO: Run Behavior\ContentReplaceBehavior [ RunTime:0.000041s ]
INFO: [ template_filter ] --END-- [ RunTime:0.000114s ]
NOTIC: [8] Undefined variable: fetchInteriewee /Users/GreysTone/Sites/eas/Application/Runtime/Cache/Home/efbfdb4f01a2230a0b4ebbd604b5b1b8.php 第 146 行.
INFO: Run Behavior\ParseTemplateBehavior [ RunTime:0.014734s ]
INFO: [ view_parse ] --END-- [ RunTime:0.014804s ]
INFO: [ view_filter ] --START--
INFO: Run Behavior\WriteHtmlCacheBehavior [ RunTime:0.000285s ]
INFO: [ view_filter ] --END-- [ RunTime:0.000321s ]
INFO: [ app_end ] --START--
INFO: Run Behavior\ShowPageTraceBehavior [ RunTime:0.000574s ]
INFO: [ app_end ] --END-- [ RunTime:0.000647s ]

[ 2015-09-03T21:28:12+08:00 ] ::1 /~GreysTone/eas/index.php/Home/Index/checkin.html
INFO: [ app_init ] --START--
INFO: Run Behavior\BuildLiteBehavior [ RunTime:0.000011s ]
INFO: [ app_init ] --END-- [ RunTime:0.000456s ]
INFO: [ app_begin ] --START--
INFO: Run Behavior\ReadHtmlCacheBehavior [ RunTime:0.000520s ]
INFO: [ app_begin ] --END-- [ RunTime:0.000555s ]
NOTIC: [8] Undefined index: lite /Users/GreysTone/Sites/eas/ThinkPHP/Library/Think/Db.class.php 第 37 行.
SQL: SHOW COLUMNS FROM `interviewees` [ RunTime:0.0009s ]
SQL: SHOW COLUMNS FROM `status_round` [ RunTime:0.0007s ]
SQL: SELECT * FROM `status_round` LIMIT 1   [ RunTime:0.0001s ]
SQL: SELECT * FROM `interviewees` WHERE ( status = 4 ) ORDER BY studentId  [ RunTime:0.0002s ]
INFO: [ view_parse ] --START--
INFO: [ template_filter ] --START--
INFO: Run Behavior\ContentReplaceBehavior [ RunTime:0.000040s ]
INFO: [ template_filter ] --END-- [ RunTime:0.000079s ]
NOTIC: [8] Undefined variable: fetchInteriewee /Users/GreysTone/Sites/eas/Application/Runtime/Cache/Home/efbfdb4f01a2230a0b4ebbd604b5b1b8.php 第 147 行.
INFO: Run Behavior\ParseTemplateBehavior [ RunTime:0.023597s ]
INFO: [ view_parse ] --END-- [ RunTime:0.023657s ]
INFO: [ view_filter ] --START--
INFO: Run Behavior\WriteHtmlCacheBehavior [ RunTime:0.000446s ]
INFO: [ view_filter ] --END-- [ RunTime:0.000484s ]
INFO: [ app_end ] --START--
INFO: Run Behavior\ShowPageTraceBehavior [ RunTime:0.000648s ]
INFO: [ app_end ] --END-- [ RunTime:0.000687s ]

[ 2015-09-03T21:35:40+08:00 ] ::1 /~GreysTone/eas/index.php/Home/Index/checkin_post.html
INFO: [ app_init ] --START--
INFO: Run Behavior\BuildLiteBehavior [ RunTime:0.000008s ]
INFO: [ app_init ] --END-- [ RunTime:0.000242s ]
INFO: [ app_begin ] --START--
INFO: Run Behavior\ReadHtmlCacheBehavior [ RunTime:0.000274s ]
INFO: [ app_begin ] --END-- [ RunTime:0.000311s ]
NOTIC: [8] Undefined index: lite /Users/GreysTone/Sites/eas/ThinkPHP/Library/Think/Db.class.php 第 37 行.
SQL: SHOW COLUMNS FROM `interviewees` [ RunTime:0.0018s ]
SQL: SELECT * FROM `interviewees` LIMIT 1   [ RunTime:0.0002s ]
NOTIC: [8] Undefined index: status /Users/GreysTone/Sites/eas/Application/Home/Controller/IndexController.class.php 第 530 行.
NOTIC: [8] Undefined index: status /Users/GreysTone/Sites/eas/Application/Home/Controller/IndexController.class.php 第 530 行.
INFO: [ view_parse ] --START--
INFO: [ template_filter ] --START--
INFO: Run Behavior\ContentReplaceBehavior [ RunTime:0.000029s ]
INFO: [ template_filter ] --END-- [ RunTime:0.000084s ]
INFO: Run Behavior\ParseTemplateBehavior [ RunTime:0.021508s ]
INFO: [ view_parse ] --END-- [ RunTime:0.021570s ]
INFO: [ view_filter ] --START--
INFO: Run Behavior\WriteHtmlCacheBehavior [ RunTime:0.000133s ]
INFO: [ view_filter ] --END-- [ RunTime:0.000155s ]

[ 2015-09-03T21:35:49+08:00 ] ::1 /~GreysTone/eas/index.php/Home/Index/admin_management_post.html
INFO: [ app_init ] --START--
INFO: Run Behavior\BuildLiteBehavior [ RunTime:0.000012s ]
INFO: [ app_init ] --END-- [ RunTime:0.000238s ]
INFO: [ app_begin ] --START--
INFO: Run Behavior\ReadHtmlCacheBehavior [ RunTime:0.000594s ]
INFO: [ app_begin ] --END-- [ RunTime:0.000640s ]
SQL: SHOW COLUMNS FROM `status_round` [ RunTime:0.0013s ]
SQL: SELECT * FROM `status_round` LIMIT 1   [ RunTime:0.0002s ]
SQL: UPDATE `status_round` SET `id`='1',`round`='2' WHERE ( id = 1 ) [ RunTime:0.0077s ]
INFO: [ view_parse ] --START--
INFO: [ template_filter ] --START--
INFO: Run Behavior\ContentReplaceBehavior [ RunTime:0.000021s ]
INFO: [ template_filter ] --END-- [ RunTime:0.000053s ]
INFO: Run Behavior\ParseTemplateBehavior [ RunTime:0.008674s ]
INFO: [ view_parse ] --END-- [ RunTime:0.008718s ]
INFO: [ view_filter ] --START--
INFO: Run Behavior\WriteHtmlCacheBehavior [ RunTime:0.000104s ]
INFO: [ view_filter ] --END-- [ RunTime:0.000126s ]

[ 2015-09-03T21:35:58+08:00 ] ::1 /~GreysTone/eas/index.php/Home/Index/admin_management_post.html
INFO: [ app_init ] --START--
INFO: Run Behavior\BuildLiteBehavior [ RunTime:0.000009s ]
INFO: [ app_init ] --END-- [ RunTime:0.000179s ]
INFO: [ app_begin ] --START--
INFO: Run Behavior\ReadHtmlCacheBehavior [ RunTime:0.000219s ]
INFO: [ app_begin ] --END-- [ RunTime:0.000246s ]
SQL: SHOW COLUMNS FROM `status_round` [ RunTime:0.0023s ]
SQL: SELECT * FROM `status_round` LIMIT 1   [ RunTime:0.0002s ]
SQL: UPDATE `status_round` SET `id`='1',`round`='1' WHERE ( id = 1 ) [ RunTime:0.0004s ]

[ 2015-09-03T21:35:58+08:00 ] ::1 /~GreysTone/eas/index.php/Home/Index/administration.html
INFO: [ app_init ] --START--
INFO: Run Behavior\BuildLiteBehavior [ RunTime:0.000008s ]
INFO: [ app_init ] --END-- [ RunTime:0.000175s ]
INFO: [ app_begin ] --START--
INFO: Run Behavior\ReadHtmlCacheBehavior [ RunTime:0.000217s ]
INFO: [ app_begin ] --END-- [ RunTime:0.000243s ]
SQL: SHOW COLUMNS FROM `users` [ RunTime:0.0009s ]
SQL: SELECT * FROM `users`  [ RunTime:0.0001s ]
SQL: SHOW COLUMNS FROM `sectors` [ RunTime:0.0008s ]
SQL: SELECT * FROM `sectors`  [ RunTime:0.0002s ]
SQL: SHOW COLUMNS FROM `status_round` [ RunTime:0.0009s ]
SQL: SELECT * FROM `status_round` LIMIT 1   [ RunTime:0.0002s ]
SQL: SHOW COLUMNS FROM `times` [ RunTime:0.0008s ]
SQL: SELECT * FROM `times`  [ RunTime:0.0002s ]
SQL: SHOW COLUMNS FROM `rooms` [ RunTime:0.0010s ]
SQL: SELECT * FROM `rooms`  [ RunTime:0.0002s ]
SQL: SHOW COLUMNS FROM `tags_meta` [ RunTime:0.0007s ]
SQL: SELECT * FROM `tags_meta`  [ RunTime:0.0001s ]
SQL: SHOW COLUMNS FROM `interviewees` [ RunTime:0.0008s ]
SQL: SELECT * FROM `interviewees`  [ RunTime:0.0001s ]
NOTIC: [8] Undefined index: lite /Users/GreysTone/Sites/eas/ThinkPHP/Library/Think/Db.class.php 第 37 行.
SQL: SHOW COLUMNS FROM `groups` [ RunTime:0.0009s ]
SQL: SELECT * FROM `groups`  [ RunTime:0.0002s ]
INFO: [ view_parse ] --START--
INFO: [ template_filter ] --START--
INFO: Run Behavior\ContentReplaceBehavior [ RunTime:0.000058s ]
INFO: [ template_filter ] --END-- [ RunTime:0.000095s ]
INFO: Run Behavior\ParseTemplateBehavior [ RunTime:0.038392s ]
INFO: [ view_parse ] --END-- [ RunTime:0.038432s ]
INFO: [ view_filter ] --START--
INFO: Run Behavior\WriteHtmlCacheBehavior [ RunTime:0.000104s ]
INFO: [ view_filter ] --END-- [ RunTime:0.000125s ]
INFO: [ app_end ] --START--
INFO: Run Behavior\ShowPageTraceBehavior [ RunTime:0.000350s ]
INFO: [ app_end ] --END-- [ RunTime:0.000386s ]

[ 2015-09-03T21:36:00+08:00 ] ::1 /~GreysTone/eas/index.php/Home/Index/admin_management_post.html
INFO: [ app_init ] --START--
INFO: Run Behavior\BuildLiteBehavior [ RunTime:0.000007s ]
INFO: [ app_init ] --END-- [ RunTime:0.000170s ]
INFO: [ app_begin ] --START--
INFO: Run Behavior\ReadHtmlCacheBehavior [ RunTime:0.000219s ]
INFO: [ app_begin ] --END-- [ RunTime:0.000246s ]
SQL: SHOW COLUMNS FROM `status_round` [ RunTime:0.0013s ]
SQL: SELECT * FROM `status_round` LIMIT 1   [ RunTime:0.0001s ]
SQL: UPDATE `status_round` SET `id`='1',`round`='2' WHERE ( id = 1 ) [ RunTime:0.0004s ]

[ 2015-09-03T21:36:00+08:00 ] ::1 /~GreysTone/eas/index.php/Home/Index/administration.html
INFO: [ app_init ] --START--
INFO: Run Behavior\BuildLiteBehavior [ RunTime:0.000008s ]
INFO: [ app_init ] --END-- [ RunTime:0.000171s ]
INFO: [ app_begin ] --START--
INFO: Run Behavior\ReadHtmlCacheBehavior [ RunTime:0.000582s ]
INFO: [ app_begin ] --END-- [ RunTime:0.000656s ]
SQL: SHOW COLUMNS FROM `users` [ RunTime:0.0013s ]
SQL: SELECT * FROM `users`  [ RunTime:0.0002s ]
SQL: SHOW COLUMNS FROM `sectors` [ RunTime:0.0010s ]
SQL: SELECT * FROM `sectors`  [ RunTime:0.0001s ]
SQL: SHOW COLUMNS FROM `status_round` [ RunTime:0.0010s ]
SQL: SELECT * FROM `status_round` LIMIT 1   [ RunTime:0.0002s ]
SQL: SHOW COLUMNS FROM `times` [ RunTime:0.0011s ]
SQL: SELECT * FROM `times`  [ RunTime:0.0001s ]
SQL: SHOW COLUMNS FROM `rooms` [ RunTime:0.0009s ]
SQL: SELECT * FROM `rooms`  [ RunTime:0.0002s ]
SQL: SHOW COLUMNS FROM `tags_meta` [ RunTime:0.0009s ]
SQL: SELECT * FROM `tags_meta`  [ RunTime:0.0001s ]
SQL: SHOW COLUMNS FROM `interviewees` [ RunTime:0.0009s ]
SQL: SELECT * FROM `interviewees`  [ RunTime:0.0001s ]
NOTIC: [8] Undefined index: lite /Users/GreysTone/Sites/eas/ThinkPHP/Library/Think/Db.class.php 第 37 行.
SQL: SHOW COLUMNS FROM `groups` [ RunTime:0.0018s ]
SQL: SELECT * FROM `groups`  [ RunTime:0.0002s ]
INFO: [ view_parse ] --START--
INFO: [ template_filter ] --START--
INFO: Run Behavior\ContentReplaceBehavior [ RunTime:0.000059s ]
INFO: [ template_filter ] --END-- [ RunTime:0.000094s ]
INFO: Run Behavior\ParseTemplateBehavior [ RunTime:0.020484s ]
INFO: [ view_parse ] --END-- [ RunTime:0.020544s ]
INFO: [ view_filter ] --START--
INFO: Run Behavior\WriteHtmlCacheBehavior [ RunTime:0.000108s ]
INFO: [ view_filter ] --END-- [ RunTime:0.000129s ]
INFO: [ app_end ] --START--
INFO: Run Behavior\ShowPageTraceBehavior [ RunTime:0.000325s ]
INFO: [ app_end ] --END-- [ RunTime:0.000359s ]

[ 2015-09-03T21:36:03+08:00 ] ::1 /~GreysTone/eas/index.php/Home/Index/checkin_post.html
INFO: [ app_init ] --START--
INFO: Run Behavior\BuildLiteBehavior [ RunTime:0.000008s ]
INFO: [ app_init ] --END-- [ RunTime:0.000190s ]
INFO: [ app_begin ] --START--
INFO: Run Behavior\ReadHtmlCacheBehavior [ RunTime:0.000256s ]
INFO: [ app_begin ] --END-- [ RunTime:0.000289s ]
NOTIC: [8] Undefined index: lite /Users/GreysTone/Sites/eas/ThinkPHP/Library/Think/Db.class.php 第 37 行.
SQL: SHOW COLUMNS FROM `interviewees` [ RunTime:0.0017s ]
SQL: SELECT * FROM `interviewees` LIMIT 1   [ RunTime:0.0001s ]
NOTIC: [8] Undefined index: status /Users/GreysTone/Sites/eas/Application/Home/Controller/IndexController.class.php 第 530 行.
NOTIC: [8] Undefined index: status /Users/GreysTone/Sites/eas/Application/Home/Controller/IndexController.class.php 第 530 行.
INFO: [ view_parse ] --START--
INFO: [ template_filter ] --START--
INFO: Run Behavior\ContentReplaceBehavior [ RunTime:0.000021s ]
INFO: [ template_filter ] --END-- [ RunTime:0.000056s ]
INFO: Run Behavior\ParseTemplateBehavior [ RunTime:0.009228s ]
INFO: [ view_parse ] --END-- [ RunTime:0.009287s ]
INFO: [ view_filter ] --START--
INFO: Run Behavior\WriteHtmlCacheBehavior [ RunTime:0.000192s ]
INFO: [ view_filter ] --END-- [ RunTime:0.000219s ]

[ 2015-09-03T21:37:37+08:00 ] ::1 /~GreysTone/eas/index.php/Home/Index/checkin_post.html
INFO: [ app_init ] --START--
INFO: Run Behavior\BuildLiteBehavior [ RunTime:0.000009s ]
INFO: [ app_init ] --END-- [ RunTime:0.000196s ]
INFO: [ app_begin ] --START--
INFO: Run Behavior\ReadHtmlCacheBehavior [ RunTime:0.000221s ]
INFO: [ app_begin ] --END-- [ RunTime:0.000248s ]
NOTIC: [8] Undefined index: lite /Users/GreysTone/Sites/eas/ThinkPHP/Library/Think/Db.class.php 第 37 行.
SQL: SHOW COLUMNS FROM `interviewees` [ RunTime:0.0019s ]
SQL: SELECT * FROM `interviewees` LIMIT 1   [ RunTime:0.0002s ]
SQL: SHOW COLUMNS FROM `status_round` [ RunTime:0.0008s ]
SQL: SELECT * FROM `status_round` LIMIT 1   [ RunTime:0.0001s ]
ERR: SQLSTATE[HY000]: General error: 1364 Field 'studentId' doesn't have a default value

[ 2015-09-03T21:43:45+08:00 ] ::1 /~GreysTone/eas/index.php/Home/Index/checkin_post.html
INFO: [ app_init ] --START--
INFO: Run Behavior\BuildLiteBehavior [ RunTime:0.000013s ]
INFO: [ app_init ] --END-- [ RunTime:0.000443s ]
INFO: [ app_begin ] --START--
INFO: Run Behavior\ReadHtmlCacheBehavior [ RunTime:0.000572s ]
INFO: [ app_begin ] --END-- [ RunTime:0.000617s ]
NOTIC: [8] Undefined index: lite /Users/GreysTone/Sites/eas/ThinkPHP/Library/Think/Db.class.php 第 37 行.
SQL: SHOW COLUMNS FROM `interviewees` [ RunTime:0.0011s ]
SQL: SELECT * FROM `interviewees` WHERE `studentid` = '3130102348' LIMIT 1   [ RunTime:0.0002s ]
SQL: SHOW COLUMNS FROM `status_round` [ RunTime:0.0008s ]
SQL: SELECT * FROM `status_round` LIMIT 1   [ RunTime:0.0001s ]
ERR: SQLSTATE[HY000]: General error: 1364 Field 'checkintime' doesn't have a default value

[ 2015-09-03T21:44:22+08:00 ] ::1 /~GreysTone/eas/index.php/Home/Index/checkin_post.html
INFO: [ app_init ] --START--
INFO: Run Behavior\BuildLiteBehavior [ RunTime:0.000012s ]
INFO: [ app_init ] --END-- [ RunTime:0.000400s ]
INFO: [ app_begin ] --START--
INFO: Run Behavior\ReadHtmlCacheBehavior [ RunTime:0.000570s ]
INFO: [ app_begin ] --END-- [ RunTime:0.000615s ]
NOTIC: [8] Undefined index: lite /Users/GreysTone/Sites/eas/ThinkPHP/Library/Think/Db.class.php 第 37 行.
SQL: SHOW COLUMNS FROM `interviewees` [ RunTime:0.0009s ]
SQL: SELECT * FROM `interviewees` WHERE `studentid` = '3130102348' LIMIT 1   [ RunTime:0.0002s ]
SQL: SHOW COLUMNS FROM `status_round` [ RunTime:0.0009s ]
SQL: SELECT * FROM `status_round` LIMIT 1   [ RunTime:0.0001s ]
ERR: SQLSTATE[HY000]: General error: 1364 Field 'multisector' doesn't have a default value

[ 2015-09-03T21:44:47+08:00 ] ::1 /~GreysTone/eas/index.php/Home/Index/checkin_post.html
INFO: [ app_init ] --START--
INFO: Run Behavior\BuildLiteBehavior [ RunTime:0.000010s ]
INFO: [ app_init ] --END-- [ RunTime:0.000236s ]
INFO: [ app_begin ] --START--
INFO: Run Behavior\ReadHtmlCacheBehavior [ RunTime:0.000239s ]
INFO: [ app_begin ] --END-- [ RunTime:0.000268s ]
NOTIC: [8] Undefined index: lite /Users/GreysTone/Sites/eas/ThinkPHP/Library/Think/Db.class.php 第 37 行.
SQL: SHOW COLUMNS FROM `interviewees` [ RunTime:0.0010s ]
SQL: SELECT * FROM `interviewees` WHERE `studentid` = '3130102348' LIMIT 1   [ RunTime:0.0002s ]
SQL: SHOW COLUMNS FROM `status_round` [ RunTime:0.0009s ]
SQL: SELECT * FROM `status_round` LIMIT 1   [ RunTime:0.0001s ]
SQL: INSERT INTO `interviewees` (`studentid`,`serialnumber`,`serialdigit`,`status`,`time1tid`,`time2tid`,`checkintime`,`multisector`) VALUES ('3130102348','20152B0BWH3190301032N21423TST4J384479CWY','20586','4','1','2','2015-09-03 21:44:47','1') [ RunTime:0.0007s ]
SQL: SHOW COLUMNS FROM `television_waiting_list` [ RunTime:0.0022s ]
SQL: SHOW COLUMNS FROM `radio_waiting_list` [ RunTime:0.0019s ]
SQL: SHOW COLUMNS FROM `newspaper_waiting_list` [ RunTime:0.0018s ]
SQL: INSERT INTO `television_waiting_list` (`studentid`,`serialnumber`,`serialdigit`,`status`) VALUES ('3130102348','20152B0BWH3190301032N21423TST4J384479CWY','20586','1') [ RunTime:0.0006s ]

[ 2015-09-03T21:44:47+08:00 ] ::1 /~GreysTone/eas/index.php/Home/Index/checkin.html
INFO: [ app_init ] --START--
INFO: Run Behavior\BuildLiteBehavior [ RunTime:0.000014s ]
INFO: [ app_init ] --END-- [ RunTime:0.000308s ]
INFO: [ app_begin ] --START--
INFO: Run Behavior\ReadHtmlCacheBehavior [ RunTime:0.000315s ]
INFO: [ app_begin ] --END-- [ RunTime:0.000380s ]
NOTIC: [8] Undefined index: lite /Users/GreysTone/Sites/eas/ThinkPHP/Library/Think/Db.class.php 第 37 行.
SQL: SHOW COLUMNS FROM `interviewees` [ RunTime:0.0010s ]
SQL: SHOW COLUMNS FROM `status_round` [ RunTime:0.0008s ]
SQL: SELECT * FROM `status_round` LIMIT 1   [ RunTime:0.0002s ]
SQL: SELECT * FROM `interviewees` WHERE ( status = 4 ) ORDER BY studentId  [ RunTime:0.0003s ]
INFO: [ view_parse ] --START--
INFO: [ template_filter ] --START--
INFO: Run Behavior\ContentReplaceBehavior [ RunTime:0.000040s ]
INFO: [ template_filter ] --END-- [ RunTime:0.000083s ]
NOTIC: [8] Undefined variable: fetchInteriewee /Users/GreysTone/Sites/eas/Application/Runtime/Cache/Home/efbfdb4f01a2230a0b4ebbd604b5b1b8.php 第 147 行.
INFO: Run Behavior\ParseTemplateBehavior [ RunTime:0.029770s ]
INFO: [ view_parse ] --END-- [ RunTime:0.029821s ]
INFO: [ view_filter ] --START--
INFO: Run Behavior\WriteHtmlCacheBehavior [ RunTime:0.000422s ]
INFO: [ view_filter ] --END-- [ RunTime:0.000459s ]
INFO: [ app_end ] --START--
INFO: Run Behavior\ShowPageTraceBehavior [ RunTime:0.000814s ]
INFO: [ app_end ] --END-- [ RunTime:0.000868s ]

[ 2015-09-03T21:49:08+08:00 ] ::1 /~GreysTone/eas/index.php/Home/Index/checkin.html
INFO: [ app_init ] --START--
INFO: Run Behavior\BuildLiteBehavior [ RunTime:0.000013s ]
INFO: [ app_init ] --END-- [ RunTime:0.000423s ]
INFO: [ app_begin ] --START--
INFO: Run Behavior\ReadHtmlCacheBehavior [ RunTime:0.000621s ]
INFO: [ app_begin ] --END-- [ RunTime:0.000665s ]
NOTIC: [8] Undefined index: lite /Users/GreysTone/Sites/eas/ThinkPHP/Library/Think/Db.class.php 第 37 行.
SQL: SHOW COLUMNS FROM `interviewees` [ RunTime:0.0010s ]
SQL: SHOW COLUMNS FROM `status_round` [ RunTime:0.0009s ]
SQL: SELECT * FROM `status_round` LIMIT 1   [ RunTime:0.0002s ]
SQL: SELECT * FROM `interviewees` WHERE ( status = 4 ) ORDER BY studentId  [ RunTime:0.0002s ]
INFO: [ view_parse ] --START--
INFO: [ template_filter ] --START--
INFO: Run Behavior\ContentReplaceBehavior [ RunTime:0.000041s ]
INFO: [ template_filter ] --END-- [ RunTime:0.000078s ]
NOTIC: [8] Undefined variable: fetchInteriewee /Users/GreysTone/Sites/eas/Application/Runtime/Cache/Home/efbfdb4f01a2230a0b4ebbd604b5b1b8.php 第 147 行.
INFO: Run Behavior\ParseTemplateBehavior [ RunTime:0.012278s ]
INFO: [ view_parse ] --END-- [ RunTime:0.012308s ]
INFO: [ view_filter ] --START--
INFO: Run Behavior\WriteHtmlCacheBehavior [ RunTime:0.000404s ]
INFO: [ view_filter ] --END-- [ RunTime:0.000438s ]
INFO: [ app_end ] --START--
INFO: Run Behavior\ShowPageTraceBehavior [ RunTime:0.000668s ]
INFO: [ app_end ] --END-- [ RunTime:0.000721s ]

[ 2015-09-03T21:51:53+08:00 ] ::1 /~GreysTone/eas/index.php/Home/Index/checkin_post.html
INFO: [ app_init ] --START--
INFO: Run Behavior\BuildLiteBehavior [ RunTime:0.000011s ]
INFO: [ app_init ] --END-- [ RunTime:0.000369s ]
INFO: [ app_begin ] --START--
INFO: Run Behavior\ReadHtmlCacheBehavior [ RunTime:0.000581s ]
INFO: [ app_begin ] --END-- [ RunTime:0.000628s ]
NOTIC: [8] Undefined index: lite /Users/GreysTone/Sites/eas/ThinkPHP/Library/Think/Db.class.php 第 37 行.
SQL: SHOW COLUMNS FROM `interviewees` [ RunTime:0.0009s ]
SQL: SELECT * FROM `interviewees` WHERE `studentid` = '3130102348' LIMIT 1   [ RunTime:0.0002s ]
INFO: [ view_parse ] --START--
INFO: [ template_filter ] --START--
INFO: Run Behavior\ContentReplaceBehavior [ RunTime:0.000022s ]
INFO: [ template_filter ] --END-- [ RunTime:0.000057s ]
INFO: Run Behavior\ParseTemplateBehavior [ RunTime:0.026624s ]
INFO: [ view_parse ] --END-- [ RunTime:0.026660s ]
INFO: [ view_filter ] --START--
INFO: Run Behavior\WriteHtmlCacheBehavior [ RunTime:0.000430s ]
INFO: [ view_filter ] --END-- [ RunTime:0.000473s ]

[ 2015-09-03T21:55:28+08:00 ] ::1 /~GreysTone/eas/index.php/Home/Index/checkin_post.html
INFO: [ app_init ] --START--
INFO: Run Behavior\BuildLiteBehavior [ RunTime:0.000012s ]
INFO: [ app_init ] --END-- [ RunTime:0.000395s ]
INFO: [ app_begin ] --START--
INFO: Run Behavior\ReadHtmlCacheBehavior [ RunTime:0.000594s ]
INFO: [ app_begin ] --END-- [ RunTime:0.000642s ]
NOTIC: [8] Undefined index: lite /Users/GreysTone/Sites/eas/ThinkPHP/Library/Think/Db.class.php 第 37 行.
SQL: SHOW COLUMNS FROM `interviewees` [ RunTime:0.0012s ]
SQL: SELECT * FROM `interviewees` WHERE `studentid` = '3130102348' LIMIT 1   [ RunTime:0.0002s ]
SQL: SHOW COLUMNS FROM `status_round` [ RunTime:0.0007s ]
SQL: SELECT * FROM `status_round` LIMIT 1   [ RunTime:0.0001s ]
SQL: INSERT INTO `interviewees` (`studentid`,`serialnumber`,`serialdigit`,`status`,`time1tid`,`time2tid`,`checkintime`,`multisector`) VALUES ('3130102348','2015KN0YR33190301032DG1523I4G4IP8527RK9O','75307','4','1','7','2015-09-03 21:55:27','1') [ RunTime:0.0007s ]
SQL: SHOW COLUMNS FROM `television_waiting_list` [ RunTime:0.0008s ]
SQL: SHOW COLUMNS FROM `radio_waiting_list` [ RunTime:0.0007s ]
SQL: SHOW COLUMNS FROM `newspaper_waiting_list` [ RunTime:0.0008s ]
SQL: INSERT INTO `television_waiting_list` (`studentid`,`serialnumber`,`serialdigit`,`status`) VALUES ('3130102348','2015KN0YR33190301032DG1523I4G4IP8527RK9O','75307','1') [ RunTime:0.6252s ]

[ 2015-09-03T21:55:28+08:00 ] ::1 /~GreysTone/eas/index.php/Home/Index/checkin.html
INFO: [ app_init ] --START--
INFO: Run Behavior\BuildLiteBehavior [ RunTime:0.000009s ]
INFO: [ app_init ] --END-- [ RunTime:0.000191s ]
INFO: [ app_begin ] --START--
INFO: Run Behavior\ReadHtmlCacheBehavior [ RunTime:0.000244s ]
INFO: [ app_begin ] --END-- [ RunTime:0.000270s ]
NOTIC: [8] Undefined index: lite /Users/GreysTone/Sites/eas/ThinkPHP/Library/Think/Db.class.php 第 37 行.
SQL: SHOW COLUMNS FROM `interviewees` [ RunTime:0.0009s ]
SQL: SHOW COLUMNS FROM `status_round` [ RunTime:0.0006s ]
SQL: SELECT * FROM `status_round` LIMIT 1   [ RunTime:0.0001s ]
SQL: SELECT * FROM `interviewees` WHERE ( status = 4 ) ORDER BY studentId  [ RunTime:0.0003s ]
INFO: [ view_parse ] --START--
INFO: [ template_filter ] --START--
INFO: Run Behavior\ContentReplaceBehavior [ RunTime:0.000038s ]
INFO: [ template_filter ] --END-- [ RunTime:0.000077s ]
NOTIC: [8] Undefined variable: fetchInteriewee /Users/GreysTone/Sites/eas/Application/Runtime/Cache/Home/efbfdb4f01a2230a0b4ebbd604b5b1b8.php 第 147 行.
INFO: Run Behavior\ParseTemplateBehavior [ RunTime:0.015977s ]
INFO: [ view_parse ] --END-- [ RunTime:0.016027s ]
INFO: [ view_filter ] --START--
INFO: Run Behavior\WriteHtmlCacheBehavior [ RunTime:0.001026s ]
INFO: [ view_filter ] --END-- [ RunTime:0.001103s ]
INFO: [ app_end ] --START--
INFO: Run Behavior\ShowPageTraceBehavior [ RunTime:0.001156s ]
INFO: [ app_end ] --END-- [ RunTime:0.001218s ]

[ 2015-09-03T22:00:35+08:00 ] ::1 /~GreysTone/eas/index.php/Home/Index/checkin.html
INFO: [ app_init ] --START--
INFO: Run Behavior\BuildLiteBehavior [ RunTime:0.000010s ]
INFO: [ app_init ] --END-- [ RunTime:0.000210s ]
INFO: [ app_begin ] --START--
INFO: Run Behavior\ReadHtmlCacheBehavior [ RunTime:0.000274s ]
INFO: [ app_begin ] --END-- [ RunTime:0.000307s ]
NOTIC: [8] Undefined index: lite /Users/GreysTone/Sites/eas/ThinkPHP/Library/Think/Db.class.php 第 37 行.
SQL: SHOW COLUMNS FROM `interviewees` [ RunTime:0.0017s ]
SQL: SHOW COLUMNS FROM `status_round` [ RunTime:0.0007s ]
SQL: SELECT * FROM `status_round` LIMIT 1   [ RunTime:0.0001s ]
SQL: SELECT * FROM `interviewees` WHERE ( status = 4 ) ORDER BY studentId  [ RunTime:0.0002s ]
INFO: [ view_parse ] --START--
INFO: [ template_filter ] --START--
INFO: Run Behavior\ContentReplaceBehavior [ RunTime:0.000038s ]
INFO: [ template_filter ] --END-- [ RunTime:0.000069s ]
NOTIC: [8] Undefined variable: fetchInteriewee /Users/GreysTone/Sites/eas/Application/Runtime/Cache/Home/efbfdb4f01a2230a0b4ebbd604b5b1b8.php 第 147 行.
INFO: Run Behavior\ParseTemplateBehavior [ RunTime:0.005519s ]
INFO: [ view_parse ] --END-- [ RunTime:0.005547s ]
INFO: [ view_filter ] --START--
INFO: Run Behavior\WriteHtmlCacheBehavior [ RunTime:0.000097s ]
INFO: [ view_filter ] --END-- [ RunTime:0.000117s ]
INFO: [ app_end ] --START--
INFO: Run Behavior\ShowPageTraceBehavior [ RunTime:0.000329s ]
INFO: [ app_end ] --END-- [ RunTime:0.000368s ]

[ 2015-09-03T22:04:59+08:00 ] ::1 /~GreysTone/eas/index.php/Home/Index/checkin_post.html
INFO: [ app_init ] --START--
INFO: Run Behavior\BuildLiteBehavior [ RunTime:0.000012s ]
INFO: [ app_init ] --END-- [ RunTime:0.000365s ]
INFO: [ app_begin ] --START--
INFO: Run Behavior\ReadHtmlCacheBehavior [ RunTime:0.000466s ]
INFO: [ app_begin ] --END-- [ RunTime:0.000498s ]
NOTIC: [8] Undefined index: lite /Users/GreysTone/Sites/eas/ThinkPHP/Library/Think/Db.class.php 第 37 行.
SQL: SHOW COLUMNS FROM `interviewees` [ RunTime:0.0010s ]
SQL: SELECT * FROM `interviewees` WHERE `studentid` = '3130102348' LIMIT 1   [ RunTime:0.0002s ]
SQL: SHOW COLUMNS FROM `status_round` [ RunTime:0.0015s ]
SQL: SELECT * FROM `status_round` LIMIT 1   [ RunTime:0.0002s ]
SQL: INSERT INTO `interviewees` (`studentid`,`serialnumber`,`serialdigit`,`status`,`time1tid`,`time2tid`,`checkintime`,`multisector`) VALUES ('3130102348','2015HE0TH031903010327P2023FKY4T88459H1JP','53609','4','1','7','2015-09-03 22:04:59','1') [ RunTime:0.0006s ]
SQL: SHOW COLUMNS FROM `television_waiting_list` [ RunTime:0.0011s ]
SQL: SHOW COLUMNS FROM `radio_waiting_list` [ RunTime:0.0011s ]
SQL: SHOW COLUMNS FROM `newspaper_waiting_list` [ RunTime:0.0011s ]
SQL: INSERT INTO `television_waiting_list` (`studentid`,`serialnumber`,`serialdigit`,`status`) VALUES ('3130102348','2015HE0TH031903010327P2023FKY4T88459H1JP','53609','1') [ RunTime:0.0004s ]

[ 2015-09-03T22:04:59+08:00 ] ::1 /~GreysTone/eas/index.php/Home/Index/checkin.html
INFO: [ app_init ] --START--
INFO: Run Behavior\BuildLiteBehavior [ RunTime:0.000007s ]
INFO: [ app_init ] --END-- [ RunTime:0.000173s ]
INFO: [ app_begin ] --START--
INFO: Run Behavior\ReadHtmlCacheBehavior [ RunTime:0.000219s ]
INFO: [ app_begin ] --END-- [ RunTime:0.000246s ]
NOTIC: [8] Undefined index: lite /Users/GreysTone/Sites/eas/ThinkPHP/Library/Think/Db.class.php 第 37 行.
SQL: SHOW COLUMNS FROM `interviewees` [ RunTime:0.0016s ]
SQL: SHOW COLUMNS FROM `status_round` [ RunTime:0.0011s ]
SQL: SELECT * FROM `status_round` LIMIT 1   [ RunTime:0.0001s ]
SQL: SELECT * FROM `interviewees` WHERE ( status = 4 ) ORDER BY studentId  [ RunTime:0.0002s ]
INFO: [ view_parse ] --START--
INFO: [ template_filter ] --START--
INFO: Run Behavior\ContentReplaceBehavior [ RunTime:0.000037s ]
INFO: [ template_filter ] --END-- [ RunTime:0.000071s ]
NOTIC: [8] Undefined variable: fetchInteriewee /Users/GreysTone/Sites/eas/Application/Runtime/Cache/Home/efbfdb4f01a2230a0b4ebbd604b5b1b8.php 第 147 行.
INFO: Run Behavior\ParseTemplateBehavior [ RunTime:0.012144s ]
INFO: [ view_parse ] --END-- [ RunTime:0.012179s ]
INFO: [ view_filter ] --START--
INFO: Run Behavior\WriteHtmlCacheBehavior [ RunTime:0.000486s ]
INFO: [ view_filter ] --END-- [ RunTime:0.000523s ]
INFO: [ app_end ] --START--
INFO: Run Behavior\ShowPageTraceBehavior [ RunTime:0.000627s ]
INFO: [ app_end ] --END-- [ RunTime:0.000667s ]

[ 2015-09-03T22:05:04+08:00 ] ::1 /~GreysTone/eas/index.php/Home/Index/checkin.html
INFO: [ app_init ] --START--
INFO: Run Behavior\BuildLiteBehavior [ RunTime:0.000013s ]
INFO: [ app_init ] --END-- [ RunTime:0.000375s ]
INFO: [ app_begin ] --START--
INFO: Run Behavior\ReadHtmlCacheBehavior [ RunTime:0.000432s ]
INFO: [ app_begin ] --END-- [ RunTime:0.000505s ]
NOTIC: [8] Undefined index: lite /Users/GreysTone/Sites/eas/ThinkPHP/Library/Think/Db.class.php 第 37 行.
SQL: SHOW COLUMNS FROM `interviewees` [ RunTime:0.0023s ]
SQL: SHOW COLUMNS FROM `status_round` [ RunTime:0.0010s ]
SQL: SELECT * FROM `status_round` LIMIT 1   [ RunTime:0.0002s ]
SQL: SELECT * FROM `interviewees` WHERE ( status = 4 ) ORDER BY studentId  [ RunTime:0.0003s ]
INFO: [ view_parse ] --START--
INFO: [ template_filter ] --START--
INFO: Run Behavior\ContentReplaceBehavior [ RunTime:0.000036s ]
INFO: [ template_filter ] --END-- [ RunTime:0.000064s ]
NOTIC: [8] Undefined variable: fetchInteriewee /Users/GreysTone/Sites/eas/Application/Runtime/Cache/Home/efbfdb4f01a2230a0b4ebbd604b5b1b8.php 第 147 行.
INFO: Run Behavior\ParseTemplateBehavior [ RunTime:0.010131s ]
INFO: [ view_parse ] --END-- [ RunTime:0.010170s ]
INFO: [ view_filter ] --START--
INFO: Run Behavior\WriteHtmlCacheBehavior [ RunTime:0.000105s ]
INFO: [ view_filter ] --END-- [ RunTime:0.000126s ]
INFO: [ app_end ] --START--
INFO: Run Behavior\ShowPageTraceBehavior [ RunTime:0.000480s ]
INFO: [ app_end ] --END-- [ RunTime:0.000538s ]

[ 2015-09-03T22:05:09+08:00 ] ::1 /~GreysTone/eas/index.php/Home/Index/checkin.html
INFO: [ app_init ] --START--
INFO: Run Behavior\BuildLiteBehavior [ RunTime:0.000008s ]
INFO: [ app_init ] --END-- [ RunTime:0.000175s ]
INFO: [ app_begin ] --START--
INFO: Run Behavior\ReadHtmlCacheBehavior [ RunTime:0.000219s ]
INFO: [ app_begin ] --END-- [ RunTime:0.000246s ]
NOTIC: [8] Undefined index: lite /Users/GreysTone/Sites/eas/ThinkPHP/Library/Think/Db.class.php 第 37 行.
SQL: SHOW COLUMNS FROM `interviewees` [ RunTime:0.0019s ]
SQL: SHOW COLUMNS FROM `status_round` [ RunTime:0.0011s ]
SQL: SELECT * FROM `status_round` LIMIT 1   [ RunTime:0.0001s ]
SQL: SELECT * FROM `interviewees` WHERE ( status = 4 ) ORDER BY studentid  [ RunTime:0.0003s ]
INFO: [ view_parse ] --START--
INFO: [ template_filter ] --START--
INFO: Run Behavior\ContentReplaceBehavior [ RunTime:0.000038s ]
INFO: [ template_filter ] --END-- [ RunTime:0.000072s ]
NOTIC: [8] Undefined variable: fetchInteriewee /Users/GreysTone/Sites/eas/Application/Runtime/Cache/Home/efbfdb4f01a2230a0b4ebbd604b5b1b8.php 第 147 行.
INFO: Run Behavior\ParseTemplateBehavior [ RunTime:0.010864s ]
INFO: [ view_parse ] --END-- [ RunTime:0.010899s ]
INFO: [ view_filter ] --START--
INFO: Run Behavior\WriteHtmlCacheBehavior [ RunTime:0.000108s ]
INFO: [ view_filter ] --END-- [ RunTime:0.000129s ]
INFO: [ app_end ] --START--
INFO: Run Behavior\ShowPageTraceBehavior [ RunTime:0.000416s ]
INFO: [ app_end ] --END-- [ RunTime:0.000453s ]

[ 2015-09-03T22:05:11+08:00 ] ::1 /~GreysTone/eas/index.php/Home/Index/checkin.html
INFO: [ app_init ] --START--
INFO: Run Behavior\BuildLiteBehavior [ RunTime:0.000009s ]
INFO: [ app_init ] --END-- [ RunTime:0.000177s ]
INFO: [ app_begin ] --START--
INFO: Run Behavior\ReadHtmlCacheBehavior [ RunTime:0.000221s ]
INFO: [ app_begin ] --END-- [ RunTime:0.000247s ]
NOTIC: [8] Undefined index: lite /Users/GreysTone/Sites/eas/ThinkPHP/Library/Think/Db.class.php 第 37 行.
SQL: SHOW COLUMNS FROM `interviewees` [ RunTime:0.0016s ]
SQL: SHOW COLUMNS FROM `status_round` [ RunTime:0.0009s ]
SQL: SELECT * FROM `status_round` LIMIT 1   [ RunTime:0.0001s ]
SQL: SELECT * FROM `interviewees` WHERE ( status = 4 ) ORDER BY studentid  [ RunTime:0.0002s ]
INFO: [ view_parse ] --START--
INFO: [ template_filter ] --START--
INFO: Run Behavior\ContentReplaceBehavior [ RunTime:0.000058s ]
INFO: [ template_filter ] --END-- [ RunTime:0.000127s ]
NOTIC: [8] Undefined variable: fetchInteriewee /Users/GreysTone/Sites/eas/Application/Runtime/Cache/Home/efbfdb4f01a2230a0b4ebbd604b5b1b8.php 第 147 行.
INFO: Run Behavior\ParseTemplateBehavior [ RunTime:0.006467s ]
INFO: [ view_parse ] --END-- [ RunTime:0.006503s ]
INFO: [ view_filter ] --START--
INFO: Run Behavior\WriteHtmlCacheBehavior [ RunTime:0.000123s ]
INFO: [ view_filter ] --END-- [ RunTime:0.000144s ]
INFO: [ app_end ] --START--
INFO: Run Behavior\ShowPageTraceBehavior [ RunTime:0.000439s ]
INFO: [ app_end ] --END-- [ RunTime:0.000494s ]

[ 2015-09-03T22:06:45+08:00 ] ::1 /~GreysTone/eas/index.php/Home/Index/checkin.html
INFO: [ app_init ] --START--
INFO: Run Behavior\BuildLiteBehavior [ RunTime:0.000011s ]
INFO: [ app_init ] --END-- [ RunTime:0.000203s ]
INFO: [ app_begin ] --START--
INFO: Run Behavior\ReadHtmlCacheBehavior [ RunTime:0.000259s ]
INFO: [ app_begin ] --END-- [ RunTime:0.000289s ]
NOTIC: [8] Undefined index: lite /Users/GreysTone/Sites/eas/ThinkPHP/Library/Think/Db.class.php 第 37 行.
SQL: SHOW COLUMNS FROM `interviewees` [ RunTime:0.0019s ]
SQL: SHOW COLUMNS FROM `status_round` [ RunTime:0.0007s ]
SQL: SELECT * FROM `status_round` LIMIT 1   [ RunTime:0.0001s ]
SQL: SELECT * FROM `interviewees` WHERE ( status = 4 ) ORDER BY studentid  [ RunTime:0.0002s ]
INFO: [ view_parse ] --START--
INFO: [ template_filter ] --START--
INFO: Run Behavior\ContentReplaceBehavior [ RunTime:0.000037s ]
INFO: [ template_filter ] --END-- [ RunTime:0.000077s ]
NOTIC: [8] Undefined variable: fetchInteriewee /Users/GreysTone/Sites/eas/Application/Runtime/Cache/Home/efbfdb4f01a2230a0b4ebbd604b5b1b8.php 第 147 行.
INFO: Run Behavior\ParseTemplateBehavior [ RunTime:0.010787s ]
INFO: [ view_parse ] --END-- [ RunTime:0.010821s ]
INFO: [ view_filter ] --START--
INFO: Run Behavior\WriteHtmlCacheBehavior [ RunTime:0.000110s ]
INFO: [ view_filter ] --END-- [ RunTime:0.000130s ]
INFO: [ app_end ] --START--
INFO: Run Behavior\ShowPageTraceBehavior [ RunTime:0.000435s ]
INFO: [ app_end ] --END-- [ RunTime:0.000481s ]

[ 2015-09-03T22:11:15+08:00 ] ::1 /~GreysTone/eas/index.php/Home/Index/checkin.html
INFO: [ app_init ] --START--
INFO: Run Behavior\BuildLiteBehavior [ RunTime:0.000009s ]
INFO: [ app_init ] --END-- [ RunTime:0.000188s ]
INFO: [ app_begin ] --START--
INFO: Run Behavior\ReadHtmlCacheBehavior [ RunTime:0.000227s ]
INFO: [ app_begin ] --END-- [ RunTime:0.000254s ]
NOTIC: [8] Undefined index: lite /Users/GreysTone/Sites/eas/ThinkPHP/Library/Think/Db.class.php 第 37 行.
SQL: SHOW COLUMNS FROM `interviewees` [ RunTime:0.0016s ]
SQL: SHOW COLUMNS FROM `status_round` [ RunTime:0.0009s ]
SQL: SELECT * FROM `status_round` LIMIT 1   [ RunTime:0.0002s ]
SQL: SELECT * FROM `interviewees` WHERE ( status = 4 ) ORDER BY studentid  [ RunTime:0.0002s ]
INFO: [ view_parse ] --START--
INFO: [ template_filter ] --START--
INFO: Run Behavior\ContentReplaceBehavior [ RunTime:0.000037s ]
INFO: [ template_filter ] --END-- [ RunTime:0.000069s ]
NOTIC: [8] Undefined variable: fetchInteriewee /Users/GreysTone/Sites/eas/Application/Runtime/Cache/Home/efbfdb4f01a2230a0b4ebbd604b5b1b8.php 第 147 行.
INFO: Run Behavior\ParseTemplateBehavior [ RunTime:0.010377s ]
INFO: [ view_parse ] --END-- [ RunTime:0.010417s ]
INFO: [ view_filter ] --START--
INFO: Run Behavior\WriteHtmlCacheBehavior [ RunTime:0.000124s ]
INFO: [ view_filter ] --END-- [ RunTime:0.000148s ]
NOTIC: [2] Cannot modify header information - headers already sent by (output started at /Users/GreysTone/Sites/eas/ThinkPHP/Common/functions.php:850) /Users/GreysTone/Sites/eas/ThinkPHP/Library/Think/View.class.php 第 91 行.
NOTIC: [2] Cannot modify header information - headers already sent by (output started at /Users/GreysTone/Sites/eas/ThinkPHP/Common/functions.php:850) /Users/GreysTone/Sites/eas/ThinkPHP/Library/Think/View.class.php 第 92 行.
NOTIC: [2] Cannot modify header information - headers already sent by (output started at /Users/GreysTone/Sites/eas/ThinkPHP/Common/functions.php:850) /Users/GreysTone/Sites/eas/ThinkPHP/Library/Think/View.class.php 第 93 行.
INFO: [ app_end ] --START--
INFO: Run Behavior\ShowPageTraceBehavior [ RunTime:0.000470s ]
INFO: [ app_end ] --END-- [ RunTime:0.000513s ]

[ 2015-09-03T22:12:06+08:00 ] ::1 /~GreysTone/eas/index.php/Home/Index/checkin.html
INFO: [ app_init ] --START--
INFO: Run Behavior\BuildLiteBehavior [ RunTime:0.000011s ]
INFO: [ app_init ] --END-- [ RunTime:0.000219s ]
INFO: [ app_begin ] --START--
INFO: Run Behavior\ReadHtmlCacheBehavior [ RunTime:0.000267s ]
INFO: [ app_begin ] --END-- [ RunTime:0.000300s ]
NOTIC: [8] Undefined index: lite /Users/GreysTone/Sites/eas/ThinkPHP/Library/Think/Db.class.php 第 37 行.
SQL: SHOW COLUMNS FROM `interviewees` [ RunTime:0.0019s ]
SQL: SHOW COLUMNS FROM `status_round` [ RunTime:0.0008s ]
SQL: SELECT * FROM `status_round` LIMIT 1   [ RunTime:0.0001s ]
SQL: SELECT * FROM `interviewees` WHERE ( status = 4 ) ORDER BY studentid  [ RunTime:0.0002s ]
INFO: [ view_parse ] --START--
INFO: [ template_filter ] --START--
INFO: Run Behavior\ContentReplaceBehavior [ RunTime:0.000039s ]
INFO: [ template_filter ] --END-- [ RunTime:0.000077s ]
NOTIC: [8] Undefined variable: fetchInteriewee /Users/GreysTone/Sites/eas/Application/Runtime/Cache/Home/efbfdb4f01a2230a0b4ebbd604b5b1b8.php 第 147 行.
INFO: Run Behavior\ParseTemplateBehavior [ RunTime:0.011058s ]
INFO: [ view_parse ] --END-- [ RunTime:0.011094s ]
INFO: [ view_filter ] --START--
INFO: Run Behavior\WriteHtmlCacheBehavior [ RunTime:0.000117s ]
INFO: [ view_filter ] --END-- [ RunTime:0.000137s ]
NOTIC: [2] Cannot modify header information - headers already sent by (output started at /Users/GreysTone/Sites/eas/ThinkPHP/Common/functions.php:850) /Users/GreysTone/Sites/eas/ThinkPHP/Library/Think/View.class.php 第 91 行.
NOTIC: [2] Cannot modify header information - headers already sent by (output started at /Users/GreysTone/Sites/eas/ThinkPHP/Common/functions.php:850) /Users/GreysTone/Sites/eas/ThinkPHP/Library/Think/View.class.php 第 92 行.
NOTIC: [2] Cannot modify header information - headers already sent by (output started at /Users/GreysTone/Sites/eas/ThinkPHP/Common/functions.php:850) /Users/GreysTone/Sites/eas/ThinkPHP/Library/Think/View.class.php 第 93 行.
INFO: [ app_end ] --START--
INFO: Run Behavior\ShowPageTraceBehavior [ RunTime:0.000332s ]
INFO: [ app_end ] --END-- [ RunTime:0.000368s ]

[ 2015-09-03T22:12:38+08:00 ] ::1 /~GreysTone/eas/index.php/Home/Index/checkin.html
INFO: [ app_init ] --START--
INFO: Run Behavior\BuildLiteBehavior [ RunTime:0.000008s ]
INFO: [ app_init ] --END-- [ RunTime:0.000174s ]
INFO: [ app_begin ] --START--
INFO: Run Behavior\ReadHtmlCacheBehavior [ RunTime:0.000216s ]
INFO: [ app_begin ] --END-- [ RunTime:0.000242s ]
NOTIC: [8] Undefined index: lite /Users/GreysTone/Sites/eas/ThinkPHP/Library/Think/Db.class.php 第 37 行.
SQL: SHOW COLUMNS FROM `interviewees` [ RunTime:0.0018s ]
SQL: SHOW COLUMNS FROM `status_round` [ RunTime:0.0009s ]
SQL: SELECT * FROM `status_round` LIMIT 1   [ RunTime:0.0002s ]
SQL: SELECT * FROM `interviewees` WHERE ( status = 4 ) ORDER BY studentid  [ RunTime:0.0003s ]
INFO: [ view_parse ] --START--
INFO: [ template_filter ] --START--
INFO: Run Behavior\ContentReplaceBehavior [ RunTime:0.000038s ]
INFO: [ template_filter ] --END-- [ RunTime:0.000069s ]
INFO: Run Behavior\ParseTemplateBehavior [ RunTime:0.010158s ]
INFO: [ view_parse ] --END-- [ RunTime:0.010204s ]
INFO: [ view_filter ] --START--
INFO: Run Behavior\WriteHtmlCacheBehavior [ RunTime:0.000104s ]
INFO: [ view_filter ] --END-- [ RunTime:0.000126s ]
INFO: [ app_end ] --START--
INFO: Run Behavior\ShowPageTraceBehavior [ RunTime:0.000330s ]
INFO: [ app_end ] --END-- [ RunTime:0.000365s ]

